Using pre-set license
Built from '2021.3/staging' branch; Version is '2021.3.8f1 (b30333d56e81) revision 11731763'; Using compiler version '192829333'; Build Type 'Release'
OS: 'Windows 10  (10.0.19044) 64bit ProfessionalEducation' Language: 'ru' Physical Memory: 32666 MB
BatchMode: 1, IsHumanControllingUs: 0, StartBugReporterOnCrash: 0, Is64bit: 1, IsPro: 1

COMMAND LINE ARGUMENTS:
C:\Program Files\Unity\Hub\Editor\2021.3.8f1\Editor\Unity.exe
-adb2
-batchMode
-noUpm
-name
AssetImportWorker20
-projectPath
C:/Users/lapuzin.ka1664/Desktop/WS/RPG-WS/qwerty
-logFile
Logs/AssetImportWorker20.log
-srvPort
60141
Successfully changed project path to: C:/Users/lapuzin.ka1664/Desktop/WS/RPG-WS/qwerty
C:/Users/lapuzin.ka1664/Desktop/WS/RPG-WS/qwerty
[UnityMemory] Configuration Parameters - Can be set up in boot.config
    "memorysetup-bucket-allocator-granularity=16"
    "memorysetup-bucket-allocator-bucket-count=8"
    "memorysetup-bucket-allocator-block-size=33554432"
    "memorysetup-bucket-allocator-block-count=8"
    "memorysetup-main-allocator-block-size=16777216"
    "memorysetup-thread-allocator-block-size=16777216"
    "memorysetup-gfx-main-allocator-block-size=16777216"
    "memorysetup-gfx-thread-allocator-block-size=16777216"
    "memorysetup-cache-allocator-block-size=4194304"
    "memorysetup-typetree-allocator-block-size=2097152"
    "memorysetup-profiler-bucket-allocator-granularity=16"
    "memorysetup-profiler-bucket-allocator-bucket-count=8"
    "memorysetup-profiler-bucket-allocator-block-size=33554432"
    "memorysetup-profiler-bucket-allocator-block-count=8"
    "memorysetup-profiler-allocator-block-size=16777216"
    "memorysetup-profiler-editor-allocator-block-size=1048576"
    "memorysetup-temp-allocator-size-main=16777216"
    "memorysetup-job-temp-allocator-block-size=2097152"
    "memorysetup-job-temp-allocator-block-size-background=1048576"
    "memorysetup-job-temp-allocator-reduction-small-platforms=262144"
    "memorysetup-temp-allocator-size-background-worker=32768"
    "memorysetup-temp-allocator-size-job-worker=262144"
    "memorysetup-temp-allocator-size-preload-manager=33554432"
    "memorysetup-temp-allocator-size-nav-mesh-worker=65536"
    "memorysetup-temp-allocator-size-audio-worker=65536"
    "memorysetup-temp-allocator-size-cloud-worker=32768"
    "memorysetup-temp-allocator-size-gi-baking-worker=262144"
    "memorysetup-temp-allocator-size-gfx=262144"
Refreshing native plugins compatible for Editor in 118.46 ms, found 4 plugins.
Preloading 0 native plugins for Editor in 0.00 ms.
Initialize engine version: 2021.3.8f1 (b30333d56e81)
[Subsystems] Discovering subsystems at path C:/Program Files/Unity/Hub/Editor/2021.3.8f1/Editor/Data/Resources/UnitySubsystems
[Subsystems] Discovering subsystems at path C:/Users/lapuzin.ka1664/Desktop/WS/RPG-WS/qwerty/Assets
GfxDevice: creating device client; threaded=0; jobified=0
Direct3D:
    Version:  Direct3D 11.0 [level 11.1]
    Renderer: NVIDIA GeForce RTX 3070 Ti (ID=0x2482)
    Vendor:   NVIDIA
    VRAM:     8041 MB
    Driver:   31.0.15.1694
Initialize mono
Mono path[0] = 'C:/Program Files/Unity/Hub/Editor/2021.3.8f1/Editor/Data/Managed'
Mono path[1] = 'C:/Program Files/Unity/Hub/Editor/2021.3.8f1/Editor/Data/MonoBleedingEdge/lib/mono/unityjit-win32'
Mono config path = 'C:/Program Files/Unity/Hub/Editor/2021.3.8f1/Editor/Data/MonoBleedingEdge/etc'
Using monoOptions --debugger-agent=transport=dt_socket,embedding=1,server=y,suspend=n,address=127.0.0.1:56132
Begin MonoManager ReloadAssembly
Registering precompiled unity dll's ...
Register platform support module: C:/Program Files/Unity/Hub/Editor/2021.3.8f1/Editor/Data/PlaybackEngines/WindowsStandaloneSupport/UnityEditor.WindowsStandalone.Extensions.dll
Registered in 0.005284 seconds.
Native extension for WindowsStandalone target not found
Refreshing native plugins compatible for Editor in 109.82 ms, found 4 plugins.
Preloading 0 native plugins for Editor in 0.00 ms.
Mono: successfully reloaded assembly
- Completed reload, in  0.579 seconds
Domain Reload Profiling:
	ReloadAssembly (580ms)
		BeginReloadAssembly (61ms)
			ExecutionOrderSort (0ms)
			DisableScriptedObjects (0ms)
			BackupInstance (0ms)
			ReleaseScriptingObjects (0ms)
			CreateAndSetChildDomain (1ms)
		EndReloadAssembly (427ms)
			LoadAssemblies (59ms)
			RebuildTransferFunctionScriptingTraits (0ms)
			SetupTypeCache (88ms)
			ReleaseScriptCaches (0ms)
			RebuildScriptCaches (25ms)
			SetupLoadedEditorAssemblies (268ms)
				LogAssemblyErrors (0ms)
				InitializePlatformSupportModulesInManaged (6ms)
				SetLoadedEditorAssemblies (0ms)
				RefreshPlugins (110ms)
				BeforeProcessingInitializeOnLoad (1ms)
				ProcessInitializeOnLoadAttributes (110ms)
				ProcessInitializeOnLoadMethodAttributes (40ms)
				AfterProcessingInitializeOnLoad (0ms)
				EditorAssembliesLoaded (0ms)
			ExecutionOrderSort2 (0ms)
			AwakeInstancesAfterBackupRestoration (0ms)
Platform modules already initialized, skipping
Registering precompiled user dll's ...
Registered in 0.009830 seconds.
Begin MonoManager ReloadAssembly
Symbol file LoadedFromMemory doesn't match image C:\Users\lapuzin.ka1664\Desktop\WS\RPG-WS\qwerty\Library\PackageCache\com.unity.visualscripting@1.7.8\Editor\VisualScripting.Core\Dependencies\YamlDotNet\Unity.VisualScripting.YamlDotNet.dll
Symbol file LoadedFromMemory doesn't match image C:\Users\lapuzin.ka1664\Desktop\WS\RPG-WS\qwerty\Library\PackageCache\com.unity.visualscripting@1.7.8\Editor\VisualScripting.Core\Dependencies\DotNetZip\Unity.VisualScripting.IonicZip.dll
Native extension for WindowsStandalone target not found
Refreshing native plugins compatible for Editor in 114.61 ms, found 4 plugins.
Preloading 0 native plugins for Editor in 0.00 ms.
Mono: successfully reloaded assembly
- Completed reload, in  1.129 seconds
Domain Reload Profiling:
	ReloadAssembly (1130ms)
		BeginReloadAssembly (93ms)
			ExecutionOrderSort (0ms)
			DisableScriptedObjects (5ms)
			BackupInstance (0ms)
			ReleaseScriptingObjects (0ms)
			CreateAndSetChildDomain (15ms)
		EndReloadAssembly (935ms)
			LoadAssemblies (72ms)
			RebuildTransferFunctionScriptingTraits (0ms)
			SetupTypeCache (221ms)
			ReleaseScriptCaches (1ms)
			RebuildScriptCaches (57ms)
			SetupLoadedEditorAssemblies (538ms)
				LogAssemblyErrors (0ms)
				InitializePlatformSupportModulesInManaged (4ms)
				SetLoadedEditorAssemblies (0ms)
				RefreshPlugins (115ms)
				BeforeProcessingInitializeOnLoad (94ms)
				ProcessInitializeOnLoadAttributes (283ms)
				ProcessInitializeOnLoadMethodAttributes (36ms)
				AfterProcessingInitializeOnLoad (6ms)
				EditorAssembliesLoaded (0ms)
			ExecutionOrderSort2 (0ms)
			AwakeInstancesAfterBackupRestoration (5ms)
Platform modules already initialized, skipping
========================================================================
Worker process is ready to serve import requests
Launched and connected shader compiler UnityShaderCompiler.exe after 0.03 seconds
Refreshing native plugins compatible for Editor in 1.07 ms, found 4 plugins.
Preloading 0 native plugins for Editor in 0.00 ms.
Unloading 4655 Unused Serialized files (Serialized files now loaded: 0)
Unloading 54 unused Assets / (128.3 KB). Loaded Objects now: 5111.
Memory consumption went from 175.1 MB to 175.0 MB.
Total: 3.643300 ms (FindLiveObjects: 0.359600 ms CreateObjectMapping: 0.312200 ms MarkObjects: 2.905700 ms  DeleteObjects: 0.065400 ms)

AssetImportParameters requested are different than current active one (requested -> active):
  custom:video-decoder-ogg-theora: a1e56fd34408186e4bbccfd4996cb3dc -> 
  custom:container-muxer-webm: aa71ff27fc2769a1b78a27578f13a17b -> 
  custom:container-demuxer-webm: 4f35f7cbe854078d1ac9338744f61a02 -> 
  custom:video-encoder-webm-vp8: eb34c28f22e8b96e1ab97ce403110664 -> 
  custom:audio-encoder-webm-vorbis: bf7c407c2cedff20999df2af8eb42d56 -> 
  custom:framework-win-MediaFoundation: 216162199b28c13a410421893ffa2e32 -> 
  custom:container-demuxer-ogg: 62fdf1f143b41e24485cea50d1cbac27 -> 
  custom:video-decoder-webm-vp8: 9c59270c3fd7afecdb556c50c9e8de78 -> 
  custom:audio-decoder-ogg-vorbis: bf7c407c2cedff20999df2af8eb42d56 -> 
========================================================================
Received Import Request.
  Time since last request: 91715.286525 seconds.
  path: Assets/GeneralScene/Scenes/Test/2.png
  artifactKey: Guid(ab365a9202609b74cb2954e044162056) Importer(815301076,1909f56bfc062723c751e8b465ee728b)
Start importing Assets/GeneralScene/Scenes/Test/2.png using Guid(ab365a9202609b74cb2954e044162056) Importer(815301076,1909f56bfc062723c751e8b465ee728b)  -> (artifact id: '0ea681da4c701953b7a7e087d91243dc') in 0.116500 seconds 
========================================================================
Received Import Request.
  Time since last request: 0.000024 seconds.
  path: Assets/GeneralScene/Scenes/Test/3.png
  artifactKey: Guid(45cf0c953de277041b67919a59dcd221) Importer(815301076,1909f56bfc062723c751e8b465ee728b)
Start importing Assets/GeneralScene/Scenes/Test/3.png using Guid(45cf0c953de277041b67919a59dcd221) Importer(815301076,1909f56bfc062723c751e8b465ee728b)  -> (artifact id: 'f382e74c109dd5576a412ba300579590') in 0.016438 seconds 
========================================================================
Received Import Request.
  Time since last request: 0.000023 seconds.
  path: Assets/GeneralScene/Scenes/Test/4.png
  artifactKey: Guid(3f84e53d21f782340a339ffea3abc4a0) Importer(815301076,1909f56bfc062723c751e8b465ee728b)
Start importing Assets/GeneralScene/Scenes/Test/4.png using Guid(3f84e53d21f782340a339ffea3abc4a0) Importer(815301076,1909f56bfc062723c751e8b465ee728b)  -> (artifact id: '4dc0aeff0b431a2e01ffd3a4e2274095') in 0.017778 seconds 
========================================================================
Received Import Request.
  Time since last request: 0.000029 seconds.
  path: Assets/GeneralScene/Scenes/Test/12.png
  artifactKey: Guid(554aeef127c27ab4090bd515e579e714) Importer(815301076,1909f56bfc062723c751e8b465ee728b)
Start importing Assets/GeneralScene/Scenes/Test/12.png using Guid(554aeef127c27ab4090bd515e579e714) Importer(815301076,1909f56bfc062723c751e8b465ee728b)  -> (artifact id: 'e38869a7b201de7d4bcce026d008d81b') in 0.016472 seconds 
========================================================================
Received Import Request.
  Time since last request: 14.519487 seconds.
  path: Assets/GeneralScene/Scenes/Test/4.png
  artifactKey: Guid(3f84e53d21f782340a339ffea3abc4a0) Importer(815301076,1909f56bfc062723c751e8b465ee728b)
Start importing Assets/GeneralScene/Scenes/Test/4.png using Guid(3f84e53d21f782340a339ffea3abc4a0) Importer(815301076,1909f56bfc062723c751e8b465ee728b)  -> (artifact id: '02d2cbff53a31f56812de1f8a014ba3e') in 0.025631 seconds 
========================================================================
Received Import Request.
  Time since last request: 0.000021 seconds.
  path: Assets/GeneralScene/Scenes/Test/9.png
  artifactKey: Guid(f7eec589b37e73a4abc86a88d7e4ef68) Importer(815301076,1909f56bfc062723c751e8b465ee728b)
Start importing Assets/GeneralScene/Scenes/Test/9.png using Guid(f7eec589b37e73a4abc86a88d7e4ef68) Importer(815301076,1909f56bfc062723c751e8b465ee728b)  -> (artifact id: '4233a2c6f16c5ed3fc919b07f8edd089') in 0.015630 seconds 
========================================================================
Received Import Request.
  Time since last request: 0.000022 seconds.
  path: Assets/GeneralScene/Scenes/Test/8.png
  artifactKey: Guid(d7d6f96d1caf2ed4e9005c93f86422d0) Importer(815301076,1909f56bfc062723c751e8b465ee728b)
Start importing Assets/GeneralScene/Scenes/Test/8.png using Guid(d7d6f96d1caf2ed4e9005c93f86422d0) Importer(815301076,1909f56bfc062723c751e8b465ee728b)  -> (artifact id: '301be9dcaf953eb1962723d9fa3282aa') in 0.021492 seconds 
========================================================================
Received Import Request.
  Time since last request: 34.181258 seconds.
  path: Assets/5.asset
  artifactKey: Guid(24522448005d2d349b69f70a6ebf1474) Importer(815301076,1909f56bfc062723c751e8b465ee728b)
Start importing Assets/5.asset using Guid(24522448005d2d349b69f70a6ebf1474) Importer(815301076,1909f56bfc062723c751e8b465ee728b)  -> (artifact id: '605c65d8c00c680ab0404e967f31a1a1') in 0.019185 seconds 
========================================================================
Received Import Request.
  Time since last request: 0.000022 seconds.
  path: Assets/8.asset
  artifactKey: Guid(59085c24c85a79044bfd9a9bc903ab9d) Importer(815301076,1909f56bfc062723c751e8b465ee728b)
Start importing Assets/8.asset using Guid(59085c24c85a79044bfd9a9bc903ab9d) Importer(815301076,1909f56bfc062723c751e8b465ee728b)  -> (artifact id: 'd6402295126e5e01013cf74c82fd0298') in 0.013382 seconds 
Editor requested this worker to shutdown with reason: Scaling down because of idle timeout
AssetImportWorker is now disconnected from the server
Process exiting
Exiting without the bug reporter. Application will terminate with return code 0