Using pre-set license
Built from '2021.3/staging' branch; Version is '2021.3.9f1 (ad3870b89536) revision 11352176'; Using compiler version '192829333'; Build Type 'Release'
OS: 'Windows 10  (10.0.19044) 64bit Professional' Language: 'ru' Physical Memory: 7561 MB
BatchMode: 1, IsHumanControllingUs: 0, StartBugReporterOnCrash: 0, Is64bit: 1, IsPro: 1

COMMAND LINE ARGUMENTS:
D:\games\Unity\Unity Files (Dont Touch)\2021.3.9f1\Editor\Unity.exe
-adb2
-batchMode
-noUpm
-name
AssetImportWorker15
-projectPath
D:/games/WS GAME/RPG-WS/qwerty
-logFile
Logs/AssetImportWorker15.log
-srvPort
55416
Successfully changed project path to: D:/games/WS GAME/RPG-WS/qwerty
D:/games/WS GAME/RPG-WS/qwerty
[UnityMemory] Configuration Parameters - Can be set up in boot.config
    "memorysetup-bucket-allocator-granularity=16"
    "memorysetup-bucket-allocator-bucket-count=8"
    "memorysetup-bucket-allocator-block-size=33554432"
    "memorysetup-bucket-allocator-block-count=8"
    "memorysetup-main-allocator-block-size=16777216"
    "memorysetup-thread-allocator-block-size=16777216"
    "memorysetup-gfx-main-allocator-block-size=16777216"
    "memorysetup-gfx-thread-allocator-block-size=16777216"
    "memorysetup-cache-allocator-block-size=4194304"
    "memorysetup-typetree-allocator-block-size=2097152"
    "memorysetup-profiler-bucket-allocator-granularity=16"
    "memorysetup-profiler-bucket-allocator-bucket-count=8"
    "memorysetup-profiler-bucket-allocator-block-size=33554432"
    "memorysetup-profiler-bucket-allocator-block-count=8"
    "memorysetup-profiler-allocator-block-size=16777216"
    "memorysetup-profiler-editor-allocator-block-size=1048576"
    "memorysetup-temp-allocator-size-main=16777216"
    "memorysetup-job-temp-allocator-block-size=2097152"
    "memorysetup-job-temp-allocator-block-size-background=1048576"
    "memorysetup-job-temp-allocator-reduction-small-platforms=262144"
    "memorysetup-temp-allocator-size-background-worker=32768"
    "memorysetup-temp-allocator-size-job-worker=262144"
    "memorysetup-temp-allocator-size-preload-manager=33554432"
    "memorysetup-temp-allocator-size-nav-mesh-worker=65536"
    "memorysetup-temp-allocator-size-audio-worker=65536"
    "memorysetup-temp-allocator-size-cloud-worker=32768"
    "memorysetup-temp-allocator-size-gi-baking-worker=262144"
    "memorysetup-temp-allocator-size-gfx=262144"
Refreshing native plugins compatible for Editor in 214.55 ms, found 4 plugins.
Preloading 0 native plugins for Editor in 0.00 ms.
Initialize engine version: 2021.3.9f1 (ad3870b89536)
[Subsystems] Discovering subsystems at path D:/games/Unity/Unity Files (Dont Touch)/2021.3.9f1/Editor/Data/Resources/UnitySubsystems
[Subsystems] Discovering subsystems at path D:/games/WS GAME/RPG-WS/qwerty/Assets
GfxDevice: creating device client; threaded=0; jobified=0
Direct3D:
    Version:  Direct3D 11.0 [level 11.1]
    Renderer: AMD Radeon (TM) Graphics (ID=0x15e7)
    Vendor:   ATI
    VRAM:     3780 MB
    Driver:   31.0.12018.5
Initialize mono
Mono path[0] = 'D:/games/Unity/Unity Files (Dont Touch)/2021.3.9f1/Editor/Data/Managed'
Mono path[1] = 'D:/games/Unity/Unity Files (Dont Touch)/2021.3.9f1/Editor/Data/MonoBleedingEdge/lib/mono/unityjit-win32'
Mono config path = 'D:/games/Unity/Unity Files (Dont Touch)/2021.3.9f1/Editor/Data/MonoBleedingEdge/etc'
Using monoOptions --debugger-agent=transport=dt_socket,embedding=1,server=y,suspend=n,address=127.0.0.1:56472
Begin MonoManager ReloadAssembly
Registering precompiled unity dll's ...
Register platform support module: D:/games/Unity/Unity Files (Dont Touch)/2021.3.9f1/Editor/Data/PlaybackEngines/WebGLSupport/UnityEditor.WebGL.Extensions.dll
Register platform support module: D:/games/Unity/Unity Files (Dont Touch)/2021.3.9f1/Editor/Data/PlaybackEngines/AndroidPlayer/UnityEditor.Android.Extensions.dll
Register platform support module: D:/games/Unity/Unity Files (Dont Touch)/2021.3.9f1/Editor/Data/PlaybackEngines/WindowsStandaloneSupport/UnityEditor.WindowsStandalone.Extensions.dll
Registered in 0.002928 seconds.
Native extension for WindowsStandalone target not found
Native extension for Android target not found
Native extension for WebGL target not found
Refreshing native plugins compatible for Editor in 103.78 ms, found 4 plugins.
Preloading 0 native plugins for Editor in 0.00 ms.
Mono: successfully reloaded assembly
- Completed reload, in  0.511 seconds
Domain Reload Profiling:
	ReloadAssembly (512ms)
		BeginReloadAssembly (50ms)
			ExecutionOrderSort (0ms)
			DisableScriptedObjects (0ms)
			BackupInstance (0ms)
			ReleaseScriptingObjects (0ms)
			CreateAndSetChildDomain (1ms)
		EndReloadAssembly (386ms)
			LoadAssemblies (50ms)
			RebuildTransferFunctionScriptingTraits (0ms)
			SetupTypeCache (74ms)
			ReleaseScriptCaches (0ms)
			RebuildScriptCaches (20ms)
			SetupLoadedEditorAssemblies (254ms)
				LogAssemblyErrors (0ms)
				InitializePlatformSupportModulesInManaged (34ms)
				SetLoadedEditorAssemblies (0ms)
				RefreshPlugins (104ms)
				BeforeProcessingInitializeOnLoad (1ms)
				ProcessInitializeOnLoadAttributes (78ms)
				ProcessInitializeOnLoadMethodAttributes (36ms)
				AfterProcessingInitializeOnLoad (0ms)
				EditorAssembliesLoaded (0ms)
			ExecutionOrderSort2 (0ms)
			AwakeInstancesAfterBackupRestoration (0ms)
Platform modules already initialized, skipping
Registering precompiled user dll's ...
Registered in 0.003382 seconds.
Begin MonoManager ReloadAssembly
Symbol file LoadedFromMemory doesn't match image D:\games\WS GAME\RPG-WS\qwerty\Library\PackageCache\com.unity.visualscripting@1.7.8\Editor\VisualScripting.Core\Dependencies\YamlDotNet\Unity.VisualScripting.YamlDotNet.dll
Symbol file LoadedFromMemory doesn't match image D:\games\WS GAME\RPG-WS\qwerty\Library\PackageCache\com.unity.visualscripting@1.7.8\Editor\VisualScripting.Core\Dependencies\DotNetZip\Unity.VisualScripting.IonicZip.dll
Native extension for WindowsStandalone target not found
Native extension for Android target not found
Native extension for WebGL target not found
Refreshing native plugins compatible for Editor in 95.39 ms, found 4 plugins.
Preloading 0 native plugins for Editor in 0.00 ms.
Mono: successfully reloaded assembly
- Completed reload, in  1.114 seconds
Domain Reload Profiling:
	ReloadAssembly (1115ms)
		BeginReloadAssembly (84ms)
			ExecutionOrderSort (0ms)
			DisableScriptedObjects (5ms)
			BackupInstance (0ms)
			ReleaseScriptingObjects (0ms)
			CreateAndSetChildDomain (19ms)
		EndReloadAssembly (944ms)
			LoadAssemblies (139ms)
			RebuildTransferFunctionScriptingTraits (0ms)
			SetupTypeCache (184ms)
			ReleaseScriptCaches (1ms)
			RebuildScriptCaches (46ms)
			SetupLoadedEditorAssemblies (537ms)
				LogAssemblyErrors (0ms)
				InitializePlatformSupportModulesInManaged (10ms)
				SetLoadedEditorAssemblies (0ms)
				RefreshPlugins (95ms)
				BeforeProcessingInitializeOnLoad (78ms)
				ProcessInitializeOnLoadAttributes (281ms)
				ProcessInitializeOnLoadMethodAttributes (68ms)
				AfterProcessingInitializeOnLoad (4ms)
				EditorAssembliesLoaded (0ms)
			ExecutionOrderSort2 (0ms)
			AwakeInstancesAfterBackupRestoration (4ms)
Platform modules already initialized, skipping
========================================================================
Worker process is ready to serve import requests
Launched and connected shader compiler UnityShaderCompiler.exe after 0.05 seconds
Refreshing native plugins compatible for Editor in 1.29 ms, found 4 plugins.
Preloading 0 native plugins for Editor in 0.00 ms.
Unloading 4655 Unused Serialized files (Serialized files now loaded: 0)
Unloading 54 unused Assets / (128.4 KB). Loaded Objects now: 5114.
Memory consumption went from 175.1 MB to 175.0 MB.
Total: 3.332800 ms (FindLiveObjects: 0.315200 ms CreateObjectMapping: 0.129100 ms MarkObjects: 2.795600 ms  DeleteObjects: 0.092000 ms)

AssetImportParameters requested are different than current active one (requested -> active):
  custom:video-decoder-ogg-theora: a1e56fd34408186e4bbccfd4996cb3dc -> 
  custom:container-muxer-webm: aa71ff27fc2769a1b78a27578f13a17b -> 
  custom:container-demuxer-webm: 4f35f7cbe854078d1ac9338744f61a02 -> 
  custom:video-encoder-webm-vp8: eb34c28f22e8b96e1ab97ce403110664 -> 
  custom:audio-encoder-webm-vorbis: bf7c407c2cedff20999df2af8eb42d56 -> 
  custom:framework-win-MediaFoundation: 216162199b28c13a410421893ffa2e32 -> 
  custom:container-demuxer-ogg: 62fdf1f143b41e24485cea50d1cbac27 -> 
  custom:video-decoder-webm-vp8: 9c59270c3fd7afecdb556c50c9e8de78 -> 
  custom:audio-decoder-ogg-vorbis: bf7c407c2cedff20999df2af8eb42d56 -> 
========================================================================
Received Import Request.
  Time since last request: 17508.013537 seconds.
  path: Assets/Scripts/Enemies/Evil/5_animation_idle_004.png
  artifactKey: Guid(841d1dac517f4974880aff9f70764e69) Importer(815301076,1909f56bfc062723c751e8b465ee728b)
Start importing Assets/Scripts/Enemies/Evil/5_animation_idle_004.png using Guid(841d1dac517f4974880aff9f70764e69) Importer(815301076,1909f56bfc062723c751e8b465ee728b)  -> (artifact id: 'bfb580c6a749b6b132d0c537e5cb2d28') in 0.158733 seconds 
========================================================================
Received Import Request.
  Time since last request: 0.000030 seconds.
  path: Assets/Scripts/Enemies/Evil/5_animation_idle_019.png
  artifactKey: Guid(f572834ae8320cf46a8e7315caef4244) Importer(815301076,1909f56bfc062723c751e8b465ee728b)
Start importing Assets/Scripts/Enemies/Evil/5_animation_idle_019.png using Guid(f572834ae8320cf46a8e7315caef4244) Importer(815301076,1909f56bfc062723c751e8b465ee728b)  -> (artifact id: 'a8484b6909837494820e5d6bbe3719f3') in 0.028326 seconds 
========================================================================
Received Import Request.
  Time since last request: 0.000043 seconds.
  path: Assets/Scripts/Enemies/Evil/5_animation_walk_008.png
  artifactKey: Guid(dd5250fad2ac9334681cf3f6570dbbb6) Importer(815301076,1909f56bfc062723c751e8b465ee728b)
Start importing Assets/Scripts/Enemies/Evil/5_animation_walk_008.png using Guid(dd5250fad2ac9334681cf3f6570dbbb6) Importer(815301076,1909f56bfc062723c751e8b465ee728b)  -> (artifact id: '2474c557f26349bd4a5cd30e495ad1c2') in 0.026859 seconds 
========================================================================
Received Import Request.
  Time since last request: 0.000024 seconds.
  path: Assets/Scripts/Enemies/Evil/5_animation_idle_013.png
  artifactKey: Guid(94c0a3ad95109424fabec2708ebedfd3) Importer(815301076,1909f56bfc062723c751e8b465ee728b)
Start importing Assets/Scripts/Enemies/Evil/5_animation_idle_013.png using Guid(94c0a3ad95109424fabec2708ebedfd3) Importer(815301076,1909f56bfc062723c751e8b465ee728b)  -> (artifact id: 'c3237fa7eeb28347191a4389d45438ef') in 0.031480 seconds 
========================================================================
Received Import Request.
  Time since last request: 5.287761 seconds.
  path: Assets/Scripts/Enemies/Evil/Attack
  artifactKey: Guid(b0a35714acd320d44a1bcad96029a2b8) Importer(815301076,1909f56bfc062723c751e8b465ee728b)
Start importing Assets/Scripts/Enemies/Evil/Attack using Guid(b0a35714acd320d44a1bcad96029a2b8) Importer(815301076,1909f56bfc062723c751e8b465ee728b)  -> (artifact id: '0f217e626e1ddaca08122755591ba42b') in 0.000959 seconds 
========================================================================
Received Import Request.
  Time since last request: 27.995849 seconds.
  path: Assets/Scripts/Enemies/Evil/Hurt
  artifactKey: Guid(78800427e1bdb9e49ae872dd32be0160) Importer(815301076,1909f56bfc062723c751e8b465ee728b)
Start importing Assets/Scripts/Enemies/Evil/Hurt using Guid(78800427e1bdb9e49ae872dd32be0160) Importer(815301076,1909f56bfc062723c751e8b465ee728b)  -> (artifact id: 'f9839cbec9838819b0ffcb18d7c480e4') in 0.001102 seconds 
========================================================================
Received Import Request.
  Time since last request: 19.498416 seconds.
  path: Assets/Scripts/Enemies/Evil/Idle
  artifactKey: Guid(1d20d4f53fd78774ba263ff5d6966304) Importer(815301076,1909f56bfc062723c751e8b465ee728b)
Start importing Assets/Scripts/Enemies/Evil/Idle using Guid(1d20d4f53fd78774ba263ff5d6966304) Importer(815301076,1909f56bfc062723c751e8b465ee728b)  -> (artifact id: 'be7f16352738714b26be84f0938bb09d') in 0.001136 seconds 
========================================================================
Received Import Request.
  Time since last request: 16.621570 seconds.
  path: Assets/Scripts/Enemies/Evil/Walk
  artifactKey: Guid(049b1ebe62a25244f84c43c553cd9bd3) Importer(815301076,1909f56bfc062723c751e8b465ee728b)
Start importing Assets/Scripts/Enemies/Evil/Walk using Guid(049b1ebe62a25244f84c43c553cd9bd3) Importer(815301076,1909f56bfc062723c751e8b465ee728b)  -> (artifact id: '50593fc82b6e762423d1dcdeac8d266e') in 0.001408 seconds 
========================================================================
Received Import Request.
  Time since last request: 113.283778 seconds.
  path: Assets/Scripts/Enemies/Evil/Sprites
  artifactKey: Guid(380c262b33bcefc46ad169ac3f5a2bef) Importer(815301076,1909f56bfc062723c751e8b465ee728b)
Start importing Assets/Scripts/Enemies/Evil/Sprites using Guid(380c262b33bcefc46ad169ac3f5a2bef) Importer(815301076,1909f56bfc062723c751e8b465ee728b)  -> (artifact id: '6e4914a5bf8f201f6ea786df42662198') in 0.001383 seconds 
========================================================================
Received Import Request.
  Time since last request: 11.855246 seconds.
  path: Assets/Scripts/Enemies/Evil/Animation
  artifactKey: Guid(703ce186c2f41954ebe143e8be95fe75) Importer(815301076,1909f56bfc062723c751e8b465ee728b)
Start importing Assets/Scripts/Enemies/Evil/Animation using Guid(703ce186c2f41954ebe143e8be95fe75) Importer(815301076,1909f56bfc062723c751e8b465ee728b)  -> (artifact id: 'd6ae302caaf48137f8b3b4afb8768b07') in 0.001447 seconds 
========================================================================
Received Import Request.
  Time since last request: 16.295745 seconds.
  path: Assets/Scripts/Enemies/Evil/Animation/Attack.anim
  artifactKey: Guid(1c93ddb6c7f2be045a51af9c9b8ab7ee) Importer(815301076,1909f56bfc062723c751e8b465ee728b)
Start importing Assets/Scripts/Enemies/Evil/Animation/Attack.anim using Guid(1c93ddb6c7f2be045a51af9c9b8ab7ee) Importer(815301076,1909f56bfc062723c751e8b465ee728b)  -> (artifact id: '241a55dbe6f1f968e42779c0aede96b7') in 0.003761 seconds 
========================================================================
Received Import Request.
  Time since last request: 135.369711 seconds.
  path: Assets/Scripts/Enemies/Evil/Animation/Walk.anim
  artifactKey: Guid(c4437f8c3f282854990b77047013304d) Importer(815301076,1909f56bfc062723c751e8b465ee728b)
Start importing Assets/Scripts/Enemies/Evil/Animation/Walk.anim using Guid(c4437f8c3f282854990b77047013304d) Importer(815301076,1909f56bfc062723c751e8b465ee728b)  -> (artifact id: '359ec8dfdcbf12b5387a1db04ef1dedc') in 0.001375 seconds 
========================================================================
Received Import Request.
  Time since last request: 80.206544 seconds.
  path: Assets/Scripts/Enemies/Evil/Animation/GFX.controller
  artifactKey: Guid(c89bf94c198b2b44d982dcb139213670) Importer(815301076,1909f56bfc062723c751e8b465ee728b)
Start importing Assets/Scripts/Enemies/Evil/Animation/GFX.controller using Guid(c89bf94c198b2b44d982dcb139213670) Importer(815301076,1909f56bfc062723c751e8b465ee728b)  -> (artifact id: '323ef64d0879579f28dbe7b51292a7d7') in 0.005776 seconds 
========================================================================
Received Import Request.
  Time since last request: 27.400137 seconds.
  path: Assets/Scripts/Enemies/Evil/Animation/WalkEvil.anim
  artifactKey: Guid(d8d82133c10bea04da0d30623cc0c7c2) Importer(815301076,1909f56bfc062723c751e8b465ee728b)
Start importing Assets/Scripts/Enemies/Evil/Animation/WalkEvil.anim using Guid(d8d82133c10bea04da0d30623cc0c7c2) Importer(815301076,1909f56bfc062723c751e8b465ee728b)  -> (artifact id: '0d48a19f0acdf0a22dd5d38f44a8483d') in 0.001445 seconds 
========================================================================
Received Import Request.
  Time since last request: 134.890383 seconds.
  path: Assets/Scripts/Enemies/Evil/Scripts
  artifactKey: Guid(274cc19ccbcb2d44aa4db3c3c4e13c7c) Importer(815301076,1909f56bfc062723c751e8b465ee728b)
Start importing Assets/Scripts/Enemies/Evil/Scripts using Guid(274cc19ccbcb2d44aa4db3c3c4e13c7c) Importer(815301076,1909f56bfc062723c751e8b465ee728b)  -> (artifact id: '8c2c3905d090f7f6e27785b2fae371aa') in 0.001198 seconds 
========================================================================
Received Import Request.
  Time since last request: 10.441617 seconds.
  path: Assets/Scripts/Enemies/Evil/Scripts/EvilEnemy.cs
  artifactKey: Guid(4365a3592a050ed449eae282844b7102) Importer(815301076,1909f56bfc062723c751e8b465ee728b)
Start importing Assets/Scripts/Enemies/Evil/Scripts/EvilEnemy.cs using Guid(4365a3592a050ed449eae282844b7102) Importer(815301076,1909f56bfc062723c751e8b465ee728b)  -> (artifact id: '0d13ddd37fcb1189c0baab0ab1c03c42') in 0.005609 seconds 
========================================================================
Received Prepare
Registering precompiled user dll's ...
Registered in 0.005419 seconds.
Begin MonoManager ReloadAssembly
Symbol file LoadedFromMemory doesn't match image D:\games\WS GAME\RPG-WS\qwerty\Library\PackageCache\com.unity.visualscripting@1.7.8\Editor\VisualScripting.Core\Dependencies\YamlDotNet\Unity.VisualScripting.YamlDotNet.dll
Symbol file LoadedFromMemory doesn't match image D:\games\WS GAME\RPG-WS\qwerty\Library\PackageCache\com.unity.visualscripting@1.7.8\Editor\VisualScripting.Core\Dependencies\DotNetZip\Unity.VisualScripting.IonicZip.dll
Native extension for WindowsStandalone target not found
Native extension for Android target not found
Native extension for WebGL target not found
Refreshing native plugins compatible for Editor in 1.59 ms, found 4 plugins.
Preloading 0 native plugins for Editor in 0.00 ms.
Mono: successfully reloaded assembly
- Completed reload, in  0.949 seconds
Domain Reload Profiling:
	ReloadAssembly (949ms)
		BeginReloadAssembly (132ms)
			ExecutionOrderSort (0ms)
			DisableScriptedObjects (5ms)
			BackupInstance (0ms)
			ReleaseScriptingObjects (0ms)
			CreateAndSetChildDomain (45ms)
		EndReloadAssembly (726ms)
			LoadAssemblies (84ms)
			RebuildTransferFunctionScriptingTraits (0ms)
			SetupTypeCache (225ms)
			ReleaseScriptCaches (2ms)
			RebuildScriptCaches (40ms)
			SetupLoadedEditorAssemblies (342ms)
				LogAssemblyErrors (0ms)
				InitializePlatformSupportModulesInManaged (24ms)
				SetLoadedEditorAssemblies (1ms)
				RefreshPlugins (2ms)
				BeforeProcessingInitializeOnLoad (56ms)
				ProcessInitializeOnLoadAttributes (228ms)
				ProcessInitializeOnLoadMethodAttributes (29ms)
				AfterProcessingInitializeOnLoad (2ms)
				EditorAssembliesLoaded (0ms)
			ExecutionOrderSort2 (0ms)
			AwakeInstancesAfterBackupRestoration (6ms)
Platform modules already initialized, skipping
Refreshing native plugins compatible for Editor in 2.28 ms, found 4 plugins.
Preloading 0 native plugins for Editor in 0.00 ms.
Unloading 4632 Unused Serialized files (Serialized files now loaded: 0)
Unloading 27 unused Assets / (95.3 KB). Loaded Objects now: 5137.
Memory consumption went from 177.2 MB to 177.1 MB.
Total: 3.106800 ms (FindLiveObjects: 0.288200 ms CreateObjectMapping: 0.100600 ms MarkObjects: 2.682400 ms  DeleteObjects: 0.035200 ms)

AssetImportParameters requested are different than current active one (requested -> active):
  custom:video-decoder-ogg-theora: a1e56fd34408186e4bbccfd4996cb3dc -> 
  custom:container-muxer-webm: aa71ff27fc2769a1b78a27578f13a17b -> 
  custom:container-demuxer-webm: 4f35f7cbe854078d1ac9338744f61a02 -> 
  custom:video-encoder-webm-vp8: eb34c28f22e8b96e1ab97ce403110664 -> 
  custom:audio-encoder-webm-vorbis: bf7c407c2cedff20999df2af8eb42d56 -> 
  custom:framework-win-MediaFoundation: 216162199b28c13a410421893ffa2e32 -> 
  custom:container-demuxer-ogg: 62fdf1f143b41e24485cea50d1cbac27 -> 
  custom:video-decoder-webm-vp8: 9c59270c3fd7afecdb556c50c9e8de78 -> 
  custom:audio-decoder-ogg-vorbis: bf7c407c2cedff20999df2af8eb42d56 -> 
========================================================================
Received Import Request.
  Time since last request: 26.954979 seconds.
  path: Assets/Scripts/Enemies/Evil/Scripts/EvilEnemy.cs
  artifactKey: Guid(4365a3592a050ed449eae282844b7102) Importer(815301076,1909f56bfc062723c751e8b465ee728b)
Start importing Assets/Scripts/Enemies/Evil/Scripts/EvilEnemy.cs using Guid(4365a3592a050ed449eae282844b7102) Importer(815301076,1909f56bfc062723c751e8b465ee728b)  -> (artifact id: 'b21c48bae73564beebbf2ce373dc7d54') in 0.009703 seconds 
========================================================================
Received Prepare
Registering precompiled user dll's ...
Registered in 0.003598 seconds.
Begin MonoManager ReloadAssembly
Symbol file LoadedFromMemory doesn't match image D:\games\WS GAME\RPG-WS\qwerty\Library\PackageCache\com.unity.visualscripting@1.7.8\Editor\VisualScripting.Core\Dependencies\YamlDotNet\Unity.VisualScripting.YamlDotNet.dll
Symbol file LoadedFromMemory doesn't match image D:\games\WS GAME\RPG-WS\qwerty\Library\PackageCache\com.unity.visualscripting@1.7.8\Editor\VisualScripting.Core\Dependencies\DotNetZip\Unity.VisualScripting.IonicZip.dll
Native extension for WindowsStandalone target not found
Native extension for Android target not found
Native extension for WebGL target not found
Refreshing native plugins compatible for Editor in 1.34 ms, found 4 plugins.
Preloading 0 native plugins for Editor in 0.00 ms.
Mono: successfully reloaded assembly
- Completed reload, in  0.991 seconds
Domain Reload Profiling:
	ReloadAssembly (992ms)
		BeginReloadAssembly (114ms)
			ExecutionOrderSort (0ms)
			DisableScriptedObjects (6ms)
			BackupInstance (0ms)
			ReleaseScriptingObjects (0ms)
			CreateAndSetChildDomain (37ms)
		EndReloadAssembly (804ms)
			LoadAssemblies (71ms)
			RebuildTransferFunctionScriptingTraits (0ms)
			SetupTypeCache (215ms)
			ReleaseScriptCaches (1ms)
			RebuildScriptCaches (37ms)
			SetupLoadedEditorAssemblies (428ms)
				LogAssemblyErrors (0ms)
				InitializePlatformSupportModulesInManaged (23ms)
				SetLoadedEditorAssemblies (1ms)
				RefreshPlugins (1ms)
				BeforeProcessingInitializeOnLoad (54ms)
				ProcessInitializeOnLoadAttributes (310ms)
				ProcessInitializeOnLoadMethodAttributes (36ms)
				AfterProcessingInitializeOnLoad (3ms)
				EditorAssembliesLoaded (0ms)
			ExecutionOrderSort2 (0ms)
			AwakeInstancesAfterBackupRestoration (8ms)
Platform modules already initialized, skipping
Refreshing native plugins compatible for Editor in 2.26 ms, found 4 plugins.
Preloading 0 native plugins for Editor in 0.00 ms.
Unloading 4632 Unused Serialized files (Serialized files now loaded: 0)
Unloading 27 unused Assets / (95.3 KB). Loaded Objects now: 5152.
Memory consumption went from 177.3 MB to 177.2 MB.
Total: 3.880500 ms (FindLiveObjects: 0.307400 ms CreateObjectMapping: 0.117300 ms MarkObjects: 3.414400 ms  DeleteObjects: 0.040500 ms)

AssetImportParameters requested are different than current active one (requested -> active):
  custom:video-decoder-ogg-theora: a1e56fd34408186e4bbccfd4996cb3dc -> 
  custom:container-muxer-webm: aa71ff27fc2769a1b78a27578f13a17b -> 
  custom:container-demuxer-webm: 4f35f7cbe854078d1ac9338744f61a02 -> 
  custom:video-encoder-webm-vp8: eb34c28f22e8b96e1ab97ce403110664 -> 
  custom:audio-encoder-webm-vorbis: bf7c407c2cedff20999df2af8eb42d56 -> 
  custom:framework-win-MediaFoundation: 216162199b28c13a410421893ffa2e32 -> 
  custom:container-demuxer-ogg: 62fdf1f143b41e24485cea50d1cbac27 -> 
  custom:video-decoder-webm-vp8: 9c59270c3fd7afecdb556c50c9e8de78 -> 
  custom:audio-decoder-ogg-vorbis: bf7c407c2cedff20999df2af8eb42d56 -> 
========================================================================
Received Prepare
Registering precompiled user dll's ...
Registered in 0.003083 seconds.
Begin MonoManager ReloadAssembly
Symbol file LoadedFromMemory doesn't match image D:\games\WS GAME\RPG-WS\qwerty\Library\PackageCache\com.unity.visualscripting@1.7.8\Editor\VisualScripting.Core\Dependencies\YamlDotNet\Unity.VisualScripting.YamlDotNet.dll
Symbol file LoadedFromMemory doesn't match image D:\games\WS GAME\RPG-WS\qwerty\Library\PackageCache\com.unity.visualscripting@1.7.8\Editor\VisualScripting.Core\Dependencies\DotNetZip\Unity.VisualScripting.IonicZip.dll
Native extension for WindowsStandalone target not found
Native extension for Android target not found
Native extension for WebGL target not found
Refreshing native plugins compatible for Editor in 1.29 ms, found 4 plugins.
Preloading 0 native plugins for Editor in 0.00 ms.
Mono: successfully reloaded assembly
- Completed reload, in  0.882 seconds
Domain Reload Profiling:
	ReloadAssembly (882ms)
		BeginReloadAssembly (122ms)
			ExecutionOrderSort (0ms)
			DisableScriptedObjects (6ms)
			BackupInstance (0ms)
			ReleaseScriptingObjects (0ms)
			CreateAndSetChildDomain (46ms)
		EndReloadAssembly (688ms)
			LoadAssemblies (70ms)
			RebuildTransferFunctionScriptingTraits (0ms)
			SetupTypeCache (195ms)
			ReleaseScriptCaches (2ms)
			RebuildScriptCaches (43ms)
			SetupLoadedEditorAssemblies (336ms)
				LogAssemblyErrors (0ms)
				InitializePlatformSupportModulesInManaged (17ms)
				SetLoadedEditorAssemblies (0ms)
				RefreshPlugins (1ms)
				BeforeProcessingInitializeOnLoad (54ms)
				ProcessInitializeOnLoadAttributes (228ms)
				ProcessInitializeOnLoadMethodAttributes (32ms)
				AfterProcessingInitializeOnLoad (4ms)
				EditorAssembliesLoaded (0ms)
			ExecutionOrderSort2 (0ms)
			AwakeInstancesAfterBackupRestoration (7ms)
Platform modules already initialized, skipping
Refreshing native plugins compatible for Editor in 2.28 ms, found 4 plugins.
Preloading 0 native plugins for Editor in 0.00 ms.
Unloading 4632 Unused Serialized files (Serialized files now loaded: 0)
Unloading 27 unused Assets / (95.4 KB). Loaded Objects now: 5167.
Memory consumption went from 177.3 MB to 177.2 MB.
Total: 3.462200 ms (FindLiveObjects: 0.341400 ms CreateObjectMapping: 0.121600 ms MarkObjects: 2.933700 ms  DeleteObjects: 0.064500 ms)

AssetImportParameters requested are different than current active one (requested -> active):
  custom:video-decoder-ogg-theora: a1e56fd34408186e4bbccfd4996cb3dc -> 
  custom:container-muxer-webm: aa71ff27fc2769a1b78a27578f13a17b -> 
  custom:container-demuxer-webm: 4f35f7cbe854078d1ac9338744f61a02 -> 
  custom:video-encoder-webm-vp8: eb34c28f22e8b96e1ab97ce403110664 -> 
  custom:audio-encoder-webm-vorbis: bf7c407c2cedff20999df2af8eb42d56 -> 
  custom:framework-win-MediaFoundation: 216162199b28c13a410421893ffa2e32 -> 
  custom:container-demuxer-ogg: 62fdf1f143b41e24485cea50d1cbac27 -> 
  custom:video-decoder-webm-vp8: 9c59270c3fd7afecdb556c50c9e8de78 -> 
  custom:audio-decoder-ogg-vorbis: bf7c407c2cedff20999df2af8eb42d56 -> 
========================================================================
Received Import Request.
  Time since last request: 63.547341 seconds.
  path: Assets/Scripts/Enemies/Evil/DataEvil
  artifactKey: Guid(07b97d245fc7aea418cb6b74335ceb22) Importer(815301076,1909f56bfc062723c751e8b465ee728b)
Start importing Assets/Scripts/Enemies/Evil/DataEvil using Guid(07b97d245fc7aea418cb6b74335ceb22) Importer(815301076,1909f56bfc062723c751e8b465ee728b)  -> (artifact id: 'aedb5f8e6ae60a308c23ccfe1824f71d') in 0.009779 seconds 
========================================================================
Received Import Request.
  Time since last request: 12.494288 seconds.
  path: Assets/Scripts/Enemies/Evil/DataEvil/EvilData.asset
  artifactKey: Guid(afc86cea6fd6d84438eb8f04a6fa8e0d) Importer(815301076,1909f56bfc062723c751e8b465ee728b)
Start importing Assets/Scripts/Enemies/Evil/DataEvil/EvilData.asset using Guid(afc86cea6fd6d84438eb8f04a6fa8e0d) Importer(815301076,1909f56bfc062723c751e8b465ee728b)  -> (artifact id: '6020da3c95033f9065a324bf40f9fe86') in 0.009879 seconds 
========================================================================
Received Import Request.
  Time since last request: 408.544234 seconds.
  path: Assets/TextMesh Pro/Examples & Extras/Fonts/Roboto-Bold.ttf
  artifactKey: Guid(4beb055f07aaff244873dec698d0363e) Importer(815301076,1909f56bfc062723c751e8b465ee728b)
Start importing Assets/TextMesh Pro/Examples & Extras/Fonts/Roboto-Bold.ttf using Guid(4beb055f07aaff244873dec698d0363e) Importer(815301076,1909f56bfc062723c751e8b465ee728b)  -> (artifact id: '556b69e757dbe8e2339a7e8575587732') in 0.084045 seconds 
========================================================================
Received Import Request.
  Time since last request: 0.000030 seconds.
  path: Assets/TextMesh Pro/Examples & Extras/Resources/Fonts & Materials/Roboto-Bold SDF - Drop Shadow.mat
  artifactKey: Guid(b246c4190f4e46ec9352fe15a7b09ce0) Importer(815301076,1909f56bfc062723c751e8b465ee728b)
Start importing Assets/TextMesh Pro/Examples & Extras/Resources/Fonts & Materials/Roboto-Bold SDF - Drop Shadow.mat using Guid(b246c4190f4e46ec9352fe15a7b09ce0) Importer(815301076,1909f56bfc062723c751e8b465ee728b)  -> (artifact id: '14fe8e51a5680a09ee912a3715d560d4') in 0.063011 seconds 
========================================================================
Received Import Request.
  Time since last request: 2.313940 seconds.
  path: Assets/UI/Sprites/ndead-warrior-character/PNG/undead/object
  artifactKey: Guid(2fa9c57c146683c4280bc7b2015eb86b) Importer(815301076,1909f56bfc062723c751e8b465ee728b)
Start importing Assets/UI/Sprites/ndead-warrior-character/PNG/undead/object using Guid(2fa9c57c146683c4280bc7b2015eb86b) Importer(815301076,1909f56bfc062723c751e8b465ee728b)  -> (artifact id: '0dc438f50a8cde5a6e0eac9a55980505') in 0.002949 seconds 
========================================================================
Received Import Request.
  Time since last request: 0.068126 seconds.
  path: Assets/UI/Sprites/ndead-warrior-character/PNG/undead/object/1.png
  artifactKey: Guid(c945e7595bea66e41b92a19f0cff66fe) Importer(815301076,1909f56bfc062723c751e8b465ee728b)
Start importing Assets/UI/Sprites/ndead-warrior-character/PNG/undead/object/1.png using Guid(c945e7595bea66e41b92a19f0cff66fe) Importer(815301076,1909f56bfc062723c751e8b465ee728b)  -> (artifact id: 'b88dc738aee753bcbe08c70af22f04bc') in 0.030191 seconds 
========================================================================
Received Import Request.
  Time since last request: 0.000036 seconds.
  path: Assets/UI/Sprites/ndead-warrior-character/PNG/undead/object/3.png
  artifactKey: Guid(e5218ddf5b8dbf5438109f0e38cad17e) Importer(815301076,1909f56bfc062723c751e8b465ee728b)
Start importing Assets/UI/Sprites/ndead-warrior-character/PNG/undead/object/3.png using Guid(e5218ddf5b8dbf5438109f0e38cad17e) Importer(815301076,1909f56bfc062723c751e8b465ee728b)  -> (artifact id: '675684a5e7b93a90a1126fb5d74f3c8d') in 0.023926 seconds 
========================================================================
Received Import Request.
  Time since last request: 0.000029 seconds.
  path: Assets/UI/Sprites/ndead-warrior-character/PNG/undead/object/5.png
  artifactKey: Guid(44c2c8b09f60e554681cef8157b1f4d3) Importer(815301076,1909f56bfc062723c751e8b465ee728b)
Start importing Assets/UI/Sprites/ndead-warrior-character/PNG/undead/object/5.png using Guid(44c2c8b09f60e554681cef8157b1f4d3) Importer(815301076,1909f56bfc062723c751e8b465ee728b)  -> (artifact id: 'e86685b143cb817dab01bc4ff82deb2f') in 0.027973 seconds 
========================================================================
Received Import Request.
  Time since last request: 0.000029 seconds.
  path: Assets/UI/Sprites/ndead-warrior-character/PNG/undead/object/4.png
  artifactKey: Guid(a9d703f47b6513245aeb50d0b5fa1acf) Importer(815301076,1909f56bfc062723c751e8b465ee728b)
Start importing Assets/UI/Sprites/ndead-warrior-character/PNG/undead/object/4.png using Guid(a9d703f47b6513245aeb50d0b5fa1acf) Importer(815301076,1909f56bfc062723c751e8b465ee728b)  -> (artifact id: '70a0cb8b7949bdb64b5e30978fc9e71a') in 0.022476 seconds 
========================================================================
Received Import Request.
  Time since last request: 17.396066 seconds.
  path: Assets/UI/Sprites/Звуки и музыка/12+++run.wav
  artifactKey: Guid(3a76d5dee8cf04744952ed0175493e7e) Importer(815301076,1909f56bfc062723c751e8b465ee728b)
Start importing Assets/UI/Sprites/Звуки и музыка/12+++run.wav using Guid(3a76d5dee8cf04744952ed0175493e7e) Importer(815301076,1909f56bfc062723c751e8b465ee728b)  -> (artifact id: '12ad06ddfe3ade2d99d7daefe8fd8d4f') in 0.044604 seconds 
========================================================================
Received Import Request.
  Time since last request: 0.000026 seconds.
  path: Assets/TextMesh Pro/Examples & Extras/Textures/Sunny Days - Seamless.jpg
  artifactKey: Guid(17c350171f7a3ca479f830547c66d187) Importer(815301076,1909f56bfc062723c751e8b465ee728b)
Start importing Assets/TextMesh Pro/Examples & Extras/Textures/Sunny Days - Seamless.jpg using Guid(17c350171f7a3ca479f830547c66d187) Importer(815301076,1909f56bfc062723c751e8b465ee728b)  -> (artifact id: '9ab73ac0bd586e1da804fcda938a043e') in 0.013263 seconds 
========================================================================
Received Import Request.
  Time since last request: 0.000056 seconds.
  path: Assets/UI/Sprites/game-ui/PNG/interface_game/button_unit.png
  artifactKey: Guid(67d7f17d29479c040b315e190810bdf6) Importer(815301076,1909f56bfc062723c751e8b465ee728b)
Start importing Assets/UI/Sprites/game-ui/PNG/interface_game/button_unit.png using Guid(67d7f17d29479c040b315e190810bdf6) Importer(815301076,1909f56bfc062723c751e8b465ee728b)  -> (artifact id: 'cc5e4492a4e1221f4aaca8379665582b') in 0.021059 seconds 
========================================================================
Received Import Request.
  Time since last request: 0.000026 seconds.
  path: Assets/TextMesh Pro/Examples & Extras/Materials/Ground - Surface Shader Scene.mat
  artifactKey: Guid(aadd5a709a48466c887296bb5b1b8110) Importer(815301076,1909f56bfc062723c751e8b465ee728b)
Start importing Assets/TextMesh Pro/Examples & Extras/Materials/Ground - Surface Shader Scene.mat using Guid(aadd5a709a48466c887296bb5b1b8110) Importer(815301076,1909f56bfc062723c751e8b465ee728b)  -> (artifact id: '78646b8b18ffa517c819b52ed860a99b') in 0.210852 seconds 
========================================================================
Received Import Request.
  Time since last request: 2.945375 seconds.
  path: Assets/UI/Sprites/ndead-warrior-character/PNG/undead/4/4_animation_hurt_005.png
  artifactKey: Guid(dd4ab5db941a55f4cb2bb2a9e272713e) Importer(815301076,1909f56bfc062723c751e8b465ee728b)
Start importing Assets/UI/Sprites/ndead-warrior-character/PNG/undead/4/4_animation_hurt_005.png using Guid(dd4ab5db941a55f4cb2bb2a9e272713e) Importer(815301076,1909f56bfc062723c751e8b465ee728b)  -> (artifact id: 'd2bf9255656cdd23e948bf31c2b52f14') in 0.020345 seconds 
========================================================================
Received Import Request.
  Time since last request: 19.561597 seconds.
  path: Assets/UI/Sprites/ndead-warrior-character/PNG/undead/object/5.png
  artifactKey: Guid(44c2c8b09f60e554681cef8157b1f4d3) Importer(815301076,1909f56bfc062723c751e8b465ee728b)
Start importing Assets/UI/Sprites/ndead-warrior-character/PNG/undead/object/5.png using Guid(44c2c8b09f60e554681cef8157b1f4d3) Importer(815301076,1909f56bfc062723c751e8b465ee728b)  -> (artifact id: 'be7720b101f73b278826f8ccf6851436') in 0.012094 seconds 
========================================================================
Received Import Request.
  Time since last request: 1.934734 seconds.
  path: Assets/UI/Sprites/ndead-warrior-character/PNG/undead/object/5.png
  artifactKey: Guid(44c2c8b09f60e554681cef8157b1f4d3) Importer(815301076,1909f56bfc062723c751e8b465ee728b)
Start importing Assets/UI/Sprites/ndead-warrior-character/PNG/undead/object/5.png using Guid(44c2c8b09f60e554681cef8157b1f4d3) Importer(815301076,1909f56bfc062723c751e8b465ee728b)  -> (artifact id: 'ff486457f76012b51b0b80bcf606cff3') in 0.011048 seconds 
========================================================================
Received Import Request.
  Time since last request: 83.769655 seconds.
  path: Assets/Scripts/Enemies/Skeleton/Prefabs/ZombieGrave.prefab
  artifactKey: Guid(5c9d9c43213f86445b4aed4b98023678) Importer(815301076,1909f56bfc062723c751e8b465ee728b)
Start importing Assets/Scripts/Enemies/Skeleton/Prefabs/ZombieGrave.prefab using Guid(5c9d9c43213f86445b4aed4b98023678) Importer(815301076,1909f56bfc062723c751e8b465ee728b)  -> (artifact id: '03c32cd12f6184188d7b39cb2e738992') in 0.018952 seconds 
========================================================================
Received Import Request.
  Time since last request: 8.316965 seconds.
  path: Assets/TextMesh Pro/Examples & Extras/Prefabs/TextMeshPro - Prefab 1.prefab
  artifactKey: Guid(a6e39ced0ea046bcb636c3f0b2e2a745) Importer(815301076,1909f56bfc062723c751e8b465ee728b)
Start importing Assets/TextMesh Pro/Examples & Extras/Prefabs/TextMeshPro - Prefab 1.prefab using Guid(a6e39ced0ea046bcb636c3f0b2e2a745) Importer(815301076,1909f56bfc062723c751e8b465ee728b)  -> (artifact id: '857d00b92706dd12525e05ee0d147f27') in 0.040940 seconds 
========================================================================
Received Import Request.
  Time since last request: 0.624962 seconds.
  path: Assets/Scripts/Enemies/Skeleton/Prefabs
  artifactKey: Guid(277bccf1d7a78464395d46895f18f421) Importer(815301076,1909f56bfc062723c751e8b465ee728b)
Start importing Assets/Scripts/Enemies/Skeleton/Prefabs using Guid(277bccf1d7a78464395d46895f18f421) Importer(815301076,1909f56bfc062723c751e8b465ee728b)  -> (artifact id: '98c70c53b43b3f6a3fd3815cfb048ee2') in 0.001136 seconds 
========================================================================
Received Import Request.
  Time since last request: 5.306244 seconds.
  path: Assets/Scripts/Enemies/Skeleton/Prefabs/EvilGrave.prefab
  artifactKey: Guid(3b36b4f53e2c28545abfb1023900df9a) Importer(815301076,1909f56bfc062723c751e8b465ee728b)
Start importing Assets/Scripts/Enemies/Skeleton/Prefabs/EvilGrave.prefab using Guid(3b36b4f53e2c28545abfb1023900df9a) Importer(815301076,1909f56bfc062723c751e8b465ee728b)  -> (artifact id: '7c2537b60000a3b347535d365ffada87') in 0.007983 seconds 
========================================================================
Received Import Request.
  Time since last request: 15.663379 seconds.
  path: Assets/UI/Sprites/ndead-warrior-character/PNG/undead/effect/8_animation_blood_000.png
  artifactKey: Guid(bd0526639552ef94492e8ef0d7937d5c) Importer(815301076,1909f56bfc062723c751e8b465ee728b)
Start importing Assets/UI/Sprites/ndead-warrior-character/PNG/undead/effect/8_animation_blood_000.png using Guid(bd0526639552ef94492e8ef0d7937d5c) Importer(815301076,1909f56bfc062723c751e8b465ee728b)  -> (artifact id: '79a453f5f91226e050b90dd3041f455d') in 0.026671 seconds 
========================================================================
Received Import Request.
  Time since last request: 0.000027 seconds.
  path: Assets/UI/Sprites/ndead-warrior-character/PNG/undead/effect/8_animation_blood_002.png
  artifactKey: Guid(8d78801f08b1ddb478b0cf7d25628e46) Importer(815301076,1909f56bfc062723c751e8b465ee728b)
Start importing Assets/UI/Sprites/ndead-warrior-character/PNG/undead/effect/8_animation_blood_002.png using Guid(8d78801f08b1ddb478b0cf7d25628e46) Importer(815301076,1909f56bfc062723c751e8b465ee728b)  -> (artifact id: '682192b403c46aa8c6a2661f7f9f49d1') in 0.024776 seconds 
========================================================================
Received Import Request.
  Time since last request: 0.000037 seconds.
  path: Assets/UI/Sprites/ndead-warrior-character/PNG/undead/effect/8_animation_blood_003.png
  artifactKey: Guid(7d38b159e31d9bd40bb6125f7caff588) Importer(815301076,1909f56bfc062723c751e8b465ee728b)
Start importing Assets/UI/Sprites/ndead-warrior-character/PNG/undead/effect/8_animation_blood_003.png using Guid(7d38b159e31d9bd40bb6125f7caff588) Importer(815301076,1909f56bfc062723c751e8b465ee728b)  -> (artifact id: 'cf1c4e5dbca3dc4e233178b5970cecfb') in 0.022592 seconds 
Editor requested this worker to shutdown with reason: Scaling down because of idle timeout
AssetImportWorker is now disconnected from the server
Process exiting
Exiting without the bug reporter. Application will terminate with return code 0