Using pre-set license
Built from '2021.3/staging' branch; Version is '2021.3.9f1 (ad3870b89536) revision 11352176'; Using compiler version '192829333'; Build Type 'Release'
OS: 'Windows 10  (10.0.19044) 64bit Professional' Language: 'ru' Physical Memory: 7561 MB
BatchMode: 1, IsHumanControllingUs: 0, StartBugReporterOnCrash: 0, Is64bit: 1, IsPro: 1

COMMAND LINE ARGUMENTS:
D:\games\Unity\Unity Files (Dont Touch)\2021.3.9f1\Editor\Unity.exe
-adb2
-batchMode
-noUpm
-name
AssetImportWorker16
-projectPath
D:/games/UnityRepository/AS/RPG-WS/qwerty
-logFile
Logs/AssetImportWorker16.log
-srvPort
52212
Successfully changed project path to: D:/games/UnityRepository/AS/RPG-WS/qwerty
D:/games/UnityRepository/AS/RPG-WS/qwerty
[UnityMemory] Configuration Parameters - Can be set up in boot.config
    "memorysetup-bucket-allocator-granularity=16"
    "memorysetup-bucket-allocator-bucket-count=8"
    "memorysetup-bucket-allocator-block-size=33554432"
    "memorysetup-bucket-allocator-block-count=8"
    "memorysetup-main-allocator-block-size=16777216"
    "memorysetup-thread-allocator-block-size=16777216"
    "memorysetup-gfx-main-allocator-block-size=16777216"
    "memorysetup-gfx-thread-allocator-block-size=16777216"
    "memorysetup-cache-allocator-block-size=4194304"
    "memorysetup-typetree-allocator-block-size=2097152"
    "memorysetup-profiler-bucket-allocator-granularity=16"
    "memorysetup-profiler-bucket-allocator-bucket-count=8"
    "memorysetup-profiler-bucket-allocator-block-size=33554432"
    "memorysetup-profiler-bucket-allocator-block-count=8"
    "memorysetup-profiler-allocator-block-size=16777216"
    "memorysetup-profiler-editor-allocator-block-size=1048576"
    "memorysetup-temp-allocator-size-main=16777216"
    "memorysetup-job-temp-allocator-block-size=2097152"
    "memorysetup-job-temp-allocator-block-size-background=1048576"
    "memorysetup-job-temp-allocator-reduction-small-platforms=262144"
    "memorysetup-temp-allocator-size-background-worker=32768"
    "memorysetup-temp-allocator-size-job-worker=262144"
    "memorysetup-temp-allocator-size-preload-manager=33554432"
    "memorysetup-temp-allocator-size-nav-mesh-worker=65536"
    "memorysetup-temp-allocator-size-audio-worker=65536"
    "memorysetup-temp-allocator-size-cloud-worker=32768"
    "memorysetup-temp-allocator-size-gi-baking-worker=262144"
    "memorysetup-temp-allocator-size-gfx=262144"
Refreshing native plugins compatible for Editor in 222.78 ms, found 4 plugins.
Preloading 0 native plugins for Editor in 0.00 ms.
Initialize engine version: 2021.3.9f1 (ad3870b89536)
[Subsystems] Discovering subsystems at path D:/games/Unity/Unity Files (Dont Touch)/2021.3.9f1/Editor/Data/Resources/UnitySubsystems
[Subsystems] Discovering subsystems at path D:/games/UnityRepository/AS/RPG-WS/qwerty/Assets
GfxDevice: creating device client; threaded=0; jobified=0
Direct3D:
    Version:  Direct3D 11.0 [level 11.1]
    Renderer: AMD Radeon (TM) Graphics (ID=0x15e7)
    Vendor:   ATI
    VRAM:     3780 MB
    Driver:   31.0.12018.5
Initialize mono
Mono path[0] = 'D:/games/Unity/Unity Files (Dont Touch)/2021.3.9f1/Editor/Data/Managed'
Mono path[1] = 'D:/games/Unity/Unity Files (Dont Touch)/2021.3.9f1/Editor/Data/MonoBleedingEdge/lib/mono/unityjit-win32'
Mono config path = 'D:/games/Unity/Unity Files (Dont Touch)/2021.3.9f1/Editor/Data/MonoBleedingEdge/etc'
Using monoOptions --debugger-agent=transport=dt_socket,embedding=1,server=y,suspend=n,address=127.0.0.1:56764
Begin MonoManager ReloadAssembly
Registering precompiled unity dll's ...
Register platform support module: D:/games/Unity/Unity Files (Dont Touch)/2021.3.9f1/Editor/Data/PlaybackEngines/WebGLSupport/UnityEditor.WebGL.Extensions.dll
Register platform support module: D:/games/Unity/Unity Files (Dont Touch)/2021.3.9f1/Editor/Data/PlaybackEngines/AndroidPlayer/UnityEditor.Android.Extensions.dll
Register platform support module: D:/games/Unity/Unity Files (Dont Touch)/2021.3.9f1/Editor/Data/PlaybackEngines/WindowsStandaloneSupport/UnityEditor.WindowsStandalone.Extensions.dll
Registered in 0.008232 seconds.
Native extension for WindowsStandalone target not found
Native extension for Android target not found
Native extension for WebGL target not found
Refreshing native plugins compatible for Editor in 186.70 ms, found 4 plugins.
Preloading 0 native plugins for Editor in 0.00 ms.
Mono: successfully reloaded assembly
- Completed reload, in  1.144 seconds
Domain Reload Profiling:
	ReloadAssembly (1144ms)
		BeginReloadAssembly (137ms)
			ExecutionOrderSort (0ms)
			DisableScriptedObjects (0ms)
			BackupInstance (0ms)
			ReleaseScriptingObjects (0ms)
			CreateAndSetChildDomain (1ms)
		EndReloadAssembly (803ms)
			LoadAssemblies (136ms)
			RebuildTransferFunctionScriptingTraits (0ms)
			SetupTypeCache (158ms)
			ReleaseScriptCaches (0ms)
			RebuildScriptCaches (43ms)
			SetupLoadedEditorAssemblies (510ms)
				LogAssemblyErrors (0ms)
				InitializePlatformSupportModulesInManaged (74ms)
				SetLoadedEditorAssemblies (0ms)
				RefreshPlugins (187ms)
				BeforeProcessingInitializeOnLoad (2ms)
				ProcessInitializeOnLoadAttributes (168ms)
				ProcessInitializeOnLoadMethodAttributes (79ms)
				AfterProcessingInitializeOnLoad (0ms)
				EditorAssembliesLoaded (0ms)
			ExecutionOrderSort2 (0ms)
			AwakeInstancesAfterBackupRestoration (0ms)
Platform modules already initialized, skipping
Registering precompiled user dll's ...
Registered in 0.009249 seconds.
Begin MonoManager ReloadAssembly
Symbol file LoadedFromMemory doesn't match image D:\games\UnityRepository\AS\RPG-WS\qwerty\Library\PackageCache\com.unity.visualscripting@1.7.8\Editor\VisualScripting.Core\Dependencies\YamlDotNet\Unity.VisualScripting.YamlDotNet.dll
Symbol file LoadedFromMemory doesn't match image D:\games\UnityRepository\AS\RPG-WS\qwerty\Library\PackageCache\com.unity.visualscripting@1.7.8\Editor\VisualScripting.Core\Dependencies\DotNetZip\Unity.VisualScripting.IonicZip.dll
Native extension for WindowsStandalone target not found
Native extension for Android target not found
Native extension for WebGL target not found
Refreshing native plugins compatible for Editor in 215.16 ms, found 4 plugins.
Preloading 0 native plugins for Editor in 0.00 ms.
Mono: successfully reloaded assembly
- Completed reload, in  2.178 seconds
Domain Reload Profiling:
	ReloadAssembly (2180ms)
		BeginReloadAssembly (187ms)
			ExecutionOrderSort (0ms)
			DisableScriptedObjects (8ms)
			BackupInstance (0ms)
			ReleaseScriptingObjects (0ms)
			CreateAndSetChildDomain (27ms)
		EndReloadAssembly (1810ms)
			LoadAssemblies (223ms)
			RebuildTransferFunctionScriptingTraits (0ms)
			SetupTypeCache (387ms)
			ReleaseScriptCaches (1ms)
			RebuildScriptCaches (105ms)
			SetupLoadedEditorAssemblies (1042ms)
				LogAssemblyErrors (0ms)
				InitializePlatformSupportModulesInManaged (19ms)
				SetLoadedEditorAssemblies (0ms)
				RefreshPlugins (215ms)
				BeforeProcessingInitializeOnLoad (152ms)
				ProcessInitializeOnLoadAttributes (583ms)
				ProcessInitializeOnLoadMethodAttributes (68ms)
				AfterProcessingInitializeOnLoad (4ms)
				EditorAssembliesLoaded (0ms)
			ExecutionOrderSort2 (0ms)
			AwakeInstancesAfterBackupRestoration (7ms)
Platform modules already initialized, skipping
========================================================================
Worker process is ready to serve import requests
Launched and connected shader compiler UnityShaderCompiler.exe after 0.08 seconds
Refreshing native plugins compatible for Editor in 2.11 ms, found 4 plugins.
Preloading 0 native plugins for Editor in 0.00 ms.
Unloading 4641 Unused Serialized files (Serialized files now loaded: 0)
Unloading 54 unused Assets / (128.3 KB). Loaded Objects now: 5100.
Memory consumption went from 174.8 MB to 174.6 MB.
Total: 6.740800 ms (FindLiveObjects: 0.948000 ms CreateObjectMapping: 0.241500 ms MarkObjects: 5.415200 ms  DeleteObjects: 0.135000 ms)

AssetImportParameters requested are different than current active one (requested -> active):
  custom:video-decoder-ogg-theora: a1e56fd34408186e4bbccfd4996cb3dc -> 
  custom:container-muxer-webm: aa71ff27fc2769a1b78a27578f13a17b -> 
  custom:container-demuxer-webm: 4f35f7cbe854078d1ac9338744f61a02 -> 
  custom:video-encoder-webm-vp8: eb34c28f22e8b96e1ab97ce403110664 -> 
  custom:audio-encoder-webm-vorbis: bf7c407c2cedff20999df2af8eb42d56 -> 
  custom:framework-win-MediaFoundation: 216162199b28c13a410421893ffa2e32 -> 
  custom:container-demuxer-ogg: 62fdf1f143b41e24485cea50d1cbac27 -> 
  custom:video-decoder-webm-vp8: 9c59270c3fd7afecdb556c50c9e8de78 -> 
  custom:audio-decoder-ogg-vorbis: bf7c407c2cedff20999df2af8eb42d56 -> 
========================================================================
Received Import Request.
  Time since last request: 21630.127612 seconds.
  path: Assets/Tiles/tail_2_square/3.png
  artifactKey: Guid(0de0beab83c276642a9463a0119074f4) Importer(815301076,1909f56bfc062723c751e8b465ee728b)
Start importing Assets/Tiles/tail_2_square/3.png using Guid(0de0beab83c276642a9463a0119074f4) Importer(815301076,1909f56bfc062723c751e8b465ee728b)  -> (artifact id: 'ab8b7f886c835ca852f833eacc72120a') in 0.273795 seconds 
========================================================================
Received Import Request.
  Time since last request: 0.000072 seconds.
  path: Assets/Tiles/tail_5/3.png
  artifactKey: Guid(ddf8a02ae760b8b4bae06d0051645024) Importer(815301076,1909f56bfc062723c751e8b465ee728b)
Start importing Assets/Tiles/tail_5/3.png using Guid(ddf8a02ae760b8b4bae06d0051645024) Importer(815301076,1909f56bfc062723c751e8b465ee728b)  -> (artifact id: 'f2ea21613e681add9ada3c84f85a28ad') in 0.035983 seconds 
========================================================================
Received Import Request.
  Time since last request: 0.000059 seconds.
  path: Assets/Sprites/2d-game-assets/PNG/tail_1/3.png
  artifactKey: Guid(8f906090bde7b7344b9ff7a172808cf2) Importer(815301076,1909f56bfc062723c751e8b465ee728b)
Start importing Assets/Sprites/2d-game-assets/PNG/tail_1/3.png using Guid(8f906090bde7b7344b9ff7a172808cf2) Importer(815301076,1909f56bfc062723c751e8b465ee728b)  -> (artifact id: 'e32a0cff4146f86f7ae106159446d9d8') in 0.038201 seconds 
========================================================================
Received Import Request.
  Time since last request: 0.000060 seconds.
  path: Assets/Sprites/people-warrior-character/PNG/human/3/3_animation_attack_017.png
  artifactKey: Guid(58f3ef530b9ecc940870cf7d9a868739) Importer(815301076,1909f56bfc062723c751e8b465ee728b)
Start importing Assets/Sprites/people-warrior-character/PNG/human/3/3_animation_attack_017.png using Guid(58f3ef530b9ecc940870cf7d9a868739) Importer(815301076,1909f56bfc062723c751e8b465ee728b)  -> (artifact id: '58f80a85335f63a5e0d679b99409f784') in 0.037836 seconds 
========================================================================
Received Import Request.
  Time since last request: 0.000046 seconds.
  path: Assets/Sprites/2d-game-assets/PNG/tail_2/3.png
  artifactKey: Guid(8fdad3c96a491484e9b9dd28821151de) Importer(815301076,1909f56bfc062723c751e8b465ee728b)
Start importing Assets/Sprites/2d-game-assets/PNG/tail_2/3.png using Guid(8fdad3c96a491484e9b9dd28821151de) Importer(815301076,1909f56bfc062723c751e8b465ee728b)  -> (artifact id: 'be34ec12b25750ac29612e864f63577f') in 0.028170 seconds 
========================================================================
Received Import Request.
  Time since last request: 0.000038 seconds.
  path: Assets/Sprites/people-warrior-character/PNG/human/3/3_animation_attack_000.png
  artifactKey: Guid(3fd328ac95a4b7a44929c67160e5da3d) Importer(815301076,1909f56bfc062723c751e8b465ee728b)
Start importing Assets/Sprites/people-warrior-character/PNG/human/3/3_animation_attack_000.png using Guid(3fd328ac95a4b7a44929c67160e5da3d) Importer(815301076,1909f56bfc062723c751e8b465ee728b)  -> (artifact id: '439a88de8db0990fbfc8623543e2b9c5') in 0.035818 seconds 
========================================================================
Received Import Request.
  Time since last request: 0.000034 seconds.
  path: Assets/Tiles/tail_4_square/3.png
  artifactKey: Guid(4d8d952a5dba0d74baf4986e6eeb0a15) Importer(815301076,1909f56bfc062723c751e8b465ee728b)
Start importing Assets/Tiles/tail_4_square/3.png using Guid(4d8d952a5dba0d74baf4986e6eeb0a15) Importer(815301076,1909f56bfc062723c751e8b465ee728b)  -> (artifact id: '93e30709c2f4b4a27572f6a9ed2f4421') in 0.025474 seconds 
========================================================================
Received Import Request.
  Time since last request: 0.209688 seconds.
  path: Assets/Sprites/people-warrior-character/PNG/human/3/3_animation_hurt_001.png
  artifactKey: Guid(3202930135cf001419dc58e77a4b333c) Importer(815301076,1909f56bfc062723c751e8b465ee728b)
Start importing Assets/Sprites/people-warrior-character/PNG/human/3/3_animation_hurt_001.png using Guid(3202930135cf001419dc58e77a4b333c) Importer(815301076,1909f56bfc062723c751e8b465ee728b)  -> (artifact id: '387790fb3a385d1ac5e490ab2105de56') in 0.030458 seconds 
========================================================================
Received Import Request.
  Time since last request: 0.034131 seconds.
  path: Assets/Sprites/people-warrior-character/PNG/human/3/3_animation_hurt_003.png
  artifactKey: Guid(94a88e8d309f5c647bdf79939e7767c6) Importer(815301076,1909f56bfc062723c751e8b465ee728b)
Start importing Assets/Sprites/people-warrior-character/PNG/human/3/3_animation_hurt_003.png using Guid(94a88e8d309f5c647bdf79939e7767c6) Importer(815301076,1909f56bfc062723c751e8b465ee728b)  -> (artifact id: '4cbba4f965d96c2282caf2349c9ece36') in 0.039288 seconds 
========================================================================
Received Import Request.
  Time since last request: 0.000051 seconds.
  path: Assets/Sprites/ndead-warrior-character/PNG/undead/3/3_animation_hurt_006.png
  artifactKey: Guid(26e1f83253ef8f84480e1f031edcde04) Importer(815301076,1909f56bfc062723c751e8b465ee728b)
Start importing Assets/Sprites/ndead-warrior-character/PNG/undead/3/3_animation_hurt_006.png using Guid(26e1f83253ef8f84480e1f031edcde04) Importer(815301076,1909f56bfc062723c751e8b465ee728b)  -> (artifact id: 'a67b27dbe8f46599865566ac032606bf') in 0.038924 seconds 
========================================================================
Received Import Request.
  Time since last request: 0.000119 seconds.
  path: Assets/Sprites/people-warrior-character/PNG/human/3/3_animation_hurt_008.png
  artifactKey: Guid(318c2d6efb4f8b7499e9d123e83d4a8a) Importer(815301076,1909f56bfc062723c751e8b465ee728b)
Start importing Assets/Sprites/people-warrior-character/PNG/human/3/3_animation_hurt_008.png using Guid(318c2d6efb4f8b7499e9d123e83d4a8a) Importer(815301076,1909f56bfc062723c751e8b465ee728b)  -> (artifact id: '66d02f29f891bc3f55378ea21e683efe') in 0.035350 seconds 
========================================================================
Received Import Request.
  Time since last request: 0.000090 seconds.
  path: Assets/Sprites/ndead-warrior-character/PNG/undead/3/3_animation_hurt_011.png
  artifactKey: Guid(ecba85669cbdcf547913ab6eb3aaa1a7) Importer(815301076,1909f56bfc062723c751e8b465ee728b)
Start importing Assets/Sprites/ndead-warrior-character/PNG/undead/3/3_animation_hurt_011.png using Guid(ecba85669cbdcf547913ab6eb3aaa1a7) Importer(815301076,1909f56bfc062723c751e8b465ee728b)  -> (artifact id: '2d47517e37375fe5989183317f98f70b') in 0.038110 seconds 
========================================================================
Received Import Request.
  Time since last request: 0.000047 seconds.
  path: Assets/Sprites/ndead-warrior-character/PNG/undead/3/3_animation_hurt_014.png
  artifactKey: Guid(b89ed7c204093c6499f8b088258e1ec2) Importer(815301076,1909f56bfc062723c751e8b465ee728b)
Start importing Assets/Sprites/ndead-warrior-character/PNG/undead/3/3_animation_hurt_014.png using Guid(b89ed7c204093c6499f8b088258e1ec2) Importer(815301076,1909f56bfc062723c751e8b465ee728b)  -> (artifact id: '13e2ccfdcb0bd1a238089d02af72648e') in 0.036152 seconds 
========================================================================
Received Import Request.
  Time since last request: 0.000052 seconds.
  path: Assets/Sprites/ndead-warrior-character/PNG/undead/3/3_animation_hurt_016.png
  artifactKey: Guid(5574d048636aac046b83d1cf46ffb05d) Importer(815301076,1909f56bfc062723c751e8b465ee728b)
Start importing Assets/Sprites/ndead-warrior-character/PNG/undead/3/3_animation_hurt_016.png using Guid(5574d048636aac046b83d1cf46ffb05d) Importer(815301076,1909f56bfc062723c751e8b465ee728b)  -> (artifact id: 'b9e7da05f44a1a33ccf75180f2adc2be') in 0.036497 seconds 
========================================================================
Received Import Request.
  Time since last request: 0.009794 seconds.
  path: Assets/Sprites/people-warrior-character/PNG/human/3/3_animation_hurt_018.png
  artifactKey: Guid(fe91ea2ec9529e94ba559b9604771fc1) Importer(815301076,1909f56bfc062723c751e8b465ee728b)
Start importing Assets/Sprites/people-warrior-character/PNG/human/3/3_animation_hurt_018.png using Guid(fe91ea2ec9529e94ba559b9604771fc1) Importer(815301076,1909f56bfc062723c751e8b465ee728b)  -> (artifact id: 'f55b2b59162195abd388420b6e15e932') in 0.031327 seconds 
========================================================================
Received Import Request.
  Time since last request: 0.360395 seconds.
  path: Assets/Sprites/people-warrior-character/PNG/human/3/3_animation_idle_001.png
  artifactKey: Guid(a6468aa739d562246bf1f1cb36cdca03) Importer(815301076,1909f56bfc062723c751e8b465ee728b)
Start importing Assets/Sprites/people-warrior-character/PNG/human/3/3_animation_idle_001.png using Guid(a6468aa739d562246bf1f1cb36cdca03) Importer(815301076,1909f56bfc062723c751e8b465ee728b)  -> (artifact id: 'f93b348f419aa82eb741730fb171dc1f') in 0.054444 seconds 
========================================================================
Received Import Request.
  Time since last request: 0.000040 seconds.
  path: Assets/Sprites/ndead-warrior-character/PNG/undead/3/3_animation_idle_005.png
  artifactKey: Guid(d86a7f954e21f9540ab604aeadc10f99) Importer(815301076,1909f56bfc062723c751e8b465ee728b)
Start importing Assets/Sprites/ndead-warrior-character/PNG/undead/3/3_animation_idle_005.png using Guid(d86a7f954e21f9540ab604aeadc10f99) Importer(815301076,1909f56bfc062723c751e8b465ee728b)  -> (artifact id: '433c933be53fc733e8ab9d9deadbb738') in 0.040499 seconds 
========================================================================
Received Import Request.
  Time since last request: 0.000045 seconds.
  path: Assets/Sprites/ndead-warrior-character/PNG/undead/3/3_animation_idle_007.png
  artifactKey: Guid(033f4598c65ba8d47bb8b19d644344c8) Importer(815301076,1909f56bfc062723c751e8b465ee728b)
Start importing Assets/Sprites/ndead-warrior-character/PNG/undead/3/3_animation_idle_007.png using Guid(033f4598c65ba8d47bb8b19d644344c8) Importer(815301076,1909f56bfc062723c751e8b465ee728b)  -> (artifact id: '6a856c9a65ca265f77e7ad758892834e') in 0.040759 seconds 
========================================================================
Received Import Request.
  Time since last request: 0.000075 seconds.
  path: Assets/Sprites/people-warrior-character/PNG/human/4/4_animation_attack_003.png
  artifactKey: Guid(9abe2d05704f2254ea04b2dce5406e26) Importer(815301076,1909f56bfc062723c751e8b465ee728b)
Start importing Assets/Sprites/people-warrior-character/PNG/human/4/4_animation_attack_003.png using Guid(9abe2d05704f2254ea04b2dce5406e26) Importer(815301076,1909f56bfc062723c751e8b465ee728b)  -> (artifact id: '7b5bc836fc3d7a7428298b8657ac8f21') in 0.042510 seconds 
========================================================================
Received Import Request.
  Time since last request: 0.000097 seconds.
  path: Assets/Sprites/ndead-warrior-character/PNG/undead/5/5_animation_walk_003.png
  artifactKey: Guid(c504d4e16ec9b444496315910c4d586c) Importer(815301076,1909f56bfc062723c751e8b465ee728b)
Start importing Assets/Sprites/ndead-warrior-character/PNG/undead/5/5_animation_walk_003.png using Guid(c504d4e16ec9b444496315910c4d586c) Importer(815301076,1909f56bfc062723c751e8b465ee728b)  -> (artifact id: '22244ab00e076db17d60d7adb920bc92') in 0.048225 seconds 
========================================================================
Received Import Request.
  Time since last request: 0.000045 seconds.
  path: Assets/Sprites/ndead-warrior-character/PNG/undead/effect/8_animation_blood_013.png
  artifactKey: Guid(2eda7e09320272747abce5ecf33dfc79) Importer(815301076,1909f56bfc062723c751e8b465ee728b)
Start importing Assets/Sprites/ndead-warrior-character/PNG/undead/effect/8_animation_blood_013.png using Guid(2eda7e09320272747abce5ecf33dfc79) Importer(815301076,1909f56bfc062723c751e8b465ee728b)  -> (artifact id: 'e202e8e9a475cb574758b68a65eab4e9') in 0.049301 seconds 
========================================================================
Received Import Request.
  Time since last request: 0.000037 seconds.
  path: Assets/Tiles/tail_1/13.png
  artifactKey: Guid(e0d110e4b54d2c243a946116d596625e) Importer(815301076,1909f56bfc062723c751e8b465ee728b)
Start importing Assets/Tiles/tail_1/13.png using Guid(e0d110e4b54d2c243a946116d596625e) Importer(815301076,1909f56bfc062723c751e8b465ee728b)  -> (artifact id: '1ca8fc3730a0dcb93d22fb3088a50873') in 0.024602 seconds 
========================================================================
Received Import Request.
  Time since last request: 0.000028 seconds.
  path: Assets/Sprites/2d-game-assets/PNG/tail_1/13.png
  artifactKey: Guid(1eb9fe87020cf504b8c97bb80b3f38d3) Importer(815301076,1909f56bfc062723c751e8b465ee728b)
Start importing Assets/Sprites/2d-game-assets/PNG/tail_1/13.png using Guid(1eb9fe87020cf504b8c97bb80b3f38d3) Importer(815301076,1909f56bfc062723c751e8b465ee728b)  -> (artifact id: '5cb6ec8de7da1c40f4a561957928d6bc') in 0.023317 seconds 
========================================================================
Received Import Request.
  Time since last request: 0.000045 seconds.
  path: Assets/Sprites/people-warrior-character/PNG/human/6/6_animation_hurt_003.png
  artifactKey: Guid(5d879c7101ea5774fab9cca13332b744) Importer(815301076,1909f56bfc062723c751e8b465ee728b)
Start importing Assets/Sprites/people-warrior-character/PNG/human/6/6_animation_hurt_003.png using Guid(5d879c7101ea5774fab9cca13332b744) Importer(815301076,1909f56bfc062723c751e8b465ee728b)  -> (artifact id: '10f16ecc12577be3577c3e60cb59ed94') in 0.081239 seconds 
========================================================================
Received Import Request.
  Time since last request: 0.000044 seconds.
  path: Assets/Tiles/tail_2/13.png
  artifactKey: Guid(64ebabd5cfcd089419df64de63446ce5) Importer(815301076,1909f56bfc062723c751e8b465ee728b)
Start importing Assets/Tiles/tail_2/13.png using Guid(64ebabd5cfcd089419df64de63446ce5) Importer(815301076,1909f56bfc062723c751e8b465ee728b)  -> (artifact id: 'ec366b960a8dec4aef565457055e64ef') in 0.023643 seconds 
========================================================================
Received Import Request.
  Time since last request: 0.000032 seconds.
  path: Assets/Sprites/people-warrior-character/PNG/human/3/3_animation_walk_015.png
  artifactKey: Guid(5618fa75d9a147d40a51e087648fcc5a) Importer(815301076,1909f56bfc062723c751e8b465ee728b)
Start importing Assets/Sprites/people-warrior-character/PNG/human/3/3_animation_walk_015.png using Guid(5618fa75d9a147d40a51e087648fcc5a) Importer(815301076,1909f56bfc062723c751e8b465ee728b)  -> (artifact id: 'c43ca07672a1559234c8878fea7dc081') in 0.031258 seconds 
========================================================================
Received Import Request.
  Time since last request: 0.000026 seconds.
  path: Assets/Tiles/tail_1_square/13.png
  artifactKey: Guid(dc7fbcdd3c87c88478964dc2b9f15b9f) Importer(815301076,1909f56bfc062723c751e8b465ee728b)
Start importing Assets/Tiles/tail_1_square/13.png using Guid(dc7fbcdd3c87c88478964dc2b9f15b9f) Importer(815301076,1909f56bfc062723c751e8b465ee728b)  -> (artifact id: '4162803037c3779e1939107397df5dcb') in 0.022871 seconds 
========================================================================
Received Import Request.
  Time since last request: 0.000052 seconds.
  path: Assets/Sprites/people-warrior-character/PNG/human/3/3_animation_walk_006.png
  artifactKey: Guid(003b778aa666f6a4e921acc0c4c8648c) Importer(815301076,1909f56bfc062723c751e8b465ee728b)
Start importing Assets/Sprites/people-warrior-character/PNG/human/3/3_animation_walk_006.png using Guid(003b778aa666f6a4e921acc0c4c8648c) Importer(815301076,1909f56bfc062723c751e8b465ee728b)  -> (artifact id: '9bc1cadc13ab9afed6bfce35b4826ba6') in 0.030193 seconds 
========================================================================
Received Import Request.
  Time since last request: 0.000027 seconds.
  path: Assets/Sprites/ndead-warrior-character/PNG/undead/5/5_animation_idle_013.png
  artifactKey: Guid(6226b1d6c41dca8458822e513f6f6060) Importer(815301076,1909f56bfc062723c751e8b465ee728b)
Start importing Assets/Sprites/ndead-warrior-character/PNG/undead/5/5_animation_idle_013.png using Guid(6226b1d6c41dca8458822e513f6f6060) Importer(815301076,1909f56bfc062723c751e8b465ee728b)  -> (artifact id: '89390fa2d4b859a5d2657bdd2c595ee6') in 0.033557 seconds 
========================================================================
Received Import Request.
  Time since last request: 0.000045 seconds.
  path: Assets/Sprites/ndead-warrior-character/PNG/undead/3/3_animation_idle_010.png
  artifactKey: Guid(7131ecd2c3aaebd4b8ef8c378d4dd015) Importer(815301076,1909f56bfc062723c751e8b465ee728b)
Start importing Assets/Sprites/ndead-warrior-character/PNG/undead/3/3_animation_idle_010.png using Guid(7131ecd2c3aaebd4b8ef8c378d4dd015) Importer(815301076,1909f56bfc062723c751e8b465ee728b)  -> (artifact id: '45ec3c310e20a7f47d963aec2057116d') in 0.030635 seconds 
========================================================================
Received Import Request.
  Time since last request: 0.000050 seconds.
  path: Assets/Sprites/game-ui/PNG/fight/dec_3.png
  artifactKey: Guid(d447be0647d67914990421a36024fb11) Importer(815301076,1909f56bfc062723c751e8b465ee728b)
Start importing Assets/Sprites/game-ui/PNG/fight/dec_3.png using Guid(d447be0647d67914990421a36024fb11) Importer(815301076,1909f56bfc062723c751e8b465ee728b)  -> (artifact id: '21d196c01dda1bcb632539893752ece1') in 0.021613 seconds 
========================================================================
Received Import Request.
  Time since last request: 0.000042 seconds.
  path: Assets/Sprites/2d-game-assets/PNG/tail_1_square/13.png
  artifactKey: Guid(a1a4c763546a8624cb60f0caab4df6f0) Importer(815301076,1909f56bfc062723c751e8b465ee728b)
Start importing Assets/Sprites/2d-game-assets/PNG/tail_1_square/13.png using Guid(a1a4c763546a8624cb60f0caab4df6f0) Importer(815301076,1909f56bfc062723c751e8b465ee728b)  -> (artifact id: 'e614d1e38df34e30f0e32227d47888a7') in 0.027532 seconds 
========================================================================
Received Import Request.
  Time since last request: 0.000061 seconds.
  path: Assets/Sprites/ndead-warrior-character/PNG/undead/effect/8_animation_noise_003.png
  artifactKey: Guid(3337df4910e488e4eb8360e1efc38a62) Importer(815301076,1909f56bfc062723c751e8b465ee728b)
Start importing Assets/Sprites/ndead-warrior-character/PNG/undead/effect/8_animation_noise_003.png using Guid(3337df4910e488e4eb8360e1efc38a62) Importer(815301076,1909f56bfc062723c751e8b465ee728b)  -> (artifact id: '9e0aab033adc67c6d399b0290026ca09') in 0.035251 seconds 
========================================================================
Received Import Request.
  Time since last request: 0.000025 seconds.
  path: Assets/Sprites/ndead-warrior-character/PNG/undead/5/5_animation_attack_013.png
  artifactKey: Guid(67bef8be53a1ba946ae21dde6ec9f280) Importer(815301076,1909f56bfc062723c751e8b465ee728b)
Start importing Assets/Sprites/ndead-warrior-character/PNG/undead/5/5_animation_attack_013.png using Guid(67bef8be53a1ba946ae21dde6ec9f280) Importer(815301076,1909f56bfc062723c751e8b465ee728b)  -> (artifact id: 'ce9814e101e2400b6d8e8dfa24e05656') in 0.032818 seconds 
========================================================================
Received Import Request.
  Time since last request: 0.000042 seconds.
  path: Assets/Sprites/people-warrior-character/PNG/human/3/3_animation_walk_007.png
  artifactKey: Guid(80a2d821114932047b6993cda1c08363) Importer(815301076,1909f56bfc062723c751e8b465ee728b)
Start importing Assets/Sprites/people-warrior-character/PNG/human/3/3_animation_walk_007.png using Guid(80a2d821114932047b6993cda1c08363) Importer(815301076,1909f56bfc062723c751e8b465ee728b)  -> (artifact id: '253fea694293edd9b3696cf350b2dfec') in 0.028744 seconds 
========================================================================
Received Import Request.
  Time since last request: 0.000043 seconds.
  path: Assets/Sprites/people-warrior-character/PNG/human/3/3_animation_idle_008.png
  artifactKey: Guid(c20197e3d3ea4264d960e0ccb63d8ef9) Importer(815301076,1909f56bfc062723c751e8b465ee728b)
Start importing Assets/Sprites/people-warrior-character/PNG/human/3/3_animation_idle_008.png using Guid(c20197e3d3ea4264d960e0ccb63d8ef9) Importer(815301076,1909f56bfc062723c751e8b465ee728b)  -> (artifact id: 'fbd71ba5a792453894cc655b960d0a48') in 0.028676 seconds 
========================================================================
Received Import Request.
  Time since last request: 0.000044 seconds.
  path: Assets/Sprites/2d-game-assets/PNG/tail_2_square/13.png
  artifactKey: Guid(87d0ad459c2b98941a2b91e5c88de6ea) Importer(815301076,1909f56bfc062723c751e8b465ee728b)
Start importing Assets/Sprites/2d-game-assets/PNG/tail_2_square/13.png using Guid(87d0ad459c2b98941a2b91e5c88de6ea) Importer(815301076,1909f56bfc062723c751e8b465ee728b)  -> (artifact id: '192e621d96b05fd73b0065e7397b08a4') in 0.024125 seconds 
========================================================================
Received Import Request.
  Time since last request: 0.000074 seconds.
  path: Assets/Sprites/people-warrior-character/PNG/human/3/3_animation_idle_011.png
  artifactKey: Guid(e0a7732b8e78ddf4a8b65e3919469f7c) Importer(815301076,1909f56bfc062723c751e8b465ee728b)
Start importing Assets/Sprites/people-warrior-character/PNG/human/3/3_animation_idle_011.png using Guid(e0a7732b8e78ddf4a8b65e3919469f7c) Importer(815301076,1909f56bfc062723c751e8b465ee728b)  -> (artifact id: 'e55a4ef993da5b8114edbbae8f2bc2a9') in 0.028340 seconds 
========================================================================
Received Import Request.
  Time since last request: 0.000027 seconds.
  path: Assets/Sprites/people-warrior-character/PNG/human/6/6_animation_hurt_013.png
  artifactKey: Guid(6621444c74d137e4fbfbd54f88e9bb09) Importer(815301076,1909f56bfc062723c751e8b465ee728b)
Start importing Assets/Sprites/people-warrior-character/PNG/human/6/6_animation_hurt_013.png using Guid(6621444c74d137e4fbfbd54f88e9bb09) Importer(815301076,1909f56bfc062723c751e8b465ee728b)  -> (artifact id: 'e836a0618f4052dcd46d05574eeded99') in 0.066775 seconds 
========================================================================
Received Import Request.
  Time since last request: 0.459535 seconds.
  path: Assets/Tiles/tail_4_square/13.png
  artifactKey: Guid(6829d4abacdd153458b27040cc0d2b05) Importer(815301076,1909f56bfc062723c751e8b465ee728b)
Start importing Assets/Tiles/tail_4_square/13.png using Guid(6829d4abacdd153458b27040cc0d2b05) Importer(815301076,1909f56bfc062723c751e8b465ee728b)  -> (artifact id: '7cab1787920ef1e4f79c0d255ee4608e') in 0.046553 seconds 
========================================================================
Received Import Request.
  Time since last request: 3.814370 seconds.
  path: Assets/Sprites/ndead-warrior-character/PNG/undead/6/6_animation_walk_003.png
  artifactKey: Guid(0c6f5306030da8448bd47642c13f0d60) Importer(815301076,1909f56bfc062723c751e8b465ee728b)
Start importing Assets/Sprites/ndead-warrior-character/PNG/undead/6/6_animation_walk_003.png using Guid(0c6f5306030da8448bd47642c13f0d60) Importer(815301076,1909f56bfc062723c751e8b465ee728b)  -> (artifact id: 'c5db454e0e57373643f5ad8dd538e74e') in 0.058105 seconds 
========================================================================
Received Import Request.
  Time since last request: 0.000082 seconds.
  path: Assets/Sprites/people-warrior-character/PNG/human/6/6_animation_walk_003.png
  artifactKey: Guid(a67b85ecae68d8549afea3d943521bf5) Importer(815301076,1909f56bfc062723c751e8b465ee728b)
Start importing Assets/Sprites/people-warrior-character/PNG/human/6/6_animation_walk_003.png using Guid(a67b85ecae68d8549afea3d943521bf5) Importer(815301076,1909f56bfc062723c751e8b465ee728b)  -> (artifact id: '767e5e579a0b1add76ff3b6624042ef5') in 0.077206 seconds 
========================================================================
Received Import Request.
  Time since last request: 0.586027 seconds.
  path: Assets/Sprites/ndead-warrior-character/PNG/undead/4/4_animation_walk_013.png
  artifactKey: Guid(ff3d8aa1a8ea9da47b662e9bf3d84070) Importer(815301076,1909f56bfc062723c751e8b465ee728b)
Start importing Assets/Sprites/ndead-warrior-character/PNG/undead/4/4_animation_walk_013.png using Guid(ff3d8aa1a8ea9da47b662e9bf3d84070) Importer(815301076,1909f56bfc062723c751e8b465ee728b)  -> (artifact id: 'df0f87e943089db00c9cead441516f40') in 0.047698 seconds 
========================================================================
Received Import Request.
  Time since last request: 0.000051 seconds.
  path: Assets/Sprites/ndead-warrior-character/PNG/undead/4/4_animation_idle_003.png
  artifactKey: Guid(5f4e0e69d420a67489c73ff3a4b8fdec) Importer(815301076,1909f56bfc062723c751e8b465ee728b)
Start importing Assets/Sprites/ndead-warrior-character/PNG/undead/4/4_animation_idle_003.png using Guid(5f4e0e69d420a67489c73ff3a4b8fdec) Importer(815301076,1909f56bfc062723c751e8b465ee728b)  -> (artifact id: '24bcd38d0c45fff86f2120990193b0a9') in 0.037589 seconds 
========================================================================
Received Import Request.
  Time since last request: 0.521007 seconds.
  path: Assets/Sprites/people-warrior-character/PNG/human/3/3_animation_walk_019.png
  artifactKey: Guid(d5383fb122926ef4c9ae8886d2b100d0) Importer(815301076,1909f56bfc062723c751e8b465ee728b)
Start importing Assets/Sprites/people-warrior-character/PNG/human/3/3_animation_walk_019.png using Guid(d5383fb122926ef4c9ae8886d2b100d0) Importer(815301076,1909f56bfc062723c751e8b465ee728b)  -> (artifact id: '9bb71e8eddcb7ca517bd8dffd4b0b7d4') in 0.073387 seconds 
========================================================================
Received Import Request.
  Time since last request: 0.000047 seconds.
  path: Assets/Sprites/people-warrior-character/PNG/human/3/3_animation_walk_009.png
  artifactKey: Guid(76450a531baa49144b3879b26b0a1a1f) Importer(815301076,1909f56bfc062723c751e8b465ee728b)
Start importing Assets/Sprites/people-warrior-character/PNG/human/3/3_animation_walk_009.png using Guid(76450a531baa49144b3879b26b0a1a1f) Importer(815301076,1909f56bfc062723c751e8b465ee728b)  -> (artifact id: 'bae5cdc9072c7032c654313c163c7437') in 0.040105 seconds 
========================================================================
Received Import Request.
  Time since last request: 0.000055 seconds.
  path: Assets/Sprites/ndead-warrior-character/PNG/undead/3/3_animation_walk_016.png
  artifactKey: Guid(e6cfa3de8ef1c934bb5c76f1b7ea5aa0) Importer(815301076,1909f56bfc062723c751e8b465ee728b)
Start importing Assets/Sprites/ndead-warrior-character/PNG/undead/3/3_animation_walk_016.png using Guid(e6cfa3de8ef1c934bb5c76f1b7ea5aa0) Importer(815301076,1909f56bfc062723c751e8b465ee728b)  -> (artifact id: '1d57285f0848f9a4cc71d2dff405fd1e') in 0.035993 seconds 
========================================================================
Received Import Request.
  Time since last request: 0.389779 seconds.
  path: Assets/Sprites/ndead-warrior-character/PNG/undead/3/3_animation_walk_004.png
  artifactKey: Guid(75ee824afad65b642ba2017970eeca13) Importer(815301076,1909f56bfc062723c751e8b465ee728b)
Start importing Assets/Sprites/ndead-warrior-character/PNG/undead/3/3_animation_walk_004.png using Guid(75ee824afad65b642ba2017970eeca13) Importer(815301076,1909f56bfc062723c751e8b465ee728b)  -> (artifact id: 'fb33dff15a9f499cae881ab9152fd86c') in 0.094948 seconds 
========================================================================
Received Import Request.
  Time since last request: 0.000041 seconds.
  path: Assets/Sprites/people-warrior-character/PNG/human/3/3_animation_idle_018.png
  artifactKey: Guid(3f02d6500609e3147ba9e236c7ca130e) Importer(815301076,1909f56bfc062723c751e8b465ee728b)
Start importing Assets/Sprites/people-warrior-character/PNG/human/3/3_animation_idle_018.png using Guid(3f02d6500609e3147ba9e236c7ca130e) Importer(815301076,1909f56bfc062723c751e8b465ee728b)  -> (artifact id: '96a5ef30b2de18ffa0d7f0d9a24eab5e') in 0.042860 seconds 
========================================================================
Received Import Request.
  Time since last request: 0.000104 seconds.
  path: Assets/Sprites/people-warrior-character/PNG/human/3/3_animation_walk_000.png
  artifactKey: Guid(1a4b7de7f61be6940b16b862e2cef2f3) Importer(815301076,1909f56bfc062723c751e8b465ee728b)
Start importing Assets/Sprites/people-warrior-character/PNG/human/3/3_animation_walk_000.png using Guid(1a4b7de7f61be6940b16b862e2cef2f3) Importer(815301076,1909f56bfc062723c751e8b465ee728b)  -> (artifact id: 'fac2545740694e2b6a01114bcf9a3a2f') in 0.038105 seconds 
Editor requested this worker to shutdown with reason: Scaling down because of idle timeout
AssetImportWorker is now disconnected from the server
Process exiting
Exiting without the bug reporter. Application will terminate with return code 0