Using pre-set license
Built from '2021.3/staging' branch; Version is '2021.3.9f1 (ad3870b89536) revision 11352176'; Using compiler version '192829333'; Build Type 'Release'
OS: 'Windows 10  (10.0.19044) 64bit Professional' Language: 'ru' Physical Memory: 7561 MB
BatchMode: 1, IsHumanControllingUs: 0, StartBugReporterOnCrash: 0, Is64bit: 1, IsPro: 1

COMMAND LINE ARGUMENTS:
D:\games\Unity\Unity Files (Dont Touch)\2021.3.9f1\Editor\Unity.exe
-adb2
-batchMode
-noUpm
-name
AssetImportWorker8
-projectPath
D:/games/UnityRepository/AS/RPG-WS/qwerty
-logFile
Logs/AssetImportWorker8.log
-srvPort
58351
Successfully changed project path to: D:/games/UnityRepository/AS/RPG-WS/qwerty
D:/games/UnityRepository/AS/RPG-WS/qwerty
[UnityMemory] Configuration Parameters - Can be set up in boot.config
    "memorysetup-bucket-allocator-granularity=16"
    "memorysetup-bucket-allocator-bucket-count=8"
    "memorysetup-bucket-allocator-block-size=33554432"
    "memorysetup-bucket-allocator-block-count=8"
    "memorysetup-main-allocator-block-size=16777216"
    "memorysetup-thread-allocator-block-size=16777216"
    "memorysetup-gfx-main-allocator-block-size=16777216"
    "memorysetup-gfx-thread-allocator-block-size=16777216"
    "memorysetup-cache-allocator-block-size=4194304"
    "memorysetup-typetree-allocator-block-size=2097152"
    "memorysetup-profiler-bucket-allocator-granularity=16"
    "memorysetup-profiler-bucket-allocator-bucket-count=8"
    "memorysetup-profiler-bucket-allocator-block-size=33554432"
    "memorysetup-profiler-bucket-allocator-block-count=8"
    "memorysetup-profiler-allocator-block-size=16777216"
    "memorysetup-profiler-editor-allocator-block-size=1048576"
    "memorysetup-temp-allocator-size-main=16777216"
    "memorysetup-job-temp-allocator-block-size=2097152"
    "memorysetup-job-temp-allocator-block-size-background=1048576"
    "memorysetup-job-temp-allocator-reduction-small-platforms=262144"
    "memorysetup-temp-allocator-size-background-worker=32768"
    "memorysetup-temp-allocator-size-job-worker=262144"
    "memorysetup-temp-allocator-size-preload-manager=33554432"
    "memorysetup-temp-allocator-size-nav-mesh-worker=65536"
    "memorysetup-temp-allocator-size-audio-worker=65536"
    "memorysetup-temp-allocator-size-cloud-worker=32768"
    "memorysetup-temp-allocator-size-gi-baking-worker=262144"
    "memorysetup-temp-allocator-size-gfx=262144"
Refreshing native plugins compatible for Editor in 132.14 ms, found 4 plugins.
Preloading 0 native plugins for Editor in 0.00 ms.
Initialize engine version: 2021.3.9f1 (ad3870b89536)
[Subsystems] Discovering subsystems at path D:/games/Unity/Unity Files (Dont Touch)/2021.3.9f1/Editor/Data/Resources/UnitySubsystems
[Subsystems] Discovering subsystems at path D:/games/UnityRepository/AS/RPG-WS/qwerty/Assets
GfxDevice: creating device client; threaded=0; jobified=0
Direct3D:
    Version:  Direct3D 11.0 [level 11.1]
    Renderer: AMD Radeon (TM) Graphics (ID=0x15e7)
    Vendor:   ATI
    VRAM:     3780 MB
    Driver:   31.0.12018.5
Initialize mono
Mono path[0] = 'D:/games/Unity/Unity Files (Dont Touch)/2021.3.9f1/Editor/Data/Managed'
Mono path[1] = 'D:/games/Unity/Unity Files (Dont Touch)/2021.3.9f1/Editor/Data/MonoBleedingEdge/lib/mono/unityjit-win32'
Mono config path = 'D:/games/Unity/Unity Files (Dont Touch)/2021.3.9f1/Editor/Data/MonoBleedingEdge/etc'
Using monoOptions --debugger-agent=transport=dt_socket,embedding=1,server=y,suspend=n,address=127.0.0.1:56444
Begin MonoManager ReloadAssembly
Registering precompiled unity dll's ...
Register platform support module: D:/games/Unity/Unity Files (Dont Touch)/2021.3.9f1/Editor/Data/PlaybackEngines/WebGLSupport/UnityEditor.WebGL.Extensions.dll
Register platform support module: D:/games/Unity/Unity Files (Dont Touch)/2021.3.9f1/Editor/Data/PlaybackEngines/AndroidPlayer/UnityEditor.Android.Extensions.dll
Register platform support module: D:/games/Unity/Unity Files (Dont Touch)/2021.3.9f1/Editor/Data/PlaybackEngines/WindowsStandaloneSupport/UnityEditor.WindowsStandalone.Extensions.dll
Registered in 0.004781 seconds.
Native extension for WindowsStandalone target not found
Native extension for Android target not found
Native extension for WebGL target not found
Refreshing native plugins compatible for Editor in 160.30 ms, found 4 plugins.
Preloading 0 native plugins for Editor in 0.00 ms.
Mono: successfully reloaded assembly
- Completed reload, in  0.895 seconds
Domain Reload Profiling:
	ReloadAssembly (895ms)
		BeginReloadAssembly (83ms)
			ExecutionOrderSort (0ms)
			DisableScriptedObjects (0ms)
			BackupInstance (0ms)
			ReleaseScriptingObjects (0ms)
			CreateAndSetChildDomain (1ms)
		EndReloadAssembly (673ms)
			LoadAssemblies (83ms)
			RebuildTransferFunctionScriptingTraits (0ms)
			SetupTypeCache (146ms)
			ReleaseScriptCaches (0ms)
			RebuildScriptCaches (40ms)
			SetupLoadedEditorAssemblies (419ms)
				LogAssemblyErrors (0ms)
				InitializePlatformSupportModulesInManaged (60ms)
				SetLoadedEditorAssemblies (0ms)
				RefreshPlugins (160ms)
				BeforeProcessingInitializeOnLoad (2ms)
				ProcessInitializeOnLoadAttributes (135ms)
				ProcessInitializeOnLoadMethodAttributes (61ms)
				AfterProcessingInitializeOnLoad (0ms)
				EditorAssembliesLoaded (0ms)
			ExecutionOrderSort2 (0ms)
			AwakeInstancesAfterBackupRestoration (0ms)
Platform modules already initialized, skipping
Registering precompiled user dll's ...
Registered in 0.004551 seconds.
Begin MonoManager ReloadAssembly
Symbol file LoadedFromMemory doesn't match image D:\games\UnityRepository\AS\RPG-WS\qwerty\Library\PackageCache\com.unity.visualscripting@1.7.8\Editor\VisualScripting.Core\Dependencies\YamlDotNet\Unity.VisualScripting.YamlDotNet.dll
Symbol file LoadedFromMemory doesn't match image D:\games\UnityRepository\AS\RPG-WS\qwerty\Library\PackageCache\com.unity.visualscripting@1.7.8\Editor\VisualScripting.Core\Dependencies\DotNetZip\Unity.VisualScripting.IonicZip.dll
Native extension for WindowsStandalone target not found
Native extension for Android target not found
Native extension for WebGL target not found
Refreshing native plugins compatible for Editor in 160.78 ms, found 4 plugins.
Preloading 0 native plugins for Editor in 0.00 ms.
Mono: successfully reloaded assembly
- Completed reload, in  1.677 seconds
Domain Reload Profiling:
	ReloadAssembly (1678ms)
		BeginReloadAssembly (134ms)
			ExecutionOrderSort (0ms)
			DisableScriptedObjects (7ms)
			BackupInstance (0ms)
			ReleaseScriptingObjects (0ms)
			CreateAndSetChildDomain (31ms)
		EndReloadAssembly (1397ms)
			LoadAssemblies (98ms)
			RebuildTransferFunctionScriptingTraits (0ms)
			SetupTypeCache (324ms)
			ReleaseScriptCaches (1ms)
			RebuildScriptCaches (91ms)
			SetupLoadedEditorAssemblies (809ms)
				LogAssemblyErrors (0ms)
				InitializePlatformSupportModulesInManaged (19ms)
				SetLoadedEditorAssemblies (0ms)
				RefreshPlugins (161ms)
				BeforeProcessingInitializeOnLoad (137ms)
				ProcessInitializeOnLoadAttributes (431ms)
				ProcessInitializeOnLoadMethodAttributes (57ms)
				AfterProcessingInitializeOnLoad (4ms)
				EditorAssembliesLoaded (0ms)
			ExecutionOrderSort2 (0ms)
			AwakeInstancesAfterBackupRestoration (7ms)
Platform modules already initialized, skipping
========================================================================
Worker process is ready to serve import requests
Launched and connected shader compiler UnityShaderCompiler.exe after 0.06 seconds
Refreshing native plugins compatible for Editor in 1.96 ms, found 4 plugins.
Preloading 0 native plugins for Editor in 0.00 ms.
Unloading 4646 Unused Serialized files (Serialized files now loaded: 0)
Unloading 54 unused Assets / (73.9 MB). Loaded Objects now: 5105.
Memory consumption went from 174.8 MB to 100.9 MB.
Total: 9.604100 ms (FindLiveObjects: 0.798900 ms CreateObjectMapping: 0.516500 ms MarkObjects: 8.093800 ms  DeleteObjects: 0.193600 ms)

AssetImportParameters requested are different than current active one (requested -> active):
  custom:video-decoder-ogg-theora: a1e56fd34408186e4bbccfd4996cb3dc -> 
  custom:container-muxer-webm: aa71ff27fc2769a1b78a27578f13a17b -> 
  custom:container-demuxer-webm: 4f35f7cbe854078d1ac9338744f61a02 -> 
  custom:video-encoder-webm-vp8: eb34c28f22e8b96e1ab97ce403110664 -> 
  custom:audio-encoder-webm-vorbis: bf7c407c2cedff20999df2af8eb42d56 -> 
  custom:framework-win-MediaFoundation: 216162199b28c13a410421893ffa2e32 -> 
  custom:container-demuxer-ogg: 62fdf1f143b41e24485cea50d1cbac27 -> 
  custom:video-decoder-webm-vp8: 9c59270c3fd7afecdb556c50c9e8de78 -> 
  custom:audio-decoder-ogg-vorbis: bf7c407c2cedff20999df2af8eb42d56 -> 
========================================================================
Received Import Request.
  Time since last request: 1514.396769 seconds.
  path: Assets/Effects/Blood/BloodEffect.prefab
  artifactKey: Guid(bcaceaf807602894f8e187b9f85f314c) Importer(815301076,1909f56bfc062723c751e8b465ee728b)
Start importing Assets/Effects/Blood/BloodEffect.prefab using Guid(bcaceaf807602894f8e187b9f85f314c) Importer(815301076,1909f56bfc062723c751e8b465ee728b) The Animator Controller (8_animation_blood_003) you have used is not valid. Animations will not play
UnityEngine.StackTraceUtility:ExtractStackTrace ()
UnityEditor.EditorUtility:Internal_InstantiateRemoveAllNonAnimationComponentsSingle (UnityEngine.Object,UnityEngine.Vector3,UnityEngine.Quaternion)
UnityEditor.EditorUtility:InstantiateRemoveAllNonAnimationComponents (UnityEngine.Object,UnityEngine.Vector3,UnityEngine.Quaternion)
UnityEditor.EditorUtility:InstantiateForAnimatorPreview (UnityEngine.Object)
UnityEditor.GameObjectInspector/PreviewData:UpdateGameObject (UnityEngine.Object)
UnityEditor.GameObjectInspector/PreviewData:.ctor (UnityEngine.Object)
UnityEditor.GameObjectInspector:GetPreviewData ()
UnityEditor.GameObjectInspector:RenderStaticPreview (string,UnityEngine.Object[],int,int)
UnityEditor.AssetPreviewUpdater:CreatePreview (UnityEngine.Object,UnityEngine.Object[],string,int,int)
UnityEditor.AssetPreviewUpdater:CreatePreviewForAsset (UnityEngine.Object,UnityEngine.Object[],string)

[C:\buildslave\unity\build\Modules\Animation\Director\AnimatorControllerPlayable.cpp line 333]

The Animator Controller (8_animation_blood_003) you have used is not valid. Animations will not play
UnityEngine.StackTraceUtility:ExtractStackTrace ()
UnityEditor.EditorUtility:InitInstantiatedPreviewRecursive (UnityEngine.GameObject)
UnityEditor.EditorUtility:InstantiateForAnimatorPreview (UnityEngine.Object)
UnityEditor.GameObjectInspector/PreviewData:UpdateGameObject (UnityEngine.Object)
UnityEditor.GameObjectInspector/PreviewData:.ctor (UnityEngine.Object)
UnityEditor.GameObjectInspector:GetPreviewData ()
UnityEditor.GameObjectInspector:RenderStaticPreview (string,UnityEngine.Object[],int,int)
UnityEditor.AssetPreviewUpdater:CreatePreview (UnityEngine.Object,UnityEngine.Object[],string,int,int)
UnityEditor.AssetPreviewUpdater:CreatePreviewForAsset (UnityEngine.Object,UnityEngine.Object[],string)

[C:\buildslave\unity\build\Modules\Animation\Director\AnimatorControllerPlayable.cpp line 333]

 -> (artifact id: 'b3d3a41fa15fd16f1cbbb845b1474903') in 0.195645 seconds 
========================================================================
Received Import Request.
  Time since last request: 1.502730 seconds.
  path: Assets/Effects/BrainEffect/BrainEffect.prefab
  artifactKey: Guid(e64d300f4f8155e4f8c9aeec5c9ca4a3) Importer(815301076,1909f56bfc062723c751e8b465ee728b)
Start importing Assets/Effects/BrainEffect/BrainEffect.prefab using Guid(e64d300f4f8155e4f8c9aeec5c9ca4a3) Importer(815301076,1909f56bfc062723c751e8b465ee728b) The Animator Controller (8_animation_brain_000) you have used is not valid. Animations will not play
UnityEngine.StackTraceUtility:ExtractStackTrace ()
UnityEditor.EditorUtility:Internal_InstantiateRemoveAllNonAnimationComponentsSingle (UnityEngine.Object,UnityEngine.Vector3,UnityEngine.Quaternion)
UnityEditor.EditorUtility:InstantiateRemoveAllNonAnimationComponents (UnityEngine.Object,UnityEngine.Vector3,UnityEngine.Quaternion)
UnityEditor.EditorUtility:InstantiateForAnimatorPreview (UnityEngine.Object)
UnityEditor.GameObjectInspector/PreviewData:UpdateGameObject (UnityEngine.Object)
UnityEditor.GameObjectInspector/PreviewData:.ctor (UnityEngine.Object)
UnityEditor.GameObjectInspector:GetPreviewData ()
UnityEditor.GameObjectInspector:RenderStaticPreview (string,UnityEngine.Object[],int,int)
UnityEditor.AssetPreviewUpdater:CreatePreview (UnityEngine.Object,UnityEngine.Object[],string,int,int)
UnityEditor.AssetPreviewUpdater:CreatePreviewForAsset (UnityEngine.Object,UnityEngine.Object[],string)

[C:\buildslave\unity\build\Modules\Animation\Director\AnimatorControllerPlayable.cpp line 333]

The Animator Controller (8_animation_brain_000) you have used is not valid. Animations will not play
UnityEngine.StackTraceUtility:ExtractStackTrace ()
UnityEditor.EditorUtility:InitInstantiatedPreviewRecursive (UnityEngine.GameObject)
UnityEditor.EditorUtility:InstantiateForAnimatorPreview (UnityEngine.Object)
UnityEditor.GameObjectInspector/PreviewData:UpdateGameObject (UnityEngine.Object)
UnityEditor.GameObjectInspector/PreviewData:.ctor (UnityEngine.Object)
UnityEditor.GameObjectInspector:GetPreviewData ()
UnityEditor.GameObjectInspector:RenderStaticPreview (string,UnityEngine.Object[],int,int)
UnityEditor.AssetPreviewUpdater:CreatePreview (UnityEngine.Object,UnityEngine.Object[],string,int,int)
UnityEditor.AssetPreviewUpdater:CreatePreviewForAsset (UnityEngine.Object,UnityEngine.Object[],string)

[C:\buildslave\unity\build\Modules\Animation\Director\AnimatorControllerPlayable.cpp line 333]

 -> (artifact id: 'f9d155bf7a8abbf8d7b3ccb7c52be091') in 0.018677 seconds 
========================================================================
Received Import Request.
  Time since last request: 9.154398 seconds.
  path: Assets/Effects/Blood/effect/8_animation_noise_017.png
  artifactKey: Guid(e8bd361c9fd8a284182feae411a7424d) Importer(815301076,1909f56bfc062723c751e8b465ee728b)
Start importing Assets/Effects/Blood/effect/8_animation_noise_017.png using Guid(e8bd361c9fd8a284182feae411a7424d) Importer(815301076,1909f56bfc062723c751e8b465ee728b)  -> (artifact id: 'b2bbbb4f2b7b10f6ad08d1ee30099ec0') in 0.113859 seconds 
========================================================================
Received Import Request.
  Time since last request: 0.000054 seconds.
  path: Assets/Effects/Blood/effect/8_animation_rope_010.png
  artifactKey: Guid(26619303250407a49a7a4b45c9acf981) Importer(815301076,1909f56bfc062723c751e8b465ee728b)
Start importing Assets/Effects/Blood/effect/8_animation_rope_010.png using Guid(26619303250407a49a7a4b45c9acf981) Importer(815301076,1909f56bfc062723c751e8b465ee728b)  -> (artifact id: '67ae9e79d907d07ac8e1512d35a284ea') in 0.040476 seconds 
========================================================================
Received Import Request.
  Time since last request: 0.000064 seconds.
  path: Assets/Effects/Blood/effect/8_animation_rope_013.png
  artifactKey: Guid(a04d77187168efb44aa732591cfb6b05) Importer(815301076,1909f56bfc062723c751e8b465ee728b)
Start importing Assets/Effects/Blood/effect/8_animation_rope_013.png using Guid(a04d77187168efb44aa732591cfb6b05) Importer(815301076,1909f56bfc062723c751e8b465ee728b)  -> (artifact id: '0421e1c9975c09227d5fee734f392091') in 0.034361 seconds 
========================================================================
Received Import Request.
  Time since last request: 0.000071 seconds.
  path: Assets/Effects/Blood/effect/8_animation_rope_011.png
  artifactKey: Guid(dac06cf2946fddb4192407f4d25860cd) Importer(815301076,1909f56bfc062723c751e8b465ee728b)
Start importing Assets/Effects/Blood/effect/8_animation_rope_011.png using Guid(dac06cf2946fddb4192407f4d25860cd) Importer(815301076,1909f56bfc062723c751e8b465ee728b)  -> (artifact id: '7d2b4940b51bf2da5caa2f3f629dd698') in 0.039236 seconds 
========================================================================
Received Import Request.
  Time since last request: 0.000038 seconds.
  path: Assets/Effects/Blood/effect/8_animation_rope_005.png
  artifactKey: Guid(6e79e947060dea643b768f71df8ea790) Importer(815301076,1909f56bfc062723c751e8b465ee728b)
Start importing Assets/Effects/Blood/effect/8_animation_rope_005.png using Guid(6e79e947060dea643b768f71df8ea790) Importer(815301076,1909f56bfc062723c751e8b465ee728b)  -> (artifact id: 'a1aa939a22df6ea443e5ce1107dd7de2') in 0.030240 seconds 
========================================================================
Received Import Request.
  Time since last request: 0.000056 seconds.
  path: Assets/Effects/Blood/effect/8_animation_rope_003.png
  artifactKey: Guid(cb6e0b17da184f14d907797f50670aee) Importer(815301076,1909f56bfc062723c751e8b465ee728b)
Start importing Assets/Effects/Blood/effect/8_animation_rope_003.png using Guid(cb6e0b17da184f14d907797f50670aee) Importer(815301076,1909f56bfc062723c751e8b465ee728b)  -> (artifact id: '25b7f12501fee88a1e4c12ce0336fe7d') in 0.036753 seconds 
========================================================================
Received Import Request.
  Time since last request: 0.000034 seconds.
  path: Assets/Effects/Blood/effect/8_animation_rope_006.png
  artifactKey: Guid(8246ca2ada10afa4c9e99f3f5b6534b8) Importer(815301076,1909f56bfc062723c751e8b465ee728b)
Start importing Assets/Effects/Blood/effect/8_animation_rope_006.png using Guid(8246ca2ada10afa4c9e99f3f5b6534b8) Importer(815301076,1909f56bfc062723c751e8b465ee728b)  -> (artifact id: '973f721105e1fa068532291e291d1d8f') in 0.035377 seconds 
========================================================================
Received Import Request.
  Time since last request: 0.000049 seconds.
  path: Assets/Effects/Blood/effect/8_animation_rope_004.png
  artifactKey: Guid(ed1b9daf471917d4c9b2c83e3fad12d5) Importer(815301076,1909f56bfc062723c751e8b465ee728b)
Start importing Assets/Effects/Blood/effect/8_animation_rope_004.png using Guid(ed1b9daf471917d4c9b2c83e3fad12d5) Importer(815301076,1909f56bfc062723c751e8b465ee728b)  -> (artifact id: '5fb72d29e16302431e2df74ced0bdea8') in 0.032557 seconds 
========================================================================
Received Import Request.
  Time since last request: 0.000029 seconds.
  path: Assets/Effects/Blood/effect/8_animation_rope_014.png
  artifactKey: Guid(3be821dfc2942c64a919190a92b8d18e) Importer(815301076,1909f56bfc062723c751e8b465ee728b)
Start importing Assets/Effects/Blood/effect/8_animation_rope_014.png using Guid(3be821dfc2942c64a919190a92b8d18e) Importer(815301076,1909f56bfc062723c751e8b465ee728b)  -> (artifact id: '0cb866a0cd0ceaf48c9e71101ec42022') in 0.035821 seconds 
========================================================================
Received Import Request.
  Time since last request: 0.000042 seconds.
  path: Assets/Effects/Blood/effect/8_animation_rope_012.png
  artifactKey: Guid(857d651c46bdaef458aec21d55a8fefd) Importer(815301076,1909f56bfc062723c751e8b465ee728b)
Start importing Assets/Effects/Blood/effect/8_animation_rope_012.png using Guid(857d651c46bdaef458aec21d55a8fefd) Importer(815301076,1909f56bfc062723c751e8b465ee728b)  -> (artifact id: '0e887fd19e4adacfe28b9ed53a7a50ee') in 0.030554 seconds 
========================================================================
Received Import Request.
  Time since last request: 0.000056 seconds.
  path: Assets/Effects/Blood/effect/8_animation_rope_015.png
  artifactKey: Guid(75654b2fed2a4a24ea999a566dc7a2d6) Importer(815301076,1909f56bfc062723c751e8b465ee728b)
Start importing Assets/Effects/Blood/effect/8_animation_rope_015.png using Guid(75654b2fed2a4a24ea999a566dc7a2d6) Importer(815301076,1909f56bfc062723c751e8b465ee728b)  -> (artifact id: '9c6c13b09f32f0819bc603857397525f') in 0.034722 seconds 
========================================================================
Received Import Request.
  Time since last request: 0.000076 seconds.
  path: Assets/Effects/Blood/effect/8_animation_rope_007.png
  artifactKey: Guid(cee8d8318fca8cd44be232f52638f922) Importer(815301076,1909f56bfc062723c751e8b465ee728b)
Start importing Assets/Effects/Blood/effect/8_animation_rope_007.png using Guid(cee8d8318fca8cd44be232f52638f922) Importer(815301076,1909f56bfc062723c751e8b465ee728b)  -> (artifact id: '6bd7cb96f77cfb6d6c694780d7841f6c') in 0.036338 seconds 
========================================================================
Received Import Request.
  Time since last request: 0.000055 seconds.
  path: Assets/Effects/Blood/effect/8_animation_rope_001.png
  artifactKey: Guid(ac1a973ff3f1fda4c8c1c8998630ceac) Importer(815301076,1909f56bfc062723c751e8b465ee728b)
Start importing Assets/Effects/Blood/effect/8_animation_rope_001.png using Guid(ac1a973ff3f1fda4c8c1c8998630ceac) Importer(815301076,1909f56bfc062723c751e8b465ee728b)  -> (artifact id: '8625976ece407ef9680a478ca95916b0') in 0.033630 seconds 
Editor requested this worker to shutdown with reason: Scaling down because of idle timeout
AssetImportWorker is now disconnected from the server
Process exiting
Exiting without the bug reporter. Application will terminate with return code 0