Using pre-set license
Built from '2021.3/staging' branch; Version is '2021.3.9f1 (ad3870b89536) revision 11352176'; Using compiler version '192829333'; Build Type 'Release'
OS: 'Windows 10  (10.0.19044) 64bit Professional' Language: 'ru' Physical Memory: 7561 MB
BatchMode: 1, IsHumanControllingUs: 0, StartBugReporterOnCrash: 0, Is64bit: 1, IsPro: 1

COMMAND LINE ARGUMENTS:
D:\games\Unity\Unity Files (Dont Touch)\2021.3.9f1\Editor\Unity.exe
-adb2
-batchMode
-noUpm
-name
AssetImportWorker18
-projectPath
D:/games/UnityRepository/AS/RPG-WS/qwerty
-logFile
Logs/AssetImportWorker18.log
-srvPort
58351
Successfully changed project path to: D:/games/UnityRepository/AS/RPG-WS/qwerty
D:/games/UnityRepository/AS/RPG-WS/qwerty
[UnityMemory] Configuration Parameters - Can be set up in boot.config
    "memorysetup-bucket-allocator-granularity=16"
    "memorysetup-bucket-allocator-bucket-count=8"
    "memorysetup-bucket-allocator-block-size=33554432"
    "memorysetup-bucket-allocator-block-count=8"
    "memorysetup-main-allocator-block-size=16777216"
    "memorysetup-thread-allocator-block-size=16777216"
    "memorysetup-gfx-main-allocator-block-size=16777216"
    "memorysetup-gfx-thread-allocator-block-size=16777216"
    "memorysetup-cache-allocator-block-size=4194304"
    "memorysetup-typetree-allocator-block-size=2097152"
    "memorysetup-profiler-bucket-allocator-granularity=16"
    "memorysetup-profiler-bucket-allocator-bucket-count=8"
    "memorysetup-profiler-bucket-allocator-block-size=33554432"
    "memorysetup-profiler-bucket-allocator-block-count=8"
    "memorysetup-profiler-allocator-block-size=16777216"
    "memorysetup-profiler-editor-allocator-block-size=1048576"
    "memorysetup-temp-allocator-size-main=16777216"
    "memorysetup-job-temp-allocator-block-size=2097152"
    "memorysetup-job-temp-allocator-block-size-background=1048576"
    "memorysetup-job-temp-allocator-reduction-small-platforms=262144"
    "memorysetup-temp-allocator-size-background-worker=32768"
    "memorysetup-temp-allocator-size-job-worker=262144"
    "memorysetup-temp-allocator-size-preload-manager=33554432"
    "memorysetup-temp-allocator-size-nav-mesh-worker=65536"
    "memorysetup-temp-allocator-size-audio-worker=65536"
    "memorysetup-temp-allocator-size-cloud-worker=32768"
    "memorysetup-temp-allocator-size-gi-baking-worker=262144"
    "memorysetup-temp-allocator-size-gfx=262144"
Refreshing native plugins compatible for Editor in 127.28 ms, found 4 plugins.
Preloading 0 native plugins for Editor in 0.00 ms.
Initialize engine version: 2021.3.9f1 (ad3870b89536)
[Subsystems] Discovering subsystems at path D:/games/Unity/Unity Files (Dont Touch)/2021.3.9f1/Editor/Data/Resources/UnitySubsystems
[Subsystems] Discovering subsystems at path D:/games/UnityRepository/AS/RPG-WS/qwerty/Assets
GfxDevice: creating device client; threaded=0; jobified=0
Direct3D:
    Version:  Direct3D 11.0 [level 11.1]
    Renderer: AMD Radeon (TM) Graphics (ID=0x15e7)
    Vendor:   ATI
    VRAM:     3780 MB
    Driver:   31.0.12018.5
Initialize mono
Mono path[0] = 'D:/games/Unity/Unity Files (Dont Touch)/2021.3.9f1/Editor/Data/Managed'
Mono path[1] = 'D:/games/Unity/Unity Files (Dont Touch)/2021.3.9f1/Editor/Data/MonoBleedingEdge/lib/mono/unityjit-win32'
Mono config path = 'D:/games/Unity/Unity Files (Dont Touch)/2021.3.9f1/Editor/Data/MonoBleedingEdge/etc'
Using monoOptions --debugger-agent=transport=dt_socket,embedding=1,server=y,suspend=n,address=127.0.0.1:56692
Begin MonoManager ReloadAssembly
Registering precompiled unity dll's ...
Register platform support module: D:/games/Unity/Unity Files (Dont Touch)/2021.3.9f1/Editor/Data/PlaybackEngines/WebGLSupport/UnityEditor.WebGL.Extensions.dll
Register platform support module: D:/games/Unity/Unity Files (Dont Touch)/2021.3.9f1/Editor/Data/PlaybackEngines/AndroidPlayer/UnityEditor.Android.Extensions.dll
Register platform support module: D:/games/Unity/Unity Files (Dont Touch)/2021.3.9f1/Editor/Data/PlaybackEngines/WindowsStandaloneSupport/UnityEditor.WindowsStandalone.Extensions.dll
Registered in 0.004063 seconds.
Native extension for WindowsStandalone target not found
Native extension for Android target not found
Native extension for WebGL target not found
Refreshing native plugins compatible for Editor in 129.28 ms, found 4 plugins.
Preloading 0 native plugins for Editor in 0.00 ms.
Mono: successfully reloaded assembly
- Completed reload, in  0.641 seconds
Domain Reload Profiling:
	ReloadAssembly (642ms)
		BeginReloadAssembly (65ms)
			ExecutionOrderSort (0ms)
			DisableScriptedObjects (0ms)
			BackupInstance (0ms)
			ReleaseScriptingObjects (0ms)
			CreateAndSetChildDomain (1ms)
		EndReloadAssembly (492ms)
			LoadAssemblies (64ms)
			RebuildTransferFunctionScriptingTraits (0ms)
			SetupTypeCache (88ms)
			ReleaseScriptCaches (0ms)
			RebuildScriptCaches (22ms)
			SetupLoadedEditorAssemblies (337ms)
				LogAssemblyErrors (0ms)
				InitializePlatformSupportModulesInManaged (43ms)
				SetLoadedEditorAssemblies (0ms)
				RefreshPlugins (129ms)
				BeforeProcessingInitializeOnLoad (1ms)
				ProcessInitializeOnLoadAttributes (104ms)
				ProcessInitializeOnLoadMethodAttributes (58ms)
				AfterProcessingInitializeOnLoad (0ms)
				EditorAssembliesLoaded (0ms)
			ExecutionOrderSort2 (0ms)
			AwakeInstancesAfterBackupRestoration (0ms)
Platform modules already initialized, skipping
Registering precompiled user dll's ...
Registered in 0.005999 seconds.
Begin MonoManager ReloadAssembly
Symbol file LoadedFromMemory doesn't match image D:\games\UnityRepository\AS\RPG-WS\qwerty\Library\PackageCache\com.unity.visualscripting@1.7.8\Editor\VisualScripting.Core\Dependencies\YamlDotNet\Unity.VisualScripting.YamlDotNet.dll
Symbol file LoadedFromMemory doesn't match image D:\games\UnityRepository\AS\RPG-WS\qwerty\Library\PackageCache\com.unity.visualscripting@1.7.8\Editor\VisualScripting.Core\Dependencies\DotNetZip\Unity.VisualScripting.IonicZip.dll
Native extension for WindowsStandalone target not found
Native extension for Android target not found
Native extension for WebGL target not found
Refreshing native plugins compatible for Editor in 103.15 ms, found 4 plugins.
Preloading 0 native plugins for Editor in 0.00 ms.
Mono: successfully reloaded assembly
- Completed reload, in  1.302 seconds
Domain Reload Profiling:
	ReloadAssembly (1303ms)
		BeginReloadAssembly (112ms)
			ExecutionOrderSort (0ms)
			DisableScriptedObjects (6ms)
			BackupInstance (0ms)
			ReleaseScriptingObjects (0ms)
			CreateAndSetChildDomain (21ms)
		EndReloadAssembly (1096ms)
			LoadAssemblies (144ms)
			RebuildTransferFunctionScriptingTraits (0ms)
			SetupTypeCache (267ms)
			ReleaseScriptCaches (1ms)
			RebuildScriptCaches (61ms)
			SetupLoadedEditorAssemblies (589ms)
				LogAssemblyErrors (0ms)
				InitializePlatformSupportModulesInManaged (12ms)
				SetLoadedEditorAssemblies (0ms)
				RefreshPlugins (103ms)
				BeforeProcessingInitializeOnLoad (90ms)
				ProcessInitializeOnLoadAttributes (337ms)
				ProcessInitializeOnLoadMethodAttributes (44ms)
				AfterProcessingInitializeOnLoad (3ms)
				EditorAssembliesLoaded (0ms)
			ExecutionOrderSort2 (0ms)
			AwakeInstancesAfterBackupRestoration (5ms)
Platform modules already initialized, skipping
========================================================================
Worker process is ready to serve import requests
Launched and connected shader compiler UnityShaderCompiler.exe after 0.06 seconds
Refreshing native plugins compatible for Editor in 1.57 ms, found 4 plugins.
Preloading 0 native plugins for Editor in 0.00 ms.
Unloading 4647 Unused Serialized files (Serialized files now loaded: 0)
Unloading 54 unused Assets / (128.3 KB). Loaded Objects now: 5106.
Memory consumption went from 174.9 MB to 174.8 MB.
Total: 5.533500 ms (FindLiveObjects: 0.399400 ms CreateObjectMapping: 0.356100 ms MarkObjects: 4.609400 ms  DeleteObjects: 0.167300 ms)

AssetImportParameters requested are different than current active one (requested -> active):
  custom:video-decoder-ogg-theora: a1e56fd34408186e4bbccfd4996cb3dc -> 
  custom:container-muxer-webm: aa71ff27fc2769a1b78a27578f13a17b -> 
  custom:container-demuxer-webm: 4f35f7cbe854078d1ac9338744f61a02 -> 
  custom:video-encoder-webm-vp8: eb34c28f22e8b96e1ab97ce403110664 -> 
  custom:audio-encoder-webm-vorbis: bf7c407c2cedff20999df2af8eb42d56 -> 
  custom:framework-win-MediaFoundation: 216162199b28c13a410421893ffa2e32 -> 
  custom:container-demuxer-ogg: 62fdf1f143b41e24485cea50d1cbac27 -> 
  custom:video-decoder-webm-vp8: 9c59270c3fd7afecdb556c50c9e8de78 -> 
  custom:audio-decoder-ogg-vorbis: bf7c407c2cedff20999df2af8eb42d56 -> 
========================================================================
Received Import Request.
  Time since last request: 16837.232576 seconds.
  path: Assets/Enemies/Skeleton/Sprites/Idle/1_animation_idle_013.png
  artifactKey: Guid(f128042e9a3803040a58b39dc4baa0b5) Importer(815301076,1909f56bfc062723c751e8b465ee728b)
Start importing Assets/Enemies/Skeleton/Sprites/Idle/1_animation_idle_013.png using Guid(f128042e9a3803040a58b39dc4baa0b5) Importer(815301076,1909f56bfc062723c751e8b465ee728b)  -> (artifact id: '51fc09e9e57758ced4a727ae0b392d3b') in 0.144208 seconds 
========================================================================
Received Import Request.
  Time since last request: 9.904609 seconds.
  path: Assets/Enemies/Skeleton/Sprites/Idle/1_animation_idle_009.png
  artifactKey: Guid(8c56d3811d68fb84ab4a4baa0ddc7781) Importer(815301076,1909f56bfc062723c751e8b465ee728b)
Start importing Assets/Enemies/Skeleton/Sprites/Idle/1_animation_idle_009.png using Guid(8c56d3811d68fb84ab4a4baa0ddc7781) Importer(815301076,1909f56bfc062723c751e8b465ee728b)  -> (artifact id: 'eb1a5ea791586f33f86280a9890c6c9d') in 0.015676 seconds 
========================================================================
Received Import Request.
  Time since last request: 0.031083 seconds.
  path: Assets/Enemies/Skeleton/Sprites/Idle/1_animation_idle_004.png
  artifactKey: Guid(d4cd9fb9dcf5031478ba3266a507c69f) Importer(815301076,1909f56bfc062723c751e8b465ee728b)
Start importing Assets/Enemies/Skeleton/Sprites/Idle/1_animation_idle_004.png using Guid(d4cd9fb9dcf5031478ba3266a507c69f) Importer(815301076,1909f56bfc062723c751e8b465ee728b)  -> (artifact id: '33d72bc45600f9cb4d0401fe975aae7c') in 0.016813 seconds 
========================================================================
Received Import Request.
  Time since last request: 0.197884 seconds.
  path: Assets/Enemies/Skeleton/Sprites/Idle/1_animation_idle_000.png
  artifactKey: Guid(ced8f113670d75e4da8472d3d03b784e) Importer(815301076,1909f56bfc062723c751e8b465ee728b)
Start importing Assets/Enemies/Skeleton/Sprites/Idle/1_animation_idle_000.png using Guid(ced8f113670d75e4da8472d3d03b784e) Importer(815301076,1909f56bfc062723c751e8b465ee728b)  -> (artifact id: 'ee2510ec3f9b6139a489f6c3f98bc268') in 0.017469 seconds 
========================================================================
Received Import Request.
  Time since last request: 31.425355 seconds.
  path: Assets/Enemies/Skeleton/Sprites/Idle/1_animation_idle_013.png
  artifactKey: Guid(f128042e9a3803040a58b39dc4baa0b5) Importer(815301076,1909f56bfc062723c751e8b465ee728b)
Start importing Assets/Enemies/Skeleton/Sprites/Idle/1_animation_idle_013.png using Guid(f128042e9a3803040a58b39dc4baa0b5) Importer(815301076,1909f56bfc062723c751e8b465ee728b)  -> (artifact id: '12129bc7d0a9e9c7c5dca023cd724ace') in 0.026811 seconds 
========================================================================
Received Import Request.
  Time since last request: 4.510024 seconds.
  path: Assets/Enemies/Skeleton/Sprites/Idle/1_animation_idle_014.png
  artifactKey: Guid(054c842c6ab2abd4b99dba3012940a9e) Importer(815301076,1909f56bfc062723c751e8b465ee728b)
Start importing Assets/Enemies/Skeleton/Sprites/Idle/1_animation_idle_014.png using Guid(054c842c6ab2abd4b99dba3012940a9e) Importer(815301076,1909f56bfc062723c751e8b465ee728b)  -> (artifact id: 'd1cdecd6a10d8a4c03ed673fabec4bf5') in 0.043964 seconds 
========================================================================
Received Import Request.
  Time since last request: 9.080961 seconds.
  path: Assets/Enemies/Skeleton/Sprites/Idle/1_animation_idle_014.png
  artifactKey: Guid(054c842c6ab2abd4b99dba3012940a9e) Importer(815301076,1909f56bfc062723c751e8b465ee728b)
Start importing Assets/Enemies/Skeleton/Sprites/Idle/1_animation_idle_014.png using Guid(054c842c6ab2abd4b99dba3012940a9e) Importer(815301076,1909f56bfc062723c751e8b465ee728b)  -> (artifact id: '771f43d6ed57a5efdfcbe9c625fc93d0') in 0.027128 seconds 
========================================================================
Received Import Request.
  Time since last request: 4.186745 seconds.
  path: Assets/Enemies/Skeleton/Sprites/Idle/1_animation_idle_014.png
  artifactKey: Guid(054c842c6ab2abd4b99dba3012940a9e) Importer(815301076,1909f56bfc062723c751e8b465ee728b)
Start importing Assets/Enemies/Skeleton/Sprites/Idle/1_animation_idle_014.png using Guid(054c842c6ab2abd4b99dba3012940a9e) Importer(815301076,1909f56bfc062723c751e8b465ee728b)  -> (artifact id: '1e0ac213ed5aa420872de3aaf7486e75') in 0.032960 seconds 
========================================================================
Received Import Request.
  Time since last request: 2.421509 seconds.
  path: Assets/Enemies/Skeleton/Sprites/Idle/1_animation_idle_014.png
  artifactKey: Guid(054c842c6ab2abd4b99dba3012940a9e) Importer(815301076,1909f56bfc062723c751e8b465ee728b)
Start importing Assets/Enemies/Skeleton/Sprites/Idle/1_animation_idle_014.png using Guid(054c842c6ab2abd4b99dba3012940a9e) Importer(815301076,1909f56bfc062723c751e8b465ee728b)  -> (artifact id: 'f1e842caf5028a04b59981d2e4b59ee4') in 0.025688 seconds 
========================================================================
Received Import Request.
  Time since last request: 0.000039 seconds.
  path: Assets/Enemies/Skeleton/Sprites/Idle/1_animation_idle_019.png
  artifactKey: Guid(11bc011a1e591414ea0cc380d58c2b37) Importer(815301076,1909f56bfc062723c751e8b465ee728b)
Start importing Assets/Enemies/Skeleton/Sprites/Idle/1_animation_idle_019.png using Guid(11bc011a1e591414ea0cc380d58c2b37) Importer(815301076,1909f56bfc062723c751e8b465ee728b)  -> (artifact id: '76c4758711339532a88d04a1774c0cda') in 0.022251 seconds 
========================================================================
Received Import Request.
  Time since last request: 36.872307 seconds.
  path: Assets/Enemies/Skeleton/Sprites/Walk/1_animation_walk_005.png
  artifactKey: Guid(3c954f34ff7175e45b7170df214a90fd) Importer(815301076,1909f56bfc062723c751e8b465ee728b)
Start importing Assets/Enemies/Skeleton/Sprites/Walk/1_animation_walk_005.png using Guid(3c954f34ff7175e45b7170df214a90fd) Importer(815301076,1909f56bfc062723c751e8b465ee728b)  -> (artifact id: 'c819bbdb481dcd0f52e6531c17fcc421') in 0.065583 seconds 
========================================================================
Received Import Request.
  Time since last request: 0.000022 seconds.
  path: Assets/Enemies/Skeleton/Sprites/Walk/1_animation_walk_009.png
  artifactKey: Guid(6b8241bb45b8fa64c80751ee1e6ade1a) Importer(815301076,1909f56bfc062723c751e8b465ee728b)
Start importing Assets/Enemies/Skeleton/Sprites/Walk/1_animation_walk_009.png using Guid(6b8241bb45b8fa64c80751ee1e6ade1a) Importer(815301076,1909f56bfc062723c751e8b465ee728b)  -> (artifact id: 'e76438ac63b2327297c12d64326d6d44') in 0.022039 seconds 
========================================================================
Received Import Request.
  Time since last request: 7.207231 seconds.
  path: Assets/Enemies/Skeleton/Sprites/Walk/1_animation_walk_014.png
  artifactKey: Guid(cd470e8644ba71c4e97b85d3ed025c9f) Importer(815301076,1909f56bfc062723c751e8b465ee728b)
Start importing Assets/Enemies/Skeleton/Sprites/Walk/1_animation_walk_014.png using Guid(cd470e8644ba71c4e97b85d3ed025c9f) Importer(815301076,1909f56bfc062723c751e8b465ee728b)  -> (artifact id: 'd5c5c9896a340bfda838b0edfe175632') in 0.039864 seconds 
========================================================================
Received Import Request.
  Time since last request: 0.000045 seconds.
  path: Assets/Enemies/Skeleton/Sprites/Walk/1_animation_walk_018.png
  artifactKey: Guid(03a11f1d9a48c174890a6c2deef3dab8) Importer(815301076,1909f56bfc062723c751e8b465ee728b)
Start importing Assets/Enemies/Skeleton/Sprites/Walk/1_animation_walk_018.png using Guid(03a11f1d9a48c174890a6c2deef3dab8) Importer(815301076,1909f56bfc062723c751e8b465ee728b)  -> (artifact id: '5f481a16eb45f72eab3e364116a482a8') in 0.021532 seconds 
========================================================================
Received Import Request.
  Time since last request: 8.243282 seconds.
  path: Assets/Enemies/Skeleton/Sprites/Attack/1_animation_attack_014.png
  artifactKey: Guid(7665430c38ba1ff4c9d4eb6e0e878ed6) Importer(815301076,1909f56bfc062723c751e8b465ee728b)
Start importing Assets/Enemies/Skeleton/Sprites/Attack/1_animation_attack_014.png using Guid(7665430c38ba1ff4c9d4eb6e0e878ed6) Importer(815301076,1909f56bfc062723c751e8b465ee728b)  -> (artifact id: '33b958ed9f0ea2713dc21dbe0ee162fa') in 0.025934 seconds 
========================================================================
Received Import Request.
  Time since last request: 0.000041 seconds.
  path: Assets/Enemies/Skeleton/Sprites/Attack/1_animation_attack_018.png
  artifactKey: Guid(173884eac8698484e85e85198ca55d00) Importer(815301076,1909f56bfc062723c751e8b465ee728b)
Start importing Assets/Enemies/Skeleton/Sprites/Attack/1_animation_attack_018.png using Guid(173884eac8698484e85e85198ca55d00) Importer(815301076,1909f56bfc062723c751e8b465ee728b)  -> (artifact id: '9f8a244db2fa741371f682a6dfea8388') in 0.026515 seconds 
========================================================================
Received Import Request.
  Time since last request: 173.429664 seconds.
  path: Assets/Enemies/Skeleton/Sprites/Idle/1_animation_idle_002.png
  artifactKey: Guid(fa04541f41b47be4ab0835ef9a55dbe3) Importer(815301076,1909f56bfc062723c751e8b465ee728b)
Start importing Assets/Enemies/Skeleton/Sprites/Idle/1_animation_idle_002.png using Guid(fa04541f41b47be4ab0835ef9a55dbe3) Importer(815301076,1909f56bfc062723c751e8b465ee728b)  -> (artifact id: '75e4113695ab7817895ddaeb279ad5c3') in 0.022231 seconds 
========================================================================
Received Import Request.
  Time since last request: 2.518823 seconds.
  path: Assets/Enemies/Zombie/Idle/2_animation_idle_001.png
  artifactKey: Guid(0b6c037417bd90d4fbfca246272d7987) Importer(815301076,1909f56bfc062723c751e8b465ee728b)
Start importing Assets/Enemies/Zombie/Idle/2_animation_idle_001.png using Guid(0b6c037417bd90d4fbfca246272d7987) Importer(815301076,1909f56bfc062723c751e8b465ee728b)  -> (artifact id: '7f1181e3af8192a959966716dfdfa154') in 0.030164 seconds 
========================================================================
Received Import Request.
  Time since last request: 0.000021 seconds.
  path: Assets/Enemies/Zombie/Idle/2_animation_idle_008.png
  artifactKey: Guid(8f878c02975da3b4ebc963ebb4d15444) Importer(815301076,1909f56bfc062723c751e8b465ee728b)
Start importing Assets/Enemies/Zombie/Idle/2_animation_idle_008.png using Guid(8f878c02975da3b4ebc963ebb4d15444) Importer(815301076,1909f56bfc062723c751e8b465ee728b)  -> (artifact id: '13a1d0106f96a0919f14366f58b7f0b6') in 0.058172 seconds 
========================================================================
Received Import Request.
  Time since last request: 0.000021 seconds.
  path: Assets/Enemies/Zombie/Idle/2_animation_idle_002.png
  artifactKey: Guid(851cec03958b24e43a3a1f253d359031) Importer(815301076,1909f56bfc062723c751e8b465ee728b)
Start importing Assets/Enemies/Zombie/Idle/2_animation_idle_002.png using Guid(851cec03958b24e43a3a1f253d359031) Importer(815301076,1909f56bfc062723c751e8b465ee728b)  -> (artifact id: '937f4ff62662ae4c7349979775c69622') in 0.025150 seconds 
========================================================================
Received Import Request.
  Time since last request: 0.000050 seconds.
  path: Assets/Enemies/Zombie/Idle/2_animation_idle_010.png
  artifactKey: Guid(bbd68bef329ffea40a5440842c50d174) Importer(815301076,1909f56bfc062723c751e8b465ee728b)
Start importing Assets/Enemies/Zombie/Idle/2_animation_idle_010.png using Guid(bbd68bef329ffea40a5440842c50d174) Importer(815301076,1909f56bfc062723c751e8b465ee728b)  -> (artifact id: '047e45a2097236c9ba42a5571448b554') in 0.020179 seconds 
========================================================================
Received Import Request.
  Time since last request: 11.827061 seconds.
  path: Assets/Enemies/Skeleton/Sprites/Idle/1_animation_idle_006.png
  artifactKey: Guid(7c4c0a92c126ecf4096ba0fb62de889c) Importer(815301076,1909f56bfc062723c751e8b465ee728b)
Start importing Assets/Enemies/Skeleton/Sprites/Idle/1_animation_idle_006.png using Guid(7c4c0a92c126ecf4096ba0fb62de889c) Importer(815301076,1909f56bfc062723c751e8b465ee728b)  -> (artifact id: 'fdebd5df085f55625b60662413876fda') in 0.017149 seconds 
========================================================================
Received Import Request.
  Time since last request: 0.000028 seconds.
  path: Assets/Enemies/Skeleton/Sprites/Idle/1_animation_idle_010.png
  artifactKey: Guid(3fdfe7668b7e9fc408396d9485d1bb0d) Importer(815301076,1909f56bfc062723c751e8b465ee728b)
Start importing Assets/Enemies/Skeleton/Sprites/Idle/1_animation_idle_010.png using Guid(3fdfe7668b7e9fc408396d9485d1bb0d) Importer(815301076,1909f56bfc062723c751e8b465ee728b)  -> (artifact id: 'fa8259c113d41c9db622e54eea58d254') in 0.026955 seconds 
========================================================================
Received Import Request.
  Time since last request: 30.401181 seconds.
  path: Assets/Enemies/Skeleton/Sprites/Walk/1_animation_walk_003.png
  artifactKey: Guid(c4fd9ad7a534df54db0c2ec4224f3eab) Importer(815301076,1909f56bfc062723c751e8b465ee728b)
Start importing Assets/Enemies/Skeleton/Sprites/Walk/1_animation_walk_003.png using Guid(c4fd9ad7a534df54db0c2ec4224f3eab) Importer(815301076,1909f56bfc062723c751e8b465ee728b)  -> (artifact id: '3222941ea4528bcdf36c85f74c9175ec') in 0.021077 seconds 
========================================================================
Received Import Request.
  Time since last request: 0.000026 seconds.
  path: Assets/Enemies/Skeleton/Sprites/Walk/1_animation_walk_008.png
  artifactKey: Guid(2d1b6958384fd4848ae30eff72c1f3f9) Importer(815301076,1909f56bfc062723c751e8b465ee728b)
Start importing Assets/Enemies/Skeleton/Sprites/Walk/1_animation_walk_008.png using Guid(2d1b6958384fd4848ae30eff72c1f3f9) Importer(815301076,1909f56bfc062723c751e8b465ee728b)  -> (artifact id: 'ad808035554d2f97496b2b6c3eec0053') in 0.032005 seconds 
========================================================================
Received Import Request.
  Time since last request: 21.183942 seconds.
  path: Assets/Enemies/Skeleton/Sprites/Attack/1_animation_attack_005.png
  artifactKey: Guid(75054c93b5d2cee44aa8c0f9c5d92204) Importer(815301076,1909f56bfc062723c751e8b465ee728b)
Start importing Assets/Enemies/Skeleton/Sprites/Attack/1_animation_attack_005.png using Guid(75054c93b5d2cee44aa8c0f9c5d92204) Importer(815301076,1909f56bfc062723c751e8b465ee728b)  -> (artifact id: '54dfa3960c5cbaa6c8246ab35dbc2943') in 0.017594 seconds 
========================================================================
Received Import Request.
  Time since last request: 0.000027 seconds.
  path: Assets/Enemies/Skeleton/Sprites/Attack/1_animation_attack_006.png
  artifactKey: Guid(fecbee7464f39c744b78956cb0dd37e9) Importer(815301076,1909f56bfc062723c751e8b465ee728b)
Start importing Assets/Enemies/Skeleton/Sprites/Attack/1_animation_attack_006.png using Guid(fecbee7464f39c744b78956cb0dd37e9) Importer(815301076,1909f56bfc062723c751e8b465ee728b)  -> (artifact id: '9376bd9605402624fa7ec9d6e0a6bf00') in 0.022297 seconds 
========================================================================
Received Import Request.
  Time since last request: 0.000032 seconds.
  path: Assets/Enemies/Skeleton/Sprites/Attack/1_animation_attack_010.png
  artifactKey: Guid(1efb6e324eac8b14091ce638b1cab327) Importer(815301076,1909f56bfc062723c751e8b465ee728b)
Start importing Assets/Enemies/Skeleton/Sprites/Attack/1_animation_attack_010.png using Guid(1efb6e324eac8b14091ce638b1cab327) Importer(815301076,1909f56bfc062723c751e8b465ee728b)  -> (artifact id: 'd0c4439744f60d01d8ca14ffe5b15cc6') in 0.018066 seconds 
Editor requested this worker to shutdown with reason: Scaling down because of idle timeout
AssetImportWorker is now disconnected from the server
Process exiting
Exiting without the bug reporter. Application will terminate with return code 0