Using pre-set license
Built from '2021.3/staging' branch; Version is '2021.3.9f1 (ad3870b89536) revision 11352176'; Using compiler version '192829333'; Build Type 'Release'
OS: 'Windows 10  (10.0.19044) 64bit Professional' Language: 'ru' Physical Memory: 7561 MB
BatchMode: 1, IsHumanControllingUs: 0, StartBugReporterOnCrash: 0, Is64bit: 1, IsPro: 1

COMMAND LINE ARGUMENTS:
D:\games\Unity\Unity Files (Dont Touch)\2021.3.9f1\Editor\Unity.exe
-adb2
-batchMode
-noUpm
-name
AssetImportWorker14
-projectPath
D:/games/UnityRepository/AS/RPG-WS/qwerty
-logFile
Logs/AssetImportWorker14.log
-srvPort
52212
Successfully changed project path to: D:/games/UnityRepository/AS/RPG-WS/qwerty
D:/games/UnityRepository/AS/RPG-WS/qwerty
[UnityMemory] Configuration Parameters - Can be set up in boot.config
    "memorysetup-bucket-allocator-granularity=16"
    "memorysetup-bucket-allocator-bucket-count=8"
    "memorysetup-bucket-allocator-block-size=33554432"
    "memorysetup-bucket-allocator-block-count=8"
    "memorysetup-main-allocator-block-size=16777216"
    "memorysetup-thread-allocator-block-size=16777216"
    "memorysetup-gfx-main-allocator-block-size=16777216"
    "memorysetup-gfx-thread-allocator-block-size=16777216"
    "memorysetup-cache-allocator-block-size=4194304"
    "memorysetup-typetree-allocator-block-size=2097152"
    "memorysetup-profiler-bucket-allocator-granularity=16"
    "memorysetup-profiler-bucket-allocator-bucket-count=8"
    "memorysetup-profiler-bucket-allocator-block-size=33554432"
    "memorysetup-profiler-bucket-allocator-block-count=8"
    "memorysetup-profiler-allocator-block-size=16777216"
    "memorysetup-profiler-editor-allocator-block-size=1048576"
    "memorysetup-temp-allocator-size-main=16777216"
    "memorysetup-job-temp-allocator-block-size=2097152"
    "memorysetup-job-temp-allocator-block-size-background=1048576"
    "memorysetup-job-temp-allocator-reduction-small-platforms=262144"
    "memorysetup-temp-allocator-size-background-worker=32768"
    "memorysetup-temp-allocator-size-job-worker=262144"
    "memorysetup-temp-allocator-size-preload-manager=33554432"
    "memorysetup-temp-allocator-size-nav-mesh-worker=65536"
    "memorysetup-temp-allocator-size-audio-worker=65536"
    "memorysetup-temp-allocator-size-cloud-worker=32768"
    "memorysetup-temp-allocator-size-gi-baking-worker=262144"
    "memorysetup-temp-allocator-size-gfx=262144"
Refreshing native plugins compatible for Editor in 232.87 ms, found 4 plugins.
Preloading 0 native plugins for Editor in 0.00 ms.
Initialize engine version: 2021.3.9f1 (ad3870b89536)
[Subsystems] Discovering subsystems at path D:/games/Unity/Unity Files (Dont Touch)/2021.3.9f1/Editor/Data/Resources/UnitySubsystems
[Subsystems] Discovering subsystems at path D:/games/UnityRepository/AS/RPG-WS/qwerty/Assets
GfxDevice: creating device client; threaded=0; jobified=0
Direct3D:
    Version:  Direct3D 11.0 [level 11.1]
    Renderer: AMD Radeon (TM) Graphics (ID=0x15e7)
    Vendor:   ATI
    VRAM:     3780 MB
    Driver:   31.0.12018.5
Initialize mono
Mono path[0] = 'D:/games/Unity/Unity Files (Dont Touch)/2021.3.9f1/Editor/Data/Managed'
Mono path[1] = 'D:/games/Unity/Unity Files (Dont Touch)/2021.3.9f1/Editor/Data/MonoBleedingEdge/lib/mono/unityjit-win32'
Mono config path = 'D:/games/Unity/Unity Files (Dont Touch)/2021.3.9f1/Editor/Data/MonoBleedingEdge/etc'
Using monoOptions --debugger-agent=transport=dt_socket,embedding=1,server=y,suspend=n,address=127.0.0.1:56004
Begin MonoManager ReloadAssembly
Registering precompiled unity dll's ...
Register platform support module: D:/games/Unity/Unity Files (Dont Touch)/2021.3.9f1/Editor/Data/PlaybackEngines/WebGLSupport/UnityEditor.WebGL.Extensions.dll
Register platform support module: D:/games/Unity/Unity Files (Dont Touch)/2021.3.9f1/Editor/Data/PlaybackEngines/AndroidPlayer/UnityEditor.Android.Extensions.dll
Register platform support module: D:/games/Unity/Unity Files (Dont Touch)/2021.3.9f1/Editor/Data/PlaybackEngines/WindowsStandaloneSupport/UnityEditor.WindowsStandalone.Extensions.dll
Registered in 0.006162 seconds.
Native extension for WindowsStandalone target not found
Native extension for Android target not found
Native extension for WebGL target not found
Refreshing native plugins compatible for Editor in 194.49 ms, found 4 plugins.
Preloading 0 native plugins for Editor in 0.00 ms.
Mono: successfully reloaded assembly
- Completed reload, in  1.164 seconds
Domain Reload Profiling:
	ReloadAssembly (1165ms)
		BeginReloadAssembly (134ms)
			ExecutionOrderSort (0ms)
			DisableScriptedObjects (0ms)
			BackupInstance (0ms)
			ReleaseScriptingObjects (0ms)
			CreateAndSetChildDomain (1ms)
		EndReloadAssembly (817ms)
			LoadAssemblies (134ms)
			RebuildTransferFunctionScriptingTraits (0ms)
			SetupTypeCache (157ms)
			ReleaseScriptCaches (0ms)
			RebuildScriptCaches (45ms)
			SetupLoadedEditorAssemblies (517ms)
				LogAssemblyErrors (0ms)
				InitializePlatformSupportModulesInManaged (70ms)
				SetLoadedEditorAssemblies (0ms)
				RefreshPlugins (195ms)
				BeforeProcessingInitializeOnLoad (2ms)
				ProcessInitializeOnLoadAttributes (174ms)
				ProcessInitializeOnLoadMethodAttributes (76ms)
				AfterProcessingInitializeOnLoad (0ms)
				EditorAssembliesLoaded (0ms)
			ExecutionOrderSort2 (0ms)
			AwakeInstancesAfterBackupRestoration (0ms)
Platform modules already initialized, skipping
Registering precompiled user dll's ...
Registered in 0.005743 seconds.
Begin MonoManager ReloadAssembly
Symbol file LoadedFromMemory doesn't match image D:\games\UnityRepository\AS\RPG-WS\qwerty\Library\PackageCache\com.unity.visualscripting@1.7.8\Editor\VisualScripting.Core\Dependencies\YamlDotNet\Unity.VisualScripting.YamlDotNet.dll
Symbol file LoadedFromMemory doesn't match image D:\games\UnityRepository\AS\RPG-WS\qwerty\Library\PackageCache\com.unity.visualscripting@1.7.8\Editor\VisualScripting.Core\Dependencies\DotNetZip\Unity.VisualScripting.IonicZip.dll
Native extension for WindowsStandalone target not found
Native extension for Android target not found
Native extension for WebGL target not found
Refreshing native plugins compatible for Editor in 201.31 ms, found 4 plugins.
Preloading 0 native plugins for Editor in 0.00 ms.
Mono: successfully reloaded assembly
- Completed reload, in  2.153 seconds
Domain Reload Profiling:
	ReloadAssembly (2154ms)
		BeginReloadAssembly (192ms)
			ExecutionOrderSort (0ms)
			DisableScriptedObjects (8ms)
			BackupInstance (0ms)
			ReleaseScriptingObjects (0ms)
			CreateAndSetChildDomain (29ms)
		EndReloadAssembly (1780ms)
			LoadAssemblies (225ms)
			RebuildTransferFunctionScriptingTraits (0ms)
			SetupTypeCache (384ms)
			ReleaseScriptCaches (1ms)
			RebuildScriptCaches (105ms)
			SetupLoadedEditorAssemblies (1016ms)
				LogAssemblyErrors (0ms)
				InitializePlatformSupportModulesInManaged (21ms)
				SetLoadedEditorAssemblies (0ms)
				RefreshPlugins (201ms)
				BeforeProcessingInitializeOnLoad (147ms)
				ProcessInitializeOnLoadAttributes (573ms)
				ProcessInitializeOnLoadMethodAttributes (68ms)
				AfterProcessingInitializeOnLoad (4ms)
				EditorAssembliesLoaded (0ms)
			ExecutionOrderSort2 (0ms)
			AwakeInstancesAfterBackupRestoration (7ms)
Platform modules already initialized, skipping
========================================================================
Worker process is ready to serve import requests
Launched and connected shader compiler UnityShaderCompiler.exe after 0.10 seconds
Refreshing native plugins compatible for Editor in 2.12 ms, found 4 plugins.
Preloading 0 native plugins for Editor in 0.00 ms.
Unloading 4641 Unused Serialized files (Serialized files now loaded: 0)
Unloading 54 unused Assets / (128.3 KB). Loaded Objects now: 5100.
Memory consumption went from 174.5 MB to 174.4 MB.
Total: 8.536300 ms (FindLiveObjects: 0.454600 ms CreateObjectMapping: 0.209100 ms MarkObjects: 7.024300 ms  DeleteObjects: 0.846700 ms)

AssetImportParameters requested are different than current active one (requested -> active):
  custom:video-decoder-ogg-theora: a1e56fd34408186e4bbccfd4996cb3dc -> 
  custom:container-muxer-webm: aa71ff27fc2769a1b78a27578f13a17b -> 
  custom:container-demuxer-webm: 4f35f7cbe854078d1ac9338744f61a02 -> 
  custom:video-encoder-webm-vp8: eb34c28f22e8b96e1ab97ce403110664 -> 
  custom:audio-encoder-webm-vorbis: bf7c407c2cedff20999df2af8eb42d56 -> 
  custom:framework-win-MediaFoundation: 216162199b28c13a410421893ffa2e32 -> 
  custom:container-demuxer-ogg: 62fdf1f143b41e24485cea50d1cbac27 -> 
  custom:video-decoder-webm-vp8: 9c59270c3fd7afecdb556c50c9e8de78 -> 
  custom:audio-decoder-ogg-vorbis: bf7c407c2cedff20999df2af8eb42d56 -> 
========================================================================
Received Import Request.
  Time since last request: 21630.128202 seconds.
  path: Assets/Tiles/tail_6_square/3.png
  artifactKey: Guid(c0dbc7447429cd748a6a03b9b5ef167a) Importer(815301076,1909f56bfc062723c751e8b465ee728b)
Start importing Assets/Tiles/tail_6_square/3.png using Guid(c0dbc7447429cd748a6a03b9b5ef167a) Importer(815301076,1909f56bfc062723c751e8b465ee728b)  -> (artifact id: '6940551b7c366af26f01bc91bbccfba6') in 0.279025 seconds 
========================================================================
Received Import Request.
  Time since last request: 0.000053 seconds.
  path: Assets/Tiles/object/3.png
  artifactKey: Guid(ae70926034a6dec46ba6765b304d3b57) Importer(815301076,1909f56bfc062723c751e8b465ee728b)
Start importing Assets/Tiles/object/3.png using Guid(ae70926034a6dec46ba6765b304d3b57) Importer(815301076,1909f56bfc062723c751e8b465ee728b)  -> (artifact id: '474f60e7435adcf9988149b6de7ca78a') in 0.032376 seconds 
========================================================================
Received Import Request.
  Time since last request: 0.000063 seconds.
  path: Assets/Sprites/people-warrior-character/PNG/human/3/3_animation_attack_016.png
  artifactKey: Guid(74e1a9e2edf64e548a10e05c77576dba) Importer(815301076,1909f56bfc062723c751e8b465ee728b)
Start importing Assets/Sprites/people-warrior-character/PNG/human/3/3_animation_attack_016.png using Guid(74e1a9e2edf64e548a10e05c77576dba) Importer(815301076,1909f56bfc062723c751e8b465ee728b)  -> (artifact id: '37c224fcec156e805569cc1a941bd22a') in 0.040890 seconds 
========================================================================
Received Import Request.
  Time since last request: 0.000055 seconds.
  path: Assets/Sprites/tactical-strategy-game-tileset/PNG/tail_3/3.png
  artifactKey: Guid(e79ec386eb01298409a674d81b6a2324) Importer(815301076,1909f56bfc062723c751e8b465ee728b)
Start importing Assets/Sprites/tactical-strategy-game-tileset/PNG/tail_3/3.png using Guid(e79ec386eb01298409a674d81b6a2324) Importer(815301076,1909f56bfc062723c751e8b465ee728b)  -> (artifact id: '7fdaf6180b0881716ec5bb5a3d4d081f') in 0.034456 seconds 
========================================================================
Received Import Request.
  Time since last request: 0.000046 seconds.
  path: Assets/Sprites/2d-game-assets/PNG/tail_3_square/3.png
  artifactKey: Guid(40f4f023d5e78eb4bb7d183156b06196) Importer(815301076,1909f56bfc062723c751e8b465ee728b)
Start importing Assets/Sprites/2d-game-assets/PNG/tail_3_square/3.png using Guid(40f4f023d5e78eb4bb7d183156b06196) Importer(815301076,1909f56bfc062723c751e8b465ee728b)  -> (artifact id: '405a77a28f2af46b06d25deacdb19649') in 0.027221 seconds 
========================================================================
Received Import Request.
  Time since last request: 0.000034 seconds.
  path: Assets/Sprites/people-warrior-character/PNG/human/3/3_animation_attack_006.png
  artifactKey: Guid(bd9a860450c00e14db0216c55fe464de) Importer(815301076,1909f56bfc062723c751e8b465ee728b)
Start importing Assets/Sprites/people-warrior-character/PNG/human/3/3_animation_attack_006.png using Guid(bd9a860450c00e14db0216c55fe464de) Importer(815301076,1909f56bfc062723c751e8b465ee728b)  -> (artifact id: 'dd26c0f30836ecbbba11009b0a9976dc') in 0.031044 seconds 
========================================================================
Received Import Request.
  Time since last request: 0.000035 seconds.
  path: Assets/Sprites/tactical-strategy-game-tileset/PNG/tail_2_square/3.png
  artifactKey: Guid(30d2a6ba2a51baf4284dfe36086ffbf4) Importer(815301076,1909f56bfc062723c751e8b465ee728b)
Start importing Assets/Sprites/tactical-strategy-game-tileset/PNG/tail_2_square/3.png using Guid(30d2a6ba2a51baf4284dfe36086ffbf4) Importer(815301076,1909f56bfc062723c751e8b465ee728b)  -> (artifact id: '50c4ef3dce84f57009390197433bd0eb') in 0.029922 seconds 
========================================================================
Received Import Request.
  Time since last request: 0.299896 seconds.
  path: Assets/Sprites/people-warrior-character/PNG/human/3/3_animation_hurt_004.png
  artifactKey: Guid(2b09702afa6ba6e408e93ccfe7154c53) Importer(815301076,1909f56bfc062723c751e8b465ee728b)
Start importing Assets/Sprites/people-warrior-character/PNG/human/3/3_animation_hurt_004.png using Guid(2b09702afa6ba6e408e93ccfe7154c53) Importer(815301076,1909f56bfc062723c751e8b465ee728b)  -> (artifact id: '7bf16d537b6b450098bd09e908b66d7e') in 0.038127 seconds 
========================================================================
Received Import Request.
  Time since last request: 0.003298 seconds.
  path: Assets/Sprites/people-warrior-character/PNG/human/3/3_animation_hurt_006.png
  artifactKey: Guid(e4c6431b4adc5be41a514a8e2a99f008) Importer(815301076,1909f56bfc062723c751e8b465ee728b)
Start importing Assets/Sprites/people-warrior-character/PNG/human/3/3_animation_hurt_006.png using Guid(e4c6431b4adc5be41a514a8e2a99f008) Importer(815301076,1909f56bfc062723c751e8b465ee728b)  -> (artifact id: '0d67a101c7fa3545da8967386b876006') in 0.037290 seconds 
========================================================================
Received Import Request.
  Time since last request: 0.000058 seconds.
  path: Assets/Sprites/ndead-warrior-character/PNG/undead/3/3_animation_hurt_009.png
  artifactKey: Guid(8c1e1ad75df96914599f9874e7f695e2) Importer(815301076,1909f56bfc062723c751e8b465ee728b)
Start importing Assets/Sprites/ndead-warrior-character/PNG/undead/3/3_animation_hurt_009.png using Guid(8c1e1ad75df96914599f9874e7f695e2) Importer(815301076,1909f56bfc062723c751e8b465ee728b)  -> (artifact id: '6dc071974d664c06d3af389012785534') in 0.042339 seconds 
========================================================================
Received Import Request.
  Time since last request: 0.000045 seconds.
  path: Assets/Sprites/ndead-warrior-character/PNG/undead/3/3_animation_hurt_012.png
  artifactKey: Guid(8565f06f55eb78448ad1ae232f4b0b7e) Importer(815301076,1909f56bfc062723c751e8b465ee728b)
Start importing Assets/Sprites/ndead-warrior-character/PNG/undead/3/3_animation_hurt_012.png using Guid(8565f06f55eb78448ad1ae232f4b0b7e) Importer(815301076,1909f56bfc062723c751e8b465ee728b)  -> (artifact id: 'd866385e5b1323122e63725fe6932d3e') in 0.032003 seconds 
========================================================================
Received Import Request.
  Time since last request: 0.000075 seconds.
  path: Assets/Sprites/ndead-warrior-character/PNG/undead/3/3_animation_hurt_013.png
  artifactKey: Guid(d5bde746c283f4d449a59b878d9c112a) Importer(815301076,1909f56bfc062723c751e8b465ee728b)
Start importing Assets/Sprites/ndead-warrior-character/PNG/undead/3/3_animation_hurt_013.png using Guid(d5bde746c283f4d449a59b878d9c112a) Importer(815301076,1909f56bfc062723c751e8b465ee728b)  -> (artifact id: 'fb6f502629c6f049ebdf0ec871f8b10d') in 0.036597 seconds 
========================================================================
Received Import Request.
  Time since last request: 0.000054 seconds.
  path: Assets/Sprites/people-warrior-character/PNG/human/3/3_animation_hurt_016.png
  artifactKey: Guid(b30660fa9f50c3d408b1f9330e7fdcfa) Importer(815301076,1909f56bfc062723c751e8b465ee728b)
Start importing Assets/Sprites/people-warrior-character/PNG/human/3/3_animation_hurt_016.png using Guid(b30660fa9f50c3d408b1f9330e7fdcfa) Importer(815301076,1909f56bfc062723c751e8b465ee728b)  -> (artifact id: 'd230e2aba1e7a3bca0d7c88ac45c51ae') in 0.032456 seconds 
========================================================================
Received Import Request.
  Time since last request: 0.001850 seconds.
  path: Assets/Sprites/ndead-warrior-character/PNG/undead/3/3_animation_hurt_019.png
  artifactKey: Guid(49e22acfae9ace54ca84a5fdb12c8ebb) Importer(815301076,1909f56bfc062723c751e8b465ee728b)
Start importing Assets/Sprites/ndead-warrior-character/PNG/undead/3/3_animation_hurt_019.png using Guid(49e22acfae9ace54ca84a5fdb12c8ebb) Importer(815301076,1909f56bfc062723c751e8b465ee728b)  -> (artifact id: 'b68d9cf1b833da9e93b1348738bd63c9') in 0.030003 seconds 
========================================================================
Received Import Request.
  Time since last request: 0.372961 seconds.
  path: Assets/Sprites/ndead-warrior-character/PNG/undead/3/3_animation_idle_001.png
  artifactKey: Guid(640ee22ee74d45c409ce5288df186c30) Importer(815301076,1909f56bfc062723c751e8b465ee728b)
Start importing Assets/Sprites/ndead-warrior-character/PNG/undead/3/3_animation_idle_001.png using Guid(640ee22ee74d45c409ce5288df186c30) Importer(815301076,1909f56bfc062723c751e8b465ee728b)  -> (artifact id: 'd9244c00923d33cf309f9534dcca7683') in 0.052070 seconds 
========================================================================
Received Import Request.
  Time since last request: 0.000053 seconds.
  path: Assets/Sprites/people-warrior-character/PNG/human/3/3_animation_idle_006.png
  artifactKey: Guid(47469b14ed8a60b4fb34a0ce8e58ae96) Importer(815301076,1909f56bfc062723c751e8b465ee728b)
Start importing Assets/Sprites/people-warrior-character/PNG/human/3/3_animation_idle_006.png using Guid(47469b14ed8a60b4fb34a0ce8e58ae96) Importer(815301076,1909f56bfc062723c751e8b465ee728b)  -> (artifact id: '9095a2301d9c284f32865aee4dbeaf31') in 0.042472 seconds 
========================================================================
Received Import Request.
  Time since last request: 0.000044 seconds.
  path: Assets/Sprites/ndead-warrior-character/PNG/undead/3/3_animation_idle_017.png
  artifactKey: Guid(8cd36504a0ce0d742bd48e4e30540ebf) Importer(815301076,1909f56bfc062723c751e8b465ee728b)
Start importing Assets/Sprites/ndead-warrior-character/PNG/undead/3/3_animation_idle_017.png using Guid(8cd36504a0ce0d742bd48e4e30540ebf) Importer(815301076,1909f56bfc062723c751e8b465ee728b)  -> (artifact id: '968302073ec523559915049c67db5354') in 0.037640 seconds 
========================================================================
Received Import Request.
  Time since last request: 0.000056 seconds.
  path: Assets/Sprites/ndead-warrior-character/PNG/undead/4/4_animation_attack_003.png
  artifactKey: Guid(5b41102ec6802a04e9ed3721b61ab03c) Importer(815301076,1909f56bfc062723c751e8b465ee728b)
Start importing Assets/Sprites/ndead-warrior-character/PNG/undead/4/4_animation_attack_003.png using Guid(5b41102ec6802a04e9ed3721b61ab03c) Importer(815301076,1909f56bfc062723c751e8b465ee728b)  -> (artifact id: '0c198352c098144c5774482040e0e7ab') in 0.039359 seconds 
========================================================================
Received Import Request.
  Time since last request: 0.000073 seconds.
  path: Assets/Sprites/ndead-warrior-character/PNG/undead/5/5_animation_walk_013.png
  artifactKey: Guid(fa594beb950d5f64a8597297f351cafa) Importer(815301076,1909f56bfc062723c751e8b465ee728b)
Start importing Assets/Sprites/ndead-warrior-character/PNG/undead/5/5_animation_walk_013.png using Guid(fa594beb950d5f64a8597297f351cafa) Importer(815301076,1909f56bfc062723c751e8b465ee728b)  -> (artifact id: '65b0ad705f53c8cb4f2804246b3c03f7') in 0.052037 seconds 
========================================================================
Received Import Request.
  Time since last request: 0.000048 seconds.
  path: Assets/Sprites/ndead-warrior-character/PNG/undead/6/6_animation_hurt_013.png
  artifactKey: Guid(5a0e6ad2224502342bc740e7de12822e) Importer(815301076,1909f56bfc062723c751e8b465ee728b)
Start importing Assets/Sprites/ndead-warrior-character/PNG/undead/6/6_animation_hurt_013.png using Guid(5a0e6ad2224502342bc740e7de12822e) Importer(815301076,1909f56bfc062723c751e8b465ee728b)  -> (artifact id: '511aaab2e1950169604483a6a54d6982') in 0.045536 seconds 
========================================================================
Received Import Request.
  Time since last request: 0.000037 seconds.
  path: Assets/Tiles/tail_2_square/13.png
  artifactKey: Guid(beeb67506ce3fc54a801c0c2471d28bf) Importer(815301076,1909f56bfc062723c751e8b465ee728b)
Start importing Assets/Tiles/tail_2_square/13.png using Guid(beeb67506ce3fc54a801c0c2471d28bf) Importer(815301076,1909f56bfc062723c751e8b465ee728b)  -> (artifact id: '5a2540cc3f9ef758cd51f441c217096c') in 0.024057 seconds 
========================================================================
Received Import Request.
  Time since last request: 0.000052 seconds.
  path: Assets/Sprites/2d-game-assets/PNG/main/13.png
  artifactKey: Guid(5c518102e3d03e34d8cf60a97466dee9) Importer(815301076,1909f56bfc062723c751e8b465ee728b)
Start importing Assets/Sprites/2d-game-assets/PNG/main/13.png using Guid(5c518102e3d03e34d8cf60a97466dee9) Importer(815301076,1909f56bfc062723c751e8b465ee728b)  -> (artifact id: 'b71a0c055cc74c2c1c14b43bee9f23fc') in 0.021874 seconds 
========================================================================
Received Import Request.
  Time since last request: 0.000103 seconds.
  path: Assets/Sprites/2d-game-assets/PNG/tail_3/13.png
  artifactKey: Guid(8a008b1f9e8ea7f48aaabb9e44eaef40) Importer(815301076,1909f56bfc062723c751e8b465ee728b)
Start importing Assets/Sprites/2d-game-assets/PNG/tail_3/13.png using Guid(8a008b1f9e8ea7f48aaabb9e44eaef40) Importer(815301076,1909f56bfc062723c751e8b465ee728b)  -> (artifact id: 'a7a41c20a07d02a6b215289c5194b88c') in 0.023307 seconds 
========================================================================
Received Import Request.
  Time since last request: 0.000029 seconds.
  path: Assets/Sprites/people-warrior-character/PNG/human/3/3_animation_idle_017.png
  artifactKey: Guid(9ae29f05164c7fc4f82ebfe4a2cf5e0d) Importer(815301076,1909f56bfc062723c751e8b465ee728b)
Start importing Assets/Sprites/people-warrior-character/PNG/human/3/3_animation_idle_017.png using Guid(9ae29f05164c7fc4f82ebfe4a2cf5e0d) Importer(815301076,1909f56bfc062723c751e8b465ee728b)  -> (artifact id: 'e76abaed10e9d38f14b4d0b401f2814d') in 0.029336 seconds 
========================================================================
Received Import Request.
  Time since last request: 0.000032 seconds.
  path: Assets/Sprites/game-ui/PNG/achievement/s_window3.png
  artifactKey: Guid(c5c98148e0d14f143b1c77e0a03d473b) Importer(815301076,1909f56bfc062723c751e8b465ee728b)
Start importing Assets/Sprites/game-ui/PNG/achievement/s_window3.png using Guid(c5c98148e0d14f143b1c77e0a03d473b) Importer(815301076,1909f56bfc062723c751e8b465ee728b)  -> (artifact id: '7d582627ffe9936fd68ac63b31a0ca21') in 0.019362 seconds 
========================================================================
Received Import Request.
  Time since last request: 0.000027 seconds.
  path: Assets/Sprites/ndead-warrior-character/PNG/undead/4/4_animation_attack_013.png
  artifactKey: Guid(0eb8f39eaf4beae4ab565877d0400669) Importer(815301076,1909f56bfc062723c751e8b465ee728b)
Start importing Assets/Sprites/ndead-warrior-character/PNG/undead/4/4_animation_attack_013.png using Guid(0eb8f39eaf4beae4ab565877d0400669) Importer(815301076,1909f56bfc062723c751e8b465ee728b)  -> (artifact id: 'a791de805940fe22096ee36344ffb38e') in 0.028659 seconds 
========================================================================
Received Import Request.
  Time since last request: 0.000031 seconds.
  path: Assets/Sprites/ndead-warrior-character/PNG/undead/3/3_animation_walk_013.png
  artifactKey: Guid(61eedaf528f22b1448383ff95717015a) Importer(815301076,1909f56bfc062723c751e8b465ee728b)
Start importing Assets/Sprites/ndead-warrior-character/PNG/undead/3/3_animation_walk_013.png using Guid(61eedaf528f22b1448383ff95717015a) Importer(815301076,1909f56bfc062723c751e8b465ee728b)  -> (artifact id: '82f36446faa152122551bd70c59284a2') in 0.029339 seconds 
========================================================================
Received Import Request.
  Time since last request: 0.000029 seconds.
  path: Assets/Sprites/people-warrior-character/PNG/human/3/3_animation_walk_013.png
  artifactKey: Guid(651ff07ee85080c4587863f5622427e0) Importer(815301076,1909f56bfc062723c751e8b465ee728b)
Start importing Assets/Sprites/people-warrior-character/PNG/human/3/3_animation_walk_013.png using Guid(651ff07ee85080c4587863f5622427e0) Importer(815301076,1909f56bfc062723c751e8b465ee728b)  -> (artifact id: '4fb225eef3339e05e4a503cbeef9d257') in 0.027081 seconds 
========================================================================
Received Import Request.
  Time since last request: 0.000037 seconds.
  path: Assets/Sprites/ndead-warrior-character/PNG/undead/effect/8_animation_blood_003.png
  artifactKey: Guid(7d38b159e31d9bd40bb6125f7caff588) Importer(815301076,1909f56bfc062723c751e8b465ee728b)
Start importing Assets/Sprites/ndead-warrior-character/PNG/undead/effect/8_animation_blood_003.png using Guid(7d38b159e31d9bd40bb6125f7caff588) Importer(815301076,1909f56bfc062723c751e8b465ee728b)  -> (artifact id: 'dd118a636ca3364e1f7c36fffa96d9d9') in 0.034153 seconds 
========================================================================
Received Import Request.
  Time since last request: 0.000056 seconds.
  path: Assets/Sprites/game-ui/PNG/load_bar/load_bar_3.png
  artifactKey: Guid(056a93ee51a826946b71940b65113bef) Importer(815301076,1909f56bfc062723c751e8b465ee728b)
Start importing Assets/Sprites/game-ui/PNG/load_bar/load_bar_3.png using Guid(056a93ee51a826946b71940b65113bef) Importer(815301076,1909f56bfc062723c751e8b465ee728b)  -> (artifact id: '4af3fde722650a4a656e6669a98c65e9') in 0.022183 seconds 
========================================================================
Received Import Request.
  Time since last request: 0.000062 seconds.
  path: Assets/Sprites/game-ui/PNG/empty_table/table_3.png
  artifactKey: Guid(c43cf46b87d12374684e6a2405119921) Importer(815301076,1909f56bfc062723c751e8b465ee728b)
Start importing Assets/Sprites/game-ui/PNG/empty_table/table_3.png using Guid(c43cf46b87d12374684e6a2405119921) Importer(815301076,1909f56bfc062723c751e8b465ee728b)  -> (artifact id: '106144e632664a12b6d02c1c2378fd68') in 0.037834 seconds 
========================================================================
Received Import Request.
  Time since last request: 0.000049 seconds.
  path: Assets/Tiles/tail_6_square/13.png
  artifactKey: Guid(ad24b54f1845e7849b682b373aa60a95) Importer(815301076,1909f56bfc062723c751e8b465ee728b)
Start importing Assets/Tiles/tail_6_square/13.png using Guid(ad24b54f1845e7849b682b373aa60a95) Importer(815301076,1909f56bfc062723c751e8b465ee728b)  -> (artifact id: '78c428461aacfd257e2bbb7619e883ac') in 0.031336 seconds 
========================================================================
Received Import Request.
  Time since last request: 0.000058 seconds.
  path: Assets/Sprites/game-ui/PNG/win/star_3.png
  artifactKey: Guid(98d00be070fa6c54d9920dc0c877195b) Importer(815301076,1909f56bfc062723c751e8b465ee728b)
Start importing Assets/Sprites/game-ui/PNG/win/star_3.png using Guid(98d00be070fa6c54d9920dc0c877195b) Importer(815301076,1909f56bfc062723c751e8b465ee728b)  -> (artifact id: 'dea798af3df8a32727d2f895b2fc37ff') in 0.028861 seconds 
========================================================================
Received Import Request.
  Time since last request: 0.000026 seconds.
  path: Assets/Sprites/ndead-warrior-character/PNG/undead/3/3_animation_walk_007.png
  artifactKey: Guid(3464aa64c6af7294a92c0054127a5a01) Importer(815301076,1909f56bfc062723c751e8b465ee728b)
Start importing Assets/Sprites/ndead-warrior-character/PNG/undead/3/3_animation_walk_007.png using Guid(3464aa64c6af7294a92c0054127a5a01) Importer(815301076,1909f56bfc062723c751e8b465ee728b)  -> (artifact id: '9a7ba4ca8758750c32f0491ac6d709cb') in 0.028716 seconds 
========================================================================
Received Import Request.
  Time since last request: 0.000036 seconds.
  path: Assets/Sprites/ndead-warrior-character/PNG/undead/6/6_animation_idle_003.png
  artifactKey: Guid(7c7fb8bb7def92c47bb94bf846adc130) Importer(815301076,1909f56bfc062723c751e8b465ee728b)
Start importing Assets/Sprites/ndead-warrior-character/PNG/undead/6/6_animation_idle_003.png using Guid(7c7fb8bb7def92c47bb94bf846adc130) Importer(815301076,1909f56bfc062723c751e8b465ee728b)  -> (artifact id: '4905df99acec330dc72897092a4cfdfe') in 0.032778 seconds 
========================================================================
Received Import Request.
  Time since last request: 0.000036 seconds.
  path: Assets/Sprites/people-warrior-character/PNG/human/3/3_animation_idle_016.png
  artifactKey: Guid(adbbd5e8d7b08e54cb23067de8cf93cc) Importer(815301076,1909f56bfc062723c751e8b465ee728b)
Start importing Assets/Sprites/people-warrior-character/PNG/human/3/3_animation_idle_016.png using Guid(adbbd5e8d7b08e54cb23067de8cf93cc) Importer(815301076,1909f56bfc062723c751e8b465ee728b)  -> (artifact id: '3c96473b58c000e2e34158209974c340') in 0.026031 seconds 
========================================================================
Received Import Request.
  Time since last request: 0.000034 seconds.
  path: Assets/Sprites/people-warrior-character/PNG/human/7/7_animation_hurt_003.png
  artifactKey: Guid(a6f436224424f164db0e437594cabc43) Importer(815301076,1909f56bfc062723c751e8b465ee728b)
Start importing Assets/Sprites/people-warrior-character/PNG/human/7/7_animation_hurt_003.png using Guid(a6f436224424f164db0e437594cabc43) Importer(815301076,1909f56bfc062723c751e8b465ee728b)  -> (artifact id: 'ea92514da00bac1f2c505f0324d53357') in 0.105852 seconds 
========================================================================
Received Import Request.
  Time since last request: 0.000028 seconds.
  path: Assets/Sprites/people-warrior-character/PNG/human/3/3_animation_idle_002.png
  artifactKey: Guid(28bc371d22493544983ad05f6a762c7d) Importer(815301076,1909f56bfc062723c751e8b465ee728b)
Start importing Assets/Sprites/people-warrior-character/PNG/human/3/3_animation_idle_002.png using Guid(28bc371d22493544983ad05f6a762c7d) Importer(815301076,1909f56bfc062723c751e8b465ee728b)  -> (artifact id: '44c09b6d91d363c361136b36964b5fb8') in 0.026129 seconds 
========================================================================
Received Import Request.
  Time since last request: 0.470988 seconds.
  path: Assets/Tiles/tail_5_square/13.png
  artifactKey: Guid(b99877db89e785441b99939df5914d44) Importer(815301076,1909f56bfc062723c751e8b465ee728b)
Start importing Assets/Tiles/tail_5_square/13.png using Guid(b99877db89e785441b99939df5914d44) Importer(815301076,1909f56bfc062723c751e8b465ee728b)  -> (artifact id: '23e35f505f52fde2bb29d4bf05cadd4b') in 0.040021 seconds 
========================================================================
Received Import Request.
  Time since last request: 3.813479 seconds.
  path: Assets/Sprites/ndead-warrior-character/PNG/undead/6/6_animation_walk_013.png
  artifactKey: Guid(85664fd79f4afa14f86b1710210a1485) Importer(815301076,1909f56bfc062723c751e8b465ee728b)
Start importing Assets/Sprites/ndead-warrior-character/PNG/undead/6/6_animation_walk_013.png using Guid(85664fd79f4afa14f86b1710210a1485) Importer(815301076,1909f56bfc062723c751e8b465ee728b)  -> (artifact id: '547e1cea64ab73693797f9f468cae67c') in 0.050164 seconds 
========================================================================
Received Import Request.
  Time since last request: 0.000041 seconds.
  path: Assets/Sprites/ndead-warrior-character/PNG/undead/6/6_animation_attack_003.png
  artifactKey: Guid(463386e50254d334ca865bfcac116472) Importer(815301076,1909f56bfc062723c751e8b465ee728b)
Start importing Assets/Sprites/ndead-warrior-character/PNG/undead/6/6_animation_attack_003.png using Guid(463386e50254d334ca865bfcac116472) Importer(815301076,1909f56bfc062723c751e8b465ee728b)  -> (artifact id: '4c7d0a13ede3c341d6af3c4ac71c00e7') in 0.042492 seconds 
========================================================================
Received Import Request.
  Time since last request: 0.627712 seconds.
  path: Assets/Sprites/people-warrior-character/PNG/human/4/4_animation_idle_013.png
  artifactKey: Guid(f28c66aee33df584b82f3d923c585438) Importer(815301076,1909f56bfc062723c751e8b465ee728b)
Start importing Assets/Sprites/people-warrior-character/PNG/human/4/4_animation_idle_013.png using Guid(f28c66aee33df584b82f3d923c585438) Importer(815301076,1909f56bfc062723c751e8b465ee728b)  -> (artifact id: '40318275db5e810a55e5d6bd216a3cea') in 0.045095 seconds 
========================================================================
Received Import Request.
  Time since last request: 0.000053 seconds.
  path: Assets/Sprites/people-warrior-character/PNG/human/4/4_animation_idle_003.png
  artifactKey: Guid(21ff3d5a865fce14380bd6f053ef8f9e) Importer(815301076,1909f56bfc062723c751e8b465ee728b)
Start importing Assets/Sprites/people-warrior-character/PNG/human/4/4_animation_idle_003.png using Guid(21ff3d5a865fce14380bd6f053ef8f9e) Importer(815301076,1909f56bfc062723c751e8b465ee728b)  -> (artifact id: 'c304060ab9bc738768b1c7aaf70a775a') in 0.034836 seconds 
========================================================================
Received Import Request.
  Time since last request: 0.515247 seconds.
  path: Assets/Sprites/people-warrior-character/PNG/human/3/3_animation_walk_016.png
  artifactKey: Guid(63efa511ddb127f46bafcadc0c87cf19) Importer(815301076,1909f56bfc062723c751e8b465ee728b)
Start importing Assets/Sprites/people-warrior-character/PNG/human/3/3_animation_walk_016.png using Guid(63efa511ddb127f46bafcadc0c87cf19) Importer(815301076,1909f56bfc062723c751e8b465ee728b)  -> (artifact id: '4cdd8e595be1d4a62280d77d220f858d') in 0.056562 seconds 
========================================================================
Received Import Request.
  Time since last request: 0.000042 seconds.
  path: Assets/Sprites/ndead-warrior-character/PNG/undead/3/3_animation_walk_017.png
  artifactKey: Guid(599c0f6de5394b84ca07d136604e488d) Importer(815301076,1909f56bfc062723c751e8b465ee728b)
Start importing Assets/Sprites/ndead-warrior-character/PNG/undead/3/3_animation_walk_017.png using Guid(599c0f6de5394b84ca07d136604e488d) Importer(815301076,1909f56bfc062723c751e8b465ee728b)  -> (artifact id: '64ba89bd45da3c9aae5633dc67bf3732') in 0.040006 seconds 
========================================================================
Received Import Request.
  Time since last request: 0.000046 seconds.
  path: Assets/Sprites/people-warrior-character/PNG/human/3/3_animation_walk_008.png
  artifactKey: Guid(afa0aa2e21872c047b5fb736af917944) Importer(815301076,1909f56bfc062723c751e8b465ee728b)
Start importing Assets/Sprites/people-warrior-character/PNG/human/3/3_animation_walk_008.png using Guid(afa0aa2e21872c047b5fb736af917944) Importer(815301076,1909f56bfc062723c751e8b465ee728b)  -> (artifact id: '316ccaa32299720b2ed849e8e81dddd0') in 0.040412 seconds 
========================================================================
Received Import Request.
  Time since last request: 0.000051 seconds.
  path: Assets/Sprites/people-warrior-character/PNG/human/3/3_animation_walk_012.png
  artifactKey: Guid(fce28ca2dd77fed41ae9c2a6d24da678) Importer(815301076,1909f56bfc062723c751e8b465ee728b)
Start importing Assets/Sprites/people-warrior-character/PNG/human/3/3_animation_walk_012.png using Guid(fce28ca2dd77fed41ae9c2a6d24da678) Importer(815301076,1909f56bfc062723c751e8b465ee728b)  -> (artifact id: 'a6d0ecea6c898a9dd33148c3fc6a89c9') in 0.032171 seconds 
========================================================================
Received Import Request.
  Time since last request: 0.351949 seconds.
  path: Assets/Sprites/people-warrior-character/PNG/human/3/3_animation_walk_004.png
  artifactKey: Guid(4d0a69a14819a2b4d913ead9ca8b3163) Importer(815301076,1909f56bfc062723c751e8b465ee728b)
Start importing Assets/Sprites/people-warrior-character/PNG/human/3/3_animation_walk_004.png using Guid(4d0a69a14819a2b4d913ead9ca8b3163) Importer(815301076,1909f56bfc062723c751e8b465ee728b)  -> (artifact id: '4030ca046b770eefffa18a5168664555') in 0.070967 seconds 
========================================================================
Received Import Request.
  Time since last request: 0.000069 seconds.
  path: Assets/Sprites/ndead-warrior-character/PNG/undead/3/3_animation_walk_000.png
  artifactKey: Guid(1fdde8ee2e415dd4aaae573bd9360db9) Importer(815301076,1909f56bfc062723c751e8b465ee728b)
Start importing Assets/Sprites/ndead-warrior-character/PNG/undead/3/3_animation_walk_000.png using Guid(1fdde8ee2e415dd4aaae573bd9360db9) Importer(815301076,1909f56bfc062723c751e8b465ee728b)  -> (artifact id: '91642cb9ba5a579bfec899c0e8c13b83') in 0.038926 seconds 
========================================================================
Received Import Request.
  Time since last request: 0.000068 seconds.
  path: Assets/Sprites/ndead-warrior-character/PNG/undead/3/3_animation_walk_001.png
  artifactKey: Guid(73793c65604c5454fb651bb43812bdb2) Importer(815301076,1909f56bfc062723c751e8b465ee728b)
Start importing Assets/Sprites/ndead-warrior-character/PNG/undead/3/3_animation_walk_001.png using Guid(73793c65604c5454fb651bb43812bdb2) Importer(815301076,1909f56bfc062723c751e8b465ee728b)  -> (artifact id: '56cc8c0004edf8d300b64684843e185f') in 0.041168 seconds 
Editor requested this worker to shutdown with reason: Scaling down because of idle timeout
AssetImportWorker is now disconnected from the server
Process exiting
Exiting without the bug reporter. Application will terminate with return code 0