Using pre-set license
Built from '2021.3/staging' branch; Version is '2021.3.9f1 (ad3870b89536) revision 11352176'; Using compiler version '192829333'; Build Type 'Release'
OS: 'Windows 10  (10.0.19044) 64bit Professional' Language: 'ru' Physical Memory: 7561 MB
BatchMode: 1, IsHumanControllingUs: 0, StartBugReporterOnCrash: 0, Is64bit: 1, IsPro: 1

COMMAND LINE ARGUMENTS:
D:\games\Unity\Unity Files (Dont Touch)\2021.3.9f1\Editor\Unity.exe
-adb2
-batchMode
-noUpm
-name
AssetImportWorker16
-projectPath
D:/games/WS GAME/RPG-WS/qwerty
-logFile
Logs/AssetImportWorker16.log
-srvPort
63621
Successfully changed project path to: D:/games/WS GAME/RPG-WS/qwerty
D:/games/WS GAME/RPG-WS/qwerty
[UnityMemory] Configuration Parameters - Can be set up in boot.config
    "memorysetup-bucket-allocator-granularity=16"
    "memorysetup-bucket-allocator-bucket-count=8"
    "memorysetup-bucket-allocator-block-size=33554432"
    "memorysetup-bucket-allocator-block-count=8"
    "memorysetup-main-allocator-block-size=16777216"
    "memorysetup-thread-allocator-block-size=16777216"
    "memorysetup-gfx-main-allocator-block-size=16777216"
    "memorysetup-gfx-thread-allocator-block-size=16777216"
    "memorysetup-cache-allocator-block-size=4194304"
    "memorysetup-typetree-allocator-block-size=2097152"
    "memorysetup-profiler-bucket-allocator-granularity=16"
    "memorysetup-profiler-bucket-allocator-bucket-count=8"
    "memorysetup-profiler-bucket-allocator-block-size=33554432"
    "memorysetup-profiler-bucket-allocator-block-count=8"
    "memorysetup-profiler-allocator-block-size=16777216"
    "memorysetup-profiler-editor-allocator-block-size=1048576"
    "memorysetup-temp-allocator-size-main=16777216"
    "memorysetup-job-temp-allocator-block-size=2097152"
    "memorysetup-job-temp-allocator-block-size-background=1048576"
    "memorysetup-job-temp-allocator-reduction-small-platforms=262144"
    "memorysetup-temp-allocator-size-background-worker=32768"
    "memorysetup-temp-allocator-size-job-worker=262144"
    "memorysetup-temp-allocator-size-preload-manager=33554432"
    "memorysetup-temp-allocator-size-nav-mesh-worker=65536"
    "memorysetup-temp-allocator-size-audio-worker=65536"
    "memorysetup-temp-allocator-size-cloud-worker=32768"
    "memorysetup-temp-allocator-size-gi-baking-worker=262144"
    "memorysetup-temp-allocator-size-gfx=262144"
Refreshing native plugins compatible for Editor in 196.61 ms, found 4 plugins.
Preloading 0 native plugins for Editor in 0.00 ms.
Initialize engine version: 2021.3.9f1 (ad3870b89536)
[Subsystems] Discovering subsystems at path D:/games/Unity/Unity Files (Dont Touch)/2021.3.9f1/Editor/Data/Resources/UnitySubsystems
[Subsystems] Discovering subsystems at path D:/games/WS GAME/RPG-WS/qwerty/Assets
GfxDevice: creating device client; threaded=0; jobified=0
Direct3D:
    Version:  Direct3D 11.0 [level 11.1]
    Renderer: AMD Radeon (TM) Graphics (ID=0x15e7)
    Vendor:   ATI
    VRAM:     3780 MB
    Driver:   31.0.12018.5
Initialize mono
Mono path[0] = 'D:/games/Unity/Unity Files (Dont Touch)/2021.3.9f1/Editor/Data/Managed'
Mono path[1] = 'D:/games/Unity/Unity Files (Dont Touch)/2021.3.9f1/Editor/Data/MonoBleedingEdge/lib/mono/unityjit-win32'
Mono config path = 'D:/games/Unity/Unity Files (Dont Touch)/2021.3.9f1/Editor/Data/MonoBleedingEdge/etc'
Using monoOptions --debugger-agent=transport=dt_socket,embedding=1,server=y,suspend=n,address=127.0.0.1:56108
Begin MonoManager ReloadAssembly
Registering precompiled unity dll's ...
Register platform support module: D:/games/Unity/Unity Files (Dont Touch)/2021.3.9f1/Editor/Data/PlaybackEngines/WebGLSupport/UnityEditor.WebGL.Extensions.dll
Register platform support module: D:/games/Unity/Unity Files (Dont Touch)/2021.3.9f1/Editor/Data/PlaybackEngines/AndroidPlayer/UnityEditor.Android.Extensions.dll
Register platform support module: D:/games/Unity/Unity Files (Dont Touch)/2021.3.9f1/Editor/Data/PlaybackEngines/WindowsStandaloneSupport/UnityEditor.WindowsStandalone.Extensions.dll
Registered in 0.006582 seconds.
Native extension for WindowsStandalone target not found
Native extension for Android target not found
Native extension for WebGL target not found
Refreshing native plugins compatible for Editor in 183.96 ms, found 4 plugins.
Preloading 0 native plugins for Editor in 0.00 ms.
Mono: successfully reloaded assembly
- Completed reload, in  1.085 seconds
Domain Reload Profiling:
	ReloadAssembly (1086ms)
		BeginReloadAssembly (136ms)
			ExecutionOrderSort (0ms)
			DisableScriptedObjects (0ms)
			BackupInstance (0ms)
			ReleaseScriptingObjects (0ms)
			CreateAndSetChildDomain (1ms)
		EndReloadAssembly (759ms)
			LoadAssemblies (137ms)
			RebuildTransferFunctionScriptingTraits (0ms)
			SetupTypeCache (162ms)
			ReleaseScriptCaches (0ms)
			RebuildScriptCaches (45ms)
			SetupLoadedEditorAssemblies (471ms)
				LogAssemblyErrors (0ms)
				InitializePlatformSupportModulesInManaged (71ms)
				SetLoadedEditorAssemblies (0ms)
				RefreshPlugins (184ms)
				BeforeProcessingInitializeOnLoad (2ms)
				ProcessInitializeOnLoadAttributes (145ms)
				ProcessInitializeOnLoadMethodAttributes (70ms)
				AfterProcessingInitializeOnLoad (0ms)
				EditorAssembliesLoaded (0ms)
			ExecutionOrderSort2 (0ms)
			AwakeInstancesAfterBackupRestoration (0ms)
Platform modules already initialized, skipping
Registering precompiled user dll's ...
Registered in 0.008702 seconds.
Begin MonoManager ReloadAssembly
Symbol file LoadedFromMemory doesn't match image D:\games\WS GAME\RPG-WS\qwerty\Library\PackageCache\com.unity.visualscripting@1.7.8\Editor\VisualScripting.Core\Dependencies\YamlDotNet\Unity.VisualScripting.YamlDotNet.dll
Symbol file LoadedFromMemory doesn't match image D:\games\WS GAME\RPG-WS\qwerty\Library\PackageCache\com.unity.visualscripting@1.7.8\Editor\VisualScripting.Core\Dependencies\DotNetZip\Unity.VisualScripting.IonicZip.dll
Native extension for WindowsStandalone target not found
Native extension for Android target not found
Native extension for WebGL target not found
Refreshing native plugins compatible for Editor in 187.27 ms, found 4 plugins.
Preloading 0 native plugins for Editor in 0.00 ms.
Mono: successfully reloaded assembly
- Completed reload, in  1.893 seconds
Domain Reload Profiling:
	ReloadAssembly (1894ms)
		BeginReloadAssembly (138ms)
			ExecutionOrderSort (0ms)
			DisableScriptedObjects (9ms)
			BackupInstance (0ms)
			ReleaseScriptingObjects (0ms)
			CreateAndSetChildDomain (28ms)
		EndReloadAssembly (1590ms)
			LoadAssemblies (99ms)
			RebuildTransferFunctionScriptingTraits (0ms)
			SetupTypeCache (368ms)
			ReleaseScriptCaches (1ms)
			RebuildScriptCaches (99ms)
			SetupLoadedEditorAssemblies (941ms)
				LogAssemblyErrors (0ms)
				InitializePlatformSupportModulesInManaged (18ms)
				SetLoadedEditorAssemblies (0ms)
				RefreshPlugins (187ms)
				BeforeProcessingInitializeOnLoad (145ms)
				ProcessInitializeOnLoadAttributes (512ms)
				ProcessInitializeOnLoadMethodAttributes (74ms)
				AfterProcessingInitializeOnLoad (4ms)
				EditorAssembliesLoaded (0ms)
			ExecutionOrderSort2 (0ms)
			AwakeInstancesAfterBackupRestoration (7ms)
Platform modules already initialized, skipping
========================================================================
Worker process is ready to serve import requests
Launched and connected shader compiler UnityShaderCompiler.exe after 0.06 seconds
Refreshing native plugins compatible for Editor in 2.31 ms, found 4 plugins.
Preloading 0 native plugins for Editor in 0.00 ms.
Unloading 4655 Unused Serialized files (Serialized files now loaded: 0)
Unloading 54 unused Assets / (128.3 KB). Loaded Objects now: 5114.
Memory consumption went from 175.0 MB to 174.9 MB.
Total: 4.702400 ms (FindLiveObjects: 0.411100 ms CreateObjectMapping: 0.208600 ms MarkObjects: 3.948700 ms  DeleteObjects: 0.132800 ms)

AssetImportParameters requested are different than current active one (requested -> active):
  custom:video-decoder-ogg-theora: a1e56fd34408186e4bbccfd4996cb3dc -> 
  custom:container-muxer-webm: aa71ff27fc2769a1b78a27578f13a17b -> 
  custom:container-demuxer-webm: 4f35f7cbe854078d1ac9338744f61a02 -> 
  custom:video-encoder-webm-vp8: eb34c28f22e8b96e1ab97ce403110664 -> 
  custom:audio-encoder-webm-vorbis: bf7c407c2cedff20999df2af8eb42d56 -> 
  custom:framework-win-MediaFoundation: 216162199b28c13a410421893ffa2e32 -> 
  custom:container-demuxer-ogg: 62fdf1f143b41e24485cea50d1cbac27 -> 
  custom:video-decoder-webm-vp8: 9c59270c3fd7afecdb556c50c9e8de78 -> 
  custom:audio-decoder-ogg-vorbis: bf7c407c2cedff20999df2af8eb42d56 -> 
========================================================================
Received Import Request.
  Time since last request: 27165.128910 seconds.
  path: Assets/Enemies/Zombie/Hurt/2_animation_hurt_003.png
  artifactKey: Guid(ca9daf990144d5a4ab955a128241a33f) Importer(815301076,1909f56bfc062723c751e8b465ee728b)
Start importing Assets/Enemies/Zombie/Hurt/2_animation_hurt_003.png using Guid(ca9daf990144d5a4ab955a128241a33f) Importer(815301076,1909f56bfc062723c751e8b465ee728b)  -> (artifact id: 'b1a4db0bbd08a98b1a52cf48c8d23f0c') in 0.250597 seconds 
========================================================================
Received Import Request.
  Time since last request: 1.476680 seconds.
  path: Assets/Enemies/Zombie/Hurt/2_animation_hurt_016.png
  artifactKey: Guid(24ba1e64114499141b6671f3c2801594) Importer(815301076,1909f56bfc062723c751e8b465ee728b)
Start importing Assets/Enemies/Zombie/Hurt/2_animation_hurt_016.png using Guid(24ba1e64114499141b6671f3c2801594) Importer(815301076,1909f56bfc062723c751e8b465ee728b)  -> (artifact id: '3f526c7944210c4df9bdb133ec70dc73') in 0.045920 seconds 
========================================================================
Received Import Request.
  Time since last request: 8.614825 seconds.
  path: Assets/Enemies/Zombie/Hurt/2_animation_hurt_016.png
  artifactKey: Guid(24ba1e64114499141b6671f3c2801594) Importer(815301076,1909f56bfc062723c751e8b465ee728b)
Start importing Assets/Enemies/Zombie/Hurt/2_animation_hurt_016.png using Guid(24ba1e64114499141b6671f3c2801594) Importer(815301076,1909f56bfc062723c751e8b465ee728b)  -> (artifact id: 'a530de18a7c04442e8bf83cb89f1f109') in 0.043958 seconds 
========================================================================
Received Import Request.
  Time since last request: 0.000046 seconds.
  path: Assets/Enemies/Zombie/Hurt/2_animation_hurt_018.png
  artifactKey: Guid(8fe030217fbdafc4ca768bf18b711a7d) Importer(815301076,1909f56bfc062723c751e8b465ee728b)
Start importing Assets/Enemies/Zombie/Hurt/2_animation_hurt_018.png using Guid(8fe030217fbdafc4ca768bf18b711a7d) Importer(815301076,1909f56bfc062723c751e8b465ee728b)  -> (artifact id: 'a42b5b293d1e8991cd604615e09c0619') in 0.033558 seconds 
========================================================================
Received Import Request.
  Time since last request: 3.274110 seconds.
  path: Assets/Enemies/Zombie/Walk/2_animation_walk_003.png
  artifactKey: Guid(24e7ef998dd632945b72f6ce9026a03a) Importer(815301076,1909f56bfc062723c751e8b465ee728b)
Start importing Assets/Enemies/Zombie/Walk/2_animation_walk_003.png using Guid(24e7ef998dd632945b72f6ce9026a03a) Importer(815301076,1909f56bfc062723c751e8b465ee728b)  -> (artifact id: '2e9e290e8f3e54f125c1354534caa6ab') in 0.035379 seconds 
========================================================================
Received Import Request.
  Time since last request: 0.000046 seconds.
  path: Assets/Enemies/Zombie/Walk/2_animation_walk_007.png
  artifactKey: Guid(d0eb4692b911c42498283c868bf77d17) Importer(815301076,1909f56bfc062723c751e8b465ee728b)
Start importing Assets/Enemies/Zombie/Walk/2_animation_walk_007.png using Guid(d0eb4692b911c42498283c868bf77d17) Importer(815301076,1909f56bfc062723c751e8b465ee728b)  -> (artifact id: '7116702cf77959e6f580cafc685c1a2d') in 0.043035 seconds 
========================================================================
Received Import Request.
  Time since last request: 0.000040 seconds.
  path: Assets/Enemies/Zombie/Walk/2_animation_walk_009.png
  artifactKey: Guid(b040d25141368ba48ba8de9b8fa8c33a) Importer(815301076,1909f56bfc062723c751e8b465ee728b)
Start importing Assets/Enemies/Zombie/Walk/2_animation_walk_009.png using Guid(b040d25141368ba48ba8de9b8fa8c33a) Importer(815301076,1909f56bfc062723c751e8b465ee728b)  -> (artifact id: 'ed27140765edbc83b597e620ae0f2f85') in 0.032638 seconds 
========================================================================
Received Import Request.
  Time since last request: 1.188729 seconds.
  path: Assets/Enemies/Zombie/Walk/2_animation_walk_016.png
  artifactKey: Guid(9e98c41b7bebe794eb8cb35c8e732ff3) Importer(815301076,1909f56bfc062723c751e8b465ee728b)
Start importing Assets/Enemies/Zombie/Walk/2_animation_walk_016.png using Guid(9e98c41b7bebe794eb8cb35c8e732ff3) Importer(815301076,1909f56bfc062723c751e8b465ee728b)  -> (artifact id: '94a254d5ac73ff6827a717f22be6ba16') in 0.039965 seconds 
========================================================================
Received Import Request.
  Time since last request: 6.698391 seconds.
  path: Assets/Enemies/Zombie/Walk/2_animation_walk_015.png
  artifactKey: Guid(9a9bbf83f29c2ef4aa5337816cd10b5c) Importer(815301076,1909f56bfc062723c751e8b465ee728b)
Start importing Assets/Enemies/Zombie/Walk/2_animation_walk_015.png using Guid(9a9bbf83f29c2ef4aa5337816cd10b5c) Importer(815301076,1909f56bfc062723c751e8b465ee728b)  -> (artifact id: '75f2b6a07825dd133cb002f72f169f86') in 0.052537 seconds 
========================================================================
Received Import Request.
  Time since last request: 0.000046 seconds.
  path: Assets/Enemies/Zombie/Walk/2_animation_walk_018.png
  artifactKey: Guid(8fcf2da022f6b2c4daf556e1d4eb730d) Importer(815301076,1909f56bfc062723c751e8b465ee728b)
Start importing Assets/Enemies/Zombie/Walk/2_animation_walk_018.png using Guid(8fcf2da022f6b2c4daf556e1d4eb730d) Importer(815301076,1909f56bfc062723c751e8b465ee728b)  -> (artifact id: '839004f388e20b5a4fd8c7f453bac078') in 0.034142 seconds 
========================================================================
Received Import Request.
  Time since last request: 2.791186 seconds.
  path: Assets/Enemies/Zombie/Attack/2_animation_attack_003.png
  artifactKey: Guid(37092a7fa5e1a544e8399560d5563462) Importer(815301076,1909f56bfc062723c751e8b465ee728b)
Start importing Assets/Enemies/Zombie/Attack/2_animation_attack_003.png using Guid(37092a7fa5e1a544e8399560d5563462) Importer(815301076,1909f56bfc062723c751e8b465ee728b)  -> (artifact id: 'd1014e5db046a5f24fbd2a901cdc37e1') in 0.039737 seconds 
========================================================================
Received Import Request.
  Time since last request: 0.000068 seconds.
  path: Assets/Enemies/Zombie/Attack/2_animation_attack_008.png
  artifactKey: Guid(d3bbebd02472b3042acf2f316fc40af9) Importer(815301076,1909f56bfc062723c751e8b465ee728b)
Start importing Assets/Enemies/Zombie/Attack/2_animation_attack_008.png using Guid(d3bbebd02472b3042acf2f316fc40af9) Importer(815301076,1909f56bfc062723c751e8b465ee728b)  -> (artifact id: '179432dc912aa6110afa6e5d8a435d32') in 0.041044 seconds 
========================================================================
Received Import Request.
  Time since last request: 1.030326 seconds.
  path: Assets/Enemies/Zombie/Attack/2_animation_attack_016.png
  artifactKey: Guid(f6b759a0841cb3145b6fb15cde4fab75) Importer(815301076,1909f56bfc062723c751e8b465ee728b)
Start importing Assets/Enemies/Zombie/Attack/2_animation_attack_016.png using Guid(f6b759a0841cb3145b6fb15cde4fab75) Importer(815301076,1909f56bfc062723c751e8b465ee728b)  -> (artifact id: '0afbb5fa86d3bf80ca73dc431ba129df') in 0.061787 seconds 
========================================================================
Received Import Request.
  Time since last request: 7.479659 seconds.
  path: Assets/Enemies/Zombie/Attack/2_animation_attack_014.png
  artifactKey: Guid(6e6266de1922cdb48929764ce89aeb36) Importer(815301076,1909f56bfc062723c751e8b465ee728b)
Start importing Assets/Enemies/Zombie/Attack/2_animation_attack_014.png using Guid(6e6266de1922cdb48929764ce89aeb36) Importer(815301076,1909f56bfc062723c751e8b465ee728b)  -> (artifact id: '518f9a87a719aa136a81d977b411e28f') in 0.066616 seconds 
Editor requested this worker to shutdown with reason: Scaling down because of idle timeout
AssetImportWorker is now disconnected from the server
Process exiting
Exiting without the bug reporter. Application will terminate with return code 0