Using pre-set license
Built from '2021.3/staging' branch; Version is '2021.3.9f1 (ad3870b89536) revision 11352176'; Using compiler version '192829333'; Build Type 'Release'
OS: 'Windows 10  (10.0.19044) 64bit Professional' Language: 'ru' Physical Memory: 7561 MB
BatchMode: 1, IsHumanControllingUs: 0, StartBugReporterOnCrash: 0, Is64bit: 1, IsPro: 1

COMMAND LINE ARGUMENTS:
D:\games\Unity\Unity Files (Dont Touch)\2021.3.9f1\Editor\Unity.exe
-adb2
-batchMode
-noUpm
-name
AssetImportWorker20
-projectPath
D:/games/UnityRepository/AS/RPG-WS/qwerty
-logFile
Logs/AssetImportWorker20.log
-srvPort
58351
Successfully changed project path to: D:/games/UnityRepository/AS/RPG-WS/qwerty
D:/games/UnityRepository/AS/RPG-WS/qwerty
[UnityMemory] Configuration Parameters - Can be set up in boot.config
    "memorysetup-bucket-allocator-granularity=16"
    "memorysetup-bucket-allocator-bucket-count=8"
    "memorysetup-bucket-allocator-block-size=33554432"
    "memorysetup-bucket-allocator-block-count=8"
    "memorysetup-main-allocator-block-size=16777216"
    "memorysetup-thread-allocator-block-size=16777216"
    "memorysetup-gfx-main-allocator-block-size=16777216"
    "memorysetup-gfx-thread-allocator-block-size=16777216"
    "memorysetup-cache-allocator-block-size=4194304"
    "memorysetup-typetree-allocator-block-size=2097152"
    "memorysetup-profiler-bucket-allocator-granularity=16"
    "memorysetup-profiler-bucket-allocator-bucket-count=8"
    "memorysetup-profiler-bucket-allocator-block-size=33554432"
    "memorysetup-profiler-bucket-allocator-block-count=8"
    "memorysetup-profiler-allocator-block-size=16777216"
    "memorysetup-profiler-editor-allocator-block-size=1048576"
    "memorysetup-temp-allocator-size-main=16777216"
    "memorysetup-job-temp-allocator-block-size=2097152"
    "memorysetup-job-temp-allocator-block-size-background=1048576"
    "memorysetup-job-temp-allocator-reduction-small-platforms=262144"
    "memorysetup-temp-allocator-size-background-worker=32768"
    "memorysetup-temp-allocator-size-job-worker=262144"
    "memorysetup-temp-allocator-size-preload-manager=33554432"
    "memorysetup-temp-allocator-size-nav-mesh-worker=65536"
    "memorysetup-temp-allocator-size-audio-worker=65536"
    "memorysetup-temp-allocator-size-cloud-worker=32768"
    "memorysetup-temp-allocator-size-gi-baking-worker=262144"
    "memorysetup-temp-allocator-size-gfx=262144"
Refreshing native plugins compatible for Editor in 128.08 ms, found 4 plugins.
Preloading 0 native plugins for Editor in 0.00 ms.
Initialize engine version: 2021.3.9f1 (ad3870b89536)
[Subsystems] Discovering subsystems at path D:/games/Unity/Unity Files (Dont Touch)/2021.3.9f1/Editor/Data/Resources/UnitySubsystems
[Subsystems] Discovering subsystems at path D:/games/UnityRepository/AS/RPG-WS/qwerty/Assets
GfxDevice: creating device client; threaded=0; jobified=0
Direct3D:
    Version:  Direct3D 11.0 [level 11.1]
    Renderer: AMD Radeon (TM) Graphics (ID=0x15e7)
    Vendor:   ATI
    VRAM:     3780 MB
    Driver:   31.0.12018.5
Initialize mono
Mono path[0] = 'D:/games/Unity/Unity Files (Dont Touch)/2021.3.9f1/Editor/Data/Managed'
Mono path[1] = 'D:/games/Unity/Unity Files (Dont Touch)/2021.3.9f1/Editor/Data/MonoBleedingEdge/lib/mono/unityjit-win32'
Mono config path = 'D:/games/Unity/Unity Files (Dont Touch)/2021.3.9f1/Editor/Data/MonoBleedingEdge/etc'
Using monoOptions --debugger-agent=transport=dt_socket,embedding=1,server=y,suspend=n,address=127.0.0.1:56096
Begin MonoManager ReloadAssembly
Registering precompiled unity dll's ...
Register platform support module: D:/games/Unity/Unity Files (Dont Touch)/2021.3.9f1/Editor/Data/PlaybackEngines/WebGLSupport/UnityEditor.WebGL.Extensions.dll
Register platform support module: D:/games/Unity/Unity Files (Dont Touch)/2021.3.9f1/Editor/Data/PlaybackEngines/AndroidPlayer/UnityEditor.Android.Extensions.dll
Register platform support module: D:/games/Unity/Unity Files (Dont Touch)/2021.3.9f1/Editor/Data/PlaybackEngines/WindowsStandaloneSupport/UnityEditor.WindowsStandalone.Extensions.dll
Registered in 0.003858 seconds.
Native extension for WindowsStandalone target not found
Native extension for Android target not found
Native extension for WebGL target not found
Refreshing native plugins compatible for Editor in 132.85 ms, found 4 plugins.
Preloading 0 native plugins for Editor in 0.00 ms.
Mono: successfully reloaded assembly
- Completed reload, in  0.639 seconds
Domain Reload Profiling:
	ReloadAssembly (640ms)
		BeginReloadAssembly (64ms)
			ExecutionOrderSort (0ms)
			DisableScriptedObjects (0ms)
			BackupInstance (0ms)
			ReleaseScriptingObjects (0ms)
			CreateAndSetChildDomain (1ms)
		EndReloadAssembly (490ms)
			LoadAssemblies (64ms)
			RebuildTransferFunctionScriptingTraits (0ms)
			SetupTypeCache (84ms)
			ReleaseScriptCaches (0ms)
			RebuildScriptCaches (23ms)
			SetupLoadedEditorAssemblies (340ms)
				LogAssemblyErrors (0ms)
				InitializePlatformSupportModulesInManaged (44ms)
				SetLoadedEditorAssemblies (0ms)
				RefreshPlugins (133ms)
				BeforeProcessingInitializeOnLoad (1ms)
				ProcessInitializeOnLoadAttributes (111ms)
				ProcessInitializeOnLoadMethodAttributes (51ms)
				AfterProcessingInitializeOnLoad (0ms)
				EditorAssembliesLoaded (0ms)
			ExecutionOrderSort2 (0ms)
			AwakeInstancesAfterBackupRestoration (0ms)
Platform modules already initialized, skipping
Registering precompiled user dll's ...
Registered in 0.006044 seconds.
Begin MonoManager ReloadAssembly
Symbol file LoadedFromMemory doesn't match image D:\games\UnityRepository\AS\RPG-WS\qwerty\Library\PackageCache\com.unity.visualscripting@1.7.8\Editor\VisualScripting.Core\Dependencies\YamlDotNet\Unity.VisualScripting.YamlDotNet.dll
Symbol file LoadedFromMemory doesn't match image D:\games\UnityRepository\AS\RPG-WS\qwerty\Library\PackageCache\com.unity.visualscripting@1.7.8\Editor\VisualScripting.Core\Dependencies\DotNetZip\Unity.VisualScripting.IonicZip.dll
Native extension for WindowsStandalone target not found
Native extension for Android target not found
Native extension for WebGL target not found
Refreshing native plugins compatible for Editor in 102.96 ms, found 4 plugins.
Preloading 0 native plugins for Editor in 0.00 ms.
Mono: successfully reloaded assembly
- Completed reload, in  1.299 seconds
Domain Reload Profiling:
	ReloadAssembly (1300ms)
		BeginReloadAssembly (110ms)
			ExecutionOrderSort (0ms)
			DisableScriptedObjects (5ms)
			BackupInstance (0ms)
			ReleaseScriptingObjects (0ms)
			CreateAndSetChildDomain (20ms)
		EndReloadAssembly (1095ms)
			LoadAssemblies (145ms)
			RebuildTransferFunctionScriptingTraits (0ms)
			SetupTypeCache (268ms)
			ReleaseScriptCaches (1ms)
			RebuildScriptCaches (57ms)
			SetupLoadedEditorAssemblies (589ms)
				LogAssemblyErrors (0ms)
				InitializePlatformSupportModulesInManaged (12ms)
				SetLoadedEditorAssemblies (0ms)
				RefreshPlugins (103ms)
				BeforeProcessingInitializeOnLoad (93ms)
				ProcessInitializeOnLoadAttributes (337ms)
				ProcessInitializeOnLoadMethodAttributes (41ms)
				AfterProcessingInitializeOnLoad (3ms)
				EditorAssembliesLoaded (0ms)
			ExecutionOrderSort2 (0ms)
			AwakeInstancesAfterBackupRestoration (5ms)
Platform modules already initialized, skipping
========================================================================
Worker process is ready to serve import requests
Launched and connected shader compiler UnityShaderCompiler.exe after 0.05 seconds
Refreshing native plugins compatible for Editor in 1.56 ms, found 4 plugins.
Preloading 0 native plugins for Editor in 0.00 ms.
Unloading 4647 Unused Serialized files (Serialized files now loaded: 0)
Unloading 54 unused Assets / (128.3 KB). Loaded Objects now: 5106.
Memory consumption went from 174.9 MB to 174.8 MB.
Total: 6.240900 ms (FindLiveObjects: 0.407600 ms CreateObjectMapping: 0.360900 ms MarkObjects: 5.313400 ms  DeleteObjects: 0.157900 ms)

AssetImportParameters requested are different than current active one (requested -> active):
  custom:video-decoder-ogg-theora: a1e56fd34408186e4bbccfd4996cb3dc -> 
  custom:container-muxer-webm: aa71ff27fc2769a1b78a27578f13a17b -> 
  custom:container-demuxer-webm: 4f35f7cbe854078d1ac9338744f61a02 -> 
  custom:video-encoder-webm-vp8: eb34c28f22e8b96e1ab97ce403110664 -> 
  custom:audio-encoder-webm-vorbis: bf7c407c2cedff20999df2af8eb42d56 -> 
  custom:framework-win-MediaFoundation: 216162199b28c13a410421893ffa2e32 -> 
  custom:container-demuxer-ogg: 62fdf1f143b41e24485cea50d1cbac27 -> 
  custom:video-decoder-webm-vp8: 9c59270c3fd7afecdb556c50c9e8de78 -> 
  custom:audio-decoder-ogg-vorbis: bf7c407c2cedff20999df2af8eb42d56 -> 
========================================================================
Received Import Request.
  Time since last request: 16837.232196 seconds.
  path: Assets/Enemies/Skeleton/Sprites/Idle/1_animation_idle_012.png
  artifactKey: Guid(1154824f63d9fa94baee51c3fa34530e) Importer(815301076,1909f56bfc062723c751e8b465ee728b)
Start importing Assets/Enemies/Skeleton/Sprites/Idle/1_animation_idle_012.png using Guid(1154824f63d9fa94baee51c3fa34530e) Importer(815301076,1909f56bfc062723c751e8b465ee728b)  -> (artifact id: '88ce9689f7c394c309f09850876c4fb0') in 0.150856 seconds 
========================================================================
Received Import Request.
  Time since last request: 9.885450 seconds.
  path: Assets/Enemies/Skeleton/Sprites/Idle/1_animation_idle_011.png
  artifactKey: Guid(a5df5e7bf07d94e4fb382f6002f20e53) Importer(815301076,1909f56bfc062723c751e8b465ee728b)
Start importing Assets/Enemies/Skeleton/Sprites/Idle/1_animation_idle_011.png using Guid(a5df5e7bf07d94e4fb382f6002f20e53) Importer(815301076,1909f56bfc062723c751e8b465ee728b)  -> (artifact id: 'be0934833b19bf052fb7f4ceb82ade6a') in 0.017346 seconds 
========================================================================
Received Import Request.
  Time since last request: 0.028324 seconds.
  path: Assets/Enemies/Skeleton/Sprites/Idle/1_animation_idle_007.png
  artifactKey: Guid(164fc8f10cd52f445b6960d8adf3dca8) Importer(815301076,1909f56bfc062723c751e8b465ee728b)
Start importing Assets/Enemies/Skeleton/Sprites/Idle/1_animation_idle_007.png using Guid(164fc8f10cd52f445b6960d8adf3dca8) Importer(815301076,1909f56bfc062723c751e8b465ee728b)  -> (artifact id: 'cd8e73cf5608371fdff0c3cdccf5ad95') in 0.015675 seconds 
========================================================================
Received Import Request.
  Time since last request: 0.205997 seconds.
  path: Assets/Enemies/Skeleton/Sprites/Idle/1_animation_idle_003.png
  artifactKey: Guid(f41b5b0ec2137814583dc3c01af01329) Importer(815301076,1909f56bfc062723c751e8b465ee728b)
Start importing Assets/Enemies/Skeleton/Sprites/Idle/1_animation_idle_003.png using Guid(f41b5b0ec2137814583dc3c01af01329) Importer(815301076,1909f56bfc062723c751e8b465ee728b)  -> (artifact id: 'e1e06f41c73204f541fd2cd2bf96fe6a') in 0.017824 seconds 
========================================================================
Received Import Request.
  Time since last request: 31.432511 seconds.
  path: Assets/Enemies/Skeleton/Sprites/Idle/1_animation_idle_012.png
  artifactKey: Guid(1154824f63d9fa94baee51c3fa34530e) Importer(815301076,1909f56bfc062723c751e8b465ee728b)
Start importing Assets/Enemies/Skeleton/Sprites/Idle/1_animation_idle_012.png using Guid(1154824f63d9fa94baee51c3fa34530e) Importer(815301076,1909f56bfc062723c751e8b465ee728b)  -> (artifact id: 'ab86206bb7c6de250bdaad31eb03966d') in 0.023941 seconds 
========================================================================
Received Import Request.
  Time since last request: 0.000035 seconds.
  path: Assets/Enemies/Skeleton/Sprites/Idle/1_animation_idle_018.png
  artifactKey: Guid(ae1161894164cba43a7fce02db3a95b8) Importer(815301076,1909f56bfc062723c751e8b465ee728b)
Start importing Assets/Enemies/Skeleton/Sprites/Idle/1_animation_idle_018.png using Guid(ae1161894164cba43a7fce02db3a95b8) Importer(815301076,1909f56bfc062723c751e8b465ee728b)  -> (artifact id: 'fc4a4b2f9f2d9e0e23c1eb9fa64b3c52') in 0.020603 seconds 
========================================================================
Received Import Request.
  Time since last request: 4.482674 seconds.
  path: Assets/Enemies/Skeleton/Sprites/Idle/1_animation_idle_013.png
  artifactKey: Guid(f128042e9a3803040a58b39dc4baa0b5) Importer(815301076,1909f56bfc062723c751e8b465ee728b)
Start importing Assets/Enemies/Skeleton/Sprites/Idle/1_animation_idle_013.png using Guid(f128042e9a3803040a58b39dc4baa0b5) Importer(815301076,1909f56bfc062723c751e8b465ee728b)  -> (artifact id: 'f2a3ff7e616cd53d203caf49f9ab4836') in 0.043205 seconds 
========================================================================
Received Import Request.
  Time since last request: 0.000039 seconds.
  path: Assets/Enemies/Skeleton/Sprites/Idle/1_animation_idle_019.png
  artifactKey: Guid(11bc011a1e591414ea0cc380d58c2b37) Importer(815301076,1909f56bfc062723c751e8b465ee728b)
Start importing Assets/Enemies/Skeleton/Sprites/Idle/1_animation_idle_019.png using Guid(11bc011a1e591414ea0cc380d58c2b37) Importer(815301076,1909f56bfc062723c751e8b465ee728b)  -> (artifact id: 'e05f508ba6b7ab71f1e8d71d8a69a67f') in 0.025844 seconds 
========================================================================
Received Import Request.
  Time since last request: 9.046969 seconds.
  path: Assets/Enemies/Skeleton/Sprites/Idle/1_animation_idle_013.png
  artifactKey: Guid(f128042e9a3803040a58b39dc4baa0b5) Importer(815301076,1909f56bfc062723c751e8b465ee728b)
Start importing Assets/Enemies/Skeleton/Sprites/Idle/1_animation_idle_013.png using Guid(f128042e9a3803040a58b39dc4baa0b5) Importer(815301076,1909f56bfc062723c751e8b465ee728b)  -> (artifact id: '9d19eb7e9f9a1a0a8596a9c5f81284c9') in 0.021772 seconds 
========================================================================
Received Import Request.
  Time since last request: 0.000030 seconds.
  path: Assets/Enemies/Skeleton/Sprites/Idle/1_animation_idle_018.png
  artifactKey: Guid(ae1161894164cba43a7fce02db3a95b8) Importer(815301076,1909f56bfc062723c751e8b465ee728b)
Start importing Assets/Enemies/Skeleton/Sprites/Idle/1_animation_idle_018.png using Guid(ae1161894164cba43a7fce02db3a95b8) Importer(815301076,1909f56bfc062723c751e8b465ee728b)  -> (artifact id: '401d9f22b006dbc72fd1f016d6ec41d3') in 0.024323 seconds 
========================================================================
Received Import Request.
  Time since last request: 4.161336 seconds.
  path: Assets/Enemies/Skeleton/Sprites/Idle/1_animation_idle_013.png
  artifactKey: Guid(f128042e9a3803040a58b39dc4baa0b5) Importer(815301076,1909f56bfc062723c751e8b465ee728b)
Start importing Assets/Enemies/Skeleton/Sprites/Idle/1_animation_idle_013.png using Guid(f128042e9a3803040a58b39dc4baa0b5) Importer(815301076,1909f56bfc062723c751e8b465ee728b)  -> (artifact id: 'e8f964e4e08b88904c69ee7669095384') in 0.021613 seconds 
========================================================================
Received Import Request.
  Time since last request: 0.000034 seconds.
  path: Assets/Enemies/Skeleton/Sprites/Idle/1_animation_idle_018.png
  artifactKey: Guid(ae1161894164cba43a7fce02db3a95b8) Importer(815301076,1909f56bfc062723c751e8b465ee728b)
Start importing Assets/Enemies/Skeleton/Sprites/Idle/1_animation_idle_018.png using Guid(ae1161894164cba43a7fce02db3a95b8) Importer(815301076,1909f56bfc062723c751e8b465ee728b)  -> (artifact id: '580ab11f7f036f8df522bd9d8ce4cff5') in 0.020484 seconds 
========================================================================
Received Import Request.
  Time since last request: 2.403497 seconds.
  path: Assets/Enemies/Skeleton/Sprites/Idle/1_animation_idle_013.png
  artifactKey: Guid(f128042e9a3803040a58b39dc4baa0b5) Importer(815301076,1909f56bfc062723c751e8b465ee728b)
Start importing Assets/Enemies/Skeleton/Sprites/Idle/1_animation_idle_013.png using Guid(f128042e9a3803040a58b39dc4baa0b5) Importer(815301076,1909f56bfc062723c751e8b465ee728b)  -> (artifact id: 'f91af9e875e9be28c20cdfb33325652c') in 0.025632 seconds 
========================================================================
Received Import Request.
  Time since last request: 0.000048 seconds.
  path: Assets/Enemies/Skeleton/Sprites/Idle/1_animation_idle_018.png
  artifactKey: Guid(ae1161894164cba43a7fce02db3a95b8) Importer(815301076,1909f56bfc062723c751e8b465ee728b)
Start importing Assets/Enemies/Skeleton/Sprites/Idle/1_animation_idle_018.png using Guid(ae1161894164cba43a7fce02db3a95b8) Importer(815301076,1909f56bfc062723c751e8b465ee728b)  -> (artifact id: '06c492c005f774e97fd0b62951813be8') in 0.018801 seconds 
========================================================================
Received Import Request.
  Time since last request: 36.874700 seconds.
  path: Assets/Enemies/Skeleton/Sprites/Walk/1_animation_walk_002.png
  artifactKey: Guid(583e0fd1990a0b948a7efef2792c4cdf) Importer(815301076,1909f56bfc062723c751e8b465ee728b)
Start importing Assets/Enemies/Skeleton/Sprites/Walk/1_animation_walk_002.png using Guid(583e0fd1990a0b948a7efef2792c4cdf) Importer(815301076,1909f56bfc062723c751e8b465ee728b)  -> (artifact id: 'e0c92e40b61250a5bc352263f0fc2896') in 0.063224 seconds 
========================================================================
Received Import Request.
  Time since last request: 0.000027 seconds.
  path: Assets/Enemies/Skeleton/Sprites/Walk/1_animation_walk_008.png
  artifactKey: Guid(2d1b6958384fd4848ae30eff72c1f3f9) Importer(815301076,1909f56bfc062723c751e8b465ee728b)
Start importing Assets/Enemies/Skeleton/Sprites/Walk/1_animation_walk_008.png using Guid(2d1b6958384fd4848ae30eff72c1f3f9) Importer(815301076,1909f56bfc062723c751e8b465ee728b)  -> (artifact id: 'd191e778ec5d1ff4be3b12d6554fc02a') in 0.021927 seconds 
========================================================================
Received Import Request.
  Time since last request: 7.207714 seconds.
  path: Assets/Enemies/Skeleton/Sprites/Walk/1_animation_walk_013.png
  artifactKey: Guid(63a598241f7bec2468e68a422aafd347) Importer(815301076,1909f56bfc062723c751e8b465ee728b)
Start importing Assets/Enemies/Skeleton/Sprites/Walk/1_animation_walk_013.png using Guid(63a598241f7bec2468e68a422aafd347) Importer(815301076,1909f56bfc062723c751e8b465ee728b)  -> (artifact id: '22ebad9269283063f2bf087c28e6b6ac') in 0.032933 seconds 
========================================================================
Received Import Request.
  Time since last request: 0.000038 seconds.
  path: Assets/Enemies/Skeleton/Sprites/Walk/1_animation_walk_019.png
  artifactKey: Guid(9936b07df2258934fa5d6e7ea3b6913e) Importer(815301076,1909f56bfc062723c751e8b465ee728b)
Start importing Assets/Enemies/Skeleton/Sprites/Walk/1_animation_walk_019.png using Guid(9936b07df2258934fa5d6e7ea3b6913e) Importer(815301076,1909f56bfc062723c751e8b465ee728b)  -> (artifact id: '0d9e1052ef93485888af6dfdb0395d7e') in 0.022995 seconds 
========================================================================
Received Import Request.
  Time since last request: 8.251870 seconds.
  path: Assets/Enemies/Skeleton/Sprites/Attack/1_animation_attack_013.png
  artifactKey: Guid(b06f2dcf96bc7124cb735b6f443af6c1) Importer(815301076,1909f56bfc062723c751e8b465ee728b)
Start importing Assets/Enemies/Skeleton/Sprites/Attack/1_animation_attack_013.png using Guid(b06f2dcf96bc7124cb735b6f443af6c1) Importer(815301076,1909f56bfc062723c751e8b465ee728b)  -> (artifact id: '1b9ba582e21d9fac7b1643cfefeea5b5') in 0.020824 seconds 
========================================================================
Received Import Request.
  Time since last request: 0.000046 seconds.
  path: Assets/Enemies/Skeleton/Sprites/Attack/1_animation_attack_017.png
  artifactKey: Guid(c70186427bfbb8f478b76a66bca4316d) Importer(815301076,1909f56bfc062723c751e8b465ee728b)
Start importing Assets/Enemies/Skeleton/Sprites/Attack/1_animation_attack_017.png using Guid(c70186427bfbb8f478b76a66bca4316d) Importer(815301076,1909f56bfc062723c751e8b465ee728b)  -> (artifact id: '06f43ae0ad5f7414a8bdee40e0e5e12c') in 0.020103 seconds 
Editor requested this worker to shutdown with reason: Scaling down because of idle timeout
AssetImportWorker is now disconnected from the server
Process exiting
Exiting without the bug reporter. Application will terminate with return code 0