Using pre-set license
Built from '2021.3/staging' branch; Version is '2021.3.9f1 (ad3870b89536) revision 11352176'; Using compiler version '192829333'; Build Type 'Release'
OS: 'Windows 10  (10.0.19044) 64bit Professional' Language: 'ru' Physical Memory: 7561 MB
BatchMode: 1, IsHumanControllingUs: 0, StartBugReporterOnCrash: 0, Is64bit: 1, IsPro: 1

COMMAND LINE ARGUMENTS:
D:\games\Unity\Unity Files (Dont Touch)\2021.3.9f1\Editor\Unity.exe
-adb2
-batchMode
-noUpm
-name
AssetImportWorker15
-projectPath
D:/games/UnityRepository/AS/RPG-WS/qwerty
-logFile
Logs/AssetImportWorker15.log
-srvPort
58351
Successfully changed project path to: D:/games/UnityRepository/AS/RPG-WS/qwerty
D:/games/UnityRepository/AS/RPG-WS/qwerty
[UnityMemory] Configuration Parameters - Can be set up in boot.config
    "memorysetup-bucket-allocator-granularity=16"
    "memorysetup-bucket-allocator-bucket-count=8"
    "memorysetup-bucket-allocator-block-size=33554432"
    "memorysetup-bucket-allocator-block-count=8"
    "memorysetup-main-allocator-block-size=16777216"
    "memorysetup-thread-allocator-block-size=16777216"
    "memorysetup-gfx-main-allocator-block-size=16777216"
    "memorysetup-gfx-thread-allocator-block-size=16777216"
    "memorysetup-cache-allocator-block-size=4194304"
    "memorysetup-typetree-allocator-block-size=2097152"
    "memorysetup-profiler-bucket-allocator-granularity=16"
    "memorysetup-profiler-bucket-allocator-bucket-count=8"
    "memorysetup-profiler-bucket-allocator-block-size=33554432"
    "memorysetup-profiler-bucket-allocator-block-count=8"
    "memorysetup-profiler-allocator-block-size=16777216"
    "memorysetup-profiler-editor-allocator-block-size=1048576"
    "memorysetup-temp-allocator-size-main=16777216"
    "memorysetup-job-temp-allocator-block-size=2097152"
    "memorysetup-job-temp-allocator-block-size-background=1048576"
    "memorysetup-job-temp-allocator-reduction-small-platforms=262144"
    "memorysetup-temp-allocator-size-background-worker=32768"
    "memorysetup-temp-allocator-size-job-worker=262144"
    "memorysetup-temp-allocator-size-preload-manager=33554432"
    "memorysetup-temp-allocator-size-nav-mesh-worker=65536"
    "memorysetup-temp-allocator-size-audio-worker=65536"
    "memorysetup-temp-allocator-size-cloud-worker=32768"
    "memorysetup-temp-allocator-size-gi-baking-worker=262144"
    "memorysetup-temp-allocator-size-gfx=262144"
Refreshing native plugins compatible for Editor in 95.33 ms, found 4 plugins.
Preloading 0 native plugins for Editor in 0.00 ms.
Initialize engine version: 2021.3.9f1 (ad3870b89536)
[Subsystems] Discovering subsystems at path D:/games/Unity/Unity Files (Dont Touch)/2021.3.9f1/Editor/Data/Resources/UnitySubsystems
[Subsystems] Discovering subsystems at path D:/games/UnityRepository/AS/RPG-WS/qwerty/Assets
GfxDevice: creating device client; threaded=0; jobified=0
Direct3D:
    Version:  Direct3D 11.0 [level 11.1]
    Renderer: AMD Radeon (TM) Graphics (ID=0x15e7)
    Vendor:   ATI
    VRAM:     3780 MB
    Driver:   31.0.12018.5
Initialize mono
Mono path[0] = 'D:/games/Unity/Unity Files (Dont Touch)/2021.3.9f1/Editor/Data/Managed'
Mono path[1] = 'D:/games/Unity/Unity Files (Dont Touch)/2021.3.9f1/Editor/Data/MonoBleedingEdge/lib/mono/unityjit-win32'
Mono config path = 'D:/games/Unity/Unity Files (Dont Touch)/2021.3.9f1/Editor/Data/MonoBleedingEdge/etc'
Using monoOptions --debugger-agent=transport=dt_socket,embedding=1,server=y,suspend=n,address=127.0.0.1:56216
Begin MonoManager ReloadAssembly
Registering precompiled unity dll's ...
Register platform support module: D:/games/Unity/Unity Files (Dont Touch)/2021.3.9f1/Editor/Data/PlaybackEngines/WebGLSupport/UnityEditor.WebGL.Extensions.dll
Register platform support module: D:/games/Unity/Unity Files (Dont Touch)/2021.3.9f1/Editor/Data/PlaybackEngines/AndroidPlayer/UnityEditor.Android.Extensions.dll
Register platform support module: D:/games/Unity/Unity Files (Dont Touch)/2021.3.9f1/Editor/Data/PlaybackEngines/WindowsStandaloneSupport/UnityEditor.WindowsStandalone.Extensions.dll
Registered in 0.002982 seconds.
Native extension for WindowsStandalone target not found
Native extension for Android target not found
Native extension for WebGL target not found
Refreshing native plugins compatible for Editor in 88.48 ms, found 4 plugins.
Preloading 0 native plugins for Editor in 0.00 ms.
Mono: successfully reloaded assembly
- Completed reload, in  0.517 seconds
Domain Reload Profiling:
	ReloadAssembly (517ms)
		BeginReloadAssembly (55ms)
			ExecutionOrderSort (0ms)
			DisableScriptedObjects (0ms)
			BackupInstance (0ms)
			ReleaseScriptingObjects (0ms)
			CreateAndSetChildDomain (1ms)
		EndReloadAssembly (382ms)
			LoadAssemblies (55ms)
			RebuildTransferFunctionScriptingTraits (0ms)
			SetupTypeCache (83ms)
			ReleaseScriptCaches (0ms)
			RebuildScriptCaches (20ms)
			SetupLoadedEditorAssemblies (240ms)
				LogAssemblyErrors (0ms)
				InitializePlatformSupportModulesInManaged (35ms)
				SetLoadedEditorAssemblies (0ms)
				RefreshPlugins (89ms)
				BeforeProcessingInitializeOnLoad (1ms)
				ProcessInitializeOnLoadAttributes (80ms)
				ProcessInitializeOnLoadMethodAttributes (35ms)
				AfterProcessingInitializeOnLoad (0ms)
				EditorAssembliesLoaded (0ms)
			ExecutionOrderSort2 (0ms)
			AwakeInstancesAfterBackupRestoration (0ms)
Platform modules already initialized, skipping
Registering precompiled user dll's ...
Registered in 0.003283 seconds.
Begin MonoManager ReloadAssembly
Symbol file LoadedFromMemory doesn't match image D:\games\UnityRepository\AS\RPG-WS\qwerty\Library\PackageCache\com.unity.visualscripting@1.7.8\Editor\VisualScripting.Core\Dependencies\YamlDotNet\Unity.VisualScripting.YamlDotNet.dll
Symbol file LoadedFromMemory doesn't match image D:\games\UnityRepository\AS\RPG-WS\qwerty\Library\PackageCache\com.unity.visualscripting@1.7.8\Editor\VisualScripting.Core\Dependencies\DotNetZip\Unity.VisualScripting.IonicZip.dll
Native extension for WindowsStandalone target not found
Native extension for Android target not found
Native extension for WebGL target not found
Refreshing native plugins compatible for Editor in 97.52 ms, found 4 plugins.
Preloading 0 native plugins for Editor in 0.00 ms.
Mono: successfully reloaded assembly
- Completed reload, in  1.021 seconds
Domain Reload Profiling:
	ReloadAssembly (1022ms)
		BeginReloadAssembly (88ms)
			ExecutionOrderSort (0ms)
			DisableScriptedObjects (5ms)
			BackupInstance (0ms)
			ReleaseScriptingObjects (0ms)
			CreateAndSetChildDomain (18ms)
		EndReloadAssembly (840ms)
			LoadAssemblies (69ms)
			RebuildTransferFunctionScriptingTraits (0ms)
			SetupTypeCache (200ms)
			ReleaseScriptCaches (1ms)
			RebuildScriptCaches (49ms)
			SetupLoadedEditorAssemblies (486ms)
				LogAssemblyErrors (0ms)
				InitializePlatformSupportModulesInManaged (10ms)
				SetLoadedEditorAssemblies (0ms)
				RefreshPlugins (98ms)
				BeforeProcessingInitializeOnLoad (82ms)
				ProcessInitializeOnLoadAttributes (258ms)
				ProcessInitializeOnLoadMethodAttributes (35ms)
				AfterProcessingInitializeOnLoad (3ms)
				EditorAssembliesLoaded (0ms)
			ExecutionOrderSort2 (0ms)
			AwakeInstancesAfterBackupRestoration (4ms)
Platform modules already initialized, skipping
========================================================================
Worker process is ready to serve import requests
Launched and connected shader compiler UnityShaderCompiler.exe after 0.05 seconds
Refreshing native plugins compatible for Editor in 1.36 ms, found 4 plugins.
Preloading 0 native plugins for Editor in 0.00 ms.
Unloading 4648 Unused Serialized files (Serialized files now loaded: 0)
Unloading 54 unused Assets / (128.4 KB). Loaded Objects now: 5107.
Memory consumption went from 174.9 MB to 174.8 MB.
Total: 7.208100 ms (FindLiveObjects: 0.883800 ms CreateObjectMapping: 0.648400 ms MarkObjects: 5.529400 ms  DeleteObjects: 0.145100 ms)

AssetImportParameters requested are different than current active one (requested -> active):
  custom:video-decoder-ogg-theora: a1e56fd34408186e4bbccfd4996cb3dc -> 
  custom:container-muxer-webm: aa71ff27fc2769a1b78a27578f13a17b -> 
  custom:container-demuxer-webm: 4f35f7cbe854078d1ac9338744f61a02 -> 
  custom:video-encoder-webm-vp8: eb34c28f22e8b96e1ab97ce403110664 -> 
  custom:audio-encoder-webm-vorbis: bf7c407c2cedff20999df2af8eb42d56 -> 
  custom:framework-win-MediaFoundation: 216162199b28c13a410421893ffa2e32 -> 
  custom:container-demuxer-ogg: 62fdf1f143b41e24485cea50d1cbac27 -> 
  custom:video-decoder-webm-vp8: 9c59270c3fd7afecdb556c50c9e8de78 -> 
  custom:audio-decoder-ogg-vorbis: bf7c407c2cedff20999df2af8eb42d56 -> 
========================================================================
Received Import Request.
  Time since last request: 8182.395759 seconds.
  path: Assets/Enemies/Skeleton/Sprites/Walk/1_animation_walk_000.png
  artifactKey: Guid(8f72e2227f2e0074f88f1d44c4ed0832) Importer(815301076,1909f56bfc062723c751e8b465ee728b)
Start importing Assets/Enemies/Skeleton/Sprites/Walk/1_animation_walk_000.png using Guid(8f72e2227f2e0074f88f1d44c4ed0832) Importer(815301076,1909f56bfc062723c751e8b465ee728b)  -> (artifact id: 'f0c61cc448a6fbf1912db1afedeee677') in 0.100459 seconds 
========================================================================
Received Import Request.
  Time since last request: 2.192921 seconds.
  path: Assets/Character/HumanWarrior
  artifactKey: Guid(d483c5104f12022499419d3cbba17b9b) Importer(815301076,1909f56bfc062723c751e8b465ee728b)
Start importing Assets/Character/HumanWarrior using Guid(d483c5104f12022499419d3cbba17b9b) Importer(815301076,1909f56bfc062723c751e8b465ee728b)  -> (artifact id: 'da0ed819120f19e33a3980d216104427') in 0.001435 seconds 
========================================================================
Received Import Request.
  Time since last request: 0.991553 seconds.
  path: Assets/Character/HumanWarrior/Sprites
  artifactKey: Guid(dc16b41253be4f149b0e99b41fa1f1d9) Importer(815301076,1909f56bfc062723c751e8b465ee728b)
Start importing Assets/Character/HumanWarrior/Sprites using Guid(dc16b41253be4f149b0e99b41fa1f1d9) Importer(815301076,1909f56bfc062723c751e8b465ee728b)  -> (artifact id: 'ab40f83f75686cb79fa8e0e34a3655cd') in 0.001284 seconds 
========================================================================
Received Import Request.
  Time since last request: 1.826682 seconds.
  path: Assets/Character/HumanWarrior/Sprites/Attack/1_animation_attack_011.png
  artifactKey: Guid(d124da9d79b7fd740ba98fb5bbbdf421) Importer(815301076,1909f56bfc062723c751e8b465ee728b)
Start importing Assets/Character/HumanWarrior/Sprites/Attack/1_animation_attack_011.png using Guid(d124da9d79b7fd740ba98fb5bbbdf421) Importer(815301076,1909f56bfc062723c751e8b465ee728b)  -> (artifact id: '483cd0b98c69fb94e26cbfdd8efdd1cb') in 0.022676 seconds 
========================================================================
Received Import Request.
  Time since last request: 0.200384 seconds.
  path: Assets/Character/HumanWarrior/Sprites/Attack/1_animation_attack_017.png
  artifactKey: Guid(12e484706107f9343b3f3f57c685bbf0) Importer(815301076,1909f56bfc062723c751e8b465ee728b)
Start importing Assets/Character/HumanWarrior/Sprites/Attack/1_animation_attack_017.png using Guid(12e484706107f9343b3f3f57c685bbf0) Importer(815301076,1909f56bfc062723c751e8b465ee728b)  -> (artifact id: 'bf7adbbe39ad1eeecbd285b3ebd6b7dd') in 0.016246 seconds 
========================================================================
Received Import Request.
  Time since last request: 10.686217 seconds.
  path: Assets/Character/HumanWarrior/Sprites/Attack/1_animation_attack_012.png
  artifactKey: Guid(8262b14a53137284e9bbe73b695ba5ca) Importer(815301076,1909f56bfc062723c751e8b465ee728b)
Start importing Assets/Character/HumanWarrior/Sprites/Attack/1_animation_attack_012.png using Guid(8262b14a53137284e9bbe73b695ba5ca) Importer(815301076,1909f56bfc062723c751e8b465ee728b)  -> (artifact id: '23333ba8152832e2f95486593ef130f2') in 0.027109 seconds 
========================================================================
Received Import Request.
  Time since last request: 0.000038 seconds.
  path: Assets/Character/HumanWarrior/Sprites/Attack/1_animation_attack_018.png
  artifactKey: Guid(575194cc4aac05d4bad78f514131d531) Importer(815301076,1909f56bfc062723c751e8b465ee728b)
Start importing Assets/Character/HumanWarrior/Sprites/Attack/1_animation_attack_018.png using Guid(575194cc4aac05d4bad78f514131d531) Importer(815301076,1909f56bfc062723c751e8b465ee728b)  -> (artifact id: '48b0153624827db8636f5b31b9807bdc') in 0.024942 seconds 
========================================================================
Received Import Request.
  Time since last request: 5.171547 seconds.
  path: Assets/Character/HumanWarrior/Sprites/Attack/1_animation_attack_010.png
  artifactKey: Guid(9c1abab855fc3bf43b5044024e23c848) Importer(815301076,1909f56bfc062723c751e8b465ee728b)
Start importing Assets/Character/HumanWarrior/Sprites/Attack/1_animation_attack_010.png using Guid(9c1abab855fc3bf43b5044024e23c848) Importer(815301076,1909f56bfc062723c751e8b465ee728b)  -> (artifact id: '1f4e8951c659ec999010cd4a2c49215e') in 0.017003 seconds 
========================================================================
Received Import Request.
  Time since last request: 0.042917 seconds.
  path: Assets/Character/HumanWarrior/Sprites/Attack/1_animation_attack_006.png
  artifactKey: Guid(2e90c280048ae534eb684ccfe0aa2778) Importer(815301076,1909f56bfc062723c751e8b465ee728b)
Start importing Assets/Character/HumanWarrior/Sprites/Attack/1_animation_attack_006.png using Guid(2e90c280048ae534eb684ccfe0aa2778) Importer(815301076,1909f56bfc062723c751e8b465ee728b)  -> (artifact id: '9564367b9a1d538d92c77aa1acccac6a') in 0.020711 seconds 
========================================================================
Received Import Request.
  Time since last request: 0.250777 seconds.
  path: Assets/Character/HumanWarrior/Sprites/Attack/1_animation_attack_002.png
  artifactKey: Guid(13c2697030339ce499a842ca761553bb) Importer(815301076,1909f56bfc062723c751e8b465ee728b)
Start importing Assets/Character/HumanWarrior/Sprites/Attack/1_animation_attack_002.png using Guid(13c2697030339ce499a842ca761553bb) Importer(815301076,1909f56bfc062723c751e8b465ee728b)  -> (artifact id: '8ad9ef7f2984703abdc8dbb77e534fbd') in 0.015973 seconds 
========================================================================
Received Import Request.
  Time since last request: 0.000024 seconds.
  path: Assets/Character/HumanWarrior/Sprites/Attack/1_animation_attack_001.png
  artifactKey: Guid(ba980fdbdffaa554a8f857c609cb2672) Importer(815301076,1909f56bfc062723c751e8b465ee728b)
Start importing Assets/Character/HumanWarrior/Sprites/Attack/1_animation_attack_001.png using Guid(ba980fdbdffaa554a8f857c609cb2672) Importer(815301076,1909f56bfc062723c751e8b465ee728b)  -> (artifact id: '9149e964fcebceca7ef619ccf98ff714') in 0.019693 seconds 
========================================================================
Received Import Request.
  Time since last request: 4.552582 seconds.
  path: Assets/Character/HumanWarrior/Sprites/Attack/1_animation_attack_000.png
  artifactKey: Guid(092425ddd0925ca4196b4893c93c6b51) Importer(815301076,1909f56bfc062723c751e8b465ee728b)
Start importing Assets/Character/HumanWarrior/Sprites/Attack/1_animation_attack_000.png using Guid(092425ddd0925ca4196b4893c93c6b51) Importer(815301076,1909f56bfc062723c751e8b465ee728b)  -> (artifact id: '9bca59c4a55bd69a9de255388ffa48d9') in 0.025066 seconds 
========================================================================
Received Import Request.
  Time since last request: 0.000040 seconds.
  path: Assets/Character/HumanWarrior/Sprites/Attack/1_animation_attack_005.png
  artifactKey: Guid(34fcd712da002aa4da5cb766891ceade) Importer(815301076,1909f56bfc062723c751e8b465ee728b)
Start importing Assets/Character/HumanWarrior/Sprites/Attack/1_animation_attack_005.png using Guid(34fcd712da002aa4da5cb766891ceade) Importer(815301076,1909f56bfc062723c751e8b465ee728b)  -> (artifact id: '85e78c067b4fa1d2ae6ddc5b6a65bf5f') in 0.020503 seconds 
Editor requested this worker to shutdown with reason: Scaling down because of idle timeout
AssetImportWorker is now disconnected from the server
Process exiting
Exiting without the bug reporter. Application will terminate with return code 0