Using pre-set license
Built from '2021.3/staging' branch; Version is '2021.3.8f1 (b30333d56e81) revision 11731763'; Using compiler version '192829333'; Build Type 'Release'
OS: 'Windows 10  (10.0.19044) 64bit ProfessionalEducation' Language: 'ru' Physical Memory: 32666 MB
BatchMode: 1, IsHumanControllingUs: 0, StartBugReporterOnCrash: 0, Is64bit: 1, IsPro: 1

COMMAND LINE ARGUMENTS:
C:\Program Files\Unity\Hub\Editor\2021.3.8f1\Editor\Unity.exe
-adb2
-batchMode
-noUpm
-name
AssetImportWorker12
-projectPath
C:/Users/lapuzin.ka1664/Desktop/WS/RPG-WS/qwerty
-logFile
Logs/AssetImportWorker12.log
-srvPort
60141
Successfully changed project path to: C:/Users/lapuzin.ka1664/Desktop/WS/RPG-WS/qwerty
C:/Users/lapuzin.ka1664/Desktop/WS/RPG-WS/qwerty
[UnityMemory] Configuration Parameters - Can be set up in boot.config
    "memorysetup-bucket-allocator-granularity=16"
    "memorysetup-bucket-allocator-bucket-count=8"
    "memorysetup-bucket-allocator-block-size=33554432"
    "memorysetup-bucket-allocator-block-count=8"
    "memorysetup-main-allocator-block-size=16777216"
    "memorysetup-thread-allocator-block-size=16777216"
    "memorysetup-gfx-main-allocator-block-size=16777216"
    "memorysetup-gfx-thread-allocator-block-size=16777216"
    "memorysetup-cache-allocator-block-size=4194304"
    "memorysetup-typetree-allocator-block-size=2097152"
    "memorysetup-profiler-bucket-allocator-granularity=16"
    "memorysetup-profiler-bucket-allocator-bucket-count=8"
    "memorysetup-profiler-bucket-allocator-block-size=33554432"
    "memorysetup-profiler-bucket-allocator-block-count=8"
    "memorysetup-profiler-allocator-block-size=16777216"
    "memorysetup-profiler-editor-allocator-block-size=1048576"
    "memorysetup-temp-allocator-size-main=16777216"
    "memorysetup-job-temp-allocator-block-size=2097152"
    "memorysetup-job-temp-allocator-block-size-background=1048576"
    "memorysetup-job-temp-allocator-reduction-small-platforms=262144"
    "memorysetup-temp-allocator-size-background-worker=32768"
    "memorysetup-temp-allocator-size-job-worker=262144"
    "memorysetup-temp-allocator-size-preload-manager=33554432"
    "memorysetup-temp-allocator-size-nav-mesh-worker=65536"
    "memorysetup-temp-allocator-size-audio-worker=65536"
    "memorysetup-temp-allocator-size-cloud-worker=32768"
    "memorysetup-temp-allocator-size-gi-baking-worker=262144"
    "memorysetup-temp-allocator-size-gfx=262144"
Refreshing native plugins compatible for Editor in 116.27 ms, found 4 plugins.
Preloading 0 native plugins for Editor in 0.00 ms.
Initialize engine version: 2021.3.8f1 (b30333d56e81)
[Subsystems] Discovering subsystems at path C:/Program Files/Unity/Hub/Editor/2021.3.8f1/Editor/Data/Resources/UnitySubsystems
[Subsystems] Discovering subsystems at path C:/Users/lapuzin.ka1664/Desktop/WS/RPG-WS/qwerty/Assets
GfxDevice: creating device client; threaded=0; jobified=0
Direct3D:
    Version:  Direct3D 11.0 [level 11.1]
    Renderer: NVIDIA GeForce RTX 3070 Ti (ID=0x2482)
    Vendor:   NVIDIA
    VRAM:     8041 MB
    Driver:   31.0.15.1694
Initialize mono
Mono path[0] = 'C:/Program Files/Unity/Hub/Editor/2021.3.8f1/Editor/Data/Managed'
Mono path[1] = 'C:/Program Files/Unity/Hub/Editor/2021.3.8f1/Editor/Data/MonoBleedingEdge/lib/mono/unityjit-win32'
Mono config path = 'C:/Program Files/Unity/Hub/Editor/2021.3.8f1/Editor/Data/MonoBleedingEdge/etc'
Using monoOptions --debugger-agent=transport=dt_socket,embedding=1,server=y,suspend=n,address=127.0.0.1:56988
Begin MonoManager ReloadAssembly
Registering precompiled unity dll's ...
Register platform support module: C:/Program Files/Unity/Hub/Editor/2021.3.8f1/Editor/Data/PlaybackEngines/WindowsStandaloneSupport/UnityEditor.WindowsStandalone.Extensions.dll
Registered in 0.005851 seconds.
Native extension for WindowsStandalone target not found
Refreshing native plugins compatible for Editor in 106.31 ms, found 4 plugins.
Preloading 0 native plugins for Editor in 0.00 ms.
Mono: successfully reloaded assembly
- Completed reload, in  0.596 seconds
Domain Reload Profiling:
	ReloadAssembly (597ms)
		BeginReloadAssembly (67ms)
			ExecutionOrderSort (0ms)
			DisableScriptedObjects (0ms)
			BackupInstance (0ms)
			ReleaseScriptingObjects (0ms)
			CreateAndSetChildDomain (1ms)
		EndReloadAssembly (435ms)
			LoadAssemblies (64ms)
			RebuildTransferFunctionScriptingTraits (0ms)
			SetupTypeCache (87ms)
			ReleaseScriptCaches (0ms)
			RebuildScriptCaches (26ms)
			SetupLoadedEditorAssemblies (274ms)
				LogAssemblyErrors (0ms)
				InitializePlatformSupportModulesInManaged (7ms)
				SetLoadedEditorAssemblies (0ms)
				RefreshPlugins (106ms)
				BeforeProcessingInitializeOnLoad (1ms)
				ProcessInitializeOnLoadAttributes (118ms)
				ProcessInitializeOnLoadMethodAttributes (42ms)
				AfterProcessingInitializeOnLoad (0ms)
				EditorAssembliesLoaded (0ms)
			ExecutionOrderSort2 (0ms)
			AwakeInstancesAfterBackupRestoration (0ms)
Platform modules already initialized, skipping
Registering precompiled user dll's ...
Registered in 0.009819 seconds.
Begin MonoManager ReloadAssembly
Symbol file LoadedFromMemory doesn't match image C:\Users\lapuzin.ka1664\Desktop\WS\RPG-WS\qwerty\Library\PackageCache\com.unity.visualscripting@1.7.8\Editor\VisualScripting.Core\Dependencies\YamlDotNet\Unity.VisualScripting.YamlDotNet.dll
Symbol file LoadedFromMemory doesn't match image C:\Users\lapuzin.ka1664\Desktop\WS\RPG-WS\qwerty\Library\PackageCache\com.unity.visualscripting@1.7.8\Editor\VisualScripting.Core\Dependencies\DotNetZip\Unity.VisualScripting.IonicZip.dll
Native extension for WindowsStandalone target not found
Refreshing native plugins compatible for Editor in 102.67 ms, found 4 plugins.
Preloading 0 native plugins for Editor in 0.00 ms.
Mono: successfully reloaded assembly
- Completed reload, in  1.132 seconds
Domain Reload Profiling:
	ReloadAssembly (1133ms)
		BeginReloadAssembly (93ms)
			ExecutionOrderSort (0ms)
			DisableScriptedObjects (5ms)
			BackupInstance (0ms)
			ReleaseScriptingObjects (0ms)
			CreateAndSetChildDomain (16ms)
		EndReloadAssembly (930ms)
			LoadAssemblies (73ms)
			RebuildTransferFunctionScriptingTraits (0ms)
			SetupTypeCache (221ms)
			ReleaseScriptCaches (1ms)
			RebuildScriptCaches (60ms)
			SetupLoadedEditorAssemblies (533ms)
				LogAssemblyErrors (0ms)
				InitializePlatformSupportModulesInManaged (4ms)
				SetLoadedEditorAssemblies (0ms)
				RefreshPlugins (103ms)
				BeforeProcessingInitializeOnLoad (94ms)
				ProcessInitializeOnLoadAttributes (288ms)
				ProcessInitializeOnLoadMethodAttributes (38ms)
				AfterProcessingInitializeOnLoad (7ms)
				EditorAssembliesLoaded (0ms)
			ExecutionOrderSort2 (0ms)
			AwakeInstancesAfterBackupRestoration (5ms)
Platform modules already initialized, skipping
========================================================================
Worker process is ready to serve import requests
Launched and connected shader compiler UnityShaderCompiler.exe after 0.03 seconds
Refreshing native plugins compatible for Editor in 0.91 ms, found 4 plugins.
Preloading 0 native plugins for Editor in 0.00 ms.
Unloading 4655 Unused Serialized files (Serialized files now loaded: 0)
Unloading 54 unused Assets / (128.2 KB). Loaded Objects now: 5111.
Memory consumption went from 175.0 MB to 174.9 MB.
Total: 3.951600 ms (FindLiveObjects: 0.378700 ms CreateObjectMapping: 0.339200 ms MarkObjects: 3.154800 ms  DeleteObjects: 0.078300 ms)

AssetImportParameters requested are different than current active one (requested -> active):
  custom:video-decoder-ogg-theora: a1e56fd34408186e4bbccfd4996cb3dc -> 
  custom:container-muxer-webm: aa71ff27fc2769a1b78a27578f13a17b -> 
  custom:container-demuxer-webm: 4f35f7cbe854078d1ac9338744f61a02 -> 
  custom:video-encoder-webm-vp8: eb34c28f22e8b96e1ab97ce403110664 -> 
  custom:audio-encoder-webm-vorbis: bf7c407c2cedff20999df2af8eb42d56 -> 
  custom:framework-win-MediaFoundation: 216162199b28c13a410421893ffa2e32 -> 
  custom:container-demuxer-ogg: 62fdf1f143b41e24485cea50d1cbac27 -> 
  custom:video-decoder-webm-vp8: 9c59270c3fd7afecdb556c50c9e8de78 -> 
  custom:audio-decoder-ogg-vorbis: bf7c407c2cedff20999df2af8eb42d56 -> 
========================================================================
Received Import Request.
  Time since last request: 84576.049687 seconds.
  path: Assets/Tiles/SnowTiles/2.png
  artifactKey: Guid(09d4f215d27851b46b2aa2cac05fdc28) Importer(815301076,1909f56bfc062723c751e8b465ee728b)
Start importing Assets/Tiles/SnowTiles/2.png using Guid(09d4f215d27851b46b2aa2cac05fdc28) Importer(815301076,1909f56bfc062723c751e8b465ee728b)  -> (artifact id: 'fe22878f540dd6cf26d1935e9fb13126') in 0.106990 seconds 
========================================================================
Received Import Request.
  Time since last request: 3.434886 seconds.
  path: Assets/Tiles/tail_1_square/2.png
  artifactKey: Guid(539dbfaf41c95134392fbcc8c32399fd) Importer(815301076,1909f56bfc062723c751e8b465ee728b)
Start importing Assets/Tiles/tail_1_square/2.png using Guid(539dbfaf41c95134392fbcc8c32399fd) Importer(815301076,1909f56bfc062723c751e8b465ee728b)  -> (artifact id: '4d5f1e741f5328c10ffcbe890c17930f') in 0.034394 seconds 
========================================================================
Received Import Request.
  Time since last request: 0.000026 seconds.
  path: Assets/Tiles/tail_1_square/9.png
  artifactKey: Guid(d058b68cf67e0094397df81aba308c6f) Importer(815301076,1909f56bfc062723c751e8b465ee728b)
Start importing Assets/Tiles/tail_1_square/9.png using Guid(d058b68cf67e0094397df81aba308c6f) Importer(815301076,1909f56bfc062723c751e8b465ee728b)  -> (artifact id: 'ef8854b1db761b0121349434b7295c7c') in 0.037521 seconds 
========================================================================
Received Import Request.
  Time since last request: 0.000023 seconds.
  path: Assets/Tiles/tail_1_square/15.png
  artifactKey: Guid(15a013989fe4b914397c8c5d3369ec02) Importer(815301076,1909f56bfc062723c751e8b465ee728b)
Start importing Assets/Tiles/tail_1_square/15.png using Guid(15a013989fe4b914397c8c5d3369ec02) Importer(815301076,1909f56bfc062723c751e8b465ee728b)  -> (artifact id: 'e886471696751dce175f067a8d0384f4') in 0.026274 seconds 
========================================================================
Received Import Request.
  Time since last request: 0.000025 seconds.
  path: Assets/Tiles/tail_1_square/7.png
  artifactKey: Guid(56099bb273a73bf4a9f9edf77cb8f86c) Importer(815301076,1909f56bfc062723c751e8b465ee728b)
Start importing Assets/Tiles/tail_1_square/7.png using Guid(56099bb273a73bf4a9f9edf77cb8f86c) Importer(815301076,1909f56bfc062723c751e8b465ee728b)  -> (artifact id: '6e2d7c78d33680f816f330110937b7e9') in 0.031787 seconds 
========================================================================
Received Import Request.
  Time since last request: 1.746999 seconds.
  path: Assets/Tiles/tail_4_square/2.png
  artifactKey: Guid(ede7c4fd0ab9f0e428d8acc596c1fdb9) Importer(815301076,1909f56bfc062723c751e8b465ee728b)
Start importing Assets/Tiles/tail_4_square/2.png using Guid(ede7c4fd0ab9f0e428d8acc596c1fdb9) Importer(815301076,1909f56bfc062723c751e8b465ee728b)  -> (artifact id: '188ab9578d8222d1a673f14ce4658dbd') in 0.030157 seconds 
========================================================================
Received Import Request.
  Time since last request: 0.000022 seconds.
  path: Assets/Tiles/tail_4_square/19.png
  artifactKey: Guid(7f711b6f6f554a54b91f1f6fd6111402) Importer(815301076,1909f56bfc062723c751e8b465ee728b)
Start importing Assets/Tiles/tail_4_square/19.png using Guid(7f711b6f6f554a54b91f1f6fd6111402) Importer(815301076,1909f56bfc062723c751e8b465ee728b)  -> (artifact id: 'd11120157f868b7afc1f0ba99cb63d2c') in 0.045916 seconds 
========================================================================
Received Import Request.
  Time since last request: 0.000030 seconds.
  path: Assets/Tiles/tail_4_square/17.png
  artifactKey: Guid(57eb33699dbbf954ca7c9c3cdebd01f7) Importer(815301076,1909f56bfc062723c751e8b465ee728b)
Start importing Assets/Tiles/tail_4_square/17.png using Guid(57eb33699dbbf954ca7c9c3cdebd01f7) Importer(815301076,1909f56bfc062723c751e8b465ee728b)  -> (artifact id: '4e1f4c7b0e924998baae4c5d6b6b2680') in 0.042553 seconds 
========================================================================
Received Import Request.
  Time since last request: 3.321079 seconds.
  path: Assets/Tiles/tail_6/2.png
  artifactKey: Guid(848d7598e47521e48a5d070dbc82fcc4) Importer(815301076,1909f56bfc062723c751e8b465ee728b)
Start importing Assets/Tiles/tail_6/2.png using Guid(848d7598e47521e48a5d070dbc82fcc4) Importer(815301076,1909f56bfc062723c751e8b465ee728b)  -> (artifact id: 'e8704d662df8833e45c6e803e4a789a5') in 0.029811 seconds 
========================================================================
Received Import Request.
  Time since last request: 0.000017 seconds.
  path: Assets/Tiles/tail_6/15.png
  artifactKey: Guid(965b1f6c9cbc85841a6dc311f85ff406) Importer(815301076,1909f56bfc062723c751e8b465ee728b)
Start importing Assets/Tiles/tail_6/15.png using Guid(965b1f6c9cbc85841a6dc311f85ff406) Importer(815301076,1909f56bfc062723c751e8b465ee728b)  -> (artifact id: '2fa8b129f7db0d5cd715a8fdded994d2') in 0.080294 seconds 
========================================================================
Received Import Request.
  Time since last request: 0.000021 seconds.
  path: Assets/Tiles/tail_6/14.png
  artifactKey: Guid(76ee73de9f41d494699e10b55e300e54) Importer(815301076,1909f56bfc062723c751e8b465ee728b)
Start importing Assets/Tiles/tail_6/14.png using Guid(76ee73de9f41d494699e10b55e300e54) Importer(815301076,1909f56bfc062723c751e8b465ee728b)  -> (artifact id: 'cffd3a4c52d2cd2666270a3576c717db') in 0.026229 seconds 
========================================================================
Received Import Request.
  Time since last request: 0.000016 seconds.
  path: Assets/Tiles/tail_6/6.png
  artifactKey: Guid(6b96435a26770d84aa73a9b35dde1cc7) Importer(815301076,1909f56bfc062723c751e8b465ee728b)
Start importing Assets/Tiles/tail_6/6.png using Guid(6b96435a26770d84aa73a9b35dde1cc7) Importer(815301076,1909f56bfc062723c751e8b465ee728b)  -> (artifact id: 'b78f77207c944fee239881decdba5335') in 0.031428 seconds 
========================================================================
Received Import Request.
  Time since last request: 8.002120 seconds.
  path: Assets/Tiles/tail_6_square/2.png
  artifactKey: Guid(e9dd63002ce397742a20643539f7793c) Importer(815301076,1909f56bfc062723c751e8b465ee728b)
Start importing Assets/Tiles/tail_6_square/2.png using Guid(e9dd63002ce397742a20643539f7793c) Importer(815301076,1909f56bfc062723c751e8b465ee728b)  -> (artifact id: '725559fb5c767426fa9ac91b0947aded') in 0.033371 seconds 
========================================================================
Received Import Request.
  Time since last request: 0.000038 seconds.
  path: Assets/Tiles/tail_6_square/10.png
  artifactKey: Guid(e056b6f295c817c4884f99fbbe81a909) Importer(815301076,1909f56bfc062723c751e8b465ee728b)
Start importing Assets/Tiles/tail_6_square/10.png using Guid(e056b6f295c817c4884f99fbbe81a909) Importer(815301076,1909f56bfc062723c751e8b465ee728b)  -> (artifact id: 'b52d84376e4ed1d79ebaed435e3aea38') in 0.041232 seconds 
========================================================================
Received Import Request.
  Time since last request: 0.000027 seconds.
  path: Assets/Tiles/tail_6_square/14.png
  artifactKey: Guid(e6c9115ce534b0747b549186e868233b) Importer(815301076,1909f56bfc062723c751e8b465ee728b)
Start importing Assets/Tiles/tail_6_square/14.png using Guid(e6c9115ce534b0747b549186e868233b) Importer(815301076,1909f56bfc062723c751e8b465ee728b)  -> (artifact id: '309dd398637884f430d2e38ef6bba382') in 0.053248 seconds 
========================================================================
Received Import Request.
  Time since last request: 0.000028 seconds.
  path: Assets/Tiles/tail_6_square/19.png
  artifactKey: Guid(c38b72e8f635c4044895f8c34cf77269) Importer(815301076,1909f56bfc062723c751e8b465ee728b)
Start importing Assets/Tiles/tail_6_square/19.png using Guid(c38b72e8f635c4044895f8c34cf77269) Importer(815301076,1909f56bfc062723c751e8b465ee728b)  -> (artifact id: 'ce867fa1b69e0e736636cd733f8568e6') in 0.045140 seconds 
========================================================================
Received Import Request.
  Time since last request: 1.331226 seconds.
  path: Assets/Tiles/WaterTiles/2.png
  artifactKey: Guid(752ffbf4733abd148ac7122edd36d7a1) Importer(815301076,1909f56bfc062723c751e8b465ee728b)
Start importing Assets/Tiles/WaterTiles/2.png using Guid(752ffbf4733abd148ac7122edd36d7a1) Importer(815301076,1909f56bfc062723c751e8b465ee728b)  -> (artifact id: 'e7e7d04c4f445e6ace2b879a8ee6fe10') in 0.032403 seconds 
========================================================================
Received Import Request.
  Time since last request: 0.000051 seconds.
  path: Assets/Tiles/WaterTiles/9.png
  artifactKey: Guid(80bfd5fdf23495644bf8989ca162f4f1) Importer(815301076,1909f56bfc062723c751e8b465ee728b)
Start importing Assets/Tiles/WaterTiles/9.png using Guid(80bfd5fdf23495644bf8989ca162f4f1) Importer(815301076,1909f56bfc062723c751e8b465ee728b)  -> (artifact id: '12788d0b7ef997b2bf5974ffee3313e4') in 0.037158 seconds 
========================================================================
Received Import Request.
  Time since last request: 1.336226 seconds.
  path: Assets/Tiles/tail_5/2.png
  artifactKey: Guid(14a0f2784ee3fb94ea858bdf1b249e9c) Importer(815301076,1909f56bfc062723c751e8b465ee728b)
Start importing Assets/Tiles/tail_5/2.png using Guid(14a0f2784ee3fb94ea858bdf1b249e9c) Importer(815301076,1909f56bfc062723c751e8b465ee728b)  -> (artifact id: '2baac796af7702341b09d502ee970ab2') in 0.028250 seconds 
========================================================================
Received Import Request.
  Time since last request: 0.000021 seconds.
  path: Assets/Tiles/tail_5/9.png
  artifactKey: Guid(196267cdffc22d44ab102fca94746b55) Importer(815301076,1909f56bfc062723c751e8b465ee728b)
Start importing Assets/Tiles/tail_5/9.png using Guid(196267cdffc22d44ab102fca94746b55) Importer(815301076,1909f56bfc062723c751e8b465ee728b)  -> (artifact id: '0d93463f36d7b3f5ac8d6c5aa1864311') in 0.065539 seconds 
========================================================================
Received Import Request.
  Time since last request: 0.000024 seconds.
  path: Assets/Tiles/tail_5/18.png
  artifactKey: Guid(87b4af91e19436646829a884666b709d) Importer(815301076,1909f56bfc062723c751e8b465ee728b)
Start importing Assets/Tiles/tail_5/18.png using Guid(87b4af91e19436646829a884666b709d) Importer(815301076,1909f56bfc062723c751e8b465ee728b)  -> (artifact id: 'a75a37d7d807f4a585fd971abbc10ac3') in 0.047419 seconds 
========================================================================
Received Import Request.
  Time since last request: 1.739462 seconds.
  path: Assets/Tiles/tail_3_square/2.png
  artifactKey: Guid(a2918ce6bbb1ec34f8bf74243d0dc5c1) Importer(815301076,1909f56bfc062723c751e8b465ee728b)
Start importing Assets/Tiles/tail_3_square/2.png using Guid(a2918ce6bbb1ec34f8bf74243d0dc5c1) Importer(815301076,1909f56bfc062723c751e8b465ee728b)  -> (artifact id: 'b87110421395bd40bd009d858006adc4') in 0.022707 seconds 
========================================================================
Received Import Request.
  Time since last request: 0.000017 seconds.
  path: Assets/Tiles/tail_3_square/6.png
  artifactKey: Guid(ebc3ed57f5353184eada702512460ed5) Importer(815301076,1909f56bfc062723c751e8b465ee728b)
Start importing Assets/Tiles/tail_3_square/6.png using Guid(ebc3ed57f5353184eada702512460ed5) Importer(815301076,1909f56bfc062723c751e8b465ee728b)  -> (artifact id: 'de839fba318e23e0f355557b80f95d49') in 0.018785 seconds 
========================================================================
Received Import Request.
  Time since last request: 0.000019 seconds.
  path: Assets/Tiles/tail_3_square/14.png
  artifactKey: Guid(027c98a04598bc743828df3306d13fe1) Importer(815301076,1909f56bfc062723c751e8b465ee728b)
Start importing Assets/Tiles/tail_3_square/14.png using Guid(027c98a04598bc743828df3306d13fe1) Importer(815301076,1909f56bfc062723c751e8b465ee728b)  -> (artifact id: '9e23767cdbe6243cb34641420dbbb402') in 0.018988 seconds 
========================================================================
Received Import Request.
  Time since last request: 0.000018 seconds.
  path: Assets/Tiles/tail_3_square/15.png
  artifactKey: Guid(c9364f414f2d6544598d22ebb6b55c84) Importer(815301076,1909f56bfc062723c751e8b465ee728b)
Start importing Assets/Tiles/tail_3_square/15.png using Guid(c9364f414f2d6544598d22ebb6b55c84) Importer(815301076,1909f56bfc062723c751e8b465ee728b)  -> (artifact id: '09cd07b58f37e7d5347f9f0308185c57') in 0.017040 seconds 
========================================================================
Received Import Request.
  Time since last request: 9.840394 seconds.
  path: Assets/Tiles/tail_3_square/2.png
  artifactKey: Guid(a2918ce6bbb1ec34f8bf74243d0dc5c1) Importer(815301076,1909f56bfc062723c751e8b465ee728b)
Start importing Assets/Tiles/tail_3_square/2.png using Guid(a2918ce6bbb1ec34f8bf74243d0dc5c1) Importer(815301076,1909f56bfc062723c751e8b465ee728b)  -> (artifact id: '33d466738dbd73fb5a25d19f0811155e') in 0.036821 seconds 
========================================================================
Received Import Request.
  Time since last request: 0.000020 seconds.
  path: Assets/Tiles/tail_3_square/10.png
  artifactKey: Guid(ad97265cbfd797d48ac65d2dfb1b2e1b) Importer(815301076,1909f56bfc062723c751e8b465ee728b)
Start importing Assets/Tiles/tail_3_square/10.png using Guid(ad97265cbfd797d48ac65d2dfb1b2e1b) Importer(815301076,1909f56bfc062723c751e8b465ee728b)  -> (artifact id: '2405ff08749a372ad77fb515dc2059b6') in 0.017367 seconds 
========================================================================
Received Import Request.
  Time since last request: 0.000025 seconds.
  path: Assets/Tiles/tail_3_square/12.png
  artifactKey: Guid(ef22b5c0261637a4ab765f3f8613a41b) Importer(815301076,1909f56bfc062723c751e8b465ee728b)
Start importing Assets/Tiles/tail_3_square/12.png using Guid(ef22b5c0261637a4ab765f3f8613a41b) Importer(815301076,1909f56bfc062723c751e8b465ee728b)  -> (artifact id: '9c4317616b3bfc8f6e974d33dc0ba577') in 0.016819 seconds 
========================================================================
Received Import Request.
  Time since last request: 0.000027 seconds.
  path: Assets/Tiles/tail_3_square/13.png
  artifactKey: Guid(e3ff012c03b410248aecb45355f72ef0) Importer(815301076,1909f56bfc062723c751e8b465ee728b)
Start importing Assets/Tiles/tail_3_square/13.png using Guid(e3ff012c03b410248aecb45355f72ef0) Importer(815301076,1909f56bfc062723c751e8b465ee728b)  -> (artifact id: '95ffff391456ab529247d70898faf476') in 0.016182 seconds 
========================================================================
Received Import Request.
  Time since last request: 11.926228 seconds.
  path: Assets/Tiles/tail_2_square/2.png
  artifactKey: Guid(3621ca81751972743bfd9774d71a6e8c) Importer(815301076,1909f56bfc062723c751e8b465ee728b)
Start importing Assets/Tiles/tail_2_square/2.png using Guid(3621ca81751972743bfd9774d71a6e8c) Importer(815301076,1909f56bfc062723c751e8b465ee728b)  -> (artifact id: 'b01af8ed77e95f504238de0978251f54') in 0.024811 seconds 
========================================================================
Received Import Request.
  Time since last request: 0.000023 seconds.
  path: Assets/Tiles/tail_2_square/18.png
  artifactKey: Guid(42dde3692e51d494ea282f8e841f4eb3) Importer(815301076,1909f56bfc062723c751e8b465ee728b)
Start importing Assets/Tiles/tail_2_square/18.png using Guid(42dde3692e51d494ea282f8e841f4eb3) Importer(815301076,1909f56bfc062723c751e8b465ee728b)  -> (artifact id: 'd5690f47c87aaf1d9eebd475c547d0f7') in 0.035790 seconds 
========================================================================
Received Import Request.
  Time since last request: 0.000020 seconds.
  path: Assets/Tiles/tail_2_square/13.png
  artifactKey: Guid(beeb67506ce3fc54a801c0c2471d28bf) Importer(815301076,1909f56bfc062723c751e8b465ee728b)
Start importing Assets/Tiles/tail_2_square/13.png using Guid(beeb67506ce3fc54a801c0c2471d28bf) Importer(815301076,1909f56bfc062723c751e8b465ee728b)  -> (artifact id: '4917d9c67b69086fe14532cde172c7c6') in 0.022627 seconds 
========================================================================
Received Import Request.
  Time since last request: 0.000020 seconds.
  path: Assets/Tiles/tail_2_square/8.png
  artifactKey: Guid(296ad5633ea81df478fa31443ec10d75) Importer(815301076,1909f56bfc062723c751e8b465ee728b)
Start importing Assets/Tiles/tail_2_square/8.png using Guid(296ad5633ea81df478fa31443ec10d75) Importer(815301076,1909f56bfc062723c751e8b465ee728b)  -> (artifact id: 'c1c168d872cd299e4f4238ceec7e70d1') in 0.047419 seconds 
========================================================================
Received Import Request.
  Time since last request: 6.488546 seconds.
  path: Assets/Tiles/tail_2_square/2.png
  artifactKey: Guid(3621ca81751972743bfd9774d71a6e8c) Importer(815301076,1909f56bfc062723c751e8b465ee728b)
Start importing Assets/Tiles/tail_2_square/2.png using Guid(3621ca81751972743bfd9774d71a6e8c) Importer(815301076,1909f56bfc062723c751e8b465ee728b)  -> (artifact id: '46606808501f9c548f629eda49f41767') in 0.020747 seconds 
========================================================================
Received Import Request.
  Time since last request: 0.000020 seconds.
  path: Assets/Tiles/tail_2_square/18.png
  artifactKey: Guid(42dde3692e51d494ea282f8e841f4eb3) Importer(815301076,1909f56bfc062723c751e8b465ee728b)
Start importing Assets/Tiles/tail_2_square/18.png using Guid(42dde3692e51d494ea282f8e841f4eb3) Importer(815301076,1909f56bfc062723c751e8b465ee728b)  -> (artifact id: '6c9bc7bf32d92ec4c8bcc5d6676c5cd2') in 0.017702 seconds 
========================================================================
Received Import Request.
  Time since last request: 0.000030 seconds.
  path: Assets/Tiles/tail_2_square/14.png
  artifactKey: Guid(8a70a77b1ea733040a5159440d37af76) Importer(815301076,1909f56bfc062723c751e8b465ee728b)
Start importing Assets/Tiles/tail_2_square/14.png using Guid(8a70a77b1ea733040a5159440d37af76) Importer(815301076,1909f56bfc062723c751e8b465ee728b)  -> (artifact id: '04205b79d2d3d769799383c140b3a8c6') in 0.018236 seconds 
========================================================================
Received Import Request.
  Time since last request: 0.000018 seconds.
  path: Assets/Tiles/tail_2_square/8.png
  artifactKey: Guid(296ad5633ea81df478fa31443ec10d75) Importer(815301076,1909f56bfc062723c751e8b465ee728b)
Start importing Assets/Tiles/tail_2_square/8.png using Guid(296ad5633ea81df478fa31443ec10d75) Importer(815301076,1909f56bfc062723c751e8b465ee728b)  -> (artifact id: 'edeb5dd536c7c794394685e943ee9c44') in 0.018316 seconds 
========================================================================
Received Import Request.
  Time since last request: 12.947565 seconds.
  path: Assets/Tiles/tail_2/2.png
  artifactKey: Guid(00bb67d3d283a9543bc51eb0bebedc03) Importer(815301076,1909f56bfc062723c751e8b465ee728b)
Start importing Assets/Tiles/tail_2/2.png using Guid(00bb67d3d283a9543bc51eb0bebedc03) Importer(815301076,1909f56bfc062723c751e8b465ee728b)  -> (artifact id: 'bcb04d094a0e99a7a8032c931507d68a') in 0.030903 seconds 
========================================================================
Received Import Request.
  Time since last request: 0.000024 seconds.
  path: Assets/Tiles/tail_2/17.png
  artifactKey: Guid(68ac8ce44a6ba8d4e9b71e41fc858b2d) Importer(815301076,1909f56bfc062723c751e8b465ee728b)
Start importing Assets/Tiles/tail_2/17.png using Guid(68ac8ce44a6ba8d4e9b71e41fc858b2d) Importer(815301076,1909f56bfc062723c751e8b465ee728b)  -> (artifact id: '5de8b2665f98f85660a03c980d5ce7ae') in 0.067239 seconds 
========================================================================
Received Import Request.
  Time since last request: 0.000024 seconds.
  path: Assets/Tiles/tail_2/12.png
  artifactKey: Guid(d7e1709509d64eb4b992e8040b06a4a9) Importer(815301076,1909f56bfc062723c751e8b465ee728b)
Start importing Assets/Tiles/tail_2/12.png using Guid(d7e1709509d64eb4b992e8040b06a4a9) Importer(815301076,1909f56bfc062723c751e8b465ee728b)  -> (artifact id: '120ee0102aaa3b7a19fb515637faf01d') in 0.061353 seconds 
========================================================================
Received Import Request.
  Time since last request: 9.558416 seconds.
  path: Assets/Tiles/tail_6_square/2.png
  artifactKey: Guid(e9dd63002ce397742a20643539f7793c) Importer(815301076,1909f56bfc062723c751e8b465ee728b)
Start importing Assets/Tiles/tail_6_square/2.png using Guid(e9dd63002ce397742a20643539f7793c) Importer(815301076,1909f56bfc062723c751e8b465ee728b)  -> (artifact id: '49d86c36a22532d17901ef539bd08659') in 0.045899 seconds 
========================================================================
Received Import Request.
  Time since last request: 0.000017 seconds.
  path: Assets/Tiles/tail_6_square/7.png
  artifactKey: Guid(0c0354bddd8dba34db7342a4f410d13a) Importer(815301076,1909f56bfc062723c751e8b465ee728b)
Start importing Assets/Tiles/tail_6_square/7.png using Guid(0c0354bddd8dba34db7342a4f410d13a) Importer(815301076,1909f56bfc062723c751e8b465ee728b)  -> (artifact id: 'a8daa94f76e70c2b5d5defa05f502393') in 0.023758 seconds 
========================================================================
Received Import Request.
  Time since last request: 0.000023 seconds.
  path: Assets/Tiles/tail_6_square/14.png
  artifactKey: Guid(e6c9115ce534b0747b549186e868233b) Importer(815301076,1909f56bfc062723c751e8b465ee728b)
Start importing Assets/Tiles/tail_6_square/14.png using Guid(e6c9115ce534b0747b549186e868233b) Importer(815301076,1909f56bfc062723c751e8b465ee728b)  -> (artifact id: 'd011ceb2796b8c999d0dd54d7f451026') in 0.035085 seconds 
========================================================================
Received Import Request.
  Time since last request: 0.000021 seconds.
  path: Assets/Tiles/tail_6_square/9.png
  artifactKey: Guid(afb40eb4a362d2b46a5903ca3a881967) Importer(815301076,1909f56bfc062723c751e8b465ee728b)
Start importing Assets/Tiles/tail_6_square/9.png using Guid(afb40eb4a362d2b46a5903ca3a881967) Importer(815301076,1909f56bfc062723c751e8b465ee728b)  -> (artifact id: 'f2a1fbaebc22c7f5752285c7fb45dde5') in 0.018194 seconds 
========================================================================
Received Import Request.
  Time since last request: 6.701559 seconds.
  path: Assets/Sprites/ndead-warrior-character/PNG/undead/1/1_animation_attack_019.png
  artifactKey: Guid(6db8275ceafaeb7498704c60c108b684) Importer(815301076,1909f56bfc062723c751e8b465ee728b)
Start importing Assets/Sprites/ndead-warrior-character/PNG/undead/1/1_animation_attack_019.png using Guid(6db8275ceafaeb7498704c60c108b684) Importer(815301076,1909f56bfc062723c751e8b465ee728b)  -> (artifact id: 'f307185de16bdbf6385a6e798418097e') in 0.040040 seconds 
========================================================================
Received Import Request.
  Time since last request: 0.000018 seconds.
  path: Assets/Sprites/ndead-warrior-character/PNG/undead/1/1_animation_idle_019.png
  artifactKey: Guid(c808ed2af22985d4e9823934174ca2a1) Importer(815301076,1909f56bfc062723c751e8b465ee728b)
Start importing Assets/Sprites/ndead-warrior-character/PNG/undead/1/1_animation_idle_019.png using Guid(c808ed2af22985d4e9823934174ca2a1) Importer(815301076,1909f56bfc062723c751e8b465ee728b)  -> (artifact id: '163c9f4e45b39c181eaf999e766ebc58') in 0.028751 seconds 
========================================================================
Received Import Request.
  Time since last request: 0.000024 seconds.
  path: Assets/Sprites/people-warrior-character/PNG/human/1/1_animation_hurt_019.png
  artifactKey: Guid(50753ea198150cf47b96f63bf5eb5b85) Importer(815301076,1909f56bfc062723c751e8b465ee728b)
Start importing Assets/Sprites/people-warrior-character/PNG/human/1/1_animation_hurt_019.png using Guid(50753ea198150cf47b96f63bf5eb5b85) Importer(815301076,1909f56bfc062723c751e8b465ee728b)  -> (artifact id: 'cc7f6dbd5c8e113a47c5946a997cd9b7') in 0.042537 seconds 
========================================================================
Received Import Request.
  Time since last request: 0.000025 seconds.
  path: Assets/Character/HumanWarrior/Sprites/Walk/1_animation_walk_019.png
  artifactKey: Guid(b64327489dd734c49a41d5c8962a40d8) Importer(815301076,1909f56bfc062723c751e8b465ee728b)
Start importing Assets/Character/HumanWarrior/Sprites/Walk/1_animation_walk_019.png using Guid(b64327489dd734c49a41d5c8962a40d8) Importer(815301076,1909f56bfc062723c751e8b465ee728b)  -> (artifact id: '1f4e5a3216c887dbfaf15b2bd1f0e260') in 0.030173 seconds 
========================================================================
Received Import Request.
  Time since last request: 1.310752 seconds.
  path: Assets/Sprites/ndead-warrior-character/PNG/undead/2/2_animation_hurt_019.png
  artifactKey: Guid(01476ccd3f591aa45b6d4b27b3c894e1) Importer(815301076,1909f56bfc062723c751e8b465ee728b)
Start importing Assets/Sprites/ndead-warrior-character/PNG/undead/2/2_animation_hurt_019.png using Guid(01476ccd3f591aa45b6d4b27b3c894e1) Importer(815301076,1909f56bfc062723c751e8b465ee728b)  -> (artifact id: 'a163a8141359bbde0fb9053ca2701992') in 0.029446 seconds 
========================================================================
Received Import Request.
  Time since last request: 0.000035 seconds.
  path: Assets/Sprites/people-warrior-character/PNG/human/2/2_animation_walk_019.png
  artifactKey: Guid(f6b488d252ba8a44892752a8e37bbeda) Importer(815301076,1909f56bfc062723c751e8b465ee728b)
Start importing Assets/Sprites/people-warrior-character/PNG/human/2/2_animation_walk_019.png using Guid(f6b488d252ba8a44892752a8e37bbeda) Importer(815301076,1909f56bfc062723c751e8b465ee728b)  -> (artifact id: 'a5dc37e4248f548ae09eeaa658df3813') in 0.028694 seconds 
========================================================================
Received Import Request.
  Time since last request: 0.181954 seconds.
  path: Assets/Sprites/people-warrior-character/PNG/human/3/3_animation_attack_019.png
  artifactKey: Guid(0026d579bb78e0145a732416dc577a28) Importer(815301076,1909f56bfc062723c751e8b465ee728b)
Start importing Assets/Sprites/people-warrior-character/PNG/human/3/3_animation_attack_019.png using Guid(0026d579bb78e0145a732416dc577a28) Importer(815301076,1909f56bfc062723c751e8b465ee728b)  -> (artifact id: 'a8b914a4f0808cece50f8c36f90b40c3') in 0.029284 seconds 
========================================================================
Received Import Request.
  Time since last request: 0.000037 seconds.
  path: Assets/Sprites/people-warrior-character/PNG/human/3/3_animation_idle_019.png
  artifactKey: Guid(9c05cd9b3667c5a4fafae45588c0e581) Importer(815301076,1909f56bfc062723c751e8b465ee728b)
Start importing Assets/Sprites/people-warrior-character/PNG/human/3/3_animation_idle_019.png using Guid(9c05cd9b3667c5a4fafae45588c0e581) Importer(815301076,1909f56bfc062723c751e8b465ee728b)  -> (artifact id: '3e6ca624ec020834a236a9fea4c13cc5') in 0.020434 seconds 
========================================================================
Received Import Request.
  Time since last request: 0.000026 seconds.
  path: Assets/Sprites/ndead-warrior-character/PNG/undead/3/3_animation_walk_019.png
  artifactKey: Guid(faf45cd6b031c2f49922b1d48f42944f) Importer(815301076,1909f56bfc062723c751e8b465ee728b)
Start importing Assets/Sprites/ndead-warrior-character/PNG/undead/3/3_animation_walk_019.png using Guid(faf45cd6b031c2f49922b1d48f42944f) Importer(815301076,1909f56bfc062723c751e8b465ee728b)  -> (artifact id: '14c09541fc6b9d17bc0a2b313b8b55ba') in 0.030019 seconds 
========================================================================
Received Import Request.
  Time since last request: 0.158904 seconds.
  path: Assets/Sprites/ndead-warrior-character/PNG/undead/4/4_animation_idle_019.png
  artifactKey: Guid(5b99315cddb3c8146ad6e6290ee11b76) Importer(815301076,1909f56bfc062723c751e8b465ee728b)
Start importing Assets/Sprites/ndead-warrior-character/PNG/undead/4/4_animation_idle_019.png using Guid(5b99315cddb3c8146ad6e6290ee11b76) Importer(815301076,1909f56bfc062723c751e8b465ee728b)  -> (artifact id: 'f320f965b304711149e8c33617835aa4') in 0.030528 seconds 
========================================================================
Received Import Request.
  Time since last request: 0.000018 seconds.
  path: Assets/Sprites/ndead-warrior-character/PNG/undead/5/5_animation_idle_019.png
  artifactKey: Guid(a677c8494112e47448ec8b45edbb7f82) Importer(815301076,1909f56bfc062723c751e8b465ee728b)
Start importing Assets/Sprites/ndead-warrior-character/PNG/undead/5/5_animation_idle_019.png using Guid(a677c8494112e47448ec8b45edbb7f82) Importer(815301076,1909f56bfc062723c751e8b465ee728b)  -> (artifact id: 'f8a5daa2fe3d87cd314f2b067f2c91cf') in 0.029561 seconds 
========================================================================
Received Import Request.
  Time since last request: 0.000018 seconds.
  path: Assets/Sprites/ndead-warrior-character/PNG/undead/5/5_animation_hurt_019.png
  artifactKey: Guid(fa8201f1ae70cc345b572a245ebe7eab) Importer(815301076,1909f56bfc062723c751e8b465ee728b)
Start importing Assets/Sprites/ndead-warrior-character/PNG/undead/5/5_animation_hurt_019.png using Guid(fa8201f1ae70cc345b572a245ebe7eab) Importer(815301076,1909f56bfc062723c751e8b465ee728b)  -> (artifact id: '6380147cc2b3c1586a18dced6a2f9ba0') in 0.034487 seconds 
========================================================================
Received Import Request.
  Time since last request: 0.201078 seconds.
  path: Assets/Sprites/ndead-warrior-character/PNG/undead/6/6_animation_idle_019.png
  artifactKey: Guid(4f1f72384db7ced4c9c4561168f2f227) Importer(815301076,1909f56bfc062723c751e8b465ee728b)
Start importing Assets/Sprites/ndead-warrior-character/PNG/undead/6/6_animation_idle_019.png using Guid(4f1f72384db7ced4c9c4561168f2f227) Importer(815301076,1909f56bfc062723c751e8b465ee728b)  -> (artifact id: '57bdb7b22c15744730c3a5c8ea2a0f74') in 0.028998 seconds 
========================================================================
Received Import Request.
  Time since last request: 0.000025 seconds.
  path: Assets/Sprites/people-warrior-character/PNG/human/7/7_animation_attack_019.png
  artifactKey: Guid(8e37469b11e2872408aac04582dc5c01) Importer(815301076,1909f56bfc062723c751e8b465ee728b)
Start importing Assets/Sprites/people-warrior-character/PNG/human/7/7_animation_attack_019.png using Guid(8e37469b11e2872408aac04582dc5c01) Importer(815301076,1909f56bfc062723c751e8b465ee728b)  -> (artifact id: '2ac7b2166e89685f98f75be64da2955f') in 0.075482 seconds 
========================================================================
Received Import Request.
  Time since last request: 0.166958 seconds.
  path: Assets/Sprites/ndead-warrior-character/PNG/undead/7/7_animation_walk_019.png
  artifactKey: Guid(a01927c643958774da2b0abb3b74d1b9) Importer(815301076,1909f56bfc062723c751e8b465ee728b)
Start importing Assets/Sprites/ndead-warrior-character/PNG/undead/7/7_animation_walk_019.png using Guid(a01927c643958774da2b0abb3b74d1b9) Importer(815301076,1909f56bfc062723c751e8b465ee728b)  -> (artifact id: '6fd6f9e4d2287dcd440a4859e9157d0d') in 0.035897 seconds 
========================================================================
Received Import Request.
  Time since last request: 0.000019 seconds.
  path: Assets/Effects/Blood/effect/8_animation_noise_019.png
  artifactKey: Guid(1000300c68ae2d44986979b74131a982) Importer(815301076,1909f56bfc062723c751e8b465ee728b)
Start importing Assets/Effects/Blood/effect/8_animation_noise_019.png using Guid(1000300c68ae2d44986979b74131a982) Importer(815301076,1909f56bfc062723c751e8b465ee728b)  -> (artifact id: '265d04df5913e9834f1488b1ea08df95') in 0.021741 seconds 
========================================================================
Received Import Request.
  Time since last request: 0.000038 seconds.
  path: Assets/Effects/Blood/effect/8_animation_rope_019.png
  artifactKey: Guid(38c653ae1a0f00649b97034c42efafe5) Importer(815301076,1909f56bfc062723c751e8b465ee728b)
Start importing Assets/Effects/Blood/effect/8_animation_rope_019.png using Guid(38c653ae1a0f00649b97034c42efafe5) Importer(815301076,1909f56bfc062723c751e8b465ee728b)  -> (artifact id: '61ebb30092b4ca4ff37ea4a6470274cb') in 0.028870 seconds 
========================================================================
Received Import Request.
  Time since last request: 0.179409 seconds.
  path: Assets/Tiles/tail_5_square/19.png
  artifactKey: Guid(3c8070192fdfb9045a2b87801942725c) Importer(815301076,1909f56bfc062723c751e8b465ee728b)
Start importing Assets/Tiles/tail_5_square/19.png using Guid(3c8070192fdfb9045a2b87801942725c) Importer(815301076,1909f56bfc062723c751e8b465ee728b)  -> (artifact id: '7c250d8c9b8645f633d1c5ab08dfcf16') in 0.019967 seconds 
========================================================================
Received Import Request.
  Time since last request: 0.027241 seconds.
  path: Assets/Sprites/2d-game-assets/PNG/tail_1_square/19.png
  artifactKey: Guid(838d2c83cc9cfe84c862d30472d43586) Importer(815301076,1909f56bfc062723c751e8b465ee728b)
Start importing Assets/Sprites/2d-game-assets/PNG/tail_1_square/19.png using Guid(838d2c83cc9cfe84c862d30472d43586) Importer(815301076,1909f56bfc062723c751e8b465ee728b)  -> (artifact id: '2a80335e2c9134e331a9c3edded17508') in 0.022039 seconds 
========================================================================
Received Import Request.
  Time since last request: 0.251090 seconds.
  path: Assets/Sprites/2d-game-assets/PNG/tail_4/19.png
  artifactKey: Guid(a8966465b21cb084699adea79101cf63) Importer(815301076,1909f56bfc062723c751e8b465ee728b)
Start importing Assets/Sprites/2d-game-assets/PNG/tail_4/19.png using Guid(a8966465b21cb084699adea79101cf63) Importer(815301076,1909f56bfc062723c751e8b465ee728b)  -> (artifact id: '094fed7efe89b4e4ee42341ec71371e0') in 0.017562 seconds 
========================================================================
Received Import Request.
  Time since last request: 0.022484 seconds.
  path: Assets/Sprites/2d-game-assets/PNG/tail_5/19.png
  artifactKey: Guid(89c9cf09e2341aa4abd25f16ce67bf3f) Importer(815301076,1909f56bfc062723c751e8b465ee728b)
Start importing Assets/Sprites/2d-game-assets/PNG/tail_5/19.png using Guid(89c9cf09e2341aa4abd25f16ce67bf3f) Importer(815301076,1909f56bfc062723c751e8b465ee728b)  -> (artifact id: 'fd3b4d656025ada58569489256b0ecda') in 0.023276 seconds 
========================================================================
Received Import Request.
  Time since last request: 28.022586 seconds.
  path: Assets/Sprites/2d-game-assets/PNG/tail_3/2.png
  artifactKey: Guid(96553c6ec27e0d9449e8e2396d42cb19) Importer(815301076,1909f56bfc062723c751e8b465ee728b)
Start importing Assets/Sprites/2d-game-assets/PNG/tail_3/2.png using Guid(96553c6ec27e0d9449e8e2396d42cb19) Importer(815301076,1909f56bfc062723c751e8b465ee728b)  -> (artifact id: '748576fa283dd3cb82b284758f95dafb') in 0.032111 seconds 
========================================================================
Received Import Request.
  Time since last request: 0.000019 seconds.
  path: Assets/Sprites/2d-game-assets/PNG/tail_3/14.png
  artifactKey: Guid(89534c029b3aa7a479e7bf4b603e9862) Importer(815301076,1909f56bfc062723c751e8b465ee728b)
Start importing Assets/Sprites/2d-game-assets/PNG/tail_3/14.png using Guid(89534c029b3aa7a479e7bf4b603e9862) Importer(815301076,1909f56bfc062723c751e8b465ee728b)  -> (artifact id: '904c561b890d0f7fdc2ac5d9307e36db') in 0.022246 seconds 
========================================================================
Received Import Request.
  Time since last request: 0.000018 seconds.
  path: Assets/Sprites/2d-game-assets/PNG/tail_3/16.png
  artifactKey: Guid(898ccc80133f5ae4198dbcb2784fca79) Importer(815301076,1909f56bfc062723c751e8b465ee728b)
Start importing Assets/Sprites/2d-game-assets/PNG/tail_3/16.png using Guid(898ccc80133f5ae4198dbcb2784fca79) Importer(815301076,1909f56bfc062723c751e8b465ee728b)  -> (artifact id: '6f30eb040b83828146ef986f9a3e7a51') in 0.042891 seconds 
========================================================================
Received Import Request.
  Time since last request: 61.046930 seconds.
  path: Assets/Sprites/ndead-warrior-character/PNG/undead/1/1_animation_attack_012.png
  artifactKey: Guid(e630f9c1ba493ce4b8be4e5f87958896) Importer(815301076,1909f56bfc062723c751e8b465ee728b)
Start importing Assets/Sprites/ndead-warrior-character/PNG/undead/1/1_animation_attack_012.png using Guid(e630f9c1ba493ce4b8be4e5f87958896) Importer(815301076,1909f56bfc062723c751e8b465ee728b)  -> (artifact id: '10416abbf13cf3ed7055ff3534dddc6d') in 0.029573 seconds 
========================================================================
Received Import Request.
  Time since last request: 0.000020 seconds.
  path: Assets/Enemies/Skeleton/Sprites/Hurt/1_animation_hurt_002.png
  artifactKey: Guid(c223ad354796df94987f0651492c0f41) Importer(815301076,1909f56bfc062723c751e8b465ee728b)
Start importing Assets/Enemies/Skeleton/Sprites/Hurt/1_animation_hurt_002.png using Guid(c223ad354796df94987f0651492c0f41) Importer(815301076,1909f56bfc062723c751e8b465ee728b)  -> (artifact id: '0395797681c8b6ec2532c1b34c4e5857') in 0.023988 seconds 
========================================================================
Received Import Request.
  Time since last request: 1.069954 seconds.
  path: Assets/Sprites/tactical-strategy-2d-game-tile-set/PNG/tail_3_square/1.png
  artifactKey: Guid(c756deff931ce1b4ab7e47a1d3d446c8) Importer(815301076,1909f56bfc062723c751e8b465ee728b)
Start importing Assets/Sprites/tactical-strategy-2d-game-tile-set/PNG/tail_3_square/1.png using Guid(c756deff931ce1b4ab7e47a1d3d446c8) Importer(815301076,1909f56bfc062723c751e8b465ee728b)  -> (artifact id: '7a40c2162fdd2e8f9105e43a425aad38') in 0.026449 seconds 
========================================================================
Received Import Request.
  Time since last request: 0.000019 seconds.
  path: Assets/Sprites/tactical-strategy-game-tileset/PNG/tail_1/1.png
  artifactKey: Guid(b6718c77bf138964ab4a1330d373dba3) Importer(815301076,1909f56bfc062723c751e8b465ee728b)
Start importing Assets/Sprites/tactical-strategy-game-tileset/PNG/tail_1/1.png using Guid(b6718c77bf138964ab4a1330d373dba3) Importer(815301076,1909f56bfc062723c751e8b465ee728b)  -> (artifact id: '721a28bbc0ea9e80b6c9417fdf0f78e7') in 0.021972 seconds 
========================================================================
Received Import Request.
  Time since last request: 0.000026 seconds.
  path: Assets/Sprites/2d-game-assets/PNG/tail_4_square/1.png
  artifactKey: Guid(441b77df43ab89f42b5e8f732fec2c67) Importer(815301076,1909f56bfc062723c751e8b465ee728b)
Start importing Assets/Sprites/2d-game-assets/PNG/tail_4_square/1.png using Guid(441b77df43ab89f42b5e8f732fec2c67) Importer(815301076,1909f56bfc062723c751e8b465ee728b)  -> (artifact id: '5e06095e092710dd3459b5ff634d029c') in 0.020610 seconds 
========================================================================
Received Import Request.
  Time since last request: 0.000018 seconds.
  path: Assets/Sprites/tactical-strategy-game-tileset/PNG/tail_3_square/1.png
  artifactKey: Guid(97ccf9f5327a805448914f1b3e6ef5d3) Importer(815301076,1909f56bfc062723c751e8b465ee728b)
Start importing Assets/Sprites/tactical-strategy-game-tileset/PNG/tail_3_square/1.png using Guid(97ccf9f5327a805448914f1b3e6ef5d3) Importer(815301076,1909f56bfc062723c751e8b465ee728b)  -> (artifact id: '3c612414e16eee75e8a029b3c404d5c8') in 0.018634 seconds 
========================================================================
Received Import Request.
  Time since last request: 0.197783 seconds.
  path: Assets/Character/HumanWarrior/Sprites/Attack/1_animation_attack_018.png
  artifactKey: Guid(575194cc4aac05d4bad78f514131d531) Importer(815301076,1909f56bfc062723c751e8b465ee728b)
Start importing Assets/Character/HumanWarrior/Sprites/Attack/1_animation_attack_018.png using Guid(575194cc4aac05d4bad78f514131d531) Importer(815301076,1909f56bfc062723c751e8b465ee728b)  -> (artifact id: 'e5a0d0c294796deb5a456c7f921d2c20') in 0.025426 seconds 
========================================================================
Received Import Request.
  Time since last request: 0.000017 seconds.
  path: Assets/Enemies/Skeleton/Sprites/Hurt/1_animation_hurt_018.png
  artifactKey: Guid(de656c3b2faf6aa4c9bf859a14fa25ab) Importer(815301076,1909f56bfc062723c751e8b465ee728b)
Start importing Assets/Enemies/Skeleton/Sprites/Hurt/1_animation_hurt_018.png using Guid(de656c3b2faf6aa4c9bf859a14fa25ab) Importer(815301076,1909f56bfc062723c751e8b465ee728b)  -> (artifact id: 'decaadec53ac69f4c25107764c41ba10') in 0.021386 seconds 
========================================================================
Received Import Request.
  Time since last request: 0.000033 seconds.
  path: Assets/Enemies/Skeleton/Sprites/Walk/1_animation_walk_018.png
  artifactKey: Guid(03a11f1d9a48c174890a6c2deef3dab8) Importer(815301076,1909f56bfc062723c751e8b465ee728b)
Start importing Assets/Enemies/Skeleton/Sprites/Walk/1_animation_walk_018.png using Guid(03a11f1d9a48c174890a6c2deef3dab8) Importer(815301076,1909f56bfc062723c751e8b465ee728b)  -> (artifact id: 'c2ed9257c1866cde1a2f31711ce13750') in 0.020597 seconds 
========================================================================
Received Import Request.
  Time since last request: 0.000030 seconds.
  path: Assets/Character/HumanWarrior/Sprites/Walk/1_animation_walk_018.png
  artifactKey: Guid(b0a60e3e037def3439e08e2d36948c24) Importer(815301076,1909f56bfc062723c751e8b465ee728b)
Start importing Assets/Character/HumanWarrior/Sprites/Walk/1_animation_walk_018.png using Guid(b0a60e3e037def3439e08e2d36948c24) Importer(815301076,1909f56bfc062723c751e8b465ee728b)  -> (artifact id: '8ec71eeee6abfc4a0b46f369fbba329d') in 0.021498 seconds 
========================================================================
Received Import Request.
  Time since last request: 0.000028 seconds.
  path: Assets/Sprites/ndead-warrior-character/PNG/undead/1/1_animation_hurt_018.png
  artifactKey: Guid(4a933af23f408ef45874a78721bd3bbb) Importer(815301076,1909f56bfc062723c751e8b465ee728b)
Start importing Assets/Sprites/ndead-warrior-character/PNG/undead/1/1_animation_hurt_018.png using Guid(4a933af23f408ef45874a78721bd3bbb) Importer(815301076,1909f56bfc062723c751e8b465ee728b)  -> (artifact id: '0a65aac1069d5676e7c2f82c61d4424c') in 0.023074 seconds 
========================================================================
Received Import Request.
  Time since last request: 0.664416 seconds.
  path: Assets/Enemies/Zombie/Attack/2_animation_attack_018.png
  artifactKey: Guid(f7d080f42e53e9544bc8dafdd133f23b) Importer(815301076,1909f56bfc062723c751e8b465ee728b)
Start importing Assets/Enemies/Zombie/Attack/2_animation_attack_018.png using Guid(f7d080f42e53e9544bc8dafdd133f23b) Importer(815301076,1909f56bfc062723c751e8b465ee728b)  -> (artifact id: '507a17b2c33271034af33daf76c5fc46') in 0.020414 seconds 
========================================================================
Received Import Request.
  Time since last request: 0.000018 seconds.
  path: Assets/Sprites/ndead-warrior-character/PNG/undead/2/2_animation_idle_018.png
  artifactKey: Guid(289b873de43943f48ae1cd363e8fdce3) Importer(815301076,1909f56bfc062723c751e8b465ee728b)
Start importing Assets/Sprites/ndead-warrior-character/PNG/undead/2/2_animation_idle_018.png using Guid(289b873de43943f48ae1cd363e8fdce3) Importer(815301076,1909f56bfc062723c751e8b465ee728b)  -> (artifact id: '023e9e692f69a919b2884171ca9b15b6') in 0.023044 seconds 
========================================================================
Received Import Request.
  Time since last request: 0.000022 seconds.
  path: Assets/Sprites/people-warrior-character/PNG/human/2/2_animation_walk_018.png
  artifactKey: Guid(ff7baf723a10a2942b35e874f28aa545) Importer(815301076,1909f56bfc062723c751e8b465ee728b)
Start importing Assets/Sprites/people-warrior-character/PNG/human/2/2_animation_walk_018.png using Guid(ff7baf723a10a2942b35e874f28aa545) Importer(815301076,1909f56bfc062723c751e8b465ee728b)  -> (artifact id: '0e4c260e08a2e516f318da89442dcdc0') in 0.024448 seconds 
========================================================================
Received Import Request.
  Time since last request: 0.000035 seconds.
  path: Assets/Sprites/people-warrior-character/PNG/human/3/3_animation_hurt_018.png
  artifactKey: Guid(fe91ea2ec9529e94ba559b9604771fc1) Importer(815301076,1909f56bfc062723c751e8b465ee728b)
Start importing Assets/Sprites/people-warrior-character/PNG/human/3/3_animation_hurt_018.png using Guid(fe91ea2ec9529e94ba559b9604771fc1) Importer(815301076,1909f56bfc062723c751e8b465ee728b)  -> (artifact id: 'ace6ad335cf50d49c0b28d90eee266a8') in 0.020435 seconds 
========================================================================
Received Import Request.
  Time since last request: 0.173531 seconds.
  path: Assets/Sprites/people-warrior-character/PNG/human/3/3_animation_idle_018.png
  artifactKey: Guid(3f02d6500609e3147ba9e236c7ca130e) Importer(815301076,1909f56bfc062723c751e8b465ee728b)
Start importing Assets/Sprites/people-warrior-character/PNG/human/3/3_animation_idle_018.png using Guid(3f02d6500609e3147ba9e236c7ca130e) Importer(815301076,1909f56bfc062723c751e8b465ee728b)  -> (artifact id: 'd1a30e3e635c425c91656c1541d43052') in 0.023075 seconds 
========================================================================
Received Import Request.
  Time since last request: 0.000020 seconds.
  path: Assets/Sprites/ndead-warrior-character/PNG/undead/4/4_animation_hurt_018.png
  artifactKey: Guid(0afa9d5f630a45a44858086f184406e6) Importer(815301076,1909f56bfc062723c751e8b465ee728b)
Start importing Assets/Sprites/ndead-warrior-character/PNG/undead/4/4_animation_hurt_018.png using Guid(0afa9d5f630a45a44858086f184406e6) Importer(815301076,1909f56bfc062723c751e8b465ee728b)  -> (artifact id: 'de5c89ef884b9e59618cda7e1df8921d') in 0.041080 seconds 
========================================================================
Received Import Request.
  Time since last request: 0.200073 seconds.
  path: Assets/Sprites/people-warrior-character/PNG/human/4/4_animation_idle_018.png
  artifactKey: Guid(0fca5f5cd9860ed4a8a5f018826037d5) Importer(815301076,1909f56bfc062723c751e8b465ee728b)
Start importing Assets/Sprites/people-warrior-character/PNG/human/4/4_animation_idle_018.png using Guid(0fca5f5cd9860ed4a8a5f018826037d5) Importer(815301076,1909f56bfc062723c751e8b465ee728b)  -> (artifact id: 'a85b65f240250b715c04541ff235ee50') in 0.021026 seconds 
========================================================================
Received Import Request.
  Time since last request: 0.000018 seconds.
  path: Assets/Sprites/people-warrior-character/PNG/human/5/5_animation_attack_018.png
  artifactKey: Guid(71a65734c999a3544b7a5dd6fe953307) Importer(815301076,1909f56bfc062723c751e8b465ee728b)
Start importing Assets/Sprites/people-warrior-character/PNG/human/5/5_animation_attack_018.png using Guid(71a65734c999a3544b7a5dd6fe953307) Importer(815301076,1909f56bfc062723c751e8b465ee728b)  -> (artifact id: '689c9416fba28aa32bd663a000549555') in 0.028964 seconds 
========================================================================
Received Import Request.
  Time since last request: 0.007614 seconds.
  path: Assets/Sprites/ndead-warrior-character/PNG/undead/5/5_animation_walk_018.png
  artifactKey: Guid(7f3e466d79d46c341bfeb2131d268fd3) Importer(815301076,1909f56bfc062723c751e8b465ee728b)
Start importing Assets/Sprites/ndead-warrior-character/PNG/undead/5/5_animation_walk_018.png using Guid(7f3e466d79d46c341bfeb2131d268fd3) Importer(815301076,1909f56bfc062723c751e8b465ee728b)  -> (artifact id: '903020280224ee0bfdde762bca9fa63f') in 0.026725 seconds 
========================================================================
Received Import Request.
  Time since last request: 0.000024 seconds.
  path: Assets/Sprites/people-warrior-character/PNG/human/6/6_animation_hurt_018.png
  artifactKey: Guid(86c7117388697e64f8a42f789cb5f139) Importer(815301076,1909f56bfc062723c751e8b465ee728b)
Start importing Assets/Sprites/people-warrior-character/PNG/human/6/6_animation_hurt_018.png using Guid(86c7117388697e64f8a42f789cb5f139) Importer(815301076,1909f56bfc062723c751e8b465ee728b)  -> (artifact id: 'f9578442cee778d993982b913a44b2bf') in 0.041231 seconds 
========================================================================
Received Import Request.
  Time since last request: 0.126645 seconds.
  path: Assets/Sprites/ndead-warrior-character/PNG/undead/6/6_animation_hurt_018.png
  artifactKey: Guid(ae64cfade5dac9b48849c135370c2df8) Importer(815301076,1909f56bfc062723c751e8b465ee728b)
Start importing Assets/Sprites/ndead-warrior-character/PNG/undead/6/6_animation_hurt_018.png using Guid(ae64cfade5dac9b48849c135370c2df8) Importer(815301076,1909f56bfc062723c751e8b465ee728b)  -> (artifact id: 'fd215e43549b7eb1c47910cdadf8259a') in 0.024058 seconds 
========================================================================
Received Import Request.
  Time since last request: 0.000021 seconds.
  path: Assets/Sprites/ndead-warrior-character/PNG/undead/7/7_animation_attack_018.png
  artifactKey: Guid(321889c7bfd217446adc474f675c4097) Importer(815301076,1909f56bfc062723c751e8b465ee728b)
Start importing Assets/Sprites/ndead-warrior-character/PNG/undead/7/7_animation_attack_018.png using Guid(321889c7bfd217446adc474f675c4097) Importer(815301076,1909f56bfc062723c751e8b465ee728b)  -> (artifact id: 'df01b0ac3b4ea5d205ed9146cbd64348') in 0.029490 seconds 
========================================================================
Received Import Request.
  Time since last request: 0.007933 seconds.
  path: Assets/Sprites/ndead-warrior-character/PNG/undead/7/7_animation_hurt_018.png
  artifactKey: Guid(2ad9c81f4a57c1f41b1ae160ee3358b7) Importer(815301076,1909f56bfc062723c751e8b465ee728b)
Start importing Assets/Sprites/ndead-warrior-character/PNG/undead/7/7_animation_hurt_018.png using Guid(2ad9c81f4a57c1f41b1ae160ee3358b7) Importer(815301076,1909f56bfc062723c751e8b465ee728b)  -> (artifact id: '62a9a88c6215fcdbcfb7735172829abf') in 0.030195 seconds 
========================================================================
Received Import Request.
  Time since last request: 1.475102 seconds.
  path: Assets/Sprites/people-warrior-character/PNG/human/7/7_animation_walk_018.png
  artifactKey: Guid(9d0a11aacdc59614b8914617841eedce) Importer(815301076,1909f56bfc062723c751e8b465ee728b)
Start importing Assets/Sprites/people-warrior-character/PNG/human/7/7_animation_walk_018.png using Guid(9d0a11aacdc59614b8914617841eedce) Importer(815301076,1909f56bfc062723c751e8b465ee728b)  -> (artifact id: '8fdce4855551952f0a344b440756c537') in 0.051069 seconds 
========================================================================
Received Import Request.
  Time since last request: 0.002338 seconds.
  path: Assets/Sprites/ndead-warrior-character/PNG/undead/effect/8_animation_noise_018.png
  artifactKey: Guid(a00a5839db0610b4b825a01dfe565825) Importer(815301076,1909f56bfc062723c751e8b465ee728b)
Start importing Assets/Sprites/ndead-warrior-character/PNG/undead/effect/8_animation_noise_018.png using Guid(a00a5839db0610b4b825a01dfe565825) Importer(815301076,1909f56bfc062723c751e8b465ee728b)  -> (artifact id: 'a985c5f5308930d85f82b9d41940803c') in 0.026407 seconds 
========================================================================
Received Import Request.
  Time since last request: 0.002144 seconds.
  path: Assets/Tiles/tail_3/18.png
  artifactKey: Guid(d5066aadb54a1be40879fff542db2047) Importer(815301076,1909f56bfc062723c751e8b465ee728b)
Start importing Assets/Tiles/tail_3/18.png using Guid(d5066aadb54a1be40879fff542db2047) Importer(815301076,1909f56bfc062723c751e8b465ee728b)  -> (artifact id: '676f0572bed4e5e49c17e2c4eac4fe12') in 0.019029 seconds 
========================================================================
Received Import Request.
  Time since last request: 0.012997 seconds.
  path: Assets/Sprites/2d-game-assets/PNG/tail_2/18.png
  artifactKey: Guid(7d259d63774daea448dedb266f62014e) Importer(815301076,1909f56bfc062723c751e8b465ee728b)
Start importing Assets/Sprites/2d-game-assets/PNG/tail_2/18.png using Guid(7d259d63774daea448dedb266f62014e) Importer(815301076,1909f56bfc062723c751e8b465ee728b)  -> (artifact id: '21e129de75d8be2a0a11d2dd7982a2f8') in 0.019324 seconds 
========================================================================
Received Import Request.
  Time since last request: 0.028615 seconds.
  path: Assets/Sprites/2d-game-assets/PNG/tail_3_square/18.png
  artifactKey: Guid(1becb4b8302d47e47a41cc5e13b951f3) Importer(815301076,1909f56bfc062723c751e8b465ee728b)
Start importing Assets/Sprites/2d-game-assets/PNG/tail_3_square/18.png using Guid(1becb4b8302d47e47a41cc5e13b951f3) Importer(815301076,1909f56bfc062723c751e8b465ee728b)  -> (artifact id: '70fd321a05cfa5b9a9e641a8c404851f') in 0.018316 seconds 
========================================================================
Received Import Request.
  Time since last request: 0.021580 seconds.
  path: Assets/Sprites/2d-game-assets/PNG/tail_4_square/18.png
  artifactKey: Guid(0e383ea0c8908314688ef8724d2e8a48) Importer(815301076,1909f56bfc062723c751e8b465ee728b)
Start importing Assets/Sprites/2d-game-assets/PNG/tail_4_square/18.png using Guid(0e383ea0c8908314688ef8724d2e8a48) Importer(815301076,1909f56bfc062723c751e8b465ee728b)  -> (artifact id: '1e558c64797e69a2341fc86cc13d09c7') in 0.019234 seconds 
========================================================================
Received Import Request.
  Time since last request: 0.022474 seconds.
  path: Assets/Sprites/2d-game-assets/PNG/tail_6/18.png
  artifactKey: Guid(36baea2f5e87a8c408ffcbf109d77321) Importer(815301076,1909f56bfc062723c751e8b465ee728b)
Start importing Assets/Sprites/2d-game-assets/PNG/tail_6/18.png using Guid(36baea2f5e87a8c408ffcbf109d77321) Importer(815301076,1909f56bfc062723c751e8b465ee728b)  -> (artifact id: 'ac54c7f65d479d4b6108fd432d9cdf9a') in 0.015364 seconds 
========================================================================
Received Import Request.
  Time since last request: 87.068463 seconds.
  path: Assets/MyPalette.prefab
  artifactKey: Guid(0dc692dc72d74e14eb1dd0bfc4d201e4) Importer(815301076,1909f56bfc062723c751e8b465ee728b)
Start importing Assets/MyPalette.prefab using Guid(0dc692dc72d74e14eb1dd0bfc4d201e4) Importer(815301076,1909f56bfc062723c751e8b465ee728b)  -> (artifact id: 'd844f0c8e502e7ffdc75d88c12a03f9d') in 0.116834 seconds 
========================================================================
Received Import Request.
  Time since last request: 6.929345 seconds.
  path: Assets/Tiles/object/1.png
  artifactKey: Guid(1ba513c9a39db02499ee5e450abaebb7) Importer(815301076,1909f56bfc062723c751e8b465ee728b)
Start importing Assets/Tiles/object/1.png using Guid(1ba513c9a39db02499ee5e450abaebb7) Importer(815301076,1909f56bfc062723c751e8b465ee728b)  -> (artifact id: 'cbf85b0ad8999236deed50d54960a82e') in 0.022889 seconds 
========================================================================
Received Import Request.
  Time since last request: 0.000021 seconds.
  path: Assets/Tiles/object/3.png
  artifactKey: Guid(ae70926034a6dec46ba6765b304d3b57) Importer(815301076,1909f56bfc062723c751e8b465ee728b)
Start importing Assets/Tiles/object/3.png using Guid(ae70926034a6dec46ba6765b304d3b57) Importer(815301076,1909f56bfc062723c751e8b465ee728b)  -> (artifact id: '4318bbf8d671712f836a0b0f00f6eaee') in 0.027422 seconds 
========================================================================
Received Import Request.
  Time since last request: 0.000027 seconds.
  path: Assets/Tiles/object/4.png
  artifactKey: Guid(c43228976c2380641a50dee72d53c213) Importer(815301076,1909f56bfc062723c751e8b465ee728b)
Start importing Assets/Tiles/object/4.png using Guid(c43228976c2380641a50dee72d53c213) Importer(815301076,1909f56bfc062723c751e8b465ee728b)  -> (artifact id: 'b250aa830d4930c442e605f98a766b73') in 0.017998 seconds 
========================================================================
Received Import Request.
  Time since last request: 0.000021 seconds.
  path: Assets/Tiles/object/5.png
  artifactKey: Guid(c37b11b79d82c1c44b1d037f89f3cac6) Importer(815301076,1909f56bfc062723c751e8b465ee728b)
Start importing Assets/Tiles/object/5.png using Guid(c37b11b79d82c1c44b1d037f89f3cac6) Importer(815301076,1909f56bfc062723c751e8b465ee728b)  -> (artifact id: 'bed1c678db754c762d1be5da6f182b32') in 0.014588 seconds 
========================================================================
Received Import Request.
  Time since last request: 55.326137 seconds.
  path: Assets/Tiles/2.png
  artifactKey: Guid(68edd5c092a7c3d48a818e7935e63fdf) Importer(815301076,1909f56bfc062723c751e8b465ee728b)
Start importing Assets/Tiles/2.png using Guid(68edd5c092a7c3d48a818e7935e63fdf) Importer(815301076,1909f56bfc062723c751e8b465ee728b)  -> (artifact id: 'aff76a4f8ff14683ea8891ab0ffecb61') in 0.025565 seconds 
========================================================================
Received Import Request.
  Time since last request: 0.000020 seconds.
  path: Assets/Tiles/5.png
  artifactKey: Guid(1bbc53bf23961a64294864e82f8f30d7) Importer(815301076,1909f56bfc062723c751e8b465ee728b)
Start importing Assets/Tiles/5.png using Guid(1bbc53bf23961a64294864e82f8f30d7) Importer(815301076,1909f56bfc062723c751e8b465ee728b)  -> (artifact id: '51cd25568f2fa82c78b56eb1969de92f') in 0.036630 seconds 
========================================================================
Received Import Request.
  Time since last request: 0.000017 seconds.
  path: Assets/Tiles/9.png
  artifactKey: Guid(81a626be351bdb446bccaee7b49d38b6) Importer(815301076,1909f56bfc062723c751e8b465ee728b)
Start importing Assets/Tiles/9.png using Guid(81a626be351bdb446bccaee7b49d38b6) Importer(815301076,1909f56bfc062723c751e8b465ee728b)  -> (artifact id: '729823a59cdc35b9f41fab4e87769e93') in 0.028773 seconds 
========================================================================
Received Import Request.
  Time since last request: 0.000025 seconds.
  path: Assets/Tiles/7.png
  artifactKey: Guid(a3dd8dee561aef0438eb845a1a928a7d) Importer(815301076,1909f56bfc062723c751e8b465ee728b)
Start importing Assets/Tiles/7.png using Guid(a3dd8dee561aef0438eb845a1a928a7d) Importer(815301076,1909f56bfc062723c751e8b465ee728b)  -> (artifact id: '059ee03243d83e77945f1892b09ba0f7') in 0.025594 seconds 
========================================================================
Received Import Request.
  Time since last request: 54.441003 seconds.
  path: Assets/Tiles/GrassTile/3.png
  artifactKey: Guid(5dc024b46027eaf41b439b162ab2813a) Importer(815301076,1909f56bfc062723c751e8b465ee728b)
Start importing Assets/Tiles/GrassTile/3.png using Guid(5dc024b46027eaf41b439b162ab2813a) Importer(815301076,1909f56bfc062723c751e8b465ee728b)  -> (artifact id: '8a57b875e783a39d4916e92086ea3f12') in 0.021107 seconds 
========================================================================
Received Import Request.
  Time since last request: 0.000023 seconds.
  path: Assets/Tiles/GrassTile/8.png
  artifactKey: Guid(bfe6635e4691c4d4db78476b56ee90fc) Importer(815301076,1909f56bfc062723c751e8b465ee728b)
Start importing Assets/Tiles/GrassTile/8.png using Guid(bfe6635e4691c4d4db78476b56ee90fc) Importer(815301076,1909f56bfc062723c751e8b465ee728b)  -> (artifact id: 'c52e599342c364c417ad018da66a5533') in 0.020840 seconds 
========================================================================
Received Import Request.
  Time since last request: 36.823206 seconds.
  path: Assets/2.asset
  artifactKey: Guid(6b182b763302ab54aa78e28ea4afff34) Importer(815301076,1909f56bfc062723c751e8b465ee728b)
Start importing Assets/2.asset using Guid(6b182b763302ab54aa78e28ea4afff34) Importer(815301076,1909f56bfc062723c751e8b465ee728b)  -> (artifact id: '577eb9e41d2d66f41768614d828db097') in 0.013496 seconds 
========================================================================
Received Import Request.
  Time since last request: 0.000018 seconds.
  path: Assets/9.asset
  artifactKey: Guid(d422e23eccd2d3843b71f16f80e72368) Importer(815301076,1909f56bfc062723c751e8b465ee728b)
Start importing Assets/9.asset using Guid(d422e23eccd2d3843b71f16f80e72368) Importer(815301076,1909f56bfc062723c751e8b465ee728b)  -> (artifact id: 'eb0ef84f126265434b569c868b75bf21') in 0.010172 seconds 
Editor requested this worker to shutdown with reason: Scaling down because of idle timeout
AssetImportWorker is now disconnected from the server
Process exiting
Exiting without the bug reporter. Application will terminate with return code 0