Using pre-set license
Built from '2021.3/staging' branch; Version is '2021.3.9f1 (ad3870b89536) revision 11352176'; Using compiler version '192829333'; Build Type 'Release'
OS: 'Windows 10  (10.0.19044) 64bit Professional' Language: 'ru' Physical Memory: 7561 MB
BatchMode: 1, IsHumanControllingUs: 0, StartBugReporterOnCrash: 0, Is64bit: 1, IsPro: 1

COMMAND LINE ARGUMENTS:
D:\games\Unity\Unity Files (Dont Touch)\2021.3.9f1\Editor\Unity.exe
-adb2
-batchMode
-noUpm
-name
AssetImportWorker26
-projectPath
D:/games/UnityRepository/AS/RPG-WS/qwerty
-logFile
Logs/AssetImportWorker26.log
-srvPort
58351
Successfully changed project path to: D:/games/UnityRepository/AS/RPG-WS/qwerty
D:/games/UnityRepository/AS/RPG-WS/qwerty
[UnityMemory] Configuration Parameters - Can be set up in boot.config
    "memorysetup-bucket-allocator-granularity=16"
    "memorysetup-bucket-allocator-bucket-count=8"
    "memorysetup-bucket-allocator-block-size=33554432"
    "memorysetup-bucket-allocator-block-count=8"
    "memorysetup-main-allocator-block-size=16777216"
    "memorysetup-thread-allocator-block-size=16777216"
    "memorysetup-gfx-main-allocator-block-size=16777216"
    "memorysetup-gfx-thread-allocator-block-size=16777216"
    "memorysetup-cache-allocator-block-size=4194304"
    "memorysetup-typetree-allocator-block-size=2097152"
    "memorysetup-profiler-bucket-allocator-granularity=16"
    "memorysetup-profiler-bucket-allocator-bucket-count=8"
    "memorysetup-profiler-bucket-allocator-block-size=33554432"
    "memorysetup-profiler-bucket-allocator-block-count=8"
    "memorysetup-profiler-allocator-block-size=16777216"
    "memorysetup-profiler-editor-allocator-block-size=1048576"
    "memorysetup-temp-allocator-size-main=16777216"
    "memorysetup-job-temp-allocator-block-size=2097152"
    "memorysetup-job-temp-allocator-block-size-background=1048576"
    "memorysetup-job-temp-allocator-reduction-small-platforms=262144"
    "memorysetup-temp-allocator-size-background-worker=32768"
    "memorysetup-temp-allocator-size-job-worker=262144"
    "memorysetup-temp-allocator-size-preload-manager=33554432"
    "memorysetup-temp-allocator-size-nav-mesh-worker=65536"
    "memorysetup-temp-allocator-size-audio-worker=65536"
    "memorysetup-temp-allocator-size-cloud-worker=32768"
    "memorysetup-temp-allocator-size-gi-baking-worker=262144"
    "memorysetup-temp-allocator-size-gfx=262144"
Refreshing native plugins compatible for Editor in 104.71 ms, found 4 plugins.
Preloading 0 native plugins for Editor in 0.00 ms.
Initialize engine version: 2021.3.9f1 (ad3870b89536)
[Subsystems] Discovering subsystems at path D:/games/Unity/Unity Files (Dont Touch)/2021.3.9f1/Editor/Data/Resources/UnitySubsystems
[Subsystems] Discovering subsystems at path D:/games/UnityRepository/AS/RPG-WS/qwerty/Assets
GfxDevice: creating device client; threaded=0; jobified=0
Direct3D:
    Version:  Direct3D 11.0 [level 11.1]
    Renderer: AMD Radeon (TM) Graphics (ID=0x15e7)
    Vendor:   ATI
    VRAM:     3780 MB
    Driver:   31.0.12018.5
Initialize mono
Mono path[0] = 'D:/games/Unity/Unity Files (Dont Touch)/2021.3.9f1/Editor/Data/Managed'
Mono path[1] = 'D:/games/Unity/Unity Files (Dont Touch)/2021.3.9f1/Editor/Data/MonoBleedingEdge/lib/mono/unityjit-win32'
Mono config path = 'D:/games/Unity/Unity Files (Dont Touch)/2021.3.9f1/Editor/Data/MonoBleedingEdge/etc'
Using monoOptions --debugger-agent=transport=dt_socket,embedding=1,server=y,suspend=n,address=127.0.0.1:56180
Begin MonoManager ReloadAssembly
Registering precompiled unity dll's ...
Register platform support module: D:/games/Unity/Unity Files (Dont Touch)/2021.3.9f1/Editor/Data/PlaybackEngines/WebGLSupport/UnityEditor.WebGL.Extensions.dll
Register platform support module: D:/games/Unity/Unity Files (Dont Touch)/2021.3.9f1/Editor/Data/PlaybackEngines/AndroidPlayer/UnityEditor.Android.Extensions.dll
Register platform support module: D:/games/Unity/Unity Files (Dont Touch)/2021.3.9f1/Editor/Data/PlaybackEngines/WindowsStandaloneSupport/UnityEditor.WindowsStandalone.Extensions.dll
Registered in 0.003016 seconds.
Native extension for WindowsStandalone target not found
Native extension for Android target not found
Native extension for WebGL target not found
Refreshing native plugins compatible for Editor in 97.98 ms, found 4 plugins.
Preloading 0 native plugins for Editor in 0.00 ms.
Mono: successfully reloaded assembly
- Completed reload, in  0.547 seconds
Domain Reload Profiling:
	ReloadAssembly (547ms)
		BeginReloadAssembly (56ms)
			ExecutionOrderSort (0ms)
			DisableScriptedObjects (0ms)
			BackupInstance (0ms)
			ReleaseScriptingObjects (0ms)
			CreateAndSetChildDomain (1ms)
		EndReloadAssembly (404ms)
			LoadAssemblies (56ms)
			RebuildTransferFunctionScriptingTraits (0ms)
			SetupTypeCache (83ms)
			ReleaseScriptCaches (0ms)
			RebuildScriptCaches (23ms)
			SetupLoadedEditorAssemblies (258ms)
				LogAssemblyErrors (0ms)
				InitializePlatformSupportModulesInManaged (37ms)
				SetLoadedEditorAssemblies (0ms)
				RefreshPlugins (98ms)
				BeforeProcessingInitializeOnLoad (1ms)
				ProcessInitializeOnLoadAttributes (83ms)
				ProcessInitializeOnLoadMethodAttributes (37ms)
				AfterProcessingInitializeOnLoad (0ms)
				EditorAssembliesLoaded (0ms)
			ExecutionOrderSort2 (0ms)
			AwakeInstancesAfterBackupRestoration (0ms)
Platform modules already initialized, skipping
Registering precompiled user dll's ...
Registered in 0.003655 seconds.
Begin MonoManager ReloadAssembly
Symbol file LoadedFromMemory doesn't match image D:\games\UnityRepository\AS\RPG-WS\qwerty\Library\PackageCache\com.unity.visualscripting@1.7.8\Editor\VisualScripting.Core\Dependencies\YamlDotNet\Unity.VisualScripting.YamlDotNet.dll
Symbol file LoadedFromMemory doesn't match image D:\games\UnityRepository\AS\RPG-WS\qwerty\Library\PackageCache\com.unity.visualscripting@1.7.8\Editor\VisualScripting.Core\Dependencies\DotNetZip\Unity.VisualScripting.IonicZip.dll
Native extension for WindowsStandalone target not found
Native extension for Android target not found
Native extension for WebGL target not found
Refreshing native plugins compatible for Editor in 132.25 ms, found 4 plugins.
Preloading 0 native plugins for Editor in 0.00 ms.
Mono: successfully reloaded assembly
- Completed reload, in  1.573 seconds
Domain Reload Profiling:
	ReloadAssembly (1574ms)
		BeginReloadAssembly (178ms)
			ExecutionOrderSort (0ms)
			DisableScriptedObjects (8ms)
			BackupInstance (0ms)
			ReleaseScriptingObjects (0ms)
			CreateAndSetChildDomain (44ms)
		EndReloadAssembly (1261ms)
			LoadAssemblies (135ms)
			RebuildTransferFunctionScriptingTraits (0ms)
			SetupTypeCache (323ms)
			ReleaseScriptCaches (1ms)
			RebuildScriptCaches (84ms)
			SetupLoadedEditorAssemblies (696ms)
				LogAssemblyErrors (0ms)
				InitializePlatformSupportModulesInManaged (15ms)
				SetLoadedEditorAssemblies (0ms)
				RefreshPlugins (132ms)
				BeforeProcessingInitializeOnLoad (114ms)
				ProcessInitializeOnLoadAttributes (377ms)
				ProcessInitializeOnLoadMethodAttributes (53ms)
				AfterProcessingInitializeOnLoad (4ms)
				EditorAssembliesLoaded (0ms)
			ExecutionOrderSort2 (0ms)
			AwakeInstancesAfterBackupRestoration (6ms)
Platform modules already initialized, skipping
========================================================================
Worker process is ready to serve import requests
Launched and connected shader compiler UnityShaderCompiler.exe after 0.05 seconds
Refreshing native plugins compatible for Editor in 2.23 ms, found 4 plugins.
Preloading 0 native plugins for Editor in 0.00 ms.
Unloading 4647 Unused Serialized files (Serialized files now loaded: 0)
Unloading 54 unused Assets / (128.3 KB). Loaded Objects now: 5106.
Memory consumption went from 175.0 MB to 174.8 MB.
Total: 5.381600 ms (FindLiveObjects: 0.423600 ms CreateObjectMapping: 0.367000 ms MarkObjects: 4.407200 ms  DeleteObjects: 0.182000 ms)

AssetImportParameters requested are different than current active one (requested -> active):
  custom:video-decoder-ogg-theora: a1e56fd34408186e4bbccfd4996cb3dc -> 
  custom:container-muxer-webm: aa71ff27fc2769a1b78a27578f13a17b -> 
  custom:container-demuxer-webm: 4f35f7cbe854078d1ac9338744f61a02 -> 
  custom:video-encoder-webm-vp8: eb34c28f22e8b96e1ab97ce403110664 -> 
  custom:audio-encoder-webm-vorbis: bf7c407c2cedff20999df2af8eb42d56 -> 
  custom:framework-win-MediaFoundation: 216162199b28c13a410421893ffa2e32 -> 
  custom:container-demuxer-ogg: 62fdf1f143b41e24485cea50d1cbac27 -> 
  custom:video-decoder-webm-vp8: 9c59270c3fd7afecdb556c50c9e8de78 -> 
  custom:audio-decoder-ogg-vorbis: bf7c407c2cedff20999df2af8eb42d56 -> 
========================================================================
Received Import Request.
  Time since last request: 17441.244573 seconds.
  path: Assets/Enemies/Skeleton/Sprites/Idle/1_animation_idle_016.png
  artifactKey: Guid(fd86309e100e0ad43b6a2b3e2c72e977) Importer(815301076,1909f56bfc062723c751e8b465ee728b)
Start importing Assets/Enemies/Skeleton/Sprites/Idle/1_animation_idle_016.png using Guid(fd86309e100e0ad43b6a2b3e2c72e977) Importer(815301076,1909f56bfc062723c751e8b465ee728b)  -> (artifact id: 'ac1708fddb1ab5088c85326ce7de92fb') in 0.148719 seconds 
========================================================================
Received Import Request.
  Time since last request: 6.918420 seconds.
  path: Assets/Enemies/Skeleton/Sprites/Idle/1_animation_idle_016.png
  artifactKey: Guid(fd86309e100e0ad43b6a2b3e2c72e977) Importer(815301076,1909f56bfc062723c751e8b465ee728b)
Start importing Assets/Enemies/Skeleton/Sprites/Idle/1_animation_idle_016.png using Guid(fd86309e100e0ad43b6a2b3e2c72e977) Importer(815301076,1909f56bfc062723c751e8b465ee728b)  -> (artifact id: 'adfe0cc31ce3a9fc4de9833b3f10fb6b') in 0.027098 seconds 
========================================================================
Received Import Request.
  Time since last request: 0.000051 seconds.
  path: Assets/Enemies/Skeleton/Sprites/Idle/1_animation_idle_017.png
  artifactKey: Guid(270751a8459f7374dbeb92281506bde9) Importer(815301076,1909f56bfc062723c751e8b465ee728b)
Start importing Assets/Enemies/Skeleton/Sprites/Idle/1_animation_idle_017.png using Guid(270751a8459f7374dbeb92281506bde9) Importer(815301076,1909f56bfc062723c751e8b465ee728b)  -> (artifact id: '87cc25a3bbecf13722394f2033d38ead') in 0.018634 seconds 
========================================================================
Received Import Request.
  Time since last request: 6.045956 seconds.
  path: Assets/Enemies/Skeleton/Sprites/Idle/1_animation_idle_016.png
  artifactKey: Guid(fd86309e100e0ad43b6a2b3e2c72e977) Importer(815301076,1909f56bfc062723c751e8b465ee728b)
Start importing Assets/Enemies/Skeleton/Sprites/Idle/1_animation_idle_016.png using Guid(fd86309e100e0ad43b6a2b3e2c72e977) Importer(815301076,1909f56bfc062723c751e8b465ee728b)  -> (artifact id: 'f1c11feb5b4df25e35205246874b501a') in 0.020472 seconds 
========================================================================
Received Import Request.
  Time since last request: 0.000041 seconds.
  path: Assets/Enemies/Skeleton/Sprites/Idle/1_animation_idle_017.png
  artifactKey: Guid(270751a8459f7374dbeb92281506bde9) Importer(815301076,1909f56bfc062723c751e8b465ee728b)
Start importing Assets/Enemies/Skeleton/Sprites/Idle/1_animation_idle_017.png using Guid(270751a8459f7374dbeb92281506bde9) Importer(815301076,1909f56bfc062723c751e8b465ee728b)  -> (artifact id: '5c87979eac6edf81874f09748f011b00') in 0.019948 seconds 
========================================================================
Received Import Request.
  Time since last request: 78.735331 seconds.
  path: Assets/Enemies/Skeleton/Sprites/Idle/1_animation_idle_011.png
  artifactKey: Guid(a5df5e7bf07d94e4fb382f6002f20e53) Importer(815301076,1909f56bfc062723c751e8b465ee728b)
Start importing Assets/Enemies/Skeleton/Sprites/Idle/1_animation_idle_011.png using Guid(a5df5e7bf07d94e4fb382f6002f20e53) Importer(815301076,1909f56bfc062723c751e8b465ee728b)  -> (artifact id: '1ee74d213030cc6273944fbf16a7649d') in 0.015319 seconds 
========================================================================
Received Import Request.
  Time since last request: 0.024048 seconds.
  path: Assets/Enemies/Skeleton/Sprites/Idle/1_animation_idle_006.png
  artifactKey: Guid(7c4c0a92c126ecf4096ba0fb62de889c) Importer(815301076,1909f56bfc062723c751e8b465ee728b)
Start importing Assets/Enemies/Skeleton/Sprites/Idle/1_animation_idle_006.png using Guid(7c4c0a92c126ecf4096ba0fb62de889c) Importer(815301076,1909f56bfc062723c751e8b465ee728b)  -> (artifact id: '5af3ecd3a520b86c397edf84e48d7d85') in 0.014915 seconds 
========================================================================
Received Import Request.
  Time since last request: 0.026136 seconds.
  path: Assets/Enemies/Skeleton/Sprites/Idle/1_animation_idle_005.png
  artifactKey: Guid(4a7a4893b57f7b442b14b524632bea5a) Importer(815301076,1909f56bfc062723c751e8b465ee728b)
Start importing Assets/Enemies/Skeleton/Sprites/Idle/1_animation_idle_005.png using Guid(4a7a4893b57f7b442b14b524632bea5a) Importer(815301076,1909f56bfc062723c751e8b465ee728b)  -> (artifact id: 'b3f51b6a4ac30acf800a77ec3d534127') in 0.017835 seconds 
========================================================================
Received Import Request.
  Time since last request: 0.181669 seconds.
  path: Assets/Enemies/Skeleton/Sprites/Idle/1_animation_idle_003.png
  artifactKey: Guid(f41b5b0ec2137814583dc3c01af01329) Importer(815301076,1909f56bfc062723c751e8b465ee728b)
Start importing Assets/Enemies/Skeleton/Sprites/Idle/1_animation_idle_003.png using Guid(f41b5b0ec2137814583dc3c01af01329) Importer(815301076,1909f56bfc062723c751e8b465ee728b)  -> (artifact id: '95c0626ae348b586163b9dc28d0f9ff6') in 0.015660 seconds 
========================================================================
Received Import Request.
  Time since last request: 0.000028 seconds.
  path: Assets/Enemies/Skeleton/Sprites/Idle/1_animation_idle_000.png
  artifactKey: Guid(ced8f113670d75e4da8472d3d03b784e) Importer(815301076,1909f56bfc062723c751e8b465ee728b)
Start importing Assets/Enemies/Skeleton/Sprites/Idle/1_animation_idle_000.png using Guid(ced8f113670d75e4da8472d3d03b784e) Importer(815301076,1909f56bfc062723c751e8b465ee728b)  -> (artifact id: '0ac2ed396ab42f5f0479ac98a8c02a34') in 0.018870 seconds 
========================================================================
Received Import Request.
  Time since last request: 7.880559 seconds.
  path: Assets/Enemies/Skeleton/Sprites/Idle/1_animation_idle_013.png
  artifactKey: Guid(f128042e9a3803040a58b39dc4baa0b5) Importer(815301076,1909f56bfc062723c751e8b465ee728b)
Start importing Assets/Enemies/Skeleton/Sprites/Idle/1_animation_idle_013.png using Guid(f128042e9a3803040a58b39dc4baa0b5) Importer(815301076,1909f56bfc062723c751e8b465ee728b)  -> (artifact id: 'da065449cafe8cda8256ba647c60f343') in 0.020654 seconds 
========================================================================
Received Import Request.
  Time since last request: 0.000020 seconds.
  path: Assets/Enemies/Skeleton/Sprites/Idle/1_animation_idle_018.png
  artifactKey: Guid(ae1161894164cba43a7fce02db3a95b8) Importer(815301076,1909f56bfc062723c751e8b465ee728b)
Start importing Assets/Enemies/Skeleton/Sprites/Idle/1_animation_idle_018.png using Guid(ae1161894164cba43a7fce02db3a95b8) Importer(815301076,1909f56bfc062723c751e8b465ee728b)  -> (artifact id: '3ae3a9ca639a0034e23bf5577bfe371f') in 0.023180 seconds 
========================================================================
Received Import Request.
  Time since last request: 0.000025 seconds.
  path: Assets/Enemies/Skeleton/Sprites/Idle/1_animation_idle_015.png
  artifactKey: Guid(3da148cd4501f3f4796fe3dddd21ecda) Importer(815301076,1909f56bfc062723c751e8b465ee728b)
Start importing Assets/Enemies/Skeleton/Sprites/Idle/1_animation_idle_015.png using Guid(3da148cd4501f3f4796fe3dddd21ecda) Importer(815301076,1909f56bfc062723c751e8b465ee728b)  -> (artifact id: '83e15a3c9ae6a5f79d453be5d647bb9b') in 0.024088 seconds 
========================================================================
Received Import Request.
  Time since last request: 0.000030 seconds.
  path: Assets/Enemies/Skeleton/Sprites/Idle/1_animation_idle_019.png
  artifactKey: Guid(11bc011a1e591414ea0cc380d58c2b37) Importer(815301076,1909f56bfc062723c751e8b465ee728b)
Start importing Assets/Enemies/Skeleton/Sprites/Idle/1_animation_idle_019.png using Guid(11bc011a1e591414ea0cc380d58c2b37) Importer(815301076,1909f56bfc062723c751e8b465ee728b)  -> (artifact id: '69213f165faa3e50c505dcd7047d3749') in 0.019587 seconds 
========================================================================
Received Import Request.
  Time since last request: 53.561290 seconds.
  path: Assets/Tiles/tail_1/4.png
  artifactKey: Guid(9c46acb622e7d5b41b91f45759b16384) Importer(815301076,1909f56bfc062723c751e8b465ee728b)
Start importing Assets/Tiles/tail_1/4.png using Guid(9c46acb622e7d5b41b91f45759b16384) Importer(815301076,1909f56bfc062723c751e8b465ee728b)  -> (artifact id: 'cfad6a5b02b33166d751a5024a39e1a1') in 0.022210 seconds 
========================================================================
Received Import Request.
  Time since last request: 0.000026 seconds.
  path: Assets/Tiles/tail_1/7.png
  artifactKey: Guid(1d4a0e805bfe87d4c8115d730bdb56ff) Importer(815301076,1909f56bfc062723c751e8b465ee728b)
Start importing Assets/Tiles/tail_1/7.png using Guid(1d4a0e805bfe87d4c8115d730bdb56ff) Importer(815301076,1909f56bfc062723c751e8b465ee728b)  -> (artifact id: 'caa7126d5d3f030fbe9e976307e86483') in 0.019267 seconds 
========================================================================
Received Import Request.
  Time since last request: 0.000030 seconds.
  path: Assets/Tiles/tail_1/9.png
  artifactKey: Guid(a7bef8b6d17393749a91bd6e694561c5) Importer(815301076,1909f56bfc062723c751e8b465ee728b)
Start importing Assets/Tiles/tail_1/9.png using Guid(a7bef8b6d17393749a91bd6e694561c5) Importer(815301076,1909f56bfc062723c751e8b465ee728b)  -> (artifact id: '8c088935551739db9934ece811816d71') in 0.018065 seconds 
========================================================================
Received Import Request.
  Time since last request: 0.000024 seconds.
  path: Assets/Tiles/tail_1/6.png
  artifactKey: Guid(6543c5e20e3b45f409e66c96413ccde6) Importer(815301076,1909f56bfc062723c751e8b465ee728b)
Start importing Assets/Tiles/tail_1/6.png using Guid(6543c5e20e3b45f409e66c96413ccde6) Importer(815301076,1909f56bfc062723c751e8b465ee728b)  -> (artifact id: '07cf7f31a8aaf59c0e692c3199eead31') in 0.024239 seconds 
========================================================================
Received Import Request.
  Time since last request: 19.194135 seconds.
  path: Assets/Tiles/tail_1/16.png
  artifactKey: Guid(4e400c3e7a5eaf44aafd900d36f5fb50) Importer(815301076,1909f56bfc062723c751e8b465ee728b)
Start importing Assets/Tiles/tail_1/16.png using Guid(4e400c3e7a5eaf44aafd900d36f5fb50) Importer(815301076,1909f56bfc062723c751e8b465ee728b)  -> (artifact id: 'd615e3caa08662b672724c773ddc83cd') in 0.019167 seconds 
Editor requested this worker to shutdown with reason: Scaling down because of idle timeout
AssetImportWorker is now disconnected from the server
Process exiting
Exiting without the bug reporter. Application will terminate with return code 0