Using pre-set license
Built from '2021.3/staging' branch; Version is '2021.3.8f1 (b30333d56e81) revision 11731763'; Using compiler version '192829333'; Build Type 'Release'
OS: 'Windows 10  (10.0.19044) 64bit ProfessionalEducation' Language: 'ru' Physical Memory: 32666 MB
BatchMode: 1, IsHumanControllingUs: 0, StartBugReporterOnCrash: 0, Is64bit: 1, IsPro: 1

COMMAND LINE ARGUMENTS:
C:\Program Files\Unity\Hub\Editor\2021.3.8f1\Editor\Unity.exe
-adb2
-batchMode
-noUpm
-name
AssetImportWorker6
-projectPath
C:/Users/lapuzin.ka1664/Desktop/WS/RPG-WS/qwerty
-logFile
Logs/AssetImportWorker6.log
-srvPort
60141
Successfully changed project path to: C:/Users/lapuzin.ka1664/Desktop/WS/RPG-WS/qwerty
C:/Users/lapuzin.ka1664/Desktop/WS/RPG-WS/qwerty
[UnityMemory] Configuration Parameters - Can be set up in boot.config
    "memorysetup-bucket-allocator-granularity=16"
    "memorysetup-bucket-allocator-bucket-count=8"
    "memorysetup-bucket-allocator-block-size=33554432"
    "memorysetup-bucket-allocator-block-count=8"
    "memorysetup-main-allocator-block-size=16777216"
    "memorysetup-thread-allocator-block-size=16777216"
    "memorysetup-gfx-main-allocator-block-size=16777216"
    "memorysetup-gfx-thread-allocator-block-size=16777216"
    "memorysetup-cache-allocator-block-size=4194304"
    "memorysetup-typetree-allocator-block-size=2097152"
    "memorysetup-profiler-bucket-allocator-granularity=16"
    "memorysetup-profiler-bucket-allocator-bucket-count=8"
    "memorysetup-profiler-bucket-allocator-block-size=33554432"
    "memorysetup-profiler-bucket-allocator-block-count=8"
    "memorysetup-profiler-allocator-block-size=16777216"
    "memorysetup-profiler-editor-allocator-block-size=1048576"
    "memorysetup-temp-allocator-size-main=16777216"
    "memorysetup-job-temp-allocator-block-size=2097152"
    "memorysetup-job-temp-allocator-block-size-background=1048576"
    "memorysetup-job-temp-allocator-reduction-small-platforms=262144"
    "memorysetup-temp-allocator-size-background-worker=32768"
    "memorysetup-temp-allocator-size-job-worker=262144"
    "memorysetup-temp-allocator-size-preload-manager=33554432"
    "memorysetup-temp-allocator-size-nav-mesh-worker=65536"
    "memorysetup-temp-allocator-size-audio-worker=65536"
    "memorysetup-temp-allocator-size-cloud-worker=32768"
    "memorysetup-temp-allocator-size-gi-baking-worker=262144"
    "memorysetup-temp-allocator-size-gfx=262144"
Refreshing native plugins compatible for Editor in 131.06 ms, found 4 plugins.
Preloading 0 native plugins for Editor in 0.00 ms.
Initialize engine version: 2021.3.8f1 (b30333d56e81)
[Subsystems] Discovering subsystems at path C:/Program Files/Unity/Hub/Editor/2021.3.8f1/Editor/Data/Resources/UnitySubsystems
[Subsystems] Discovering subsystems at path C:/Users/lapuzin.ka1664/Desktop/WS/RPG-WS/qwerty/Assets
GfxDevice: creating device client; threaded=0; jobified=0
Direct3D:
    Version:  Direct3D 11.0 [level 11.1]
    Renderer: NVIDIA GeForce RTX 3070 Ti (ID=0x2482)
    Vendor:   NVIDIA
    VRAM:     8041 MB
    Driver:   31.0.15.1694
Initialize mono
Mono path[0] = 'C:/Program Files/Unity/Hub/Editor/2021.3.8f1/Editor/Data/Managed'
Mono path[1] = 'C:/Program Files/Unity/Hub/Editor/2021.3.8f1/Editor/Data/MonoBleedingEdge/lib/mono/unityjit-win32'
Mono config path = 'C:/Program Files/Unity/Hub/Editor/2021.3.8f1/Editor/Data/MonoBleedingEdge/etc'
Using monoOptions --debugger-agent=transport=dt_socket,embedding=1,server=y,suspend=n,address=127.0.0.1:56744
Begin MonoManager ReloadAssembly
Registering precompiled unity dll's ...
Register platform support module: C:/Program Files/Unity/Hub/Editor/2021.3.8f1/Editor/Data/PlaybackEngines/WindowsStandaloneSupport/UnityEditor.WindowsStandalone.Extensions.dll
Registered in 0.007169 seconds.
Native extension for WindowsStandalone target not found
Refreshing native plugins compatible for Editor in 132.01 ms, found 4 plugins.
Preloading 0 native plugins for Editor in 0.00 ms.
Mono: successfully reloaded assembly
- Completed reload, in  0.772 seconds
Domain Reload Profiling:
	ReloadAssembly (772ms)
		BeginReloadAssembly (79ms)
			ExecutionOrderSort (0ms)
			DisableScriptedObjects (0ms)
			BackupInstance (0ms)
			ReleaseScriptingObjects (0ms)
			CreateAndSetChildDomain (1ms)
		EndReloadAssembly (575ms)
			LoadAssemblies (76ms)
			RebuildTransferFunctionScriptingTraits (0ms)
			SetupTypeCache (122ms)
			ReleaseScriptCaches (0ms)
			RebuildScriptCaches (32ms)
			SetupLoadedEditorAssemblies (365ms)
				LogAssemblyErrors (0ms)
				InitializePlatformSupportModulesInManaged (8ms)
				SetLoadedEditorAssemblies (0ms)
				RefreshPlugins (132ms)
				BeforeProcessingInitializeOnLoad (1ms)
				ProcessInitializeOnLoadAttributes (161ms)
				ProcessInitializeOnLoadMethodAttributes (62ms)
				AfterProcessingInitializeOnLoad (0ms)
				EditorAssembliesLoaded (0ms)
			ExecutionOrderSort2 (0ms)
			AwakeInstancesAfterBackupRestoration (0ms)
Platform modules already initialized, skipping
Registering precompiled user dll's ...
Registered in 0.009270 seconds.
Begin MonoManager ReloadAssembly
Symbol file LoadedFromMemory doesn't match image C:\Users\lapuzin.ka1664\Desktop\WS\RPG-WS\qwerty\Library\PackageCache\com.unity.visualscripting@1.7.8\Editor\VisualScripting.Core\Dependencies\YamlDotNet\Unity.VisualScripting.YamlDotNet.dll
Symbol file LoadedFromMemory doesn't match image C:\Users\lapuzin.ka1664\Desktop\WS\RPG-WS\qwerty\Library\PackageCache\com.unity.visualscripting@1.7.8\Editor\VisualScripting.Core\Dependencies\DotNetZip\Unity.VisualScripting.IonicZip.dll
Native extension for WindowsStandalone target not found
Refreshing native plugins compatible for Editor in 137.44 ms, found 4 plugins.
Preloading 0 native plugins for Editor in 0.00 ms.
Mono: successfully reloaded assembly
- Completed reload, in  1.466 seconds
Domain Reload Profiling:
	ReloadAssembly (1467ms)
		BeginReloadAssembly (133ms)
			ExecutionOrderSort (0ms)
			DisableScriptedObjects (7ms)
			BackupInstance (0ms)
			ReleaseScriptingObjects (0ms)
			CreateAndSetChildDomain (22ms)
		EndReloadAssembly (1188ms)
			LoadAssemblies (93ms)
			RebuildTransferFunctionScriptingTraits (0ms)
			SetupTypeCache (283ms)
			ReleaseScriptCaches (1ms)
			RebuildScriptCaches (80ms)
			SetupLoadedEditorAssemblies (681ms)
				LogAssemblyErrors (0ms)
				InitializePlatformSupportModulesInManaged (5ms)
				SetLoadedEditorAssemblies (0ms)
				RefreshPlugins (138ms)
				BeforeProcessingInitializeOnLoad (115ms)
				ProcessInitializeOnLoadAttributes (368ms)
				ProcessInitializeOnLoadMethodAttributes (46ms)
				AfterProcessingInitializeOnLoad (9ms)
				EditorAssembliesLoaded (0ms)
			ExecutionOrderSort2 (0ms)
			AwakeInstancesAfterBackupRestoration (7ms)
Platform modules already initialized, skipping
========================================================================
Worker process is ready to serve import requests
Launched and connected shader compiler UnityShaderCompiler.exe after 0.04 seconds
Refreshing native plugins compatible for Editor in 1.47 ms, found 4 plugins.
Preloading 0 native plugins for Editor in 0.00 ms.
Unloading 4655 Unused Serialized files (Serialized files now loaded: 0)
Unloading 54 unused Assets / (128.2 KB). Loaded Objects now: 5111.
Memory consumption went from 175.0 MB to 174.9 MB.
Total: 4.530900 ms (FindLiveObjects: 0.495400 ms CreateObjectMapping: 0.500900 ms MarkObjects: 3.400000 ms  DeleteObjects: 0.132900 ms)

AssetImportParameters requested are different than current active one (requested -> active):
  custom:video-decoder-ogg-theora: a1e56fd34408186e4bbccfd4996cb3dc -> 
  custom:container-muxer-webm: aa71ff27fc2769a1b78a27578f13a17b -> 
  custom:container-demuxer-webm: 4f35f7cbe854078d1ac9338744f61a02 -> 
  custom:video-encoder-webm-vp8: eb34c28f22e8b96e1ab97ce403110664 -> 
  custom:audio-encoder-webm-vorbis: bf7c407c2cedff20999df2af8eb42d56 -> 
  custom:framework-win-MediaFoundation: 216162199b28c13a410421893ffa2e32 -> 
  custom:container-demuxer-ogg: 62fdf1f143b41e24485cea50d1cbac27 -> 
  custom:video-decoder-webm-vp8: 9c59270c3fd7afecdb556c50c9e8de78 -> 
  custom:audio-decoder-ogg-vorbis: bf7c407c2cedff20999df2af8eb42d56 -> 
========================================================================
Received Import Request.
  Time since last request: 84308.469546 seconds.
  path: Assets/Sprites/people-warrior-character/PNG/human/effect/1_animation_arrow_007.png
  artifactKey: Guid(2bfb1ea566999904795547265e851821) Importer(815301076,1909f56bfc062723c751e8b465ee728b)
Start importing Assets/Sprites/people-warrior-character/PNG/human/effect/1_animation_arrow_007.png using Guid(2bfb1ea566999904795547265e851821) Importer(815301076,1909f56bfc062723c751e8b465ee728b)  -> (artifact id: '1f59e6c11b77c576c5cc715ea8917543') in 0.157229 seconds 
========================================================================
Received Import Request.
  Time since last request: 0.000021 seconds.
  path: Assets/Sprites/people-warrior-character/PNG/human/effect/1_animation_arrow_004.png
  artifactKey: Guid(537ecfe75c060f64eadcac3b21460b42) Importer(815301076,1909f56bfc062723c751e8b465ee728b)
Start importing Assets/Sprites/people-warrior-character/PNG/human/effect/1_animation_arrow_004.png using Guid(537ecfe75c060f64eadcac3b21460b42) Importer(815301076,1909f56bfc062723c751e8b465ee728b)  -> (artifact id: 'effb3e63b046eff6aca71d92132d15ec') in 0.036055 seconds 
========================================================================
Received Import Request.
  Time since last request: 6.566418 seconds.
  path: Assets/Tiles/tail_1/2.png
  artifactKey: Guid(923ab651b76cc24419485fa421119d9b) Importer(815301076,1909f56bfc062723c751e8b465ee728b)
Start importing Assets/Tiles/tail_1/2.png using Guid(923ab651b76cc24419485fa421119d9b) Importer(815301076,1909f56bfc062723c751e8b465ee728b)  -> (artifact id: '45c2bc5ec84a89036c1891a79b5122b0') in 0.049198 seconds 
========================================================================
Received Import Request.
  Time since last request: 0.000030 seconds.
  path: Assets/Tiles/tail_1/15.png
  artifactKey: Guid(de82c341063fc584680739c7748feb09) Importer(815301076,1909f56bfc062723c751e8b465ee728b)
Start importing Assets/Tiles/tail_1/15.png using Guid(de82c341063fc584680739c7748feb09) Importer(815301076,1909f56bfc062723c751e8b465ee728b)  -> (artifact id: 'f4c7ea30e0fe204c33613a4c379ec28c') in 0.020462 seconds 
========================================================================
Received Import Request.
  Time since last request: 0.000029 seconds.
  path: Assets/Tiles/tail_1/8.png
  artifactKey: Guid(4fe2e97129084a643a207d257bbb7841) Importer(815301076,1909f56bfc062723c751e8b465ee728b)
Start importing Assets/Tiles/tail_1/8.png using Guid(4fe2e97129084a643a207d257bbb7841) Importer(815301076,1909f56bfc062723c751e8b465ee728b)  -> (artifact id: '4746e99d1ac9611a490d0b6ec95289d6') in 0.019026 seconds 
========================================================================
Received Import Request.
  Time since last request: 15.005435 seconds.
  path: Assets/Sprites/people-warrior-character/PNG/human/effect/1_animation_magic_001.png
  artifactKey: Guid(6b2c53a3e91927f4687063b7edca5b26) Importer(815301076,1909f56bfc062723c751e8b465ee728b)
Start importing Assets/Sprites/people-warrior-character/PNG/human/effect/1_animation_magic_001.png using Guid(6b2c53a3e91927f4687063b7edca5b26) Importer(815301076,1909f56bfc062723c751e8b465ee728b)  -> (artifact id: 'c6ae61f5d9558759ddb17f0f45cdf23d') in 0.040601 seconds 
========================================================================
Received Import Request.
  Time since last request: 0.000023 seconds.
  path: Assets/Sprites/people-warrior-character/PNG/human/effect/1_animation_magic_008.png
  artifactKey: Guid(61d62ba9286ade846907b1552c7395f3) Importer(815301076,1909f56bfc062723c751e8b465ee728b)
Start importing Assets/Sprites/people-warrior-character/PNG/human/effect/1_animation_magic_008.png using Guid(61d62ba9286ade846907b1552c7395f3) Importer(815301076,1909f56bfc062723c751e8b465ee728b)  -> (artifact id: '2bd5ccad4d2b00d843b4a49aa81f4173') in 0.040160 seconds 
========================================================================
Received Import Request.
  Time since last request: 0.764365 seconds.
  path: Assets/TextMesh Pro/Examples & Extras/Resources/Fonts & Materials/Bangers SDF.asset
  artifactKey: Guid(125cb55b44b24c4393181402bc6200e6) Importer(815301076,1909f56bfc062723c751e8b465ee728b)
Start importing Assets/TextMesh Pro/Examples & Extras/Resources/Fonts & Materials/Bangers SDF.asset using Guid(125cb55b44b24c4393181402bc6200e6) Importer(815301076,1909f56bfc062723c751e8b465ee728b)  -> (artifact id: 'daa12652ac22fcfbf73728948cfb68d3') in 0.056532 seconds 
========================================================================
Received Import Request.
  Time since last request: 0.000021 seconds.
  path: Assets/TextMesh Pro/Examples & Extras/Resources/Fonts & Materials/Bangers SDF Logo.mat
  artifactKey: Guid(f4e195ac1e204eff960149d1cb34e18c) Importer(815301076,1909f56bfc062723c751e8b465ee728b)
Start importing Assets/TextMesh Pro/Examples & Extras/Resources/Fonts & Materials/Bangers SDF Logo.mat using Guid(f4e195ac1e204eff960149d1cb34e18c) Importer(815301076,1909f56bfc062723c751e8b465ee728b)  -> (artifact id: '967081c6c68020f264503b110baf58d0') in 0.283445 seconds 
========================================================================
Received Import Request.
  Time since last request: 239.972920 seconds.
  path: Assets/Sprites/people-warrior-character/PNG/human/effect/1_animation_arrow_017.png
  artifactKey: Guid(78033999a4f08bd498bc98c30cea105c) Importer(815301076,1909f56bfc062723c751e8b465ee728b)
Start importing Assets/Sprites/people-warrior-character/PNG/human/effect/1_animation_arrow_017.png using Guid(78033999a4f08bd498bc98c30cea105c) Importer(815301076,1909f56bfc062723c751e8b465ee728b)  -> (artifact id: '27034ea96e6334188074092146204801') in 0.031884 seconds 
========================================================================
Received Import Request.
  Time since last request: 0.000191 seconds.
  path: Assets/Sprites/people-warrior-character/PNG/human/1/1_animation_attack_000.png
  artifactKey: Guid(2f4bad1461a09224d893b70d0aeef7f4) Importer(815301076,1909f56bfc062723c751e8b465ee728b)
Start importing Assets/Sprites/people-warrior-character/PNG/human/1/1_animation_attack_000.png using Guid(2f4bad1461a09224d893b70d0aeef7f4) Importer(815301076,1909f56bfc062723c751e8b465ee728b)  -> (artifact id: '5308dc1b338f912c3cda094efed4126b') in 0.032747 seconds 
========================================================================
Received Import Request.
  Time since last request: 0.000019 seconds.
  path: Assets/Enemies/Skeleton/Sprites/Attack/1_animation_attack_003.png
  artifactKey: Guid(98b205853d4ad274582f6387ceda5852) Importer(815301076,1909f56bfc062723c751e8b465ee728b)
Start importing Assets/Enemies/Skeleton/Sprites/Attack/1_animation_attack_003.png using Guid(98b205853d4ad274582f6387ceda5852) Importer(815301076,1909f56bfc062723c751e8b465ee728b)  -> (artifact id: '959e92d042db9a844baaa71c0c86b3e0') in 0.023386 seconds 
========================================================================
Received Import Request.
  Time since last request: 0.000015 seconds.
  path: Assets/Enemies/Skeleton/Sprites/Attack/1_animation_attack_000.png
  artifactKey: Guid(3f124a463c67fa540bba2534cb19635d) Importer(815301076,1909f56bfc062723c751e8b465ee728b)
Start importing Assets/Enemies/Skeleton/Sprites/Attack/1_animation_attack_000.png using Guid(3f124a463c67fa540bba2534cb19635d) Importer(815301076,1909f56bfc062723c751e8b465ee728b)  -> (artifact id: 'd1bd47982e8e5f31a6b76ab5d2a877bf') in 0.026103 seconds 
========================================================================
Received Import Request.
  Time since last request: 0.000024 seconds.
  path: Assets/Sprites/ndead-warrior-character/PNG/undead/1/1_animation_attack_004.png
  artifactKey: Guid(702664ae860038c4eb88b522f8eb37fd) Importer(815301076,1909f56bfc062723c751e8b465ee728b)
Start importing Assets/Sprites/ndead-warrior-character/PNG/undead/1/1_animation_attack_004.png using Guid(702664ae860038c4eb88b522f8eb37fd) Importer(815301076,1909f56bfc062723c751e8b465ee728b)  -> (artifact id: 'bd2e073f7d9a08fee44975e9d48ef2f9') in 0.024316 seconds 
========================================================================
Received Import Request.
  Time since last request: 0.000020 seconds.
  path: Assets/Sprites/people-warrior-character/PNG/human/1/1_animation_attack_001.png
  artifactKey: Guid(a2d24d5c5c51f5c46b9c1f3bea9afbc9) Importer(815301076,1909f56bfc062723c751e8b465ee728b)
Start importing Assets/Sprites/people-warrior-character/PNG/human/1/1_animation_attack_001.png using Guid(a2d24d5c5c51f5c46b9c1f3bea9afbc9) Importer(815301076,1909f56bfc062723c751e8b465ee728b)  -> (artifact id: '56fba9c3661d6a061ff4cce9591ee4a7') in 0.028018 seconds 
========================================================================
Received Import Request.
  Time since last request: 0.000023 seconds.
  path: Assets/Character/HumanWarrior/Sprites/Attack/1_animation_attack_000.png
  artifactKey: Guid(092425ddd0925ca4196b4893c93c6b51) Importer(815301076,1909f56bfc062723c751e8b465ee728b)
Start importing Assets/Character/HumanWarrior/Sprites/Attack/1_animation_attack_000.png using Guid(092425ddd0925ca4196b4893c93c6b51) Importer(815301076,1909f56bfc062723c751e8b465ee728b)  -> (artifact id: 'c4c91dcdce5fc688666036d4bb798431') in 0.025471 seconds 
========================================================================
Received Import Request.
  Time since last request: 0.000013 seconds.
  path: Assets/Sprites/ndead-warrior-character/PNG/undead/1/1_animation_attack_002.png
  artifactKey: Guid(fa333002c380a114f9b9d11f77ed14fd) Importer(815301076,1909f56bfc062723c751e8b465ee728b)
Start importing Assets/Sprites/ndead-warrior-character/PNG/undead/1/1_animation_attack_002.png using Guid(fa333002c380a114f9b9d11f77ed14fd) Importer(815301076,1909f56bfc062723c751e8b465ee728b)  -> (artifact id: 'e5639488e0b4cf85b5cffb0a808fd27d') in 0.026069 seconds 
========================================================================
Received Import Request.
  Time since last request: 0.000020 seconds.
  path: Assets/Sprites/people-warrior-character/PNG/human/effect/1_animation_arrow_018.png
  artifactKey: Guid(4a8fb0683a1cd21498a3f8538b3754ed) Importer(815301076,1909f56bfc062723c751e8b465ee728b)
Start importing Assets/Sprites/people-warrior-character/PNG/human/effect/1_animation_arrow_018.png using Guid(4a8fb0683a1cd21498a3f8538b3754ed) Importer(815301076,1909f56bfc062723c751e8b465ee728b)  -> (artifact id: 'a622ec1ae1ff142d67a6aab40e894b01') in 0.026582 seconds 
========================================================================
Received Import Request.
  Time since last request: 0.000024 seconds.
  path: Assets/Character/HumanWarrior/Sprites/Attack/1_animation_attack_003.png
  artifactKey: Guid(923a9922529d4d54f8e3eb1d83057f84) Importer(815301076,1909f56bfc062723c751e8b465ee728b)
Start importing Assets/Character/HumanWarrior/Sprites/Attack/1_animation_attack_003.png using Guid(923a9922529d4d54f8e3eb1d83057f84) Importer(815301076,1909f56bfc062723c751e8b465ee728b)  -> (artifact id: '6cbae7a1854fccacd9110e29cbaff500') in 0.022771 seconds 
========================================================================
Received Import Request.
  Time since last request: 0.000022 seconds.
  path: Assets/Sprites/people-warrior-character/PNG/human/1/1_animation_attack_002.png
  artifactKey: Guid(62b0627019fb01f448c661a12d1154b0) Importer(815301076,1909f56bfc062723c751e8b465ee728b)
Start importing Assets/Sprites/people-warrior-character/PNG/human/1/1_animation_attack_002.png using Guid(62b0627019fb01f448c661a12d1154b0) Importer(815301076,1909f56bfc062723c751e8b465ee728b)  -> (artifact id: '30f46e97fd0366aa52dc1f4c314fb050') in 0.025099 seconds 
========================================================================
Received Import Request.
  Time since last request: 0.674943 seconds.
  path: Assets/Sprites/people-warrior-character/PNG/human/effect/1_animation_arrow_011.png
  artifactKey: Guid(f92067ef1b9b95947b7de5572e3d1f4d) Importer(815301076,1909f56bfc062723c751e8b465ee728b)
Start importing Assets/Sprites/people-warrior-character/PNG/human/effect/1_animation_arrow_011.png using Guid(f92067ef1b9b95947b7de5572e3d1f4d) Importer(815301076,1909f56bfc062723c751e8b465ee728b)  -> (artifact id: 'cf0f8d8a056c2c3d3a17bff3487bc4bc') in 0.028316 seconds 
========================================================================
Received Import Request.
  Time since last request: 0.000018 seconds.
  path: Assets/Sprites/people-warrior-character/PNG/human/effect/1_animation_arrow_014.png
  artifactKey: Guid(01ddf5f466e0b904388e54c88a47e5ef) Importer(815301076,1909f56bfc062723c751e8b465ee728b)
Start importing Assets/Sprites/people-warrior-character/PNG/human/effect/1_animation_arrow_014.png using Guid(01ddf5f466e0b904388e54c88a47e5ef) Importer(815301076,1909f56bfc062723c751e8b465ee728b)  -> (artifact id: '238bf00cacb2c8d2557094a0db4c2ceb') in 0.028400 seconds 
========================================================================
Received Import Request.
  Time since last request: 0.000023 seconds.
  path: Assets/Sprites/people-warrior-character/PNG/human/effect/1_animation_arrow_013.png
  artifactKey: Guid(7ac9e3c2862de954782f00d36dfb10f9) Importer(815301076,1909f56bfc062723c751e8b465ee728b)
Start importing Assets/Sprites/people-warrior-character/PNG/human/effect/1_animation_arrow_013.png using Guid(7ac9e3c2862de954782f00d36dfb10f9) Importer(815301076,1909f56bfc062723c751e8b465ee728b)  -> (artifact id: '6805f4b6084de4be6dfebaf473f16d73') in 0.031044 seconds 
========================================================================
Received Import Request.
  Time since last request: 3.327654 seconds.
  path: Assets/Tiles/SnowTiles/4.png
  artifactKey: Guid(ba672bb5c16d29548a56a63f8b92672f) Importer(815301076,1909f56bfc062723c751e8b465ee728b)
Start importing Assets/Tiles/SnowTiles/4.png using Guid(ba672bb5c16d29548a56a63f8b92672f) Importer(815301076,1909f56bfc062723c751e8b465ee728b)  -> (artifact id: 'f59bca9422341dbcff5453f20421c817') in 0.021475 seconds 
========================================================================
Received Import Request.
  Time since last request: 0.000020 seconds.
  path: Assets/Tiles/SnowTiles/9.png
  artifactKey: Guid(ae95b04ca49ba1247ad1b5472c58d9de) Importer(815301076,1909f56bfc062723c751e8b465ee728b)
Start importing Assets/Tiles/SnowTiles/9.png using Guid(ae95b04ca49ba1247ad1b5472c58d9de) Importer(815301076,1909f56bfc062723c751e8b465ee728b)  -> (artifact id: 'db009d67afb489b7fce952c9c59bc695') in 0.023226 seconds 
========================================================================
Received Import Request.
  Time since last request: 0.000019 seconds.
  path: Assets/Tiles/SnowTiles/8.png
  artifactKey: Guid(d8a34346276ab6c4cafe346780e0aa62) Importer(815301076,1909f56bfc062723c751e8b465ee728b)
Start importing Assets/Tiles/SnowTiles/8.png using Guid(d8a34346276ab6c4cafe346780e0aa62) Importer(815301076,1909f56bfc062723c751e8b465ee728b)  -> (artifact id: 'bd0bc32268a45d3cae3979d11e46b1a8') in 0.024619 seconds 
========================================================================
Received Import Request.
  Time since last request: 0.000028 seconds.
  path: Assets/Tiles/SnowTiles/12.png
  artifactKey: Guid(cd111447c8448844bb0a12541941d3db) Importer(815301076,1909f56bfc062723c751e8b465ee728b)
Start importing Assets/Tiles/SnowTiles/12.png using Guid(cd111447c8448844bb0a12541941d3db) Importer(815301076,1909f56bfc062723c751e8b465ee728b)  -> (artifact id: '90e950fdcfcf8d6f19c42bd56acfff9b') in 0.024116 seconds 
========================================================================
Received Import Request.
  Time since last request: 3.425435 seconds.
  path: Assets/Tiles/tail_1_square/4.png
  artifactKey: Guid(2ae81429bd1b31a4d90df67f0ee4d6b5) Importer(815301076,1909f56bfc062723c751e8b465ee728b)
Start importing Assets/Tiles/tail_1_square/4.png using Guid(2ae81429bd1b31a4d90df67f0ee4d6b5) Importer(815301076,1909f56bfc062723c751e8b465ee728b)  -> (artifact id: '920d9c3bf5f6c64637fa949f588f2ccc') in 0.026277 seconds 
========================================================================
Received Import Request.
  Time since last request: 0.000020 seconds.
  path: Assets/Tiles/tail_1_square/12.png
  artifactKey: Guid(cdc0657f5297e804ea8c706d3a087107) Importer(815301076,1909f56bfc062723c751e8b465ee728b)
Start importing Assets/Tiles/tail_1_square/12.png using Guid(cdc0657f5297e804ea8c706d3a087107) Importer(815301076,1909f56bfc062723c751e8b465ee728b)  -> (artifact id: 'bc106116fd05ac25d93ecd33da0026c4') in 0.032226 seconds 
========================================================================
Received Import Request.
  Time since last request: 0.000031 seconds.
  path: Assets/Tiles/tail_1_square/13.png
  artifactKey: Guid(dc7fbcdd3c87c88478964dc2b9f15b9f) Importer(815301076,1909f56bfc062723c751e8b465ee728b)
Start importing Assets/Tiles/tail_1_square/13.png using Guid(dc7fbcdd3c87c88478964dc2b9f15b9f) Importer(815301076,1909f56bfc062723c751e8b465ee728b)  -> (artifact id: '8fd990fdfa37ae28370c4e89156ebd72') in 0.037052 seconds 
========================================================================
Received Import Request.
  Time since last request: 0.000031 seconds.
  path: Assets/Tiles/tail_1_square/6.png
  artifactKey: Guid(a437263c70058a043b47ec6debdf8144) Importer(815301076,1909f56bfc062723c751e8b465ee728b)
Start importing Assets/Tiles/tail_1_square/6.png using Guid(a437263c70058a043b47ec6debdf8144) Importer(815301076,1909f56bfc062723c751e8b465ee728b)  -> (artifact id: 'ad1bb33d689550fc6483034f78c1b003') in 0.050398 seconds 
========================================================================
Received Import Request.
  Time since last request: 1.732850 seconds.
  path: Assets/Tiles/tail_4_square/4.png
  artifactKey: Guid(c5d0feb3b37b9cd4ebe2201111aefd32) Importer(815301076,1909f56bfc062723c751e8b465ee728b)
Start importing Assets/Tiles/tail_4_square/4.png using Guid(c5d0feb3b37b9cd4ebe2201111aefd32) Importer(815301076,1909f56bfc062723c751e8b465ee728b)  -> (artifact id: 'b2072841c2ef8776a8feba312fa7ac3d') in 0.029281 seconds 
========================================================================
Received Import Request.
  Time since last request: 0.000022 seconds.
  path: Assets/Tiles/tail_4_square/13.png
  artifactKey: Guid(6829d4abacdd153458b27040cc0d2b05) Importer(815301076,1909f56bfc062723c751e8b465ee728b)
Start importing Assets/Tiles/tail_4_square/13.png using Guid(6829d4abacdd153458b27040cc0d2b05) Importer(815301076,1909f56bfc062723c751e8b465ee728b)  -> (artifact id: '9aa425bd5e4e20f06e0e5a950afedc57') in 0.040992 seconds 
========================================================================
Received Import Request.
  Time since last request: 0.000023 seconds.
  path: Assets/Tiles/tail_4_square/7.png
  artifactKey: Guid(42b584979ca39b949b50f13d13b4a911) Importer(815301076,1909f56bfc062723c751e8b465ee728b)
Start importing Assets/Tiles/tail_4_square/7.png using Guid(42b584979ca39b949b50f13d13b4a911) Importer(815301076,1909f56bfc062723c751e8b465ee728b)  -> (artifact id: 'e8ec0135366e02e9fb1d350ae389e390') in 0.025062 seconds 
========================================================================
Received Import Request.
  Time since last request: 0.000029 seconds.
  path: Assets/Tiles/tail_4_square/6.png
  artifactKey: Guid(3cc48c9fbfceada418238c1fd9aed518) Importer(815301076,1909f56bfc062723c751e8b465ee728b)
Start importing Assets/Tiles/tail_4_square/6.png using Guid(3cc48c9fbfceada418238c1fd9aed518) Importer(815301076,1909f56bfc062723c751e8b465ee728b)  -> (artifact id: '18f6daa822dfde96ecf197c55d80b305') in 0.033554 seconds 
========================================================================
Received Import Request.
  Time since last request: 3.302335 seconds.
  path: Assets/Tiles/tail_6/4.png
  artifactKey: Guid(6c341734fb5f19b45a28b496a6607873) Importer(815301076,1909f56bfc062723c751e8b465ee728b)
Start importing Assets/Tiles/tail_6/4.png using Guid(6c341734fb5f19b45a28b496a6607873) Importer(815301076,1909f56bfc062723c751e8b465ee728b)  -> (artifact id: '673261c031771349a0986d0bf8f8497e') in 0.028262 seconds 
========================================================================
Received Import Request.
  Time since last request: 0.000020 seconds.
  path: Assets/Tiles/tail_6/9.png
  artifactKey: Guid(5f5c0dc0b3a88e640965329a78731b98) Importer(815301076,1909f56bfc062723c751e8b465ee728b)
Start importing Assets/Tiles/tail_6/9.png using Guid(5f5c0dc0b3a88e640965329a78731b98) Importer(815301076,1909f56bfc062723c751e8b465ee728b)  -> (artifact id: '9d7b8d7a7649951aa0b1e3b3176f1739') in 0.039999 seconds 
========================================================================
Received Import Request.
  Time since last request: 0.000017 seconds.
  path: Assets/Tiles/tail_6/11.png
  artifactKey: Guid(2f010239acda36d45be5e983774b1c46) Importer(815301076,1909f56bfc062723c751e8b465ee728b)
Start importing Assets/Tiles/tail_6/11.png using Guid(2f010239acda36d45be5e983774b1c46) Importer(815301076,1909f56bfc062723c751e8b465ee728b)  -> (artifact id: '8affd37801324b9d00f8638aa8ad94ad') in 0.024363 seconds 
========================================================================
Received Import Request.
  Time since last request: 0.000023 seconds.
  path: Assets/Tiles/tail_6/7.png
  artifactKey: Guid(5b3265f6e200c6d44a3ea4b9ab5cf28b) Importer(815301076,1909f56bfc062723c751e8b465ee728b)
Start importing Assets/Tiles/tail_6/7.png using Guid(5b3265f6e200c6d44a3ea4b9ab5cf28b) Importer(815301076,1909f56bfc062723c751e8b465ee728b)  -> (artifact id: '4b173b2319867b4218961bf11e8e5668') in 0.089497 seconds 
========================================================================
Received Import Request.
  Time since last request: 7.984724 seconds.
  path: Assets/Tiles/tail_6_square/4.png
  artifactKey: Guid(3c4369ad77e52954d86f6a53a82dee6a) Importer(815301076,1909f56bfc062723c751e8b465ee728b)
Start importing Assets/Tiles/tail_6_square/4.png using Guid(3c4369ad77e52954d86f6a53a82dee6a) Importer(815301076,1909f56bfc062723c751e8b465ee728b)  -> (artifact id: '06ec28958ba5386ede86b2b23c7daa4d') in 0.031851 seconds 
========================================================================
Received Import Request.
  Time since last request: 0.000021 seconds.
  path: Assets/Tiles/tail_6_square/7.png
  artifactKey: Guid(0c0354bddd8dba34db7342a4f410d13a) Importer(815301076,1909f56bfc062723c751e8b465ee728b)
Start importing Assets/Tiles/tail_6_square/7.png using Guid(0c0354bddd8dba34db7342a4f410d13a) Importer(815301076,1909f56bfc062723c751e8b465ee728b)  -> (artifact id: '076b504b67cedfd50389b0f3120dcd9c') in 0.024386 seconds 
========================================================================
Received Import Request.
  Time since last request: 0.000019 seconds.
  path: Assets/Tiles/tail_6_square/11.png
  artifactKey: Guid(e751977ea5df6984f9d46847532bc516) Importer(815301076,1909f56bfc062723c751e8b465ee728b)
Start importing Assets/Tiles/tail_6_square/11.png using Guid(e751977ea5df6984f9d46847532bc516) Importer(815301076,1909f56bfc062723c751e8b465ee728b)  -> (artifact id: 'ecfd63ac60331c89c3757557b0ac087f') in 0.036642 seconds 
========================================================================
Received Import Request.
  Time since last request: 0.000019 seconds.
  path: Assets/Tiles/tail_6_square/18.png
  artifactKey: Guid(b6502c68a83d48c4680a9f900464c3da) Importer(815301076,1909f56bfc062723c751e8b465ee728b)
Start importing Assets/Tiles/tail_6_square/18.png using Guid(b6502c68a83d48c4680a9f900464c3da) Importer(815301076,1909f56bfc062723c751e8b465ee728b)  -> (artifact id: '7cbc8a0eb28ffea673efdc77947aeb9e') in 0.044543 seconds 
========================================================================
Received Import Request.
  Time since last request: 0.000032 seconds.
  path: Assets/Tiles/tail_6_square/9.png
  artifactKey: Guid(afb40eb4a362d2b46a5903ca3a881967) Importer(815301076,1909f56bfc062723c751e8b465ee728b)
Start importing Assets/Tiles/tail_6_square/9.png using Guid(afb40eb4a362d2b46a5903ca3a881967) Importer(815301076,1909f56bfc062723c751e8b465ee728b)  -> (artifact id: 'd5e4253e6014778dcb144844e79bb146') in 0.024504 seconds 
========================================================================
Received Import Request.
  Time since last request: 1.335294 seconds.
  path: Assets/Tiles/WaterTiles/4.png
  artifactKey: Guid(1157be5e097f2b848b06223193124a09) Importer(815301076,1909f56bfc062723c751e8b465ee728b)
Start importing Assets/Tiles/WaterTiles/4.png using Guid(1157be5e097f2b848b06223193124a09) Importer(815301076,1909f56bfc062723c751e8b465ee728b)  -> (artifact id: '3f364bae7458d934dcb4fabcc2e50a7c') in 0.020216 seconds 
========================================================================
Received Import Request.
  Time since last request: 0.000020 seconds.
  path: Assets/Tiles/WaterTiles/7.png
  artifactKey: Guid(fd8f43cacaa0eec469b0eed1b23aabed) Importer(815301076,1909f56bfc062723c751e8b465ee728b)
Start importing Assets/Tiles/WaterTiles/7.png using Guid(fd8f43cacaa0eec469b0eed1b23aabed) Importer(815301076,1909f56bfc062723c751e8b465ee728b)  -> (artifact id: 'df682277c87b8f8382d3815224b5ba4a') in 0.035284 seconds 
========================================================================
Received Import Request.
  Time since last request: 0.000042 seconds.
  path: Assets/Tiles/WaterTiles/11.png
  artifactKey: Guid(fdfc31559cacf6846a898b63887bf5d1) Importer(815301076,1909f56bfc062723c751e8b465ee728b)
Start importing Assets/Tiles/WaterTiles/11.png using Guid(fdfc31559cacf6846a898b63887bf5d1) Importer(815301076,1909f56bfc062723c751e8b465ee728b)  -> (artifact id: '624c5ae08cbafa2a539858b62cd4b834') in 0.018969 seconds 
========================================================================
Received Import Request.
  Time since last request: 1.321704 seconds.
  path: Assets/Tiles/tail_5/4.png
  artifactKey: Guid(754a2a754d8decf41a62d2c8da71357d) Importer(815301076,1909f56bfc062723c751e8b465ee728b)
Start importing Assets/Tiles/tail_5/4.png using Guid(754a2a754d8decf41a62d2c8da71357d) Importer(815301076,1909f56bfc062723c751e8b465ee728b)  -> (artifact id: '5da9cea4d7131c5ab8d1823dfb253357') in 0.027453 seconds 
========================================================================
Received Import Request.
  Time since last request: 0.000030 seconds.
  path: Assets/Tiles/tail_5/17.png
  artifactKey: Guid(063287ca7e3c4cc41b72c8808ec06833) Importer(815301076,1909f56bfc062723c751e8b465ee728b)
Start importing Assets/Tiles/tail_5/17.png using Guid(063287ca7e3c4cc41b72c8808ec06833) Importer(815301076,1909f56bfc062723c751e8b465ee728b)  -> (artifact id: 'b284dd9f04bdbc8b87b1272cfae7f463') in 0.027562 seconds 
========================================================================
Received Import Request.
  Time since last request: 0.000024 seconds.
  path: Assets/Tiles/tail_5/13.png
  artifactKey: Guid(e8dec2e8311189944ba5f456c1816b4f) Importer(815301076,1909f56bfc062723c751e8b465ee728b)
Start importing Assets/Tiles/tail_5/13.png using Guid(e8dec2e8311189944ba5f456c1816b4f) Importer(815301076,1909f56bfc062723c751e8b465ee728b)  -> (artifact id: '0cfab6a729456991194756d4e8d774b9') in 0.039311 seconds 
========================================================================
Received Import Request.
  Time since last request: 0.000019 seconds.
  path: Assets/Tiles/tail_5/14.png
  artifactKey: Guid(658adf59612ec6143841accda1a2d495) Importer(815301076,1909f56bfc062723c751e8b465ee728b)
Start importing Assets/Tiles/tail_5/14.png using Guid(658adf59612ec6143841accda1a2d495) Importer(815301076,1909f56bfc062723c751e8b465ee728b)  -> (artifact id: '10e2c1beef912aea4f47bec96184d208') in 0.022602 seconds 
========================================================================
Received Import Request.
  Time since last request: 0.000020 seconds.
  path: Assets/Tiles/tail_5/7.png
  artifactKey: Guid(5a0d9153be5fee14d973fbe9b63d3853) Importer(815301076,1909f56bfc062723c751e8b465ee728b)
Start importing Assets/Tiles/tail_5/7.png using Guid(5a0d9153be5fee14d973fbe9b63d3853) Importer(815301076,1909f56bfc062723c751e8b465ee728b)  -> (artifact id: 'edeed4f569cea7a5c2b61221e84782e9') in 0.040702 seconds 
========================================================================
Received Import Request.
  Time since last request: 1.708529 seconds.
  path: Assets/Tiles/tail_3_square/4.png
  artifactKey: Guid(2ddffb3bae30fdc4ba2486bebac25618) Importer(815301076,1909f56bfc062723c751e8b465ee728b)
Start importing Assets/Tiles/tail_3_square/4.png using Guid(2ddffb3bae30fdc4ba2486bebac25618) Importer(815301076,1909f56bfc062723c751e8b465ee728b)  -> (artifact id: '33b8bcd676cf1b2a2170d52ca375412f') in 0.022121 seconds 
========================================================================
Received Import Request.
  Time since last request: 0.000015 seconds.
  path: Assets/Tiles/tail_3_square/18.png
  artifactKey: Guid(569b1f61b782a5240ac4b24e2d4fcf40) Importer(815301076,1909f56bfc062723c751e8b465ee728b)
Start importing Assets/Tiles/tail_3_square/18.png using Guid(569b1f61b782a5240ac4b24e2d4fcf40) Importer(815301076,1909f56bfc062723c751e8b465ee728b)  -> (artifact id: '2f5c9fb42142ec43dcc805a95bcad8e8') in 0.021886 seconds 
========================================================================
Received Import Request.
  Time since last request: 0.000018 seconds.
  path: Assets/Tiles/tail_3_square/9.png
  artifactKey: Guid(311c58e57dadbfa4d8fa92aaaa3b69b8) Importer(815301076,1909f56bfc062723c751e8b465ee728b)
Start importing Assets/Tiles/tail_3_square/9.png using Guid(311c58e57dadbfa4d8fa92aaaa3b69b8) Importer(815301076,1909f56bfc062723c751e8b465ee728b)  -> (artifact id: '895f9a75c3803448f035d8521840064f') in 0.015212 seconds 
========================================================================
Received Import Request.
  Time since last request: 0.000017 seconds.
  path: Assets/Tiles/tail_3_square/13.png
  artifactKey: Guid(e3ff012c03b410248aecb45355f72ef0) Importer(815301076,1909f56bfc062723c751e8b465ee728b)
Start importing Assets/Tiles/tail_3_square/13.png using Guid(e3ff012c03b410248aecb45355f72ef0) Importer(815301076,1909f56bfc062723c751e8b465ee728b)  -> (artifact id: 'df63858f5a108c03bf47819f8622216a') in 0.019916 seconds 
========================================================================
Received Import Request.
  Time since last request: 9.837669 seconds.
  path: Assets/Tiles/tail_3_square/4.png
  artifactKey: Guid(2ddffb3bae30fdc4ba2486bebac25618) Importer(815301076,1909f56bfc062723c751e8b465ee728b)
Start importing Assets/Tiles/tail_3_square/4.png using Guid(2ddffb3bae30fdc4ba2486bebac25618) Importer(815301076,1909f56bfc062723c751e8b465ee728b)  -> (artifact id: '85608508ac1b27993455a2a52c2f5a88') in 0.033828 seconds 
========================================================================
Received Import Request.
  Time since last request: 0.000026 seconds.
  path: Assets/Tiles/tail_3_square/6.png
  artifactKey: Guid(ebc3ed57f5353184eada702512460ed5) Importer(815301076,1909f56bfc062723c751e8b465ee728b)
Start importing Assets/Tiles/tail_3_square/6.png using Guid(ebc3ed57f5353184eada702512460ed5) Importer(815301076,1909f56bfc062723c751e8b465ee728b)  -> (artifact id: '839b30fdb3fe41e4908ce61b5693f2da') in 0.017442 seconds 
========================================================================
Received Import Request.
  Time since last request: 0.000024 seconds.
  path: Assets/Tiles/tail_3_square/19.png
  artifactKey: Guid(b90b8c123b592e14e9b2e6c8db4d09a6) Importer(815301076,1909f56bfc062723c751e8b465ee728b)
Start importing Assets/Tiles/tail_3_square/19.png using Guid(b90b8c123b592e14e9b2e6c8db4d09a6) Importer(815301076,1909f56bfc062723c751e8b465ee728b)  -> (artifact id: 'c7954981fa416e82b2129196651690c3') in 0.018942 seconds 
========================================================================
Received Import Request.
  Time since last request: 11.949226 seconds.
  path: Assets/Tiles/tail_2_square/4.png
  artifactKey: Guid(1477d1053a448064b9f4533b949d0c49) Importer(815301076,1909f56bfc062723c751e8b465ee728b)
Start importing Assets/Tiles/tail_2_square/4.png using Guid(1477d1053a448064b9f4533b949d0c49) Importer(815301076,1909f56bfc062723c751e8b465ee728b)  -> (artifact id: '5b403bad82ae9d38cdba1b0f7cc014d8') in 0.026902 seconds 
========================================================================
Received Import Request.
  Time since last request: 0.000017 seconds.
  path: Assets/Tiles/tail_2_square/12.png
  artifactKey: Guid(7650017cc97adf944acbdf3d6656738c) Importer(815301076,1909f56bfc062723c751e8b465ee728b)
Start importing Assets/Tiles/tail_2_square/12.png using Guid(7650017cc97adf944acbdf3d6656738c) Importer(815301076,1909f56bfc062723c751e8b465ee728b)  -> (artifact id: '8576fb36ed784e6d7dbb43800429552d') in 0.036381 seconds 
========================================================================
Received Import Request.
  Time since last request: 0.000023 seconds.
  path: Assets/Tiles/tail_2_square/7.png
  artifactKey: Guid(6b3fac230c703504296da94b38dd264f) Importer(815301076,1909f56bfc062723c751e8b465ee728b)
Start importing Assets/Tiles/tail_2_square/7.png using Guid(6b3fac230c703504296da94b38dd264f) Importer(815301076,1909f56bfc062723c751e8b465ee728b)  -> (artifact id: '51a5e2e7e4d4e9bdbcfd816e26a9f0a3') in 0.029714 seconds 
========================================================================
Received Import Request.
  Time since last request: 0.000031 seconds.
  path: Assets/Tiles/tail_2_square/16.png
  artifactKey: Guid(954dfe86057c6f64d80660949079191d) Importer(815301076,1909f56bfc062723c751e8b465ee728b)
Start importing Assets/Tiles/tail_2_square/16.png using Guid(954dfe86057c6f64d80660949079191d) Importer(815301076,1909f56bfc062723c751e8b465ee728b)  -> (artifact id: '77130cf7c8c885dd64b57a0ba9a2c01d') in 0.048490 seconds 
========================================================================
Received Import Request.
  Time since last request: 6.475328 seconds.
  path: Assets/Tiles/tail_2_square/4.png
  artifactKey: Guid(1477d1053a448064b9f4533b949d0c49) Importer(815301076,1909f56bfc062723c751e8b465ee728b)
Start importing Assets/Tiles/tail_2_square/4.png using Guid(1477d1053a448064b9f4533b949d0c49) Importer(815301076,1909f56bfc062723c751e8b465ee728b)  -> (artifact id: 'bbef944a51775aaa9f1143769e7e61e6') in 0.031635 seconds 
========================================================================
Received Import Request.
  Time since last request: 0.000024 seconds.
  path: Assets/Tiles/tail_2_square/9.png
  artifactKey: Guid(2b57f6f7364f0d245ae7f1fd3fe81b16) Importer(815301076,1909f56bfc062723c751e8b465ee728b)
Start importing Assets/Tiles/tail_2_square/9.png using Guid(2b57f6f7364f0d245ae7f1fd3fe81b16) Importer(815301076,1909f56bfc062723c751e8b465ee728b)  -> (artifact id: '8ed21c4c5f32e50546f34576ba011136') in 0.019038 seconds 
========================================================================
Received Import Request.
  Time since last request: 0.000015 seconds.
  path: Assets/Tiles/tail_2_square/6.png
  artifactKey: Guid(e4f6a8dcc70dda141a6186d7b24e4d31) Importer(815301076,1909f56bfc062723c751e8b465ee728b)
Start importing Assets/Tiles/tail_2_square/6.png using Guid(e4f6a8dcc70dda141a6186d7b24e4d31) Importer(815301076,1909f56bfc062723c751e8b465ee728b)  -> (artifact id: '0585a84f5402f9ebbcf4fc3e3966f2c7') in 0.018126 seconds 
========================================================================
Received Import Request.
  Time since last request: 12.962892 seconds.
  path: Assets/Tiles/tail_2/4.png
  artifactKey: Guid(2ac4e4c6ed121e243a0a1a150f7d46c5) Importer(815301076,1909f56bfc062723c751e8b465ee728b)
Start importing Assets/Tiles/tail_2/4.png using Guid(2ac4e4c6ed121e243a0a1a150f7d46c5) Importer(815301076,1909f56bfc062723c751e8b465ee728b)  -> (artifact id: '09bbfcb572662d34bff3bb53e90478e5') in 0.035985 seconds 
========================================================================
Received Import Request.
  Time since last request: 0.000022 seconds.
  path: Assets/Tiles/tail_2/9.png
  artifactKey: Guid(646258585be68fe4d899cb7b7214cd0b) Importer(815301076,1909f56bfc062723c751e8b465ee728b)
Start importing Assets/Tiles/tail_2/9.png using Guid(646258585be68fe4d899cb7b7214cd0b) Importer(815301076,1909f56bfc062723c751e8b465ee728b)  -> (artifact id: 'bfd66513b410399473676540ae996373') in 0.047431 seconds 
========================================================================
Received Import Request.
  Time since last request: 0.000035 seconds.
  path: Assets/Tiles/tail_2/10.png
  artifactKey: Guid(59a58125a410e0e42a7ee1af0c722990) Importer(815301076,1909f56bfc062723c751e8b465ee728b)
Start importing Assets/Tiles/tail_2/10.png using Guid(59a58125a410e0e42a7ee1af0c722990) Importer(815301076,1909f56bfc062723c751e8b465ee728b)  -> (artifact id: 'ed939a0b12c0d1e035dfcb3c0e14448d') in 0.056885 seconds 
========================================================================
Received Import Request.
  Time since last request: 9.576064 seconds.
  path: Assets/Tiles/tail_6_square/4.png
  artifactKey: Guid(3c4369ad77e52954d86f6a53a82dee6a) Importer(815301076,1909f56bfc062723c751e8b465ee728b)
Start importing Assets/Tiles/tail_6_square/4.png using Guid(3c4369ad77e52954d86f6a53a82dee6a) Importer(815301076,1909f56bfc062723c751e8b465ee728b)  -> (artifact id: 'ae58131505aeddba128aa4775aa18d47') in 0.024074 seconds 
========================================================================
Received Import Request.
  Time since last request: 0.000023 seconds.
  path: Assets/Tiles/tail_6_square/6.png
  artifactKey: Guid(c78acad4e72680c4895705d2248400d2) Importer(815301076,1909f56bfc062723c751e8b465ee728b)
Start importing Assets/Tiles/tail_6_square/6.png using Guid(c78acad4e72680c4895705d2248400d2) Importer(815301076,1909f56bfc062723c751e8b465ee728b)  -> (artifact id: '286e8f8fb1f8c7388bfbc13364cede3a') in 0.028949 seconds 
========================================================================
Received Import Request.
  Time since last request: 0.000018 seconds.
  path: Assets/Tiles/tail_6_square/10.png
  artifactKey: Guid(e056b6f295c817c4884f99fbbe81a909) Importer(815301076,1909f56bfc062723c751e8b465ee728b)
Start importing Assets/Tiles/tail_6_square/10.png using Guid(e056b6f295c817c4884f99fbbe81a909) Importer(815301076,1909f56bfc062723c751e8b465ee728b)  -> (artifact id: '4fcdfdbcaebb1465ccadfd4645f5dc9b') in 0.028463 seconds 
========================================================================
Received Import Request.
  Time since last request: 0.000027 seconds.
  path: Assets/Tiles/tail_6_square/15.png
  artifactKey: Guid(67dc04c0ff700b34d8bc94027078aad8) Importer(815301076,1909f56bfc062723c751e8b465ee728b)
Start importing Assets/Tiles/tail_6_square/15.png using Guid(67dc04c0ff700b34d8bc94027078aad8) Importer(815301076,1909f56bfc062723c751e8b465ee728b)  -> (artifact id: '64deefd4649075759836e6b6e0fc20fa') in 0.022482 seconds 
========================================================================
Received Import Request.
  Time since last request: 6.721546 seconds.
  path: Assets/Enemies/Skeleton/Sprites/Attack/1_animation_attack_019.png
  artifactKey: Guid(90e0290cd221636448e62a17a393a9a9) Importer(815301076,1909f56bfc062723c751e8b465ee728b)
Start importing Assets/Enemies/Skeleton/Sprites/Attack/1_animation_attack_019.png using Guid(90e0290cd221636448e62a17a393a9a9) Importer(815301076,1909f56bfc062723c751e8b465ee728b)  -> (artifact id: 'c02b385ed837a131505ce815281b6084') in 0.028380 seconds 
========================================================================
Received Import Request.
  Time since last request: 0.000022 seconds.
  path: Assets/Sprites/people-warrior-character/PNG/human/2/2_animation_attack_019.png
  artifactKey: Guid(90eaa60e65aba8744b7329037c15faa5) Importer(815301076,1909f56bfc062723c751e8b465ee728b)
Start importing Assets/Sprites/people-warrior-character/PNG/human/2/2_animation_attack_019.png using Guid(90eaa60e65aba8744b7329037c15faa5) Importer(815301076,1909f56bfc062723c751e8b465ee728b)  -> (artifact id: 'f391f48d3d14528c604bdbf422ed68cd') in 0.042111 seconds 
========================================================================
Received Import Request.
  Time since last request: 0.000024 seconds.
  path: Assets/Enemies/Skeleton/Sprites/Idle/1_animation_idle_019.png
  artifactKey: Guid(11bc011a1e591414ea0cc380d58c2b37) Importer(815301076,1909f56bfc062723c751e8b465ee728b)
Start importing Assets/Enemies/Skeleton/Sprites/Idle/1_animation_idle_019.png using Guid(11bc011a1e591414ea0cc380d58c2b37) Importer(815301076,1909f56bfc062723c751e8b465ee728b)  -> (artifact id: '443fed92bee2ee4c951a020c207c520a') in 0.024905 seconds 
========================================================================
Received Import Request.
  Time since last request: 0.000030 seconds.
  path: Assets/Sprites/ndead-warrior-character/PNG/undead/2/2_animation_attack_019.png
  artifactKey: Guid(a6309e749391f33459a910bfbbbbfb20) Importer(815301076,1909f56bfc062723c751e8b465ee728b)
Start importing Assets/Sprites/ndead-warrior-character/PNG/undead/2/2_animation_attack_019.png using Guid(a6309e749391f33459a910bfbbbbfb20) Importer(815301076,1909f56bfc062723c751e8b465ee728b)  -> (artifact id: '70343ded377c1d5767c24b744450b45f') in 0.040644 seconds 
========================================================================
Received Import Request.
  Time since last request: 1.323523 seconds.
  path: Assets/Enemies/Zombie/Hurt/2_animation_hurt_019.png
  artifactKey: Guid(c949a5c524e838741a05c2766d3cddc1) Importer(815301076,1909f56bfc062723c751e8b465ee728b)
Start importing Assets/Enemies/Zombie/Hurt/2_animation_hurt_019.png using Guid(c949a5c524e838741a05c2766d3cddc1) Importer(815301076,1909f56bfc062723c751e8b465ee728b)  -> (artifact id: '70994ae1dc8219a58ae6a762699b76e8') in 0.026485 seconds 
========================================================================
Received Import Request.
  Time since last request: 0.000036 seconds.
  path: Assets/Sprites/people-warrior-character/PNG/human/2/2_animation_idle_019.png
  artifactKey: Guid(4bf6dbc1ae1c3a745ae6aae5c864f813) Importer(815301076,1909f56bfc062723c751e8b465ee728b)
Start importing Assets/Sprites/people-warrior-character/PNG/human/2/2_animation_idle_019.png using Guid(4bf6dbc1ae1c3a745ae6aae5c864f813) Importer(815301076,1909f56bfc062723c751e8b465ee728b)  -> (artifact id: '4ef3b5952cacf0ec0329294e00e28d1b') in 0.027416 seconds 
========================================================================
Received Import Request.
  Time since last request: 0.183548 seconds.
  path: Assets/Sprites/ndead-warrior-character/PNG/undead/3/3_animation_hurt_019.png
  artifactKey: Guid(49e22acfae9ace54ca84a5fdb12c8ebb) Importer(815301076,1909f56bfc062723c751e8b465ee728b)
Start importing Assets/Sprites/ndead-warrior-character/PNG/undead/3/3_animation_hurt_019.png using Guid(49e22acfae9ace54ca84a5fdb12c8ebb) Importer(815301076,1909f56bfc062723c751e8b465ee728b)  -> (artifact id: '1fb973ae5fbbb1160e709eac75a06f7b') in 0.033884 seconds 
========================================================================
Received Import Request.
  Time since last request: 0.000020 seconds.
  path: Assets/Sprites/people-warrior-character/PNG/human/4/4_animation_hurt_019.png
  artifactKey: Guid(74b00255cce5f39449c7926e7912cb21) Importer(815301076,1909f56bfc062723c751e8b465ee728b)
Start importing Assets/Sprites/people-warrior-character/PNG/human/4/4_animation_hurt_019.png using Guid(74b00255cce5f39449c7926e7912cb21) Importer(815301076,1909f56bfc062723c751e8b465ee728b)  -> (artifact id: 'b70b6d48b5bbcf3bcd1df31561f832b0') in 0.027659 seconds 
========================================================================
Received Import Request.
  Time since last request: 0.000031 seconds.
  path: Assets/Sprites/ndead-warrior-character/PNG/undead/4/4_animation_attack_019.png
  artifactKey: Guid(394549962c6aff443abe95edb24220af) Importer(815301076,1909f56bfc062723c751e8b465ee728b)
Start importing Assets/Sprites/ndead-warrior-character/PNG/undead/4/4_animation_attack_019.png using Guid(394549962c6aff443abe95edb24220af) Importer(815301076,1909f56bfc062723c751e8b465ee728b)  -> (artifact id: 'ff5196327adc5bb242ecffa340ac7a1b') in 0.021202 seconds 
========================================================================
Received Import Request.
  Time since last request: 0.154594 seconds.
  path: Assets/Sprites/people-warrior-character/PNG/human/4/4_animation_walk_019.png
  artifactKey: Guid(2d958ffc6b7f84c48858c858919b2d9d) Importer(815301076,1909f56bfc062723c751e8b465ee728b)
Start importing Assets/Sprites/people-warrior-character/PNG/human/4/4_animation_walk_019.png using Guid(2d958ffc6b7f84c48858c858919b2d9d) Importer(815301076,1909f56bfc062723c751e8b465ee728b)  -> (artifact id: '55c611de801a144c7e5b1779709afdd9') in 0.046932 seconds 
========================================================================
Received Import Request.
  Time since last request: 0.000019 seconds.
  path: Assets/Sprites/ndead-warrior-character/PNG/undead/5/5_animation_walk_019.png
  artifactKey: Guid(5836dda81c767b54e8e72e10162e3e00) Importer(815301076,1909f56bfc062723c751e8b465ee728b)
Start importing Assets/Sprites/ndead-warrior-character/PNG/undead/5/5_animation_walk_019.png using Guid(5836dda81c767b54e8e72e10162e3e00) Importer(815301076,1909f56bfc062723c751e8b465ee728b)  -> (artifact id: 'c0b1cab463afa416198628e7e893e2d9') in 0.050404 seconds 
========================================================================
Received Import Request.
  Time since last request: 0.205501 seconds.
  path: Assets/Sprites/people-warrior-character/PNG/human/6/6_animation_walk_019.png
  artifactKey: Guid(72f1700cc8eeff045a07754365652649) Importer(815301076,1909f56bfc062723c751e8b465ee728b)
Start importing Assets/Sprites/people-warrior-character/PNG/human/6/6_animation_walk_019.png using Guid(72f1700cc8eeff045a07754365652649) Importer(815301076,1909f56bfc062723c751e8b465ee728b)  -> (artifact id: '709d0ed64da759d63576b81953495659') in 0.054108 seconds 
========================================================================
Received Import Request.
  Time since last request: 0.011681 seconds.
  path: Assets/Sprites/ndead-warrior-character/PNG/undead/7/7_animation_idle_019.png
  artifactKey: Guid(f9cfdf2bca094304aa479c2b93f44e27) Importer(815301076,1909f56bfc062723c751e8b465ee728b)
Start importing Assets/Sprites/ndead-warrior-character/PNG/undead/7/7_animation_idle_019.png using Guid(f9cfdf2bca094304aa479c2b93f44e27) Importer(815301076,1909f56bfc062723c751e8b465ee728b)  -> (artifact id: '51645d2d70576f94d576a41b53134967') in 0.032312 seconds 
========================================================================
Received Import Request.
  Time since last request: 0.185616 seconds.
  path: Assets/Sprites/ndead-warrior-character/PNG/undead/effect/8_animation_blood_019.png
  artifactKey: Guid(5effd5347eff44c44bd2829c5257c017) Importer(815301076,1909f56bfc062723c751e8b465ee728b)
Start importing Assets/Sprites/ndead-warrior-character/PNG/undead/effect/8_animation_blood_019.png using Guid(5effd5347eff44c44bd2829c5257c017) Importer(815301076,1909f56bfc062723c751e8b465ee728b)  -> (artifact id: '9998b90e68bf4ddf12e5ed28accb6303') in 0.048658 seconds 
========================================================================
Received Import Request.
  Time since last request: 0.000019 seconds.
  path: Assets/Sprites/2d-game-assets/PNG/tail_3/19.png
  artifactKey: Guid(afa198a271edf7940be80ecbcd657413) Importer(815301076,1909f56bfc062723c751e8b465ee728b)
Start importing Assets/Sprites/2d-game-assets/PNG/tail_3/19.png using Guid(afa198a271edf7940be80ecbcd657413) Importer(815301076,1909f56bfc062723c751e8b465ee728b)  -> (artifact id: '38a87203b4570b81ab6b1933cf6bc807') in 0.020908 seconds 
========================================================================
Received Import Request.
  Time since last request: 0.238526 seconds.
  path: Assets/Sprites/2d-game-assets/PNG/main/19.png
  artifactKey: Guid(751605093e943d3498a6b3f139fa67cf) Importer(815301076,1909f56bfc062723c751e8b465ee728b)
Start importing Assets/Sprites/2d-game-assets/PNG/main/19.png using Guid(751605093e943d3498a6b3f139fa67cf) Importer(815301076,1909f56bfc062723c751e8b465ee728b)  -> (artifact id: '0967d41dfc34abbd99f30e14127ba109') in 0.020004 seconds 
========================================================================
Received Import Request.
  Time since last request: 0.316909 seconds.
  path: Assets/Sprites/2d-game-assets/PNG/tail_6/19.png
  artifactKey: Guid(c267ddaf0092acb428d848826842a445) Importer(815301076,1909f56bfc062723c751e8b465ee728b)
Start importing Assets/Sprites/2d-game-assets/PNG/tail_6/19.png using Guid(c267ddaf0092acb428d848826842a445) Importer(815301076,1909f56bfc062723c751e8b465ee728b)  -> (artifact id: 'ad15c521dbfb897b2d261c174be980a9') in 0.026000 seconds 
========================================================================
Received Import Request.
  Time since last request: 28.004936 seconds.
  path: Assets/Sprites/2d-game-assets/PNG/tail_3/4.png
  artifactKey: Guid(b6d8d5ede3a648941a5da73880e2d873) Importer(815301076,1909f56bfc062723c751e8b465ee728b)
Start importing Assets/Sprites/2d-game-assets/PNG/tail_3/4.png using Guid(b6d8d5ede3a648941a5da73880e2d873) Importer(815301076,1909f56bfc062723c751e8b465ee728b)  -> (artifact id: 'd70c3f768e1ed178a788469fdcf0c502') in 0.032852 seconds 
========================================================================
Received Import Request.
  Time since last request: 0.000019 seconds.
  path: Assets/Sprites/2d-game-assets/PNG/tail_3/13.png
  artifactKey: Guid(8a008b1f9e8ea7f48aaabb9e44eaef40) Importer(815301076,1909f56bfc062723c751e8b465ee728b)
Start importing Assets/Sprites/2d-game-assets/PNG/tail_3/13.png using Guid(8a008b1f9e8ea7f48aaabb9e44eaef40) Importer(815301076,1909f56bfc062723c751e8b465ee728b)  -> (artifact id: 'b62984165362a8c57e2cec3482d57d9c') in 0.022455 seconds 
========================================================================
Received Import Request.
  Time since last request: 0.000024 seconds.
  path: Assets/Sprites/2d-game-assets/PNG/tail_3/9.png
  artifactKey: Guid(9c934911f9114324b898f2cb08cec888) Importer(815301076,1909f56bfc062723c751e8b465ee728b)
Start importing Assets/Sprites/2d-game-assets/PNG/tail_3/9.png using Guid(9c934911f9114324b898f2cb08cec888) Importer(815301076,1909f56bfc062723c751e8b465ee728b)  -> (artifact id: 'b987287c5ad932f53e4842088795d60f') in 0.026967 seconds 
========================================================================
Received Import Request.
  Time since last request: 0.000019 seconds.
  path: Assets/Sprites/2d-game-assets/PNG/tail_3/18.png
  artifactKey: Guid(2f46af1b33370954d9f209da4bfacfec) Importer(815301076,1909f56bfc062723c751e8b465ee728b)
Start importing Assets/Sprites/2d-game-assets/PNG/tail_3/18.png using Guid(2f46af1b33370954d9f209da4bfacfec) Importer(815301076,1909f56bfc062723c751e8b465ee728b)  -> (artifact id: '1b7185fdebcf382be2a367c20a594370') in 0.035741 seconds 
========================================================================
Received Import Request.
  Time since last request: 61.020850 seconds.
  path: Assets/Sprites/people-warrior-character/PNG/human/1/1_animation_attack_012.png
  artifactKey: Guid(bf5f3621b76e85647841bb0ae09674bb) Importer(815301076,1909f56bfc062723c751e8b465ee728b)
Start importing Assets/Sprites/people-warrior-character/PNG/human/1/1_animation_attack_012.png using Guid(bf5f3621b76e85647841bb0ae09674bb) Importer(815301076,1909f56bfc062723c751e8b465ee728b)  -> (artifact id: 'f5cb50025f7e6edca1a13122fe5d85d9') in 0.029227 seconds 
========================================================================
Received Import Request.
  Time since last request: 0.000023 seconds.
  path: Assets/Sprites/ndead-warrior-character/PNG/undead/1/1_animation_hurt_002.png
  artifactKey: Guid(d40a4e4d35058004c8620f3307e3320c) Importer(815301076,1909f56bfc062723c751e8b465ee728b)
Start importing Assets/Sprites/ndead-warrior-character/PNG/undead/1/1_animation_hurt_002.png using Guid(d40a4e4d35058004c8620f3307e3320c) Importer(815301076,1909f56bfc062723c751e8b465ee728b)  -> (artifact id: 'be5344203bb9824593981865f71d866d') in 0.024196 seconds 
========================================================================
Received Import Request.
  Time since last request: 1.069720 seconds.
  path: Assets/Sprites/tactical-strategy-game-tileset/PNG/tail_2_square/1.png
  artifactKey: Guid(ef6e4caaac0eadb48a7fdd123a3785e5) Importer(815301076,1909f56bfc062723c751e8b465ee728b)
Start importing Assets/Sprites/tactical-strategy-game-tileset/PNG/tail_2_square/1.png using Guid(ef6e4caaac0eadb48a7fdd123a3785e5) Importer(815301076,1909f56bfc062723c751e8b465ee728b)  -> (artifact id: 'c84795b921dd5060d32c3ae8fdbeeaa6') in 0.024184 seconds 
========================================================================
Received Import Request.
  Time since last request: 0.000028 seconds.
  path: Assets/Sprites/2d-game-assets/PNG/tail_2/1.png
  artifactKey: Guid(9c7b232dc4ea7a04196c0bfba40246e0) Importer(815301076,1909f56bfc062723c751e8b465ee728b)
Start importing Assets/Sprites/2d-game-assets/PNG/tail_2/1.png using Guid(9c7b232dc4ea7a04196c0bfba40246e0) Importer(815301076,1909f56bfc062723c751e8b465ee728b)  -> (artifact id: 'f686f6e2c7d5a827923061e864c73c79') in 0.021544 seconds 
========================================================================
Received Import Request.
  Time since last request: 0.000019 seconds.
  path: Assets/Sprites/tactical-strategy-2d-game-tile-set/PNG/tail_3/1.png
  artifactKey: Guid(0e029b50cb7f0a745988efa24f62906d) Importer(815301076,1909f56bfc062723c751e8b465ee728b)
Start importing Assets/Sprites/tactical-strategy-2d-game-tile-set/PNG/tail_3/1.png using Guid(0e029b50cb7f0a745988efa24f62906d) Importer(815301076,1909f56bfc062723c751e8b465ee728b)  -> (artifact id: '6348667ab1f721b5d2c22ed0ec7071cc') in 0.019742 seconds 
========================================================================
Received Import Request.
  Time since last request: 0.000017 seconds.
  path: Assets/Sprites/2d-game-assets/PNG/tail_4/1.png
  artifactKey: Guid(5a13741698b5d3f438a00804fd4d29a5) Importer(815301076,1909f56bfc062723c751e8b465ee728b)
Start importing Assets/Sprites/2d-game-assets/PNG/tail_4/1.png using Guid(5a13741698b5d3f438a00804fd4d29a5) Importer(815301076,1909f56bfc062723c751e8b465ee728b)  -> (artifact id: '15420cb2a65d6477a9f8682fe75edcf7') in 0.019389 seconds 
========================================================================
Received Import Request.
  Time since last request: 0.201799 seconds.
  path: Assets/Sprites/people-warrior-character/PNG/human/1/1_animation_attack_018.png
  artifactKey: Guid(b171165312a23a047976419bfe229171) Importer(815301076,1909f56bfc062723c751e8b465ee728b)
Start importing Assets/Sprites/people-warrior-character/PNG/human/1/1_animation_attack_018.png using Guid(b171165312a23a047976419bfe229171) Importer(815301076,1909f56bfc062723c751e8b465ee728b)  -> (artifact id: 'cfd31c3a08f5d403d741f5bfd1ad016a') in 0.022066 seconds 
========================================================================
Received Import Request.
  Time since last request: 0.000022 seconds.
  path: Assets/Sprites/people-warrior-character/PNG/human/1/1_animation_hurt_018.png
  artifactKey: Guid(e697da50ec1d75b4799a02c25ab921df) Importer(815301076,1909f56bfc062723c751e8b465ee728b)
Start importing Assets/Sprites/people-warrior-character/PNG/human/1/1_animation_hurt_018.png using Guid(e697da50ec1d75b4799a02c25ab921df) Importer(815301076,1909f56bfc062723c751e8b465ee728b)  -> (artifact id: 'c7918832168d7e1252483781091dc90d') in 0.026979 seconds 
========================================================================
Received Import Request.
  Time since last request: 0.000023 seconds.
  path: Assets/Character/HumanWarrior/Sprites/Hurt/1_animation_hurt_018.png
  artifactKey: Guid(feb90ee93eb71f94da8eae78e74a495b) Importer(815301076,1909f56bfc062723c751e8b465ee728b)
Start importing Assets/Character/HumanWarrior/Sprites/Hurt/1_animation_hurt_018.png using Guid(feb90ee93eb71f94da8eae78e74a495b) Importer(815301076,1909f56bfc062723c751e8b465ee728b)  -> (artifact id: '94a8799d02fd06f3a215b8005379136c') in 0.023359 seconds 
========================================================================
Received Import Request.
  Time since last request: 0.000035 seconds.
  path: Assets/Sprites/people-warrior-character/PNG/human/1/1_animation_walk_018.png
  artifactKey: Guid(13be4c923ab6f21478124d77fde026ad) Importer(815301076,1909f56bfc062723c751e8b465ee728b)
Start importing Assets/Sprites/people-warrior-character/PNG/human/1/1_animation_walk_018.png using Guid(13be4c923ab6f21478124d77fde026ad) Importer(815301076,1909f56bfc062723c751e8b465ee728b)  -> (artifact id: 'c4125eb5944e5b755c28acee080c8985') in 0.022087 seconds 
========================================================================
Received Import Request.
  Time since last request: 0.000015 seconds.
  path: Assets/Sprites/people-warrior-character/PNG/human/2/2_animation_attack_018.png
  artifactKey: Guid(f7b55ccea1240f348a435f74611172bf) Importer(815301076,1909f56bfc062723c751e8b465ee728b)
Start importing Assets/Sprites/people-warrior-character/PNG/human/2/2_animation_attack_018.png using Guid(f7b55ccea1240f348a435f74611172bf) Importer(815301076,1909f56bfc062723c751e8b465ee728b)  -> (artifact id: 'b278eab3663ff10c687a5270b44e5389') in 0.021089 seconds 
========================================================================
Received Import Request.
  Time since last request: 0.668837 seconds.
  path: Assets/Sprites/people-warrior-character/PNG/human/2/2_animation_hurt_018.png
  artifactKey: Guid(e06f14a411e8ef64aa6f5b052b006940) Importer(815301076,1909f56bfc062723c751e8b465ee728b)
Start importing Assets/Sprites/people-warrior-character/PNG/human/2/2_animation_hurt_018.png using Guid(e06f14a411e8ef64aa6f5b052b006940) Importer(815301076,1909f56bfc062723c751e8b465ee728b)  -> (artifact id: '147f4f84c90ec1f1b304ea9003133572') in 0.022396 seconds 
========================================================================
Received Import Request.
  Time since last request: 0.000016 seconds.
  path: Assets/Enemies/Zombie/Idle/2_animation_idle_018.png
  artifactKey: Guid(9428a8ae48e469f4eb7e6784c6dc8f3f) Importer(815301076,1909f56bfc062723c751e8b465ee728b)
Start importing Assets/Enemies/Zombie/Idle/2_animation_idle_018.png using Guid(9428a8ae48e469f4eb7e6784c6dc8f3f) Importer(815301076,1909f56bfc062723c751e8b465ee728b)  -> (artifact id: '06f1b9ff571ced7150d503501e8c3b40') in 0.019504 seconds 
========================================================================
Received Import Request.
  Time since last request: 0.000032 seconds.
  path: Assets/Sprites/ndead-warrior-character/PNG/undead/3/3_animation_attack_018.png
  artifactKey: Guid(602f478fb3f356d4b88e6fc5c6ff7145) Importer(815301076,1909f56bfc062723c751e8b465ee728b)
Start importing Assets/Sprites/ndead-warrior-character/PNG/undead/3/3_animation_attack_018.png using Guid(602f478fb3f356d4b88e6fc5c6ff7145) Importer(815301076,1909f56bfc062723c751e8b465ee728b)  -> (artifact id: 'cd81d4612f9a507d0a769ad09f10ad50') in 0.022446 seconds 
========================================================================
Received Import Request.
  Time since last request: 0.000016 seconds.
  path: Assets/Sprites/ndead-warrior-character/PNG/undead/3/3_animation_idle_018.png
  artifactKey: Guid(acf0ce24fd139864391d4b75868d8b1a) Importer(815301076,1909f56bfc062723c751e8b465ee728b)
Start importing Assets/Sprites/ndead-warrior-character/PNG/undead/3/3_animation_idle_018.png using Guid(acf0ce24fd139864391d4b75868d8b1a) Importer(815301076,1909f56bfc062723c751e8b465ee728b)  -> (artifact id: '5c1e80ae9471ec4fbbe198a434788605') in 0.021554 seconds 
========================================================================
Received Import Request.
  Time since last request: 0.167557 seconds.
  path: Assets/Sprites/people-warrior-character/PNG/human/3/3_animation_walk_018.png
  artifactKey: Guid(14913796bd353c54098023c1d733a52b) Importer(815301076,1909f56bfc062723c751e8b465ee728b)
Start importing Assets/Sprites/people-warrior-character/PNG/human/3/3_animation_walk_018.png using Guid(14913796bd353c54098023c1d733a52b) Importer(815301076,1909f56bfc062723c751e8b465ee728b)  -> (artifact id: '4c9df5439e91f2ebc0f1393a12f081e0') in 0.022281 seconds 
========================================================================
Received Import Request.
  Time since last request: 0.000017 seconds.
  path: Assets/Sprites/people-warrior-character/PNG/human/4/4_animation_hurt_018.png
  artifactKey: Guid(8e613ef0e3110e54aa3da3dc254f3fcb) Importer(815301076,1909f56bfc062723c751e8b465ee728b)
Start importing Assets/Sprites/people-warrior-character/PNG/human/4/4_animation_hurt_018.png using Guid(8e613ef0e3110e54aa3da3dc254f3fcb) Importer(815301076,1909f56bfc062723c751e8b465ee728b)  -> (artifact id: '3cfa2874bc102dd6403603fa8d038d17') in 0.022634 seconds 
========================================================================
Received Import Request.
  Time since last request: 0.219657 seconds.
  path: Assets/Sprites/ndead-warrior-character/PNG/undead/4/4_animation_walk_018.png
  artifactKey: Guid(e4ad549d677b85c47949d08a186dbeae) Importer(815301076,1909f56bfc062723c751e8b465ee728b)
Start importing Assets/Sprites/ndead-warrior-character/PNG/undead/4/4_animation_walk_018.png using Guid(e4ad549d677b85c47949d08a186dbeae) Importer(815301076,1909f56bfc062723c751e8b465ee728b)  -> (artifact id: '5b030a66254df883764ff4df2499d45b') in 0.020296 seconds 
========================================================================
Received Import Request.
  Time since last request: 0.000024 seconds.
  path: Assets/Sprites/ndead-warrior-character/PNG/undead/5/5_animation_hurt_018.png
  artifactKey: Guid(ada91db05083ffc4299f8a4fd725eaeb) Importer(815301076,1909f56bfc062723c751e8b465ee728b)
Start importing Assets/Sprites/ndead-warrior-character/PNG/undead/5/5_animation_hurt_018.png using Guid(ada91db05083ffc4299f8a4fd725eaeb) Importer(815301076,1909f56bfc062723c751e8b465ee728b)  -> (artifact id: '5db70133ed99d8c1d846d99279b1280b') in 0.025406 seconds 
========================================================================
Received Import Request.
  Time since last request: 0.000024 seconds.
  path: Assets/Sprites/people-warrior-character/PNG/human/5/5_animation_idle_018.png
  artifactKey: Guid(477c63014ae29a74ab2253863c4fb076) Importer(815301076,1909f56bfc062723c751e8b465ee728b)
Start importing Assets/Sprites/people-warrior-character/PNG/human/5/5_animation_idle_018.png using Guid(477c63014ae29a74ab2253863c4fb076) Importer(815301076,1909f56bfc062723c751e8b465ee728b)  -> (artifact id: '987085c557e00320d9a9b884999c6e09') in 0.029441 seconds 
========================================================================
Received Import Request.
  Time since last request: 0.000018 seconds.
  path: Assets/Sprites/ndead-warrior-character/PNG/undead/6/6_animation_attack_018.png
  artifactKey: Guid(855c3c62f1f3b034db9a4abd0c895b05) Importer(815301076,1909f56bfc062723c751e8b465ee728b)
Start importing Assets/Sprites/ndead-warrior-character/PNG/undead/6/6_animation_attack_018.png using Guid(855c3c62f1f3b034db9a4abd0c895b05) Importer(815301076,1909f56bfc062723c751e8b465ee728b)  -> (artifact id: '5ea5db04e1a944b87b88e5382a0254c6') in 0.024658 seconds 
========================================================================
Received Import Request.
  Time since last request: 0.153611 seconds.
  path: Assets/Sprites/people-warrior-character/PNG/human/6/6_animation_idle_018.png
  artifactKey: Guid(a7488cddcc94a8445a0aafb51fd958cd) Importer(815301076,1909f56bfc062723c751e8b465ee728b)
Start importing Assets/Sprites/people-warrior-character/PNG/human/6/6_animation_idle_018.png using Guid(a7488cddcc94a8445a0aafb51fd958cd) Importer(815301076,1909f56bfc062723c751e8b465ee728b)  -> (artifact id: '40d4454725a231f57e6ce01fa0c64206') in 0.048060 seconds 
========================================================================
Received Import Request.
  Time since last request: 0.000021 seconds.
  path: Assets/Sprites/ndead-warrior-character/PNG/undead/6/6_animation_walk_018.png
  artifactKey: Guid(e9fac4315e62940409b41803746f151c) Importer(815301076,1909f56bfc062723c751e8b465ee728b)
Start importing Assets/Sprites/ndead-warrior-character/PNG/undead/6/6_animation_walk_018.png using Guid(e9fac4315e62940409b41803746f151c) Importer(815301076,1909f56bfc062723c751e8b465ee728b)  -> (artifact id: 'a632784a46722b37f601ee548dfce1c6') in 0.024717 seconds 
========================================================================
Received Import Request.
  Time since last request: 0.000021 seconds.
  path: Assets/Sprites/ndead-warrior-character/PNG/undead/7/7_animation_idle_018.png
  artifactKey: Guid(77ab441bde7cf5a4c912f4e7fa22e2bf) Importer(815301076,1909f56bfc062723c751e8b465ee728b)
Start importing Assets/Sprites/ndead-warrior-character/PNG/undead/7/7_animation_idle_018.png using Guid(77ab441bde7cf5a4c912f4e7fa22e2bf) Importer(815301076,1909f56bfc062723c751e8b465ee728b)  -> (artifact id: '19773333ab6eb339d72e0c1cb517b10a') in 0.030304 seconds 
========================================================================
Received Import Request.
  Time since last request: 1.492522 seconds.
  path: Assets/Effects/Blood/Sprites/8_animation_blood_018.png
  artifactKey: Guid(789a63971593aae4493208614691c045) Importer(815301076,1909f56bfc062723c751e8b465ee728b)
Start importing Assets/Effects/Blood/Sprites/8_animation_blood_018.png using Guid(789a63971593aae4493208614691c045) Importer(815301076,1909f56bfc062723c751e8b465ee728b)  -> (artifact id: '95b73a37db56d38109d42051a1f96607') in 0.021055 seconds 
========================================================================
Received Import Request.
  Time since last request: 0.003123 seconds.
  path: Assets/Effects/Blood/effect/8_animation_rope_018.png
  artifactKey: Guid(29a505f4047a65b409fb652ad5b46bdf) Importer(815301076,1909f56bfc062723c751e8b465ee728b)
Start importing Assets/Effects/Blood/effect/8_animation_rope_018.png using Guid(29a505f4047a65b409fb652ad5b46bdf) Importer(815301076,1909f56bfc062723c751e8b465ee728b)  -> (artifact id: 'dfac321cbd8308feb25fc83f61f5cb6f') in 0.026960 seconds 
========================================================================
Received Import Request.
  Time since last request: 0.021031 seconds.
  path: Assets/Tiles/tail_5_square/18.png
  artifactKey: Guid(301acb7ac847dfe4484008f5e2b74ba6) Importer(815301076,1909f56bfc062723c751e8b465ee728b)
Start importing Assets/Tiles/tail_5_square/18.png using Guid(301acb7ac847dfe4484008f5e2b74ba6) Importer(815301076,1909f56bfc062723c751e8b465ee728b)  -> (artifact id: 'd6a699a1208b09fdb3d35be362a1f8df') in 0.018479 seconds 
========================================================================
Received Import Request.
  Time since last request: 0.002635 seconds.
  path: Assets/Sprites/2d-game-assets/PNG/tail_1/18.png
  artifactKey: Guid(902d5044ed7f32d4990deba6b4f8d53f) Importer(815301076,1909f56bfc062723c751e8b465ee728b)
Start importing Assets/Sprites/2d-game-assets/PNG/tail_1/18.png using Guid(902d5044ed7f32d4990deba6b4f8d53f) Importer(815301076,1909f56bfc062723c751e8b465ee728b)  -> (artifact id: 'f47ceb4a249d305de91ca5bc70f0171b') in 0.018863 seconds 
========================================================================
Received Import Request.
  Time since last request: 0.065712 seconds.
  path: Assets/Sprites/2d-game-assets/PNG/tail_5_square/18.png
  artifactKey: Guid(0019ad8449113d348acb8ad1bb428c9a) Importer(815301076,1909f56bfc062723c751e8b465ee728b)
Start importing Assets/Sprites/2d-game-assets/PNG/tail_5_square/18.png using Guid(0019ad8449113d348acb8ad1bb428c9a) Importer(815301076,1909f56bfc062723c751e8b465ee728b)  -> (artifact id: '70a386a64054f8764f4067c5968302db') in 0.019045 seconds 
Editor requested this worker to shutdown with reason: Scaling down because of idle timeout
AssetImportWorker is now disconnected from the server
Process exiting
Exiting without the bug reporter. Application will terminate with return code 0