Using pre-set license
Built from '2021.3/staging' branch; Version is '2021.3.9f1 (ad3870b89536) revision 11352176'; Using compiler version '192829333'; Build Type 'Release'
OS: 'Windows 10  (10.0.19044) 64bit Professional' Language: 'ru' Physical Memory: 7561 MB
BatchMode: 1, IsHumanControllingUs: 0, StartBugReporterOnCrash: 0, Is64bit: 1, IsPro: 1

COMMAND LINE ARGUMENTS:
D:\games\Unity\Unity Files (Dont Touch)\2021.3.9f1\Editor\Unity.exe
-adb2
-batchMode
-noUpm
-name
AssetImportWorker14
-projectPath
D:/games/WS GAME/RPG-WS/qwerty
-logFile
Logs/AssetImportWorker14.log
-srvPort
63621
Successfully changed project path to: D:/games/WS GAME/RPG-WS/qwerty
D:/games/WS GAME/RPG-WS/qwerty
[UnityMemory] Configuration Parameters - Can be set up in boot.config
    "memorysetup-bucket-allocator-granularity=16"
    "memorysetup-bucket-allocator-bucket-count=8"
    "memorysetup-bucket-allocator-block-size=33554432"
    "memorysetup-bucket-allocator-block-count=8"
    "memorysetup-main-allocator-block-size=16777216"
    "memorysetup-thread-allocator-block-size=16777216"
    "memorysetup-gfx-main-allocator-block-size=16777216"
    "memorysetup-gfx-thread-allocator-block-size=16777216"
    "memorysetup-cache-allocator-block-size=4194304"
    "memorysetup-typetree-allocator-block-size=2097152"
    "memorysetup-profiler-bucket-allocator-granularity=16"
    "memorysetup-profiler-bucket-allocator-bucket-count=8"
    "memorysetup-profiler-bucket-allocator-block-size=33554432"
    "memorysetup-profiler-bucket-allocator-block-count=8"
    "memorysetup-profiler-allocator-block-size=16777216"
    "memorysetup-profiler-editor-allocator-block-size=1048576"
    "memorysetup-temp-allocator-size-main=16777216"
    "memorysetup-job-temp-allocator-block-size=2097152"
    "memorysetup-job-temp-allocator-block-size-background=1048576"
    "memorysetup-job-temp-allocator-reduction-small-platforms=262144"
    "memorysetup-temp-allocator-size-background-worker=32768"
    "memorysetup-temp-allocator-size-job-worker=262144"
    "memorysetup-temp-allocator-size-preload-manager=33554432"
    "memorysetup-temp-allocator-size-nav-mesh-worker=65536"
    "memorysetup-temp-allocator-size-audio-worker=65536"
    "memorysetup-temp-allocator-size-cloud-worker=32768"
    "memorysetup-temp-allocator-size-gi-baking-worker=262144"
    "memorysetup-temp-allocator-size-gfx=262144"
Refreshing native plugins compatible for Editor in 211.27 ms, found 4 plugins.
Preloading 0 native plugins for Editor in 0.00 ms.
Initialize engine version: 2021.3.9f1 (ad3870b89536)
[Subsystems] Discovering subsystems at path D:/games/Unity/Unity Files (Dont Touch)/2021.3.9f1/Editor/Data/Resources/UnitySubsystems
[Subsystems] Discovering subsystems at path D:/games/WS GAME/RPG-WS/qwerty/Assets
GfxDevice: creating device client; threaded=0; jobified=0
Direct3D:
    Version:  Direct3D 11.0 [level 11.1]
    Renderer: AMD Radeon (TM) Graphics (ID=0x15e7)
    Vendor:   ATI
    VRAM:     3780 MB
    Driver:   31.0.12018.5
Initialize mono
Mono path[0] = 'D:/games/Unity/Unity Files (Dont Touch)/2021.3.9f1/Editor/Data/Managed'
Mono path[1] = 'D:/games/Unity/Unity Files (Dont Touch)/2021.3.9f1/Editor/Data/MonoBleedingEdge/lib/mono/unityjit-win32'
Mono config path = 'D:/games/Unity/Unity Files (Dont Touch)/2021.3.9f1/Editor/Data/MonoBleedingEdge/etc'
Using monoOptions --debugger-agent=transport=dt_socket,embedding=1,server=y,suspend=n,address=127.0.0.1:56724
Begin MonoManager ReloadAssembly
Registering precompiled unity dll's ...
Register platform support module: D:/games/Unity/Unity Files (Dont Touch)/2021.3.9f1/Editor/Data/PlaybackEngines/WebGLSupport/UnityEditor.WebGL.Extensions.dll
Register platform support module: D:/games/Unity/Unity Files (Dont Touch)/2021.3.9f1/Editor/Data/PlaybackEngines/AndroidPlayer/UnityEditor.Android.Extensions.dll
Register platform support module: D:/games/Unity/Unity Files (Dont Touch)/2021.3.9f1/Editor/Data/PlaybackEngines/WindowsStandaloneSupport/UnityEditor.WindowsStandalone.Extensions.dll
Registered in 0.005722 seconds.
Native extension for WindowsStandalone target not found
Native extension for Android target not found
Native extension for WebGL target not found
Refreshing native plugins compatible for Editor in 186.27 ms, found 4 plugins.
Preloading 0 native plugins for Editor in 0.00 ms.
Mono: successfully reloaded assembly
- Completed reload, in  1.093 seconds
Domain Reload Profiling:
	ReloadAssembly (1094ms)
		BeginReloadAssembly (138ms)
			ExecutionOrderSort (0ms)
			DisableScriptedObjects (0ms)
			BackupInstance (0ms)
			ReleaseScriptingObjects (0ms)
			CreateAndSetChildDomain (1ms)
		EndReloadAssembly (763ms)
			LoadAssemblies (139ms)
			RebuildTransferFunctionScriptingTraits (0ms)
			SetupTypeCache (163ms)
			ReleaseScriptCaches (0ms)
			RebuildScriptCaches (47ms)
			SetupLoadedEditorAssemblies (472ms)
				LogAssemblyErrors (0ms)
				InitializePlatformSupportModulesInManaged (63ms)
				SetLoadedEditorAssemblies (0ms)
				RefreshPlugins (186ms)
				BeforeProcessingInitializeOnLoad (2ms)
				ProcessInitializeOnLoadAttributes (149ms)
				ProcessInitializeOnLoadMethodAttributes (71ms)
				AfterProcessingInitializeOnLoad (0ms)
				EditorAssembliesLoaded (0ms)
			ExecutionOrderSort2 (0ms)
			AwakeInstancesAfterBackupRestoration (0ms)
Platform modules already initialized, skipping
Registering precompiled user dll's ...
Registered in 0.007145 seconds.
Begin MonoManager ReloadAssembly
Symbol file LoadedFromMemory doesn't match image D:\games\WS GAME\RPG-WS\qwerty\Library\PackageCache\com.unity.visualscripting@1.7.8\Editor\VisualScripting.Core\Dependencies\YamlDotNet\Unity.VisualScripting.YamlDotNet.dll
Symbol file LoadedFromMemory doesn't match image D:\games\WS GAME\RPG-WS\qwerty\Library\PackageCache\com.unity.visualscripting@1.7.8\Editor\VisualScripting.Core\Dependencies\DotNetZip\Unity.VisualScripting.IonicZip.dll
Native extension for WindowsStandalone target not found
Native extension for Android target not found
Native extension for WebGL target not found
Refreshing native plugins compatible for Editor in 179.09 ms, found 4 plugins.
Preloading 0 native plugins for Editor in 0.00 ms.
Mono: successfully reloaded assembly
- Completed reload, in  1.890 seconds
Domain Reload Profiling:
	ReloadAssembly (1891ms)
		BeginReloadAssembly (137ms)
			ExecutionOrderSort (0ms)
			DisableScriptedObjects (9ms)
			BackupInstance (0ms)
			ReleaseScriptingObjects (0ms)
			CreateAndSetChildDomain (28ms)
		EndReloadAssembly (1580ms)
			LoadAssemblies (99ms)
			RebuildTransferFunctionScriptingTraits (0ms)
			SetupTypeCache (376ms)
			ReleaseScriptCaches (2ms)
			RebuildScriptCaches (105ms)
			SetupLoadedEditorAssemblies (915ms)
				LogAssemblyErrors (0ms)
				InitializePlatformSupportModulesInManaged (20ms)
				SetLoadedEditorAssemblies (0ms)
				RefreshPlugins (179ms)
				BeforeProcessingInitializeOnLoad (140ms)
				ProcessInitializeOnLoadAttributes (503ms)
				ProcessInitializeOnLoadMethodAttributes (67ms)
				AfterProcessingInitializeOnLoad (4ms)
				EditorAssembliesLoaded (0ms)
			ExecutionOrderSort2 (0ms)
			AwakeInstancesAfterBackupRestoration (7ms)
Platform modules already initialized, skipping
========================================================================
Worker process is ready to serve import requests
Launched and connected shader compiler UnityShaderCompiler.exe after 0.07 seconds
Refreshing native plugins compatible for Editor in 1.74 ms, found 4 plugins.
Preloading 0 native plugins for Editor in 0.00 ms.
Unloading 4655 Unused Serialized files (Serialized files now loaded: 0)
Unloading 54 unused Assets / (128.3 KB). Loaded Objects now: 5114.
Memory consumption went from 175.0 MB to 174.9 MB.
Total: 5.351700 ms (FindLiveObjects: 0.438100 ms CreateObjectMapping: 0.205600 ms MarkObjects: 4.574800 ms  DeleteObjects: 0.131700 ms)

AssetImportParameters requested are different than current active one (requested -> active):
  custom:video-decoder-ogg-theora: a1e56fd34408186e4bbccfd4996cb3dc -> 
  custom:container-muxer-webm: aa71ff27fc2769a1b78a27578f13a17b -> 
  custom:container-demuxer-webm: 4f35f7cbe854078d1ac9338744f61a02 -> 
  custom:video-encoder-webm-vp8: eb34c28f22e8b96e1ab97ce403110664 -> 
  custom:audio-encoder-webm-vorbis: bf7c407c2cedff20999df2af8eb42d56 -> 
  custom:framework-win-MediaFoundation: 216162199b28c13a410421893ffa2e32 -> 
  custom:container-demuxer-ogg: 62fdf1f143b41e24485cea50d1cbac27 -> 
  custom:video-decoder-webm-vp8: 9c59270c3fd7afecdb556c50c9e8de78 -> 
  custom:audio-decoder-ogg-vorbis: bf7c407c2cedff20999df2af8eb42d56 -> 
========================================================================
Received Import Request.
  Time since last request: 27165.129177 seconds.
  path: Assets/Enemies/Zombie/Hurt/2_animation_hurt_004.png
  artifactKey: Guid(b9172abab3fc00348b46a90fbb0f36d2) Importer(815301076,1909f56bfc062723c751e8b465ee728b)
Start importing Assets/Enemies/Zombie/Hurt/2_animation_hurt_004.png using Guid(b9172abab3fc00348b46a90fbb0f36d2) Importer(815301076,1909f56bfc062723c751e8b465ee728b)  -> (artifact id: '8d9f63f25594608b3542c0f2fc0d15ca') in 0.243075 seconds 
========================================================================
Received Import Request.
  Time since last request: 1.476868 seconds.
  path: Assets/Enemies/Zombie/Hurt/2_animation_hurt_017.png
  artifactKey: Guid(8e2af246f1d07c147bf35c90abc9cbca) Importer(815301076,1909f56bfc062723c751e8b465ee728b)
Start importing Assets/Enemies/Zombie/Hurt/2_animation_hurt_017.png using Guid(8e2af246f1d07c147bf35c90abc9cbca) Importer(815301076,1909f56bfc062723c751e8b465ee728b)  -> (artifact id: '04dd5016ad3cb42ed609cfb8527f2cd2') in 0.040623 seconds 
========================================================================
Received Import Request.
  Time since last request: 8.623321 seconds.
  path: Assets/Enemies/Zombie/Hurt/2_animation_hurt_017.png
  artifactKey: Guid(8e2af246f1d07c147bf35c90abc9cbca) Importer(815301076,1909f56bfc062723c751e8b465ee728b)
Start importing Assets/Enemies/Zombie/Hurt/2_animation_hurt_017.png using Guid(8e2af246f1d07c147bf35c90abc9cbca) Importer(815301076,1909f56bfc062723c751e8b465ee728b)  -> (artifact id: '0d708fe116dc08b4a48a8f2326aab2f2') in 0.063584 seconds 
========================================================================
Received Import Request.
  Time since last request: 3.306162 seconds.
  path: Assets/Enemies/Zombie/Walk/2_animation_walk_004.png
  artifactKey: Guid(af15364f63b6b4f4c8a1c8a74c42455d) Importer(815301076,1909f56bfc062723c751e8b465ee728b)
Start importing Assets/Enemies/Zombie/Walk/2_animation_walk_004.png using Guid(af15364f63b6b4f4c8a1c8a74c42455d) Importer(815301076,1909f56bfc062723c751e8b465ee728b)  -> (artifact id: 'f96c7fe41670186e953372b2eff348d7') in 0.038138 seconds 
========================================================================
Received Import Request.
  Time since last request: 0.000195 seconds.
  path: Assets/Enemies/Zombie/Walk/2_animation_walk_010.png
  artifactKey: Guid(3b2bc464d85678f4d9f4123bb6b51039) Importer(815301076,1909f56bfc062723c751e8b465ee728b)
Start importing Assets/Enemies/Zombie/Walk/2_animation_walk_010.png using Guid(3b2bc464d85678f4d9f4123bb6b51039) Importer(815301076,1909f56bfc062723c751e8b465ee728b)  -> (artifact id: '780977d54dae8b7499dd046502024c3e') in 0.041352 seconds 
========================================================================
Received Import Request.
  Time since last request: 0.000056 seconds.
  path: Assets/Enemies/Zombie/Walk/2_animation_walk_006.png
  artifactKey: Guid(9245ea50f34fd6541a4e929fd9ec5314) Importer(815301076,1909f56bfc062723c751e8b465ee728b)
Start importing Assets/Enemies/Zombie/Walk/2_animation_walk_006.png using Guid(9245ea50f34fd6541a4e929fd9ec5314) Importer(815301076,1909f56bfc062723c751e8b465ee728b)  -> (artifact id: 'b1ac00bd6bb5f44ac42c6a673f1e1a0e') in 0.032344 seconds 
========================================================================
Received Import Request.
  Time since last request: 1.189325 seconds.
  path: Assets/Enemies/Zombie/Walk/2_animation_walk_017.png
  artifactKey: Guid(b26d3f5f3d225124f8cbb59a2bbbd05a) Importer(815301076,1909f56bfc062723c751e8b465ee728b)
Start importing Assets/Enemies/Zombie/Walk/2_animation_walk_017.png using Guid(b26d3f5f3d225124f8cbb59a2bbbd05a) Importer(815301076,1909f56bfc062723c751e8b465ee728b)  -> (artifact id: '44a3e5d095ac565e7861882d6a4dcbde') in 0.040093 seconds 
========================================================================
Received Import Request.
  Time since last request: 6.701895 seconds.
  path: Assets/Enemies/Zombie/Walk/2_animation_walk_016.png
  artifactKey: Guid(9e98c41b7bebe794eb8cb35c8e732ff3) Importer(815301076,1909f56bfc062723c751e8b465ee728b)
Start importing Assets/Enemies/Zombie/Walk/2_animation_walk_016.png using Guid(9e98c41b7bebe794eb8cb35c8e732ff3) Importer(815301076,1909f56bfc062723c751e8b465ee728b)  -> (artifact id: '990dba1fbe0dc4b79dd4fa75d10dcda7') in 0.050790 seconds 
========================================================================
Received Import Request.
  Time since last request: 2.836498 seconds.
  path: Assets/Enemies/Zombie/Attack/2_animation_attack_004.png
  artifactKey: Guid(6adcbcef0e47bdc4db1c236c742cc048) Importer(815301076,1909f56bfc062723c751e8b465ee728b)
Start importing Assets/Enemies/Zombie/Attack/2_animation_attack_004.png using Guid(6adcbcef0e47bdc4db1c236c742cc048) Importer(815301076,1909f56bfc062723c751e8b465ee728b)  -> (artifact id: '8243630c5b94bf30e212e33f3a625066') in 0.032300 seconds 
========================================================================
Received Import Request.
  Time since last request: 0.000038 seconds.
  path: Assets/Enemies/Zombie/Attack/2_animation_attack_010.png
  artifactKey: Guid(fe1688dfbafc64248a031307b3797fa2) Importer(815301076,1909f56bfc062723c751e8b465ee728b)
Start importing Assets/Enemies/Zombie/Attack/2_animation_attack_010.png using Guid(fe1688dfbafc64248a031307b3797fa2) Importer(815301076,1909f56bfc062723c751e8b465ee728b)  -> (artifact id: '0e276cf5c227908cf6a3ac6cfd0c3da1') in 0.040878 seconds 
========================================================================
Received Import Request.
  Time since last request: 0.000095 seconds.
  path: Assets/Enemies/Zombie/Attack/2_animation_attack_012.png
  artifactKey: Guid(40835da777bc8b74fa30f74c108d380d) Importer(815301076,1909f56bfc062723c751e8b465ee728b)
Start importing Assets/Enemies/Zombie/Attack/2_animation_attack_012.png using Guid(40835da777bc8b74fa30f74c108d380d) Importer(815301076,1909f56bfc062723c751e8b465ee728b)  -> (artifact id: '0dc2b138c0d20b59b2cae9c17f014674') in 0.030039 seconds 
========================================================================
Received Import Request.
  Time since last request: 0.994929 seconds.
  path: Assets/Enemies/Zombie/Attack/2_animation_attack_017.png
  artifactKey: Guid(e6cb5ad3c5b967a4383406a78691d659) Importer(815301076,1909f56bfc062723c751e8b465ee728b)
Start importing Assets/Enemies/Zombie/Attack/2_animation_attack_017.png using Guid(e6cb5ad3c5b967a4383406a78691d659) Importer(815301076,1909f56bfc062723c751e8b465ee728b)  -> (artifact id: 'f91ccdaf0afd00b82bbe83626eee9654') in 0.055237 seconds 
========================================================================
Received Import Request.
  Time since last request: 7.471812 seconds.
  path: Assets/Enemies/Zombie/Attack/2_animation_attack_015.png
  artifactKey: Guid(9a00eb5617456c246887bd4f7be02a14) Importer(815301076,1909f56bfc062723c751e8b465ee728b)
Start importing Assets/Enemies/Zombie/Attack/2_animation_attack_015.png using Guid(9a00eb5617456c246887bd4f7be02a14) Importer(815301076,1909f56bfc062723c751e8b465ee728b)  -> (artifact id: '1579adce623f67457c22151e139f2f69') in 0.058180 seconds 
Editor requested this worker to shutdown with reason: Scaling down because of idle timeout
AssetImportWorker is now disconnected from the server
Process exiting
Exiting without the bug reporter. Application will terminate with return code 0