Using pre-set license
Built from '2021.3/staging' branch; Version is '2021.3.8f1 (b30333d56e81) revision 11731763'; Using compiler version '192829333'; Build Type 'Release'
OS: 'Windows 10  (10.0.19044) 64bit ProfessionalEducation' Language: 'ru' Physical Memory: 32666 MB
BatchMode: 1, IsHumanControllingUs: 0, StartBugReporterOnCrash: 0, Is64bit: 1, IsPro: 1

COMMAND LINE ARGUMENTS:
C:\Program Files\Unity\Hub\Editor\2021.3.8f1\Editor\Unity.exe
-adb2
-batchMode
-noUpm
-name
AssetImportWorker8
-projectPath
C:/Users/lapuzin.ka1664/Desktop/WS/RPG-WS/qwerty
-logFile
Logs/AssetImportWorker8.log
-srvPort
60141
Successfully changed project path to: C:/Users/lapuzin.ka1664/Desktop/WS/RPG-WS/qwerty
C:/Users/lapuzin.ka1664/Desktop/WS/RPG-WS/qwerty
[UnityMemory] Configuration Parameters - Can be set up in boot.config
    "memorysetup-bucket-allocator-granularity=16"
    "memorysetup-bucket-allocator-bucket-count=8"
    "memorysetup-bucket-allocator-block-size=33554432"
    "memorysetup-bucket-allocator-block-count=8"
    "memorysetup-main-allocator-block-size=16777216"
    "memorysetup-thread-allocator-block-size=16777216"
    "memorysetup-gfx-main-allocator-block-size=16777216"
    "memorysetup-gfx-thread-allocator-block-size=16777216"
    "memorysetup-cache-allocator-block-size=4194304"
    "memorysetup-typetree-allocator-block-size=2097152"
    "memorysetup-profiler-bucket-allocator-granularity=16"
    "memorysetup-profiler-bucket-allocator-bucket-count=8"
    "memorysetup-profiler-bucket-allocator-block-size=33554432"
    "memorysetup-profiler-bucket-allocator-block-count=8"
    "memorysetup-profiler-allocator-block-size=16777216"
    "memorysetup-profiler-editor-allocator-block-size=1048576"
    "memorysetup-temp-allocator-size-main=16777216"
    "memorysetup-job-temp-allocator-block-size=2097152"
    "memorysetup-job-temp-allocator-block-size-background=1048576"
    "memorysetup-job-temp-allocator-reduction-small-platforms=262144"
    "memorysetup-temp-allocator-size-background-worker=32768"
    "memorysetup-temp-allocator-size-job-worker=262144"
    "memorysetup-temp-allocator-size-preload-manager=33554432"
    "memorysetup-temp-allocator-size-nav-mesh-worker=65536"
    "memorysetup-temp-allocator-size-audio-worker=65536"
    "memorysetup-temp-allocator-size-cloud-worker=32768"
    "memorysetup-temp-allocator-size-gi-baking-worker=262144"
    "memorysetup-temp-allocator-size-gfx=262144"
Refreshing native plugins compatible for Editor in 131.16 ms, found 4 plugins.
Preloading 0 native plugins for Editor in 0.00 ms.
Initialize engine version: 2021.3.8f1 (b30333d56e81)
[Subsystems] Discovering subsystems at path C:/Program Files/Unity/Hub/Editor/2021.3.8f1/Editor/Data/Resources/UnitySubsystems
[Subsystems] Discovering subsystems at path C:/Users/lapuzin.ka1664/Desktop/WS/RPG-WS/qwerty/Assets
GfxDevice: creating device client; threaded=0; jobified=0
Direct3D:
    Version:  Direct3D 11.0 [level 11.1]
    Renderer: NVIDIA GeForce RTX 3070 Ti (ID=0x2482)
    Vendor:   NVIDIA
    VRAM:     8041 MB
    Driver:   31.0.15.1694
Initialize mono
Mono path[0] = 'C:/Program Files/Unity/Hub/Editor/2021.3.8f1/Editor/Data/Managed'
Mono path[1] = 'C:/Program Files/Unity/Hub/Editor/2021.3.8f1/Editor/Data/MonoBleedingEdge/lib/mono/unityjit-win32'
Mono config path = 'C:/Program Files/Unity/Hub/Editor/2021.3.8f1/Editor/Data/MonoBleedingEdge/etc'
Using monoOptions --debugger-agent=transport=dt_socket,embedding=1,server=y,suspend=n,address=127.0.0.1:56328
Begin MonoManager ReloadAssembly
Registering precompiled unity dll's ...
Register platform support module: C:/Program Files/Unity/Hub/Editor/2021.3.8f1/Editor/Data/PlaybackEngines/WindowsStandaloneSupport/UnityEditor.WindowsStandalone.Extensions.dll
Registered in 0.007153 seconds.
Native extension for WindowsStandalone target not found
Refreshing native plugins compatible for Editor in 140.37 ms, found 4 plugins.
Preloading 0 native plugins for Editor in 0.00 ms.
Mono: successfully reloaded assembly
- Completed reload, in  0.783 seconds
Domain Reload Profiling:
	ReloadAssembly (783ms)
		BeginReloadAssembly (87ms)
			ExecutionOrderSort (0ms)
			DisableScriptedObjects (0ms)
			BackupInstance (0ms)
			ReleaseScriptingObjects (0ms)
			CreateAndSetChildDomain (1ms)
		EndReloadAssembly (564ms)
			LoadAssemblies (85ms)
			RebuildTransferFunctionScriptingTraits (0ms)
			SetupTypeCache (112ms)
			ReleaseScriptCaches (0ms)
			RebuildScriptCaches (34ms)
			SetupLoadedEditorAssemblies (363ms)
				LogAssemblyErrors (0ms)
				InitializePlatformSupportModulesInManaged (9ms)
				SetLoadedEditorAssemblies (0ms)
				RefreshPlugins (140ms)
				BeforeProcessingInitializeOnLoad (1ms)
				ProcessInitializeOnLoadAttributes (161ms)
				ProcessInitializeOnLoadMethodAttributes (51ms)
				AfterProcessingInitializeOnLoad (0ms)
				EditorAssembliesLoaded (0ms)
			ExecutionOrderSort2 (0ms)
			AwakeInstancesAfterBackupRestoration (0ms)
Platform modules already initialized, skipping
Registering precompiled user dll's ...
Registered in 0.008714 seconds.
Begin MonoManager ReloadAssembly
Symbol file LoadedFromMemory doesn't match image C:\Users\lapuzin.ka1664\Desktop\WS\RPG-WS\qwerty\Library\PackageCache\com.unity.visualscripting@1.7.8\Editor\VisualScripting.Core\Dependencies\YamlDotNet\Unity.VisualScripting.YamlDotNet.dll
Symbol file LoadedFromMemory doesn't match image C:\Users\lapuzin.ka1664\Desktop\WS\RPG-WS\qwerty\Library\PackageCache\com.unity.visualscripting@1.7.8\Editor\VisualScripting.Core\Dependencies\DotNetZip\Unity.VisualScripting.IonicZip.dll
Native extension for WindowsStandalone target not found
Refreshing native plugins compatible for Editor in 139.90 ms, found 4 plugins.
Preloading 0 native plugins for Editor in 0.00 ms.
Mono: successfully reloaded assembly
- Completed reload, in  1.487 seconds
Domain Reload Profiling:
	ReloadAssembly (1488ms)
		BeginReloadAssembly (121ms)
			ExecutionOrderSort (0ms)
			DisableScriptedObjects (9ms)
			BackupInstance (0ms)
			ReleaseScriptingObjects (0ms)
			CreateAndSetChildDomain (21ms)
		EndReloadAssembly (1236ms)
			LoadAssemblies (96ms)
			RebuildTransferFunctionScriptingTraits (0ms)
			SetupTypeCache (318ms)
			ReleaseScriptCaches (1ms)
			RebuildScriptCaches (81ms)
			SetupLoadedEditorAssemblies (682ms)
				LogAssemblyErrors (0ms)
				InitializePlatformSupportModulesInManaged (5ms)
				SetLoadedEditorAssemblies (0ms)
				RefreshPlugins (140ms)
				BeforeProcessingInitializeOnLoad (115ms)
				ProcessInitializeOnLoadAttributes (366ms)
				ProcessInitializeOnLoadMethodAttributes (47ms)
				AfterProcessingInitializeOnLoad (8ms)
				EditorAssembliesLoaded (0ms)
			ExecutionOrderSort2 (0ms)
			AwakeInstancesAfterBackupRestoration (6ms)
Platform modules already initialized, skipping
========================================================================
Worker process is ready to serve import requests
Launched and connected shader compiler UnityShaderCompiler.exe after 0.04 seconds
Refreshing native plugins compatible for Editor in 2.03 ms, found 4 plugins.
Preloading 0 native plugins for Editor in 0.00 ms.
Unloading 4655 Unused Serialized files (Serialized files now loaded: 0)
Unloading 54 unused Assets / (128.2 KB). Loaded Objects now: 5111.
Memory consumption went from 175.0 MB to 174.9 MB.
Total: 4.522100 ms (FindLiveObjects: 0.490400 ms CreateObjectMapping: 0.546400 ms MarkObjects: 3.352800 ms  DeleteObjects: 0.131700 ms)

AssetImportParameters requested are different than current active one (requested -> active):
  custom:video-decoder-ogg-theora: a1e56fd34408186e4bbccfd4996cb3dc -> 
  custom:container-muxer-webm: aa71ff27fc2769a1b78a27578f13a17b -> 
  custom:container-demuxer-webm: 4f35f7cbe854078d1ac9338744f61a02 -> 
  custom:video-encoder-webm-vp8: eb34c28f22e8b96e1ab97ce403110664 -> 
  custom:audio-encoder-webm-vorbis: bf7c407c2cedff20999df2af8eb42d56 -> 
  custom:framework-win-MediaFoundation: 216162199b28c13a410421893ffa2e32 -> 
  custom:container-demuxer-ogg: 62fdf1f143b41e24485cea50d1cbac27 -> 
  custom:video-decoder-webm-vp8: 9c59270c3fd7afecdb556c50c9e8de78 -> 
  custom:audio-decoder-ogg-vorbis: bf7c407c2cedff20999df2af8eb42d56 -> 
========================================================================
Received Import Request.
  Time since last request: 84308.500227 seconds.
  path: Assets/Sprites/people-warrior-character/PNG/human/effect/1_animation_arrow_000.png
  artifactKey: Guid(523e987a96423614e804b1311803b0d4) Importer(815301076,1909f56bfc062723c751e8b465ee728b)
Start importing Assets/Sprites/people-warrior-character/PNG/human/effect/1_animation_arrow_000.png using Guid(523e987a96423614e804b1311803b0d4) Importer(815301076,1909f56bfc062723c751e8b465ee728b)  -> (artifact id: 'd2010dc1d624a23d5dd4b3c0e5b5c3c3') in 0.156371 seconds 
========================================================================
Received Import Request.
  Time since last request: 0.000019 seconds.
  path: Assets/Sprites/people-warrior-character/PNG/human/effect/1_animation_arrow_005.png
  artifactKey: Guid(d2026b6092ec3ff4dba4fea2e72e029e) Importer(815301076,1909f56bfc062723c751e8b465ee728b)
Start importing Assets/Sprites/people-warrior-character/PNG/human/effect/1_animation_arrow_005.png using Guid(d2026b6092ec3ff4dba4fea2e72e029e) Importer(815301076,1909f56bfc062723c751e8b465ee728b)  -> (artifact id: 'bb5ade60f0ea36582831c1ddc9f2de95') in 0.034215 seconds 
========================================================================
Received Import Request.
  Time since last request: 5.739121 seconds.
  path: Assets/Tiles
  artifactKey: Guid(9f8a3b3b98cf3d744846ef3c8dc9058a) Importer(815301076,1909f56bfc062723c751e8b465ee728b)
Start importing Assets/Tiles using Guid(9f8a3b3b98cf3d744846ef3c8dc9058a) Importer(815301076,1909f56bfc062723c751e8b465ee728b)  -> (artifact id: 'a9de2c78ff34a8fb103ca60a6c949071') in 0.005136 seconds 
========================================================================
Received Import Request.
  Time since last request: 0.739495 seconds.
  path: Assets/Tiles/tail_1
  artifactKey: Guid(d5667dbaefdcf494fb073255fc3d1445) Importer(815301076,1909f56bfc062723c751e8b465ee728b)
Start importing Assets/Tiles/tail_1 using Guid(d5667dbaefdcf494fb073255fc3d1445) Importer(815301076,1909f56bfc062723c751e8b465ee728b)  -> (artifact id: 'df774d512cdce95d75ff15e97d996dbe') in 0.004966 seconds 
========================================================================
Received Import Request.
  Time since last request: 0.036271 seconds.
  path: Assets/Tiles/tail_1/1.png
  artifactKey: Guid(daa95e2280f64f4498485a16db0baa98) Importer(815301076,1909f56bfc062723c751e8b465ee728b)
Start importing Assets/Tiles/tail_1/1.png using Guid(daa95e2280f64f4498485a16db0baa98) Importer(815301076,1909f56bfc062723c751e8b465ee728b)  -> (artifact id: 'b15bea58777c0ab04f87c493180c99d0') in 0.038649 seconds 
========================================================================
Received Import Request.
  Time since last request: 0.000030 seconds.
  path: Assets/Tiles/tail_1/10.png
  artifactKey: Guid(faefd6ba2d3eee841acc23912beb58da) Importer(815301076,1909f56bfc062723c751e8b465ee728b)
Start importing Assets/Tiles/tail_1/10.png using Guid(faefd6ba2d3eee841acc23912beb58da) Importer(815301076,1909f56bfc062723c751e8b465ee728b)  -> (artifact id: '953ffc615229ef9a6c7296daa54aeba1') in 0.020889 seconds 
========================================================================
Received Import Request.
  Time since last request: 0.000039 seconds.
  path: Assets/Tiles/tail_1/7.png
  artifactKey: Guid(1d4a0e805bfe87d4c8115d730bdb56ff) Importer(815301076,1909f56bfc062723c751e8b465ee728b)
Start importing Assets/Tiles/tail_1/7.png using Guid(1d4a0e805bfe87d4c8115d730bdb56ff) Importer(815301076,1909f56bfc062723c751e8b465ee728b)  -> (artifact id: '91c7902b0649543272c2ce032ee32590') in 0.019015 seconds 
========================================================================
Received Import Request.
  Time since last request: 0.000028 seconds.
  path: Assets/Tiles/tail_1/18.png
  artifactKey: Guid(0530774ce6ee1e440bab799ec6e05261) Importer(815301076,1909f56bfc062723c751e8b465ee728b)
Start importing Assets/Tiles/tail_1/18.png using Guid(0530774ce6ee1e440bab799ec6e05261) Importer(815301076,1909f56bfc062723c751e8b465ee728b)  -> (artifact id: '2c174bceb730888690413146881b9fb5') in 0.030644 seconds 
========================================================================
Received Import Request.
  Time since last request: 14.976016 seconds.
  path: Assets/Sprites/people-warrior-character/PNG/human/effect/1_animation_magic_000.png
  artifactKey: Guid(c77a11afabb7b51479b2c79b57085c99) Importer(815301076,1909f56bfc062723c751e8b465ee728b)
Start importing Assets/Sprites/people-warrior-character/PNG/human/effect/1_animation_magic_000.png using Guid(c77a11afabb7b51479b2c79b57085c99) Importer(815301076,1909f56bfc062723c751e8b465ee728b)  -> (artifact id: '95611d31989d0a064bf4d5c0a04c7665') in 0.041629 seconds 
========================================================================
Received Import Request.
  Time since last request: 0.000018 seconds.
  path: Assets/Sprites/people-warrior-character/PNG/human/effect/1_animation_magic_005.png
  artifactKey: Guid(0adcace9dd1fbc647bc12421c1386fb9) Importer(815301076,1909f56bfc062723c751e8b465ee728b)
Start importing Assets/Sprites/people-warrior-character/PNG/human/effect/1_animation_magic_005.png using Guid(0adcace9dd1fbc647bc12421c1386fb9) Importer(815301076,1909f56bfc062723c751e8b465ee728b)  -> (artifact id: '4aed463950b9d1da1f7bf21850a32eff') in 0.036613 seconds 
========================================================================
Received Import Request.
  Time since last request: 0.767615 seconds.
  path: Assets/TextMesh Pro/Examples & Extras/Fonts/Bangers.ttf
  artifactKey: Guid(5dd49b3eacc540408c98eee0de38e0f1) Importer(815301076,1909f56bfc062723c751e8b465ee728b)
Start importing Assets/TextMesh Pro/Examples & Extras/Fonts/Bangers.ttf using Guid(5dd49b3eacc540408c98eee0de38e0f1) Importer(815301076,1909f56bfc062723c751e8b465ee728b)  -> (artifact id: '8143402d22029970b128b219e5fbb318') in 0.047929 seconds 
========================================================================
Received Import Request.
  Time since last request: 0.000028 seconds.
  path: Assets/Sprites/game-ui/PNG/interface_game/button_change.png
  artifactKey: Guid(f90533fbe2d284c479d40469e616a170) Importer(815301076,1909f56bfc062723c751e8b465ee728b)
Start importing Assets/Sprites/game-ui/PNG/interface_game/button_change.png using Guid(f90533fbe2d284c479d40469e616a170) Importer(815301076,1909f56bfc062723c751e8b465ee728b)  -> (artifact id: 'b990f65c17d6040c576c7b0db8e4e3ad') in 0.015916 seconds 
========================================================================
Received Import Request.
  Time since last request: 0.000027 seconds.
  path: Assets/TextMesh Pro/Examples & Extras/Resources/Color Gradient Presets/Yellow to Orange - Vertical.asset
  artifactKey: Guid(69a525efa7e6472eab268f6ea605f06e) Importer(815301076,1909f56bfc062723c751e8b465ee728b)
Start importing Assets/TextMesh Pro/Examples & Extras/Resources/Color Gradient Presets/Yellow to Orange - Vertical.asset using Guid(69a525efa7e6472eab268f6ea605f06e) Importer(815301076,1909f56bfc062723c751e8b465ee728b)  -> (artifact id: '8566612ca4e82b97ed5aa2f4ff4e8e21') in 0.009214 seconds 
========================================================================
Received Import Request.
  Time since last request: 0.000024 seconds.
  path: Assets/TextMesh Pro/Examples & Extras/Textures/Text Overflow - Linked Text Image 1.png
  artifactKey: Guid(4ccf43d26c4748c792174516f4a8fcef) Importer(815301076,1909f56bfc062723c751e8b465ee728b)
Start importing Assets/TextMesh Pro/Examples & Extras/Textures/Text Overflow - Linked Text Image 1.png using Guid(4ccf43d26c4748c792174516f4a8fcef) Importer(815301076,1909f56bfc062723c751e8b465ee728b)  -> (artifact id: '5c7e808582faca5b269b071d1f58270c') in 0.012353 seconds 
========================================================================
Received Import Request.
  Time since last request: 12.137012 seconds.
  path: Assets/GeneralScene/Scenes/Test/LavaTile.png
  artifactKey: Guid(20ab00f295c30344bb2bc559ebc9fa3e) Importer(815301076,1909f56bfc062723c751e8b465ee728b)
Start importing Assets/GeneralScene/Scenes/Test/LavaTile.png using Guid(20ab00f295c30344bb2bc559ebc9fa3e) Importer(815301076,1909f56bfc062723c751e8b465ee728b)  -> (artifact id: '672ce975348fc642e7d9a7307bf6abdb') in 0.016772 seconds 
========================================================================
Received Import Request.
  Time since last request: 5.375889 seconds.
  path: Assets/GeneralScene/Scenes/Test/LavaTile.png
  artifactKey: Guid(20ab00f295c30344bb2bc559ebc9fa3e) Importer(815301076,1909f56bfc062723c751e8b465ee728b)
Start importing Assets/GeneralScene/Scenes/Test/LavaTile.png using Guid(20ab00f295c30344bb2bc559ebc9fa3e) Importer(815301076,1909f56bfc062723c751e8b465ee728b)  -> (artifact id: 'add365b5dba80602647ecdf79c217361') in 0.015042 seconds 
========================================================================
Received Import Request.
  Time since last request: 59.653112 seconds.
  path: Assets/GeneralScene/Scenes/Test/LavaTile.png
  artifactKey: Guid(20ab00f295c30344bb2bc559ebc9fa3e) Importer(815301076,1909f56bfc062723c751e8b465ee728b)
Start importing Assets/GeneralScene/Scenes/Test/LavaTile.png using Guid(20ab00f295c30344bb2bc559ebc9fa3e) Importer(815301076,1909f56bfc062723c751e8b465ee728b)  -> (artifact id: '7854273e6c2120f2cc468c301a650a61') in 0.014340 seconds 
========================================================================
Received Import Request.
  Time since last request: 13.463222 seconds.
  path: Assets/GeneralScene/Scenes/Test/LavaTile.png
  artifactKey: Guid(20ab00f295c30344bb2bc559ebc9fa3e) Importer(815301076,1909f56bfc062723c751e8b465ee728b)
Start importing Assets/GeneralScene/Scenes/Test/LavaTile.png using Guid(20ab00f295c30344bb2bc559ebc9fa3e) Importer(815301076,1909f56bfc062723c751e8b465ee728b)  -> (artifact id: '91d14a70a7a8d6b4b1989e970deaa146') in 0.014230 seconds 
========================================================================
Received Import Request.
  Time since last request: 11.564861 seconds.
  path: Assets/GeneralScene/Scenes/Test/LavaTile.png
  artifactKey: Guid(20ab00f295c30344bb2bc559ebc9fa3e) Importer(815301076,1909f56bfc062723c751e8b465ee728b)
Start importing Assets/GeneralScene/Scenes/Test/LavaTile.png using Guid(20ab00f295c30344bb2bc559ebc9fa3e) Importer(815301076,1909f56bfc062723c751e8b465ee728b)  -> (artifact id: '3417eed2c4b9e05fb720252a37001b18') in 0.017613 seconds 
========================================================================
Received Import Request.
  Time since last request: 111.182556 seconds.
  path: Assets/DoneTiles/LavaTile.asset
  artifactKey: Guid(88ce7d8be1120fb43ab9141d80ca9152) Importer(815301076,1909f56bfc062723c751e8b465ee728b)
Start importing Assets/DoneTiles/LavaTile.asset using Guid(88ce7d8be1120fb43ab9141d80ca9152) Importer(815301076,1909f56bfc062723c751e8b465ee728b)  -> (artifact id: '65df9602dbcf835ee5a0928397c46a52') in 0.013414 seconds 
========================================================================
Received Import Request.
  Time since last request: 26.698605 seconds.
  path: Assets/Sprites/people-warrior-character/PNG/human/effect/1_animation_arrow_016.png
  artifactKey: Guid(c901fb950c2d55546838c702a354e554) Importer(815301076,1909f56bfc062723c751e8b465ee728b)
Start importing Assets/Sprites/people-warrior-character/PNG/human/effect/1_animation_arrow_016.png using Guid(c901fb950c2d55546838c702a354e554) Importer(815301076,1909f56bfc062723c751e8b465ee728b)  -> (artifact id: '7812bb5ed9a31b49fd10eda533a28a23') in 0.030970 seconds 
========================================================================
Received Import Request.
  Time since last request: 0.003664 seconds.
  path: Assets/Sprites/people-warrior-character/PNG/human/effect/1_animation_arrow_019.png
  artifactKey: Guid(72ddb95f3c8869e468af08e79d286177) Importer(815301076,1909f56bfc062723c751e8b465ee728b)
Start importing Assets/Sprites/people-warrior-character/PNG/human/effect/1_animation_arrow_019.png using Guid(72ddb95f3c8869e468af08e79d286177) Importer(815301076,1909f56bfc062723c751e8b465ee728b)  -> (artifact id: '2257e3d9f4b3fdd2322cb181e8ee7bb9') in 0.036291 seconds 
========================================================================
Received Import Request.
  Time since last request: 0.000026 seconds.
  path: Assets/Sprites/ndead-warrior-character/PNG/undead/1/1_animation_attack_000.png
  artifactKey: Guid(74987921764b0f140a125e80be07b287) Importer(815301076,1909f56bfc062723c751e8b465ee728b)
Start importing Assets/Sprites/ndead-warrior-character/PNG/undead/1/1_animation_attack_000.png using Guid(74987921764b0f140a125e80be07b287) Importer(815301076,1909f56bfc062723c751e8b465ee728b)  -> (artifact id: 'd2f31119a373fca072a6c3f11d4a807c') in 0.030601 seconds 
========================================================================
Received Import Request.
  Time since last request: 0.000024 seconds.
  path: Assets/Sprites/people-warrior-character/PNG/human/1/1_animation_attack_003.png
  artifactKey: Guid(ec92ddc607f60244c88a8918f103ec64) Importer(815301076,1909f56bfc062723c751e8b465ee728b)
Start importing Assets/Sprites/people-warrior-character/PNG/human/1/1_animation_attack_003.png using Guid(ec92ddc607f60244c88a8918f103ec64) Importer(815301076,1909f56bfc062723c751e8b465ee728b)  -> (artifact id: 'c93d378abf36a2bcf802dec7980aa237') in 0.023803 seconds 
========================================================================
Received Import Request.
  Time since last request: 0.000016 seconds.
  path: Assets/Sprites/ndead-warrior-character/PNG/undead/1/1_animation_attack_001.png
  artifactKey: Guid(5391c2c767c0334498833c8e0571e97b) Importer(815301076,1909f56bfc062723c751e8b465ee728b)
Start importing Assets/Sprites/ndead-warrior-character/PNG/undead/1/1_animation_attack_001.png using Guid(5391c2c767c0334498833c8e0571e97b) Importer(815301076,1909f56bfc062723c751e8b465ee728b)  -> (artifact id: '08c537b37ba757516d023dcff29f6bf5') in 0.024597 seconds 
========================================================================
Received Import Request.
  Time since last request: 0.000021 seconds.
  path: Assets/Enemies/Skeleton/Sprites/Attack/1_animation_attack_001.png
  artifactKey: Guid(a7a7f30c196191e479fa84087ef28ca7) Importer(815301076,1909f56bfc062723c751e8b465ee728b)
Start importing Assets/Enemies/Skeleton/Sprites/Attack/1_animation_attack_001.png using Guid(a7a7f30c196191e479fa84087ef28ca7) Importer(815301076,1909f56bfc062723c751e8b465ee728b)  -> (artifact id: 'eedd235a598ffd5e00c52ae914ace538') in 0.026969 seconds 
========================================================================
Received Import Request.
  Time since last request: 0.000032 seconds.
  path: Assets/Character/HumanWarrior/Sprites/Attack/1_animation_attack_002.png
  artifactKey: Guid(13c2697030339ce499a842ca761553bb) Importer(815301076,1909f56bfc062723c751e8b465ee728b)
Start importing Assets/Character/HumanWarrior/Sprites/Attack/1_animation_attack_002.png using Guid(13c2697030339ce499a842ca761553bb) Importer(815301076,1909f56bfc062723c751e8b465ee728b)  -> (artifact id: 'cf177925ce2370ce5cc488e0d1f0716e') in 0.026584 seconds 
========================================================================
Received Import Request.
  Time since last request: 0.000020 seconds.
  path: Assets/Sprites/ndead-warrior-character/PNG/undead/1/1_animation_attack_003.png
  artifactKey: Guid(a92445235f9c71544a877a8617480a6f) Importer(815301076,1909f56bfc062723c751e8b465ee728b)
Start importing Assets/Sprites/ndead-warrior-character/PNG/undead/1/1_animation_attack_003.png using Guid(a92445235f9c71544a877a8617480a6f) Importer(815301076,1909f56bfc062723c751e8b465ee728b)  -> (artifact id: '1c8696bf5e9dffa8723589ce7f5f89ee') in 0.027547 seconds 
========================================================================
Received Import Request.
  Time since last request: 0.000018 seconds.
  path: Assets/Enemies/Skeleton/Sprites/Attack/1_animation_attack_002.png
  artifactKey: Guid(f33a9fc9ceae8fd439e06dcdb05623b2) Importer(815301076,1909f56bfc062723c751e8b465ee728b)
Start importing Assets/Enemies/Skeleton/Sprites/Attack/1_animation_attack_002.png using Guid(f33a9fc9ceae8fd439e06dcdb05623b2) Importer(815301076,1909f56bfc062723c751e8b465ee728b)  -> (artifact id: '278d54d6746db5495b229bd2dd5b6644') in 0.030127 seconds 
========================================================================
Received Import Request.
  Time since last request: 0.000022 seconds.
  path: Assets/Character/HumanWarrior/Sprites/Attack/1_animation_attack_001.png
  artifactKey: Guid(ba980fdbdffaa554a8f857c609cb2672) Importer(815301076,1909f56bfc062723c751e8b465ee728b)
Start importing Assets/Character/HumanWarrior/Sprites/Attack/1_animation_attack_001.png using Guid(ba980fdbdffaa554a8f857c609cb2672) Importer(815301076,1909f56bfc062723c751e8b465ee728b)  -> (artifact id: 'cc01dde7e94ebffe9632825c1a9b262f') in 0.021073 seconds 
========================================================================
Received Import Request.
  Time since last request: 0.692983 seconds.
  path: Assets/Sprites/people-warrior-character/PNG/human/effect/1_animation_arrow_010.png
  artifactKey: Guid(16adbfe1083550b4684fc71520a3e370) Importer(815301076,1909f56bfc062723c751e8b465ee728b)
Start importing Assets/Sprites/people-warrior-character/PNG/human/effect/1_animation_arrow_010.png using Guid(16adbfe1083550b4684fc71520a3e370) Importer(815301076,1909f56bfc062723c751e8b465ee728b)  -> (artifact id: 'fe8681c35d3b4a6f396c6141240e6f20') in 0.027847 seconds 
========================================================================
Received Import Request.
  Time since last request: 0.000027 seconds.
  path: Assets/Sprites/people-warrior-character/PNG/human/effect/1_animation_arrow_012.png
  artifactKey: Guid(c1e255cf470cdf544a23311b689e0085) Importer(815301076,1909f56bfc062723c751e8b465ee728b)
Start importing Assets/Sprites/people-warrior-character/PNG/human/effect/1_animation_arrow_012.png using Guid(c1e255cf470cdf544a23311b689e0085) Importer(815301076,1909f56bfc062723c751e8b465ee728b)  -> (artifact id: 'fe680d5c3ab7d2820883a274bf123f45') in 0.029406 seconds 
========================================================================
Received Import Request.
  Time since last request: 0.000024 seconds.
  path: Assets/Sprites/people-warrior-character/PNG/human/effect/1_animation_arrow_015.png
  artifactKey: Guid(7abf8264f3427c74386c2e45adb85ea0) Importer(815301076,1909f56bfc062723c751e8b465ee728b)
Start importing Assets/Sprites/people-warrior-character/PNG/human/effect/1_animation_arrow_015.png using Guid(7abf8264f3427c74386c2e45adb85ea0) Importer(815301076,1909f56bfc062723c751e8b465ee728b)  -> (artifact id: 'fa56a18a5e7f1bf6d357f26a1e40b3e3') in 0.031382 seconds 
========================================================================
Received Import Request.
  Time since last request: 3.327249 seconds.
  path: Assets/Tiles/SnowTiles/3.png
  artifactKey: Guid(cba537b127c93a74c96827b6e3b56cb1) Importer(815301076,1909f56bfc062723c751e8b465ee728b)
Start importing Assets/Tiles/SnowTiles/3.png using Guid(cba537b127c93a74c96827b6e3b56cb1) Importer(815301076,1909f56bfc062723c751e8b465ee728b)  -> (artifact id: '83a7e669c6616591ab4b3c7321c025ca') in 0.022551 seconds 
========================================================================
Received Import Request.
  Time since last request: 0.000018 seconds.
  path: Assets/Tiles/SnowTiles/7.png
  artifactKey: Guid(ee5cd4582233f9b48b8f455c2fb37151) Importer(815301076,1909f56bfc062723c751e8b465ee728b)
Start importing Assets/Tiles/SnowTiles/7.png using Guid(ee5cd4582233f9b48b8f455c2fb37151) Importer(815301076,1909f56bfc062723c751e8b465ee728b)  -> (artifact id: '4d8bdf80a5725b6b6b5e3d4e4c818270') in 0.021882 seconds 
========================================================================
Received Import Request.
  Time since last request: 0.000034 seconds.
  path: Assets/Tiles/SnowTiles/6.png
  artifactKey: Guid(a18d81a786017ae4fbb552a34674c6a8) Importer(815301076,1909f56bfc062723c751e8b465ee728b)
Start importing Assets/Tiles/SnowTiles/6.png using Guid(a18d81a786017ae4fbb552a34674c6a8) Importer(815301076,1909f56bfc062723c751e8b465ee728b)  -> (artifact id: '5a0a62be6d86fe8dd8701bdfdfbc63fd') in 0.018041 seconds 
========================================================================
Received Import Request.
  Time since last request: 0.000040 seconds.
  path: Assets/Tiles/SnowTiles/10.png
  artifactKey: Guid(2ca66185351d67347b3d99953d527d56) Importer(815301076,1909f56bfc062723c751e8b465ee728b)
Start importing Assets/Tiles/SnowTiles/10.png using Guid(2ca66185351d67347b3d99953d527d56) Importer(815301076,1909f56bfc062723c751e8b465ee728b)  -> (artifact id: '7ed13703b238d7875d1464a10ae6befb') in 0.022590 seconds 
========================================================================
Received Import Request.
  Time since last request: 3.433569 seconds.
  path: Assets/Tiles/tail_1_square/3.png
  artifactKey: Guid(4130fc47c1915f24c8412e89a49abfdc) Importer(815301076,1909f56bfc062723c751e8b465ee728b)
Start importing Assets/Tiles/tail_1_square/3.png using Guid(4130fc47c1915f24c8412e89a49abfdc) Importer(815301076,1909f56bfc062723c751e8b465ee728b)  -> (artifact id: 'eb73cfd2c29821b83cba5732682e0bca') in 0.024692 seconds 
========================================================================
Received Import Request.
  Time since last request: 0.000023 seconds.
  path: Assets/Tiles/tail_1_square/16.png
  artifactKey: Guid(8747796736e987f4dafc3d3989bd7df0) Importer(815301076,1909f56bfc062723c751e8b465ee728b)
Start importing Assets/Tiles/tail_1_square/16.png using Guid(8747796736e987f4dafc3d3989bd7df0) Importer(815301076,1909f56bfc062723c751e8b465ee728b)  -> (artifact id: 'b4f6028dc8a45dbbc66c4bad92c2e0db') in 0.045088 seconds 
========================================================================
Received Import Request.
  Time since last request: 0.000018 seconds.
  path: Assets/Tiles/tail_1_square/14.png
  artifactKey: Guid(7d68b12bff3cd43419d5a97f83e6b75c) Importer(815301076,1909f56bfc062723c751e8b465ee728b)
Start importing Assets/Tiles/tail_1_square/14.png using Guid(7d68b12bff3cd43419d5a97f83e6b75c) Importer(815301076,1909f56bfc062723c751e8b465ee728b)  -> (artifact id: '1cf161c93fbef3a25c36e5a5580a9e02') in 0.036888 seconds 
========================================================================
Received Import Request.
  Time since last request: 1.780073 seconds.
  path: Assets/Tiles/tail_4_square/3.png
  artifactKey: Guid(4d8d952a5dba0d74baf4986e6eeb0a15) Importer(815301076,1909f56bfc062723c751e8b465ee728b)
Start importing Assets/Tiles/tail_4_square/3.png using Guid(4d8d952a5dba0d74baf4986e6eeb0a15) Importer(815301076,1909f56bfc062723c751e8b465ee728b)  -> (artifact id: '3a18964392210230c94a6acd818bd963') in 0.023501 seconds 
========================================================================
Received Import Request.
  Time since last request: 0.000017 seconds.
  path: Assets/Tiles/tail_4_square/9.png
  artifactKey: Guid(366b0fa7416dff747a9c5ceb513bbc46) Importer(815301076,1909f56bfc062723c751e8b465ee728b)
Start importing Assets/Tiles/tail_4_square/9.png using Guid(366b0fa7416dff747a9c5ceb513bbc46) Importer(815301076,1909f56bfc062723c751e8b465ee728b)  -> (artifact id: '3192e69c35497d890f31526291f81062') in 0.032811 seconds 
========================================================================
Received Import Request.
  Time since last request: 0.000021 seconds.
  path: Assets/Tiles/tail_4_square/12.png
  artifactKey: Guid(b5402f0db61ce914cbc1a90549cd94b3) Importer(815301076,1909f56bfc062723c751e8b465ee728b)
Start importing Assets/Tiles/tail_4_square/12.png using Guid(b5402f0db61ce914cbc1a90549cd94b3) Importer(815301076,1909f56bfc062723c751e8b465ee728b)  -> (artifact id: 'b80767451d49900db24ee247630b9e20') in 0.020314 seconds 
========================================================================
Received Import Request.
  Time since last request: 0.000039 seconds.
  path: Assets/Tiles/tail_4_square/14.png
  artifactKey: Guid(2dd3d943a7582af4085c3e68e25fb29f) Importer(815301076,1909f56bfc062723c751e8b465ee728b)
Start importing Assets/Tiles/tail_4_square/14.png using Guid(2dd3d943a7582af4085c3e68e25fb29f) Importer(815301076,1909f56bfc062723c751e8b465ee728b)  -> (artifact id: '7a858e8edd8187103bf2c1602e34af42') in 0.032405 seconds 
========================================================================
Received Import Request.
  Time since last request: 3.322224 seconds.
  path: Assets/Tiles/tail_6/3.png
  artifactKey: Guid(b03f71802da594c4781641b2b425aba8) Importer(815301076,1909f56bfc062723c751e8b465ee728b)
Start importing Assets/Tiles/tail_6/3.png using Guid(b03f71802da594c4781641b2b425aba8) Importer(815301076,1909f56bfc062723c751e8b465ee728b)  -> (artifact id: '5b584c3db222bfcf86a34b4f8b45ecbf') in 0.023834 seconds 
========================================================================
Received Import Request.
  Time since last request: 0.000019 seconds.
  path: Assets/Tiles/tail_6/17.png
  artifactKey: Guid(dd4900d2212e15e4ba6cb0631834a366) Importer(815301076,1909f56bfc062723c751e8b465ee728b)
Start importing Assets/Tiles/tail_6/17.png using Guid(dd4900d2212e15e4ba6cb0631834a366) Importer(815301076,1909f56bfc062723c751e8b465ee728b)  -> (artifact id: '08d7f9c9fd92ae0ebefdcc37e22a07da') in 0.086498 seconds 
========================================================================
Received Import Request.
  Time since last request: 0.000019 seconds.
  path: Assets/Tiles/tail_6/16.png
  artifactKey: Guid(4d3409d6764cef34f98399b0da8d7b3a) Importer(815301076,1909f56bfc062723c751e8b465ee728b)
Start importing Assets/Tiles/tail_6/16.png using Guid(4d3409d6764cef34f98399b0da8d7b3a) Importer(815301076,1909f56bfc062723c751e8b465ee728b)  -> (artifact id: '358f3f5edaf1674174de7bf5f606754e') in 0.048289 seconds 
========================================================================
Received Import Request.
  Time since last request: 8.017987 seconds.
  path: Assets/Tiles/tail_6_square/3.png
  artifactKey: Guid(c0dbc7447429cd748a6a03b9b5ef167a) Importer(815301076,1909f56bfc062723c751e8b465ee728b)
Start importing Assets/Tiles/tail_6_square/3.png using Guid(c0dbc7447429cd748a6a03b9b5ef167a) Importer(815301076,1909f56bfc062723c751e8b465ee728b)  -> (artifact id: '2a208906baf35cdc84f70ea5b766acdf') in 0.025865 seconds 
========================================================================
Received Import Request.
  Time since last request: 0.000016 seconds.
  path: Assets/Tiles/tail_6_square/8.png
  artifactKey: Guid(ac9896d8dc16b8448964758d7b98550f) Importer(815301076,1909f56bfc062723c751e8b465ee728b)
Start importing Assets/Tiles/tail_6_square/8.png using Guid(ac9896d8dc16b8448964758d7b98550f) Importer(815301076,1909f56bfc062723c751e8b465ee728b)  -> (artifact id: 'aa1a54453c59f5b3cb3e39d1419acc10') in 0.033676 seconds 
========================================================================
Received Import Request.
  Time since last request: 0.000043 seconds.
  path: Assets/Tiles/tail_6_square/17.png
  artifactKey: Guid(b4effac52359c9543b6e98d2428672fd) Importer(815301076,1909f56bfc062723c751e8b465ee728b)
Start importing Assets/Tiles/tail_6_square/17.png using Guid(b4effac52359c9543b6e98d2428672fd) Importer(815301076,1909f56bfc062723c751e8b465ee728b)  -> (artifact id: '8d5442fb2ce584dc11fdac72f9d1750d') in 0.090295 seconds 
========================================================================
Received Import Request.
  Time since last request: 1.360801 seconds.
  path: Assets/Tiles/WaterTiles/3.png
  artifactKey: Guid(8c2fd369104d6c14eacad29e8f3a1a15) Importer(815301076,1909f56bfc062723c751e8b465ee728b)
Start importing Assets/Tiles/WaterTiles/3.png using Guid(8c2fd369104d6c14eacad29e8f3a1a15) Importer(815301076,1909f56bfc062723c751e8b465ee728b)  -> (artifact id: '6c24af65a014bba18cce9aa825c1eb69') in 0.023913 seconds 
========================================================================
Received Import Request.
  Time since last request: 0.000016 seconds.
  path: Assets/Tiles/WaterTiles/12.png
  artifactKey: Guid(e3a2b82fe5cae55409102cd400fcc77e) Importer(815301076,1909f56bfc062723c751e8b465ee728b)
Start importing Assets/Tiles/WaterTiles/12.png using Guid(e3a2b82fe5cae55409102cd400fcc77e) Importer(815301076,1909f56bfc062723c751e8b465ee728b)  -> (artifact id: '977ddb05d464ae0f4f1c0b8090788e03') in 0.045400 seconds 
========================================================================
Received Import Request.
  Time since last request: 1.337720 seconds.
  path: Assets/Tiles/tail_5/3.png
  artifactKey: Guid(ddf8a02ae760b8b4bae06d0051645024) Importer(815301076,1909f56bfc062723c751e8b465ee728b)
Start importing Assets/Tiles/tail_5/3.png using Guid(ddf8a02ae760b8b4bae06d0051645024) Importer(815301076,1909f56bfc062723c751e8b465ee728b)  -> (artifact id: '9d26286359557406f454a3775cb3b935') in 0.025397 seconds 
========================================================================
Received Import Request.
  Time since last request: 0.000014 seconds.
  path: Assets/Tiles/tail_5/8.png
  artifactKey: Guid(dd38f38a8dc16f34e875c0ab742f3837) Importer(815301076,1909f56bfc062723c751e8b465ee728b)
Start importing Assets/Tiles/tail_5/8.png using Guid(dd38f38a8dc16f34e875c0ab742f3837) Importer(815301076,1909f56bfc062723c751e8b465ee728b)  -> (artifact id: '382f2166e66083398b52f7f63d61564c') in 0.049046 seconds 
========================================================================
Received Import Request.
  Time since last request: 0.000021 seconds.
  path: Assets/Tiles/tail_5/10.png
  artifactKey: Guid(2a1f015c9d2f1e6479bad2e7a79be924) Importer(815301076,1909f56bfc062723c751e8b465ee728b)
Start importing Assets/Tiles/tail_5/10.png using Guid(2a1f015c9d2f1e6479bad2e7a79be924) Importer(815301076,1909f56bfc062723c751e8b465ee728b)  -> (artifact id: '6261b7098905a90951209f425f4424f7') in 0.024652 seconds 
========================================================================
Received Import Request.
  Time since last request: 0.000021 seconds.
  path: Assets/Tiles/tail_5/6.png
  artifactKey: Guid(626348e0fbc4b9843a28b4869176cf77) Importer(815301076,1909f56bfc062723c751e8b465ee728b)
Start importing Assets/Tiles/tail_5/6.png using Guid(626348e0fbc4b9843a28b4869176cf77) Importer(815301076,1909f56bfc062723c751e8b465ee728b)  -> (artifact id: '6c40a86178f7e3c97c92c784b9eada8c') in 0.048626 seconds 
========================================================================
Received Import Request.
  Time since last request: 1.724757 seconds.
  path: Assets/Tiles/tail_3_square/3.png
  artifactKey: Guid(435614d1676f7764980f00266b9b36c6) Importer(815301076,1909f56bfc062723c751e8b465ee728b)
Start importing Assets/Tiles/tail_3_square/3.png using Guid(435614d1676f7764980f00266b9b36c6) Importer(815301076,1909f56bfc062723c751e8b465ee728b)  -> (artifact id: '80c328978568913bcc80dad1f60f0ef1') in 0.022957 seconds 
========================================================================
Received Import Request.
  Time since last request: 0.000017 seconds.
  path: Assets/Tiles/tail_3_square/10.png
  artifactKey: Guid(ad97265cbfd797d48ac65d2dfb1b2e1b) Importer(815301076,1909f56bfc062723c751e8b465ee728b)
Start importing Assets/Tiles/tail_3_square/10.png using Guid(ad97265cbfd797d48ac65d2dfb1b2e1b) Importer(815301076,1909f56bfc062723c751e8b465ee728b)  -> (artifact id: '5e7b63de408436a47c7ebab352f66afb') in 0.019739 seconds 
========================================================================
Received Import Request.
  Time since last request: 0.000018 seconds.
  path: Assets/Tiles/tail_3_square/19.png
  artifactKey: Guid(b90b8c123b592e14e9b2e6c8db4d09a6) Importer(815301076,1909f56bfc062723c751e8b465ee728b)
Start importing Assets/Tiles/tail_3_square/19.png using Guid(b90b8c123b592e14e9b2e6c8db4d09a6) Importer(815301076,1909f56bfc062723c751e8b465ee728b)  -> (artifact id: 'b0b8cd324c16be4df97c59981f187e65') in 0.017223 seconds 
========================================================================
Received Import Request.
  Time since last request: 0.000016 seconds.
  path: Assets/Tiles/tail_3_square/7.png
  artifactKey: Guid(a3f1a0876f1ed4f4f9d4d95b286a7af7) Importer(815301076,1909f56bfc062723c751e8b465ee728b)
Start importing Assets/Tiles/tail_3_square/7.png using Guid(a3f1a0876f1ed4f4f9d4d95b286a7af7) Importer(815301076,1909f56bfc062723c751e8b465ee728b)  -> (artifact id: '3e95ae11f81d49c97112d9e1dca578da') in 0.017327 seconds 
========================================================================
Received Import Request.
  Time since last request: 9.840972 seconds.
  path: Assets/Tiles/tail_3_square/3.png
  artifactKey: Guid(435614d1676f7764980f00266b9b36c6) Importer(815301076,1909f56bfc062723c751e8b465ee728b)
Start importing Assets/Tiles/tail_3_square/3.png using Guid(435614d1676f7764980f00266b9b36c6) Importer(815301076,1909f56bfc062723c751e8b465ee728b)  -> (artifact id: '85c3f60fcd5eadda4101e33040199025') in 0.030553 seconds 
========================================================================
Received Import Request.
  Time since last request: 0.000018 seconds.
  path: Assets/Tiles/tail_3_square/18.png
  artifactKey: Guid(569b1f61b782a5240ac4b24e2d4fcf40) Importer(815301076,1909f56bfc062723c751e8b465ee728b)
Start importing Assets/Tiles/tail_3_square/18.png using Guid(569b1f61b782a5240ac4b24e2d4fcf40) Importer(815301076,1909f56bfc062723c751e8b465ee728b)  -> (artifact id: 'e88a96579365d7848b3beb54f1ab0044') in 0.018879 seconds 
========================================================================
Received Import Request.
  Time since last request: 0.000023 seconds.
  path: Assets/Tiles/tail_3_square/17.png
  artifactKey: Guid(e9e1ab8feb92d844f851ede5e80c8195) Importer(815301076,1909f56bfc062723c751e8b465ee728b)
Start importing Assets/Tiles/tail_3_square/17.png using Guid(e9e1ab8feb92d844f851ede5e80c8195) Importer(815301076,1909f56bfc062723c751e8b465ee728b)  -> (artifact id: '87bfa553096d17689df6216848761b2e') in 0.021498 seconds 
========================================================================
Received Import Request.
  Time since last request: 0.000019 seconds.
  path: Assets/Tiles/tail_3_square/15.png
  artifactKey: Guid(c9364f414f2d6544598d22ebb6b55c84) Importer(815301076,1909f56bfc062723c751e8b465ee728b)
Start importing Assets/Tiles/tail_3_square/15.png using Guid(c9364f414f2d6544598d22ebb6b55c84) Importer(815301076,1909f56bfc062723c751e8b465ee728b)  -> (artifact id: '44d81cf1aa6861f187b69ea029704341') in 0.016362 seconds 
========================================================================
Received Import Request.
  Time since last request: 11.926156 seconds.
  path: Assets/Tiles/tail_2_square/3.png
  artifactKey: Guid(0de0beab83c276642a9463a0119074f4) Importer(815301076,1909f56bfc062723c751e8b465ee728b)
Start importing Assets/Tiles/tail_2_square/3.png using Guid(0de0beab83c276642a9463a0119074f4) Importer(815301076,1909f56bfc062723c751e8b465ee728b)  -> (artifact id: '7d47f054193d5f749403cc9e6f12f88f') in 0.028332 seconds 
========================================================================
Received Import Request.
  Time since last request: 0.000018 seconds.
  path: Assets/Tiles/tail_2_square/17.png
  artifactKey: Guid(c0e2aee3d82a9ae489e1badba0149660) Importer(815301076,1909f56bfc062723c751e8b465ee728b)
Start importing Assets/Tiles/tail_2_square/17.png using Guid(c0e2aee3d82a9ae489e1badba0149660) Importer(815301076,1909f56bfc062723c751e8b465ee728b)  -> (artifact id: 'b6c80c1882f25feb15269d19f876d106') in 0.043183 seconds 
========================================================================
Received Import Request.
  Time since last request: 0.000028 seconds.
  path: Assets/Tiles/tail_2_square/6.png
  artifactKey: Guid(e4f6a8dcc70dda141a6186d7b24e4d31) Importer(815301076,1909f56bfc062723c751e8b465ee728b)
Start importing Assets/Tiles/tail_2_square/6.png using Guid(e4f6a8dcc70dda141a6186d7b24e4d31) Importer(815301076,1909f56bfc062723c751e8b465ee728b)  -> (artifact id: '69de09846b434456fb1fdeade377d79d') in 0.062079 seconds 
========================================================================
Received Import Request.
  Time since last request: 6.492465 seconds.
  path: Assets/Tiles/tail_2_square/3.png
  artifactKey: Guid(0de0beab83c276642a9463a0119074f4) Importer(815301076,1909f56bfc062723c751e8b465ee728b)
Start importing Assets/Tiles/tail_2_square/3.png using Guid(0de0beab83c276642a9463a0119074f4) Importer(815301076,1909f56bfc062723c751e8b465ee728b)  -> (artifact id: 'f0ca344fac3a285572fcd699b77474bf') in 0.031524 seconds 
========================================================================
Received Import Request.
  Time since last request: 0.000021 seconds.
  path: Assets/Tiles/tail_2_square/11.png
  artifactKey: Guid(7b1720387c7a4444c9e8a9cbd96f1563) Importer(815301076,1909f56bfc062723c751e8b465ee728b)
Start importing Assets/Tiles/tail_2_square/11.png using Guid(7b1720387c7a4444c9e8a9cbd96f1563) Importer(815301076,1909f56bfc062723c751e8b465ee728b)  -> (artifact id: 'e0ace2816c811f7f11ad6185fa72df6d') in 0.016383 seconds 
========================================================================
Received Import Request.
  Time since last request: 0.000015 seconds.
  path: Assets/Tiles/tail_2_square/7.png
  artifactKey: Guid(6b3fac230c703504296da94b38dd264f) Importer(815301076,1909f56bfc062723c751e8b465ee728b)
Start importing Assets/Tiles/tail_2_square/7.png using Guid(6b3fac230c703504296da94b38dd264f) Importer(815301076,1909f56bfc062723c751e8b465ee728b)  -> (artifact id: 'd1cb43d0ba47210c6c00c1db3a1a2772') in 0.018811 seconds 
========================================================================
Received Import Request.
  Time since last request: 12.962996 seconds.
  path: Assets/Tiles/tail_2/3.png
  artifactKey: Guid(c5e3f065b71e67f4db5c35c6dfeb7440) Importer(815301076,1909f56bfc062723c751e8b465ee728b)
Start importing Assets/Tiles/tail_2/3.png using Guid(c5e3f065b71e67f4db5c35c6dfeb7440) Importer(815301076,1909f56bfc062723c751e8b465ee728b)  -> (artifact id: '2d8588adfcc1e52276bdca5096268a92') in 0.029170 seconds 
========================================================================
Received Import Request.
  Time since last request: 0.000016 seconds.
  path: Assets/Tiles/tail_2/13.png
  artifactKey: Guid(64ebabd5cfcd089419df64de63446ce5) Importer(815301076,1909f56bfc062723c751e8b465ee728b)
Start importing Assets/Tiles/tail_2/13.png using Guid(64ebabd5cfcd089419df64de63446ce5) Importer(815301076,1909f56bfc062723c751e8b465ee728b)  -> (artifact id: 'bbfd299d162365158dc6f7d129dd958c') in 0.057858 seconds 
========================================================================
Received Import Request.
  Time since last request: 0.000017 seconds.
  path: Assets/Tiles/tail_2/18.png
  artifactKey: Guid(d08c8fdd294f91c4a802501bb0b9706e) Importer(815301076,1909f56bfc062723c751e8b465ee728b)
Start importing Assets/Tiles/tail_2/18.png using Guid(d08c8fdd294f91c4a802501bb0b9706e) Importer(815301076,1909f56bfc062723c751e8b465ee728b)  -> (artifact id: 'bdb59de561e1860402810471db8412d2') in 0.033505 seconds 
========================================================================
Received Import Request.
  Time since last request: 0.000024 seconds.
  path: Assets/Tiles/tail_2/7.png
  artifactKey: Guid(4a3bece65022a7d458b27daf2daf4d6a) Importer(815301076,1909f56bfc062723c751e8b465ee728b)
Start importing Assets/Tiles/tail_2/7.png using Guid(4a3bece65022a7d458b27daf2daf4d6a) Importer(815301076,1909f56bfc062723c751e8b465ee728b)  -> (artifact id: '30176dd2df177dbf0036d75fd1b80bf0') in 0.033055 seconds 
========================================================================
Received Import Request.
  Time since last request: 9.557416 seconds.
  path: Assets/Tiles/tail_6_square/3.png
  artifactKey: Guid(c0dbc7447429cd748a6a03b9b5ef167a) Importer(815301076,1909f56bfc062723c751e8b465ee728b)
Start importing Assets/Tiles/tail_6_square/3.png using Guid(c0dbc7447429cd748a6a03b9b5ef167a) Importer(815301076,1909f56bfc062723c751e8b465ee728b)  -> (artifact id: '6e392c6cb642976f22203fc5e14a7e27') in 0.062275 seconds 
========================================================================
Received Import Request.
  Time since last request: 0.000017 seconds.
  path: Assets/Tiles/tail_6_square/17.png
  artifactKey: Guid(b4effac52359c9543b6e98d2428672fd) Importer(815301076,1909f56bfc062723c751e8b465ee728b)
Start importing Assets/Tiles/tail_6_square/17.png using Guid(b4effac52359c9543b6e98d2428672fd) Importer(815301076,1909f56bfc062723c751e8b465ee728b)  -> (artifact id: 'f9421a80ba4d33e7b56b974f94a38b47') in 0.026822 seconds 
========================================================================
Received Import Request.
  Time since last request: 0.000016 seconds.
  path: Assets/Tiles/tail_6_square/12.png
  artifactKey: Guid(24337646cb9476940978dc115ed7c9a3) Importer(815301076,1909f56bfc062723c751e8b465ee728b)
Start importing Assets/Tiles/tail_6_square/12.png using Guid(24337646cb9476940978dc115ed7c9a3) Importer(815301076,1909f56bfc062723c751e8b465ee728b)  -> (artifact id: '0dc7ff2ac8df246a10d31f5ecce33f2d') in 0.040505 seconds 
========================================================================
Received Import Request.
  Time since last request: 6.702778 seconds.
  path: Assets/Sprites/people-warrior-character/PNG/human/1/1_animation_attack_019.png
  artifactKey: Guid(5482716501c702f449ed001fdda4af5a) Importer(815301076,1909f56bfc062723c751e8b465ee728b)
Start importing Assets/Sprites/people-warrior-character/PNG/human/1/1_animation_attack_019.png using Guid(5482716501c702f449ed001fdda4af5a) Importer(815301076,1909f56bfc062723c751e8b465ee728b)  -> (artifact id: '4b562aff6e247a5cededa5d5ee39ebf1') in 0.033321 seconds 
========================================================================
Received Import Request.
  Time since last request: 0.000017 seconds.
  path: Assets/Character/HumanWarrior/Sprites/Idle/1_animation_idle_019.png
  artifactKey: Guid(ab3b92898555b4a40ba2a628854a15e4) Importer(815301076,1909f56bfc062723c751e8b465ee728b)
Start importing Assets/Character/HumanWarrior/Sprites/Idle/1_animation_idle_019.png using Guid(ab3b92898555b4a40ba2a628854a15e4) Importer(815301076,1909f56bfc062723c751e8b465ee728b)  -> (artifact id: '75fa71341d6e714f6856431e915b9b80') in 0.038391 seconds 
========================================================================
Received Import Request.
  Time since last request: 0.000017 seconds.
  path: Assets/Sprites/people-warrior-character/PNG/human/1/1_animation_idle_019.png
  artifactKey: Guid(8c028c796b7920c4f90b12440aae912b) Importer(815301076,1909f56bfc062723c751e8b465ee728b)
Start importing Assets/Sprites/people-warrior-character/PNG/human/1/1_animation_idle_019.png using Guid(8c028c796b7920c4f90b12440aae912b) Importer(815301076,1909f56bfc062723c751e8b465ee728b)  -> (artifact id: '624df333aa89acaf0c57abe8e07b79bb') in 0.028465 seconds 
========================================================================
Received Import Request.
  Time since last request: 0.000025 seconds.
  path: Assets/Sprites/people-warrior-character/PNG/human/effect/1_animation_magic_019.png
  artifactKey: Guid(4d7ca2a9595f38a468ac87ff272bbd38) Importer(815301076,1909f56bfc062723c751e8b465ee728b)
Start importing Assets/Sprites/people-warrior-character/PNG/human/effect/1_animation_magic_019.png using Guid(4d7ca2a9595f38a468ac87ff272bbd38) Importer(815301076,1909f56bfc062723c751e8b465ee728b)  -> (artifact id: 'b1e445e61bb34bedc72634d8992b7fbc') in 0.032096 seconds 
========================================================================
Received Import Request.
  Time since last request: 1.331906 seconds.
  path: Assets/Sprites/people-warrior-character/PNG/human/2/2_animation_hurt_019.png
  artifactKey: Guid(46aec977d39613649a607f1501d916ce) Importer(815301076,1909f56bfc062723c751e8b465ee728b)
Start importing Assets/Sprites/people-warrior-character/PNG/human/2/2_animation_hurt_019.png using Guid(46aec977d39613649a607f1501d916ce) Importer(815301076,1909f56bfc062723c751e8b465ee728b)  -> (artifact id: '46a0fb44eec05f5a236e1bce99899941') in 0.030155 seconds 
========================================================================
Received Import Request.
  Time since last request: 0.000017 seconds.
  path: Assets/Sprites/ndead-warrior-character/PNG/undead/2/2_animation_walk_019.png
  artifactKey: Guid(ab51a7d328fcfa54a88e119e76618562) Importer(815301076,1909f56bfc062723c751e8b465ee728b)
Start importing Assets/Sprites/ndead-warrior-character/PNG/undead/2/2_animation_walk_019.png using Guid(ab51a7d328fcfa54a88e119e76618562) Importer(815301076,1909f56bfc062723c751e8b465ee728b)  -> (artifact id: '758e5d4b0eb2c5a1382b6e0035fd6eaa') in 0.032231 seconds 
========================================================================
Received Import Request.
  Time since last request: 0.174941 seconds.
  path: Assets/Sprites/people-warrior-character/PNG/human/3/3_animation_hurt_019.png
  artifactKey: Guid(7185f3ac9a9abf2409e9021d97afe691) Importer(815301076,1909f56bfc062723c751e8b465ee728b)
Start importing Assets/Sprites/people-warrior-character/PNG/human/3/3_animation_hurt_019.png using Guid(7185f3ac9a9abf2409e9021d97afe691) Importer(815301076,1909f56bfc062723c751e8b465ee728b)  -> (artifact id: '6b00bb79c3638ce158716a212a5eefec') in 0.043174 seconds 
========================================================================
Received Import Request.
  Time since last request: 0.000024 seconds.
  path: Assets/Sprites/ndead-warrior-character/PNG/undead/4/4_animation_hurt_019.png
  artifactKey: Guid(bf29cf3dc974c4a48bdca68d27535278) Importer(815301076,1909f56bfc062723c751e8b465ee728b)
Start importing Assets/Sprites/ndead-warrior-character/PNG/undead/4/4_animation_hurt_019.png using Guid(bf29cf3dc974c4a48bdca68d27535278) Importer(815301076,1909f56bfc062723c751e8b465ee728b)  -> (artifact id: '5eb4b37baca2677644c3bd7fc34a1166') in 0.030473 seconds 
========================================================================
Received Import Request.
  Time since last request: 0.162208 seconds.
  path: Assets/Sprites/ndead-warrior-character/PNG/undead/4/4_animation_walk_019.png
  artifactKey: Guid(5bdbc9b4ecbad5b40a0059ff435f1e12) Importer(815301076,1909f56bfc062723c751e8b465ee728b)
Start importing Assets/Sprites/ndead-warrior-character/PNG/undead/4/4_animation_walk_019.png using Guid(5bdbc9b4ecbad5b40a0059ff435f1e12) Importer(815301076,1909f56bfc062723c751e8b465ee728b)  -> (artifact id: '943f63580081b6219f64d5e9b691bccb') in 0.055211 seconds 
========================================================================
Received Import Request.
  Time since last request: 0.000018 seconds.
  path: Assets/Sprites/people-warrior-character/PNG/human/5/5_animation_idle_019.png
  artifactKey: Guid(cc9448ba0e7f70342a0fbfda1e99472d) Importer(815301076,1909f56bfc062723c751e8b465ee728b)
Start importing Assets/Sprites/people-warrior-character/PNG/human/5/5_animation_idle_019.png using Guid(cc9448ba0e7f70342a0fbfda1e99472d) Importer(815301076,1909f56bfc062723c751e8b465ee728b)  -> (artifact id: 'bc35cdd66a695486455e03a2b479dfc5') in 0.031239 seconds 
========================================================================
Received Import Request.
  Time since last request: 0.000023 seconds.
  path: Assets/Sprites/people-warrior-character/PNG/human/6/6_animation_attack_019.png
  artifactKey: Guid(1a3580694c350a44b8fb1b44edf97a94) Importer(815301076,1909f56bfc062723c751e8b465ee728b)
Start importing Assets/Sprites/people-warrior-character/PNG/human/6/6_animation_attack_019.png using Guid(1a3580694c350a44b8fb1b44edf97a94) Importer(815301076,1909f56bfc062723c751e8b465ee728b)  -> (artifact id: 'fe4d34aeca067c8470da7ccd2eeaa6a1') in 0.045078 seconds 
========================================================================
Received Import Request.
  Time since last request: 0.164718 seconds.
  path: Assets/Sprites/people-warrior-character/PNG/human/6/6_animation_idle_019.png
  artifactKey: Guid(a7dd8caba34e4fe47a84e7be4de376fc) Importer(815301076,1909f56bfc062723c751e8b465ee728b)
Start importing Assets/Sprites/people-warrior-character/PNG/human/6/6_animation_idle_019.png using Guid(a7dd8caba34e4fe47a84e7be4de376fc) Importer(815301076,1909f56bfc062723c751e8b465ee728b)  -> (artifact id: '8ad00d88d05f9878b3a0ef35f92c1913') in 0.048556 seconds 
========================================================================
Received Import Request.
  Time since last request: 0.026098 seconds.
  path: Assets/Sprites/ndead-warrior-character/PNG/undead/7/7_animation_hurt_019.png
  artifactKey: Guid(e2fac96f5d4c41f4e973bfe7ed0f19f1) Importer(815301076,1909f56bfc062723c751e8b465ee728b)
Start importing Assets/Sprites/ndead-warrior-character/PNG/undead/7/7_animation_hurt_019.png using Guid(e2fac96f5d4c41f4e973bfe7ed0f19f1) Importer(815301076,1909f56bfc062723c751e8b465ee728b)  -> (artifact id: '50efb4e8977140e5c40b3c0e3753f670') in 0.030162 seconds 
========================================================================
Received Import Request.
  Time since last request: 0.185259 seconds.
  path: Assets/Effects/Blood/Sprites/8_animation_blood_019.png
  artifactKey: Guid(df857ed3e2a18db49a5a5eb40f73f2fd) Importer(815301076,1909f56bfc062723c751e8b465ee728b)
Start importing Assets/Effects/Blood/Sprites/8_animation_blood_019.png using Guid(df857ed3e2a18db49a5a5eb40f73f2fd) Importer(815301076,1909f56bfc062723c751e8b465ee728b)  -> (artifact id: '8f8108af6bd2bdf1ae6df611d4e0d866') in 0.029047 seconds 
========================================================================
Received Import Request.
  Time since last request: 0.000017 seconds.
  path: Assets/Sprites/2d-game-assets/PNG/tail_2_square/19.png
  artifactKey: Guid(a04b6627809e9c64ea142909b3862589) Importer(815301076,1909f56bfc062723c751e8b465ee728b)
Start importing Assets/Sprites/2d-game-assets/PNG/tail_2_square/19.png using Guid(a04b6627809e9c64ea142909b3862589) Importer(815301076,1909f56bfc062723c751e8b465ee728b)  -> (artifact id: 'a08ef491e13dd49e512f991d21376f67') in 0.019834 seconds 
========================================================================
Received Import Request.
  Time since last request: 0.219176 seconds.
  path: Assets/Sprites/2d-game-assets/PNG/tail_6_square/19.png
  artifactKey: Guid(008bbeade1f2a6242b438ca735899ea7) Importer(815301076,1909f56bfc062723c751e8b465ee728b)
Start importing Assets/Sprites/2d-game-assets/PNG/tail_6_square/19.png using Guid(008bbeade1f2a6242b438ca735899ea7) Importer(815301076,1909f56bfc062723c751e8b465ee728b)  -> (artifact id: '125fa3677ddbb70b27be7edf4f7776db') in 0.018167 seconds 
========================================================================
Received Import Request.
  Time since last request: 0.015659 seconds.
  path: Assets/Sprites/2d-game-assets/PNG/tail_1/19.png
  artifactKey: Guid(14a8398103f9fec43803469160354b41) Importer(815301076,1909f56bfc062723c751e8b465ee728b)
Start importing Assets/Sprites/2d-game-assets/PNG/tail_1/19.png using Guid(14a8398103f9fec43803469160354b41) Importer(815301076,1909f56bfc062723c751e8b465ee728b)  -> (artifact id: '4fe49d0bb2193eadb8d17f95ab13f561') in 0.020045 seconds 
========================================================================
Received Import Request.
  Time since last request: 0.301603 seconds.
  path: Assets/Sprites/2d-game-assets/PNG/tail_5_square/19.png
  artifactKey: Guid(a483ed942a254d74a9267e1fbaeac6fa) Importer(815301076,1909f56bfc062723c751e8b465ee728b)
Start importing Assets/Sprites/2d-game-assets/PNG/tail_5_square/19.png using Guid(a483ed942a254d74a9267e1fbaeac6fa) Importer(815301076,1909f56bfc062723c751e8b465ee728b)  -> (artifact id: '35a021071c10927f4d2ab8cbc2b584c8') in 0.019932 seconds 
========================================================================
Received Import Request.
  Time since last request: 28.025887 seconds.
  path: Assets/Sprites/2d-game-assets/PNG/tail_3/3.png
  artifactKey: Guid(44cadaf4b8ea8ab48b8fe29a0bad3882) Importer(815301076,1909f56bfc062723c751e8b465ee728b)
Start importing Assets/Sprites/2d-game-assets/PNG/tail_3/3.png using Guid(44cadaf4b8ea8ab48b8fe29a0bad3882) Importer(815301076,1909f56bfc062723c751e8b465ee728b)  -> (artifact id: '77650bcf3e4f21243bc19f0192246119') in 0.023358 seconds 
========================================================================
Received Import Request.
  Time since last request: 0.000018 seconds.
  path: Assets/Sprites/2d-game-assets/PNG/tail_3/8.png
  artifactKey: Guid(9ae7475d29bae754fbbedf2e8b2185b9) Importer(815301076,1909f56bfc062723c751e8b465ee728b)
Start importing Assets/Sprites/2d-game-assets/PNG/tail_3/8.png using Guid(9ae7475d29bae754fbbedf2e8b2185b9) Importer(815301076,1909f56bfc062723c751e8b465ee728b)  -> (artifact id: '9f7352109e627ee23954fecd79787050') in 0.033770 seconds 
========================================================================
Received Import Request.
  Time since last request: 0.000031 seconds.
  path: Assets/Sprites/2d-game-assets/PNG/tail_3/7.png
  artifactKey: Guid(b438ba0d3578c79468635c5e96af4221) Importer(815301076,1909f56bfc062723c751e8b465ee728b)
Start importing Assets/Sprites/2d-game-assets/PNG/tail_3/7.png using Guid(b438ba0d3578c79468635c5e96af4221) Importer(815301076,1909f56bfc062723c751e8b465ee728b)  -> (artifact id: 'e5df5348d673d79a8384a4f0aeb27181') in 0.023764 seconds 
========================================================================
Received Import Request.
  Time since last request: 0.000016 seconds.
  path: Assets/Sprites/2d-game-assets/PNG/tail_3/15.png
  artifactKey: Guid(4f80ef52e961a1c43aa86d973d485266) Importer(815301076,1909f56bfc062723c751e8b465ee728b)
Start importing Assets/Sprites/2d-game-assets/PNG/tail_3/15.png using Guid(4f80ef52e961a1c43aa86d973d485266) Importer(815301076,1909f56bfc062723c751e8b465ee728b)  -> (artifact id: '6486c11a0f3686b2c7ceab5ab71ebe20') in 0.029224 seconds 
========================================================================
Received Import Request.
  Time since last request: 61.027288 seconds.
  path: Assets/Enemies/Skeleton/Sprites/Attack/1_animation_attack_012.png
  artifactKey: Guid(75b78e977b1722940b3f0ed05517c529) Importer(815301076,1909f56bfc062723c751e8b465ee728b)
Start importing Assets/Enemies/Skeleton/Sprites/Attack/1_animation_attack_012.png using Guid(75b78e977b1722940b3f0ed05517c529) Importer(815301076,1909f56bfc062723c751e8b465ee728b)  -> (artifact id: '0bf4b64352e5dd16940a8c46360417d6') in 0.026870 seconds 
========================================================================
Received Import Request.
  Time since last request: 0.000049 seconds.
  path: Assets/Character/HumanWarrior/Sprites/Hurt/1_animation_hurt_002.png
  artifactKey: Guid(1e3f9f888f5e2e94e9513fd33f9c6867) Importer(815301076,1909f56bfc062723c751e8b465ee728b)
Start importing Assets/Character/HumanWarrior/Sprites/Hurt/1_animation_hurt_002.png using Guid(1e3f9f888f5e2e94e9513fd33f9c6867) Importer(815301076,1909f56bfc062723c751e8b465ee728b)  -> (artifact id: '02bb148339b91752a054dd50378ffd68') in 0.023913 seconds 
========================================================================
Received Import Request.
  Time since last request: 0.000018 seconds.
  path: Assets/Sprites/people-warrior-character/PNG/human/effect/1_animation_heal_002.png
  artifactKey: Guid(7c71fa9837dbba84d89c5c7b105c0f20) Importer(815301076,1909f56bfc062723c751e8b465ee728b)
Start importing Assets/Sprites/people-warrior-character/PNG/human/effect/1_animation_heal_002.png using Guid(7c71fa9837dbba84d89c5c7b105c0f20) Importer(815301076,1909f56bfc062723c751e8b465ee728b)  -> (artifact id: '42a1ce181e5ad333049f4b4c0457a4dd') in 0.045163 seconds 
========================================================================
Received Import Request.
  Time since last request: 1.019835 seconds.
  path: Assets/Sprites/tactical-strategy-game-tileset/PNG/tail_2/1.png
  artifactKey: Guid(cbf4ab5f3094f044e9d8867149f3f7fb) Importer(815301076,1909f56bfc062723c751e8b465ee728b)
Start importing Assets/Sprites/tactical-strategy-game-tileset/PNG/tail_2/1.png using Guid(cbf4ab5f3094f044e9d8867149f3f7fb) Importer(815301076,1909f56bfc062723c751e8b465ee728b)  -> (artifact id: '618f7a2c207a4b6f851ba669ecb325ac') in 0.021889 seconds 
========================================================================
Received Import Request.
  Time since last request: 0.000023 seconds.
  path: Assets/Sprites/tactical-strategy-2d-game-tile-set/PNG/tail_2/1.png
  artifactKey: Guid(42acfd0acd5465f45bdc0525c7960bf1) Importer(815301076,1909f56bfc062723c751e8b465ee728b)
Start importing Assets/Sprites/tactical-strategy-2d-game-tile-set/PNG/tail_2/1.png using Guid(42acfd0acd5465f45bdc0525c7960bf1) Importer(815301076,1909f56bfc062723c751e8b465ee728b)  -> (artifact id: '4972e689fcdc84bcbd5e607b02474e4a') in 0.021505 seconds 
========================================================================
Received Import Request.
  Time since last request: 0.000026 seconds.
  path: Assets/Sprites/tactical-strategy-2d-game-tile-set/PNG/tail_2_square/1.png
  artifactKey: Guid(8fea12562c6efe545adaf54fa54e9b0d) Importer(815301076,1909f56bfc062723c751e8b465ee728b)
Start importing Assets/Sprites/tactical-strategy-2d-game-tile-set/PNG/tail_2_square/1.png using Guid(8fea12562c6efe545adaf54fa54e9b0d) Importer(815301076,1909f56bfc062723c751e8b465ee728b)  -> (artifact id: 'e1954cdd381dbb6f9dd05e05f64650dc') in 0.022873 seconds 
========================================================================
Received Import Request.
  Time since last request: 0.000023 seconds.
  path: Assets/Sprites/tactical-strategy-game-tileset/PNG/tail_3/1.png
  artifactKey: Guid(84a574166d2b6f248823115018b8dc8b) Importer(815301076,1909f56bfc062723c751e8b465ee728b)
Start importing Assets/Sprites/tactical-strategy-game-tileset/PNG/tail_3/1.png using Guid(84a574166d2b6f248823115018b8dc8b) Importer(815301076,1909f56bfc062723c751e8b465ee728b)  -> (artifact id: 'd4c82c734305996ecd73c82ff11ded2e') in 0.019340 seconds 
========================================================================
Received Import Request.
  Time since last request: 0.199189 seconds.
  path: Assets/Sprites/ndead-warrior-character/PNG/undead/1/1_animation_attack_018.png
  artifactKey: Guid(2ba528819cdc44d46b66a5e465bbe4b6) Importer(815301076,1909f56bfc062723c751e8b465ee728b)
Start importing Assets/Sprites/ndead-warrior-character/PNG/undead/1/1_animation_attack_018.png using Guid(2ba528819cdc44d46b66a5e465bbe4b6) Importer(815301076,1909f56bfc062723c751e8b465ee728b)  -> (artifact id: '7719e8438fedf3c40d033f4fcd2915fa') in 0.022097 seconds 
========================================================================
Received Import Request.
  Time since last request: 0.000027 seconds.
  path: Assets/Sprites/people-warrior-character/PNG/human/effect/1_animation_heal_018.png
  artifactKey: Guid(8fc7239b798b162438a857e9668cfa62) Importer(815301076,1909f56bfc062723c751e8b465ee728b)
Start importing Assets/Sprites/people-warrior-character/PNG/human/effect/1_animation_heal_018.png using Guid(8fc7239b798b162438a857e9668cfa62) Importer(815301076,1909f56bfc062723c751e8b465ee728b)  -> (artifact id: '13e03970f5fb0cdcc1061b86a09eb273') in 0.047365 seconds 
========================================================================
Received Import Request.
  Time since last request: 0.000020 seconds.
  path: Assets/Sprites/ndead-warrior-character/PNG/undead/1/1_animation_idle_018.png
  artifactKey: Guid(b5fb4cbbc66ef564da0836686330f10d) Importer(815301076,1909f56bfc062723c751e8b465ee728b)
Start importing Assets/Sprites/ndead-warrior-character/PNG/undead/1/1_animation_idle_018.png using Guid(b5fb4cbbc66ef564da0836686330f10d) Importer(815301076,1909f56bfc062723c751e8b465ee728b)  -> (artifact id: '9399e662946ae74d97648c4fcaa4c619') in 0.018742 seconds 
========================================================================
Received Import Request.
  Time since last request: 0.000027 seconds.
  path: Assets/Sprites/ndead-warrior-character/PNG/undead/1/1_animation_walk_018.png
  artifactKey: Guid(eb5256136538e52439df2af5a447c28b) Importer(815301076,1909f56bfc062723c751e8b465ee728b)
Start importing Assets/Sprites/ndead-warrior-character/PNG/undead/1/1_animation_walk_018.png using Guid(eb5256136538e52439df2af5a447c28b) Importer(815301076,1909f56bfc062723c751e8b465ee728b)  -> (artifact id: 'a88bf9d6aa86db41f2d512f598d40bcf') in 0.019964 seconds 
========================================================================
Received Import Request.
  Time since last request: 0.000025 seconds.
  path: Assets/Sprites/people-warrior-character/PNG/human/1/1_animation_idle_018.png
  artifactKey: Guid(ab7671052be5f8b4287e84930fa1a9b6) Importer(815301076,1909f56bfc062723c751e8b465ee728b)
Start importing Assets/Sprites/people-warrior-character/PNG/human/1/1_animation_idle_018.png using Guid(ab7671052be5f8b4287e84930fa1a9b6) Importer(815301076,1909f56bfc062723c751e8b465ee728b)  -> (artifact id: 'daab94a0df7f6ddbf7bde24d5d175e99') in 0.020706 seconds 
========================================================================
Received Import Request.
  Time since last request: 0.646424 seconds.
  path: Assets/Sprites/ndead-warrior-character/PNG/undead/2/2_animation_hurt_018.png
  artifactKey: Guid(ce4a1304033fe1d47bfc16bc2d9d496c) Importer(815301076,1909f56bfc062723c751e8b465ee728b)
Start importing Assets/Sprites/ndead-warrior-character/PNG/undead/2/2_animation_hurt_018.png using Guid(ce4a1304033fe1d47bfc16bc2d9d496c) Importer(815301076,1909f56bfc062723c751e8b465ee728b)  -> (artifact id: '97bbd2d1299ce5170e9a8bb56dca6068') in 0.023426 seconds 
========================================================================
Received Import Request.
  Time since last request: 0.000024 seconds.
  path: Assets/Sprites/people-warrior-character/PNG/human/2/2_animation_idle_018.png
  artifactKey: Guid(43e4bba794682414498d4a69640aeaac) Importer(815301076,1909f56bfc062723c751e8b465ee728b)
Start importing Assets/Sprites/people-warrior-character/PNG/human/2/2_animation_idle_018.png using Guid(43e4bba794682414498d4a69640aeaac) Importer(815301076,1909f56bfc062723c751e8b465ee728b)  -> (artifact id: '78b218dae52aa8b4300f204d565b4da4') in 0.022167 seconds 
========================================================================
Received Import Request.
  Time since last request: 0.000041 seconds.
  path: Assets/Enemies/Zombie/Walk/2_animation_walk_018.png
  artifactKey: Guid(8fcf2da022f6b2c4daf556e1d4eb730d) Importer(815301076,1909f56bfc062723c751e8b465ee728b)
Start importing Assets/Enemies/Zombie/Walk/2_animation_walk_018.png using Guid(8fcf2da022f6b2c4daf556e1d4eb730d) Importer(815301076,1909f56bfc062723c751e8b465ee728b)  -> (artifact id: 'f67dcf149810c5b5cd71d42e7082fccc') in 0.023279 seconds 
========================================================================
Received Import Request.
  Time since last request: 0.000021 seconds.
  path: Assets/Sprites/ndead-warrior-character/PNG/undead/3/3_animation_hurt_018.png
  artifactKey: Guid(c8b26740184e2c046a70be0d90a87295) Importer(815301076,1909f56bfc062723c751e8b465ee728b)
Start importing Assets/Sprites/ndead-warrior-character/PNG/undead/3/3_animation_hurt_018.png using Guid(c8b26740184e2c046a70be0d90a87295) Importer(815301076,1909f56bfc062723c751e8b465ee728b)  -> (artifact id: 'e1e378950328683107d2bf8091e20300') in 0.023522 seconds 
========================================================================
Received Import Request.
  Time since last request: 0.168428 seconds.
  path: Assets/Sprites/ndead-warrior-character/PNG/undead/3/3_animation_walk_018.png
  artifactKey: Guid(1295fe1db15848a46ad6aa6b27e6c062) Importer(815301076,1909f56bfc062723c751e8b465ee728b)
Start importing Assets/Sprites/ndead-warrior-character/PNG/undead/3/3_animation_walk_018.png using Guid(1295fe1db15848a46ad6aa6b27e6c062) Importer(815301076,1909f56bfc062723c751e8b465ee728b)  -> (artifact id: '6b9c0d8d4a62d01cfe6477a74d440abe') in 0.022042 seconds 
========================================================================
Received Import Request.
  Time since last request: 0.000018 seconds.
  path: Assets/Sprites/people-warrior-character/PNG/human/4/4_animation_attack_018.png
  artifactKey: Guid(46c8f80dcaea42c469a72008b348c93a) Importer(815301076,1909f56bfc062723c751e8b465ee728b)
Start importing Assets/Sprites/people-warrior-character/PNG/human/4/4_animation_attack_018.png using Guid(46c8f80dcaea42c469a72008b348c93a) Importer(815301076,1909f56bfc062723c751e8b465ee728b)  -> (artifact id: '4a572e28dafe5e1e0851e554b7ed90a4') in 0.022343 seconds 
========================================================================
Received Import Request.
  Time since last request: 0.219120 seconds.
  path: Assets/Sprites/ndead-warrior-character/PNG/undead/4/4_animation_idle_018.png
  artifactKey: Guid(6383320085933f84194f06ce7154e25f) Importer(815301076,1909f56bfc062723c751e8b465ee728b)
Start importing Assets/Sprites/ndead-warrior-character/PNG/undead/4/4_animation_idle_018.png using Guid(6383320085933f84194f06ce7154e25f) Importer(815301076,1909f56bfc062723c751e8b465ee728b)  -> (artifact id: 'e5f33bc599b9e07c3fbe508f1711a516') in 0.021115 seconds 
========================================================================
Received Import Request.
  Time since last request: 0.000016 seconds.
  path: Assets/Sprites/people-warrior-character/PNG/human/5/5_animation_hurt_018.png
  artifactKey: Guid(ad7210945176cd041a83942ae8de3a98) Importer(815301076,1909f56bfc062723c751e8b465ee728b)
Start importing Assets/Sprites/people-warrior-character/PNG/human/5/5_animation_hurt_018.png using Guid(ad7210945176cd041a83942ae8de3a98) Importer(815301076,1909f56bfc062723c751e8b465ee728b)  -> (artifact id: 'b1eb41acbb182e8d449b4bec57cc58eb') in 0.025041 seconds 
========================================================================
Received Import Request.
  Time since last request: 0.000033 seconds.
  path: Assets/Sprites/ndead-warrior-character/PNG/undead/5/5_animation_idle_018.png
  artifactKey: Guid(4cbc06667f7498a41b347e7c3ff879d8) Importer(815301076,1909f56bfc062723c751e8b465ee728b)
Start importing Assets/Sprites/ndead-warrior-character/PNG/undead/5/5_animation_idle_018.png using Guid(4cbc06667f7498a41b347e7c3ff879d8) Importer(815301076,1909f56bfc062723c751e8b465ee728b)  -> (artifact id: 'e7b73531e7db6f40cd07f03ed9ddccf7') in 0.027630 seconds 
========================================================================
Received Import Request.
  Time since last request: 0.003232 seconds.
  path: Assets/Sprites/people-warrior-character/PNG/human/6/6_animation_attack_018.png
  artifactKey: Guid(b2cb7e5e93677904f85f0107407716d9) Importer(815301076,1909f56bfc062723c751e8b465ee728b)
Start importing Assets/Sprites/people-warrior-character/PNG/human/6/6_animation_attack_018.png using Guid(b2cb7e5e93677904f85f0107407716d9) Importer(815301076,1909f56bfc062723c751e8b465ee728b)  -> (artifact id: 'b02078e8ad97b064c694e8de1ef7856a') in 0.039613 seconds 
========================================================================
Received Import Request.
  Time since last request: 0.134433 seconds.
  path: Assets/Sprites/ndead-warrior-character/PNG/undead/6/6_animation_idle_018.png
  artifactKey: Guid(22da3d46098875d40b416d8588d0caba) Importer(815301076,1909f56bfc062723c751e8b465ee728b)
Start importing Assets/Sprites/ndead-warrior-character/PNG/undead/6/6_animation_idle_018.png using Guid(22da3d46098875d40b416d8588d0caba) Importer(815301076,1909f56bfc062723c751e8b465ee728b)  -> (artifact id: 'a99129f91add69bfc65038e6930a9489') in 0.024736 seconds 
========================================================================
Received Import Request.
  Time since last request: 0.000015 seconds.
  path: Assets/Sprites/people-warrior-character/PNG/human/7/7_animation_hurt_018.png
  artifactKey: Guid(2ef7039edc55cfd40ac227bf9a948e1d) Importer(815301076,1909f56bfc062723c751e8b465ee728b)
Start importing Assets/Sprites/people-warrior-character/PNG/human/7/7_animation_hurt_018.png using Guid(2ef7039edc55cfd40ac227bf9a948e1d) Importer(815301076,1909f56bfc062723c751e8b465ee728b)  -> (artifact id: '4a7c8b04faca84a2732f3be91de7e60a') in 0.061459 seconds 
========================================================================
Received Import Request.
  Time since last request: 0.000021 seconds.
  path: Assets/Sprites/people-warrior-character/PNG/human/7/7_animation_idle_018.png
  artifactKey: Guid(6ecfb95256033634491455c7121835f0) Importer(815301076,1909f56bfc062723c751e8b465ee728b)
Start importing Assets/Sprites/people-warrior-character/PNG/human/7/7_animation_idle_018.png using Guid(6ecfb95256033634491455c7121835f0) Importer(815301076,1909f56bfc062723c751e8b465ee728b)  -> (artifact id: 'b3b57550fa1eb8ab3e90d2c61d084e9e') in 0.055959 seconds 
========================================================================
Received Import Request.
  Time since last request: 1.425609 seconds.
  path: Assets/Sprites/ndead-warrior-character/PNG/undead/7/7_animation_walk_018.png
  artifactKey: Guid(90b74c567c0a68b43956b85b6ac2b15e) Importer(815301076,1909f56bfc062723c751e8b465ee728b)
Start importing Assets/Sprites/ndead-warrior-character/PNG/undead/7/7_animation_walk_018.png using Guid(90b74c567c0a68b43956b85b6ac2b15e) Importer(815301076,1909f56bfc062723c751e8b465ee728b)  -> (artifact id: '99e268af1e32b1367a08f4b581dd3e82') in 0.025464 seconds 
========================================================================
Received Import Request.
  Time since last request: 0.000022 seconds.
  path: Assets/Sprites/ndead-warrior-character/PNG/undead/effect/8_animation_blood_018.png
  artifactKey: Guid(056ecc3a661849940bee5f1777617890) Importer(815301076,1909f56bfc062723c751e8b465ee728b)
Start importing Assets/Sprites/ndead-warrior-character/PNG/undead/effect/8_animation_blood_018.png using Guid(056ecc3a661849940bee5f1777617890) Importer(815301076,1909f56bfc062723c751e8b465ee728b)  -> (artifact id: '81a53d06f298ec836e7c9ad1b5a18b73') in 0.020643 seconds 
========================================================================
Received Import Request.
  Time since last request: 0.000023 seconds.
  path: Assets/Effects/Blood/effect/8_animation_noise_018.png
  artifactKey: Guid(3cafc139173ec1e4fbe74c6476478660) Importer(815301076,1909f56bfc062723c751e8b465ee728b)
Start importing Assets/Effects/Blood/effect/8_animation_noise_018.png using Guid(3cafc139173ec1e4fbe74c6476478660) Importer(815301076,1909f56bfc062723c751e8b465ee728b)  -> (artifact id: '63a050f3ea5e19159026dfe186e7baf6') in 0.027051 seconds 
========================================================================
Received Import Request.
  Time since last request: 0.000049 seconds.
  path: Assets/Tiles/tail_4/18.png
  artifactKey: Guid(710e235f27216694da93fd9377ac6e98) Importer(815301076,1909f56bfc062723c751e8b465ee728b)
Start importing Assets/Tiles/tail_4/18.png using Guid(710e235f27216694da93fd9377ac6e98) Importer(815301076,1909f56bfc062723c751e8b465ee728b)  -> (artifact id: '18ee83bb2cd05662feefc61c4a25532b') in 0.018346 seconds 
========================================================================
Received Import Request.
  Time since last request: 0.013435 seconds.
  path: Assets/Sprites/2d-game-assets/PNG/tail_1_square/18.png
  artifactKey: Guid(0f55d0f607afde045915e122c66e0650) Importer(815301076,1909f56bfc062723c751e8b465ee728b)
Start importing Assets/Sprites/2d-game-assets/PNG/tail_1_square/18.png using Guid(0f55d0f607afde045915e122c66e0650) Importer(815301076,1909f56bfc062723c751e8b465ee728b)  -> (artifact id: '58a972c0838aea656f71045251cc0c92') in 0.017316 seconds 
========================================================================
Received Import Request.
  Time since last request: 0.029752 seconds.
  path: Assets/Sprites/2d-game-assets/PNG/tail_4/18.png
  artifactKey: Guid(2eff892038e6c2f48b076d3fa4833c5f) Importer(815301076,1909f56bfc062723c751e8b465ee728b)
Start importing Assets/Sprites/2d-game-assets/PNG/tail_4/18.png using Guid(2eff892038e6c2f48b076d3fa4833c5f) Importer(815301076,1909f56bfc062723c751e8b465ee728b)  -> (artifact id: 'c2f7f87660afc3c90992863927df03a7') in 0.018369 seconds 
========================================================================
Received Import Request.
  Time since last request: 0.020907 seconds.
  path: Assets/Sprites/2d-game-assets/PNG/tail_5/18.png
  artifactKey: Guid(a40dcfac8d161db40b68c81dea893579) Importer(815301076,1909f56bfc062723c751e8b465ee728b)
Start importing Assets/Sprites/2d-game-assets/PNG/tail_5/18.png using Guid(a40dcfac8d161db40b68c81dea893579) Importer(815301076,1909f56bfc062723c751e8b465ee728b)  -> (artifact id: 'cd9e6e945753cc1fab5184f5d30c821d') in 0.021723 seconds 
========================================================================
Received Import Request.
  Time since last request: 94.166114 seconds.
  path: Assets/Tiles/object/2.png
  artifactKey: Guid(36b4b8619d47e0047a01f898cb5b64cc) Importer(815301076,1909f56bfc062723c751e8b465ee728b)
Start importing Assets/Tiles/object/2.png using Guid(36b4b8619d47e0047a01f898cb5b64cc) Importer(815301076,1909f56bfc062723c751e8b465ee728b)  -> (artifact id: '197002956e49509054f0281d137ebb00') in 0.024191 seconds 
========================================================================
Received Import Request.
  Time since last request: 0.000020 seconds.
  path: Assets/Tiles/object/7.png
  artifactKey: Guid(9bf3da5076ca6164c93f73f058f4c86e) Importer(815301076,1909f56bfc062723c751e8b465ee728b)
Start importing Assets/Tiles/object/7.png using Guid(9bf3da5076ca6164c93f73f058f4c86e) Importer(815301076,1909f56bfc062723c751e8b465ee728b)  -> (artifact id: '7bc3b94ab1f6fe1d112e31b50a426069') in 0.029716 seconds 
========================================================================
Received Import Request.
  Time since last request: 0.000028 seconds.
  path: Assets/Tiles/object/6.png
  artifactKey: Guid(f917da2d3ffc193408d882795409bbe0) Importer(815301076,1909f56bfc062723c751e8b465ee728b)
Start importing Assets/Tiles/object/6.png using Guid(f917da2d3ffc193408d882795409bbe0) Importer(815301076,1909f56bfc062723c751e8b465ee728b)  -> (artifact id: '93d75b1be75ca29502a094a51c4f47cc') in 0.018229 seconds 
========================================================================
Received Import Request.
  Time since last request: 55.342004 seconds.
  path: Assets/Tiles/3.png
  artifactKey: Guid(5dc024b46027eaf41b439b162ab2813a) Importer(815301076,1909f56bfc062723c751e8b465ee728b)
Start importing Assets/Tiles/3.png using Guid(5dc024b46027eaf41b439b162ab2813a) Importer(815301076,1909f56bfc062723c751e8b465ee728b)  -> (artifact id: 'd8b92fdabc6f86588d1dc095797cb44e') in 0.019738 seconds 
========================================================================
Received Import Request.
  Time since last request: 0.000023 seconds.
  path: Assets/Tiles/8.png
  artifactKey: Guid(bfe6635e4691c4d4db78476b56ee90fc) Importer(815301076,1909f56bfc062723c751e8b465ee728b)
Start importing Assets/Tiles/8.png using Guid(bfe6635e4691c4d4db78476b56ee90fc) Importer(815301076,1909f56bfc062723c751e8b465ee728b)  -> (artifact id: 'ca464aa5d0efa5039e338fccae8afebb') in 0.036235 seconds 
========================================================================
Received Import Request.
  Time since last request: 0.000017 seconds.
  path: Assets/Tiles/6.png
  artifactKey: Guid(089535f0a2260c3419f1a73e9310b23a) Importer(815301076,1909f56bfc062723c751e8b465ee728b)
Start importing Assets/Tiles/6.png using Guid(089535f0a2260c3419f1a73e9310b23a) Importer(815301076,1909f56bfc062723c751e8b465ee728b)  -> (artifact id: '6174cca0cc4365434db3cd7e4ab1e832') in 0.021048 seconds 
========================================================================
Received Import Request.
  Time since last request: 0.000023 seconds.
  path: Assets/Tiles/10.png
  artifactKey: Guid(7f0bfec732319ec4e89fd880f6fae449) Importer(815301076,1909f56bfc062723c751e8b465ee728b)
Start importing Assets/Tiles/10.png using Guid(7f0bfec732319ec4e89fd880f6fae449) Importer(815301076,1909f56bfc062723c751e8b465ee728b)  -> (artifact id: 'b80852b520cee13380dd7cf13ba46d7c') in 0.021881 seconds 
========================================================================
Received Import Request.
  Time since last request: 54.457816 seconds.
  path: Assets/Tiles/GrassTile/4.png
  artifactKey: Guid(66ff9cdc6052b6840b23f8620228ac7c) Importer(815301076,1909f56bfc062723c751e8b465ee728b)
Start importing Assets/Tiles/GrassTile/4.png using Guid(66ff9cdc6052b6840b23f8620228ac7c) Importer(815301076,1909f56bfc062723c751e8b465ee728b)  -> (artifact id: '843f1eadd8852b6b45a3561cf1595a12') in 0.024501 seconds 
========================================================================
Received Import Request.
  Time since last request: 0.000039 seconds.
  path: Assets/Tiles/GrassTile/9.png
  artifactKey: Guid(81a626be351bdb446bccaee7b49d38b6) Importer(815301076,1909f56bfc062723c751e8b465ee728b)
Start importing Assets/Tiles/GrassTile/9.png using Guid(81a626be351bdb446bccaee7b49d38b6) Importer(815301076,1909f56bfc062723c751e8b465ee728b)  -> (artifact id: '522e816e78b93497c1f0ba3170868d90') in 0.039397 seconds 
========================================================================
Received Import Request.
  Time since last request: 36.803060 seconds.
  path: Assets/3.asset
  artifactKey: Guid(c98f9373e44f75b4f92da3ceddb21e25) Importer(815301076,1909f56bfc062723c751e8b465ee728b)
Start importing Assets/3.asset using Guid(c98f9373e44f75b4f92da3ceddb21e25) Importer(815301076,1909f56bfc062723c751e8b465ee728b)  -> (artifact id: 'd52ba77c8a22aea3ff95754750568c86') in 0.008060 seconds 
========================================================================
Received Import Request.
  Time since last request: 0.000019 seconds.
  path: Assets/11.asset
  artifactKey: Guid(4c4147bae80874441855931c31d90cc2) Importer(815301076,1909f56bfc062723c751e8b465ee728b)
Start importing Assets/11.asset using Guid(4c4147bae80874441855931c31d90cc2) Importer(815301076,1909f56bfc062723c751e8b465ee728b)  -> (artifact id: 'bb181a7a9fdc5a75222bacf196222ea8') in 0.011082 seconds 
========================================================================
Received Import Request.
  Time since last request: 0.000020 seconds.
  path: Assets/8.asset
  artifactKey: Guid(e0d3e8c4af2416c42831f6d00c19f4d8) Importer(815301076,1909f56bfc062723c751e8b465ee728b)
Start importing Assets/8.asset using Guid(e0d3e8c4af2416c42831f6d00c19f4d8) Importer(815301076,1909f56bfc062723c751e8b465ee728b)  -> (artifact id: '0080748c7f4057377492607af8f24195') in 0.012348 seconds 
Editor requested this worker to shutdown with reason: Scaling down because of idle timeout
AssetImportWorker is now disconnected from the server
Process exiting
Exiting without the bug reporter. Application will terminate with return code 0