Using pre-set license
Built from '2021.3/staging' branch; Version is '2021.3.9f1 (ad3870b89536) revision 11352176'; Using compiler version '192829333'; Build Type 'Release'
OS: 'Windows 10  (10.0.19044) 64bit Professional' Language: 'ru' Physical Memory: 7561 MB
BatchMode: 1, IsHumanControllingUs: 0, StartBugReporterOnCrash: 0, Is64bit: 1, IsPro: 1

COMMAND LINE ARGUMENTS:
D:\games\Unity\Unity Files (Dont Touch)\2021.3.9f1\Editor\Unity.exe
-adb2
-batchMode
-noUpm
-name
AssetImportWorker22
-projectPath
D:/games/UnityRepository/AS/RPG-WS/qwerty
-logFile
Logs/AssetImportWorker22.log
-srvPort
58351
Successfully changed project path to: D:/games/UnityRepository/AS/RPG-WS/qwerty
D:/games/UnityRepository/AS/RPG-WS/qwerty
[UnityMemory] Configuration Parameters - Can be set up in boot.config
    "memorysetup-bucket-allocator-granularity=16"
    "memorysetup-bucket-allocator-bucket-count=8"
    "memorysetup-bucket-allocator-block-size=33554432"
    "memorysetup-bucket-allocator-block-count=8"
    "memorysetup-main-allocator-block-size=16777216"
    "memorysetup-thread-allocator-block-size=16777216"
    "memorysetup-gfx-main-allocator-block-size=16777216"
    "memorysetup-gfx-thread-allocator-block-size=16777216"
    "memorysetup-cache-allocator-block-size=4194304"
    "memorysetup-typetree-allocator-block-size=2097152"
    "memorysetup-profiler-bucket-allocator-granularity=16"
    "memorysetup-profiler-bucket-allocator-bucket-count=8"
    "memorysetup-profiler-bucket-allocator-block-size=33554432"
    "memorysetup-profiler-bucket-allocator-block-count=8"
    "memorysetup-profiler-allocator-block-size=16777216"
    "memorysetup-profiler-editor-allocator-block-size=1048576"
    "memorysetup-temp-allocator-size-main=16777216"
    "memorysetup-job-temp-allocator-block-size=2097152"
    "memorysetup-job-temp-allocator-block-size-background=1048576"
    "memorysetup-job-temp-allocator-reduction-small-platforms=262144"
    "memorysetup-temp-allocator-size-background-worker=32768"
    "memorysetup-temp-allocator-size-job-worker=262144"
    "memorysetup-temp-allocator-size-preload-manager=33554432"
    "memorysetup-temp-allocator-size-nav-mesh-worker=65536"
    "memorysetup-temp-allocator-size-audio-worker=65536"
    "memorysetup-temp-allocator-size-cloud-worker=32768"
    "memorysetup-temp-allocator-size-gi-baking-worker=262144"
    "memorysetup-temp-allocator-size-gfx=262144"
Refreshing native plugins compatible for Editor in 95.07 ms, found 4 plugins.
Preloading 0 native plugins for Editor in 0.00 ms.
Initialize engine version: 2021.3.9f1 (ad3870b89536)
[Subsystems] Discovering subsystems at path D:/games/Unity/Unity Files (Dont Touch)/2021.3.9f1/Editor/Data/Resources/UnitySubsystems
[Subsystems] Discovering subsystems at path D:/games/UnityRepository/AS/RPG-WS/qwerty/Assets
GfxDevice: creating device client; threaded=0; jobified=0
Direct3D:
    Version:  Direct3D 11.0 [level 11.1]
    Renderer: AMD Radeon (TM) Graphics (ID=0x15e7)
    Vendor:   ATI
    VRAM:     3780 MB
    Driver:   31.0.12018.5
Initialize mono
Mono path[0] = 'D:/games/Unity/Unity Files (Dont Touch)/2021.3.9f1/Editor/Data/Managed'
Mono path[1] = 'D:/games/Unity/Unity Files (Dont Touch)/2021.3.9f1/Editor/Data/MonoBleedingEdge/lib/mono/unityjit-win32'
Mono config path = 'D:/games/Unity/Unity Files (Dont Touch)/2021.3.9f1/Editor/Data/MonoBleedingEdge/etc'
Using monoOptions --debugger-agent=transport=dt_socket,embedding=1,server=y,suspend=n,address=127.0.0.1:56092
Begin MonoManager ReloadAssembly
Registering precompiled unity dll's ...
Register platform support module: D:/games/Unity/Unity Files (Dont Touch)/2021.3.9f1/Editor/Data/PlaybackEngines/WebGLSupport/UnityEditor.WebGL.Extensions.dll
Register platform support module: D:/games/Unity/Unity Files (Dont Touch)/2021.3.9f1/Editor/Data/PlaybackEngines/AndroidPlayer/UnityEditor.Android.Extensions.dll
Register platform support module: D:/games/Unity/Unity Files (Dont Touch)/2021.3.9f1/Editor/Data/PlaybackEngines/WindowsStandaloneSupport/UnityEditor.WindowsStandalone.Extensions.dll
Registered in 0.003183 seconds.
Native extension for WindowsStandalone target not found
Native extension for Android target not found
Native extension for WebGL target not found
Refreshing native plugins compatible for Editor in 97.18 ms, found 4 plugins.
Preloading 0 native plugins for Editor in 0.00 ms.
Mono: successfully reloaded assembly
- Completed reload, in  0.531 seconds
Domain Reload Profiling:
	ReloadAssembly (531ms)
		BeginReloadAssembly (56ms)
			ExecutionOrderSort (0ms)
			DisableScriptedObjects (0ms)
			BackupInstance (0ms)
			ReleaseScriptingObjects (0ms)
			CreateAndSetChildDomain (1ms)
		EndReloadAssembly (395ms)
			LoadAssemblies (56ms)
			RebuildTransferFunctionScriptingTraits (0ms)
			SetupTypeCache (82ms)
			ReleaseScriptCaches (0ms)
			RebuildScriptCaches (21ms)
			SetupLoadedEditorAssemblies (253ms)
				LogAssemblyErrors (0ms)
				InitializePlatformSupportModulesInManaged (36ms)
				SetLoadedEditorAssemblies (0ms)
				RefreshPlugins (97ms)
				BeforeProcessingInitializeOnLoad (1ms)
				ProcessInitializeOnLoadAttributes (83ms)
				ProcessInitializeOnLoadMethodAttributes (35ms)
				AfterProcessingInitializeOnLoad (0ms)
				EditorAssembliesLoaded (0ms)
			ExecutionOrderSort2 (0ms)
			AwakeInstancesAfterBackupRestoration (0ms)
Platform modules already initialized, skipping
Registering precompiled user dll's ...
Registered in 0.003578 seconds.
Begin MonoManager ReloadAssembly
Symbol file LoadedFromMemory doesn't match image D:\games\UnityRepository\AS\RPG-WS\qwerty\Library\PackageCache\com.unity.visualscripting@1.7.8\Editor\VisualScripting.Core\Dependencies\YamlDotNet\Unity.VisualScripting.YamlDotNet.dll
Symbol file LoadedFromMemory doesn't match image D:\games\UnityRepository\AS\RPG-WS\qwerty\Library\PackageCache\com.unity.visualscripting@1.7.8\Editor\VisualScripting.Core\Dependencies\DotNetZip\Unity.VisualScripting.IonicZip.dll
Native extension for WindowsStandalone target not found
Native extension for Android target not found
Native extension for WebGL target not found
Refreshing native plugins compatible for Editor in 95.44 ms, found 4 plugins.
Preloading 0 native plugins for Editor in 0.00 ms.
Mono: successfully reloaded assembly
- Completed reload, in  1.072 seconds
Domain Reload Profiling:
	ReloadAssembly (1073ms)
		BeginReloadAssembly (89ms)
			ExecutionOrderSort (0ms)
			DisableScriptedObjects (5ms)
			BackupInstance (0ms)
			ReleaseScriptingObjects (0ms)
			CreateAndSetChildDomain (19ms)
		EndReloadAssembly (897ms)
			LoadAssemblies (117ms)
			RebuildTransferFunctionScriptingTraits (0ms)
			SetupTypeCache (202ms)
			ReleaseScriptCaches (1ms)
			RebuildScriptCaches (51ms)
			SetupLoadedEditorAssemblies (493ms)
				LogAssemblyErrors (0ms)
				InitializePlatformSupportModulesInManaged (10ms)
				SetLoadedEditorAssemblies (0ms)
				RefreshPlugins (95ms)
				BeforeProcessingInitializeOnLoad (81ms)
				ProcessInitializeOnLoadAttributes (265ms)
				ProcessInitializeOnLoadMethodAttributes (38ms)
				AfterProcessingInitializeOnLoad (3ms)
				EditorAssembliesLoaded (0ms)
			ExecutionOrderSort2 (0ms)
			AwakeInstancesAfterBackupRestoration (4ms)
Platform modules already initialized, skipping
========================================================================
Worker process is ready to serve import requests
Launched and connected shader compiler UnityShaderCompiler.exe after 0.05 seconds
Refreshing native plugins compatible for Editor in 1.25 ms, found 4 plugins.
Preloading 0 native plugins for Editor in 0.00 ms.
Unloading 4647 Unused Serialized files (Serialized files now loaded: 0)
Unloading 54 unused Assets / (128.3 KB). Loaded Objects now: 5106.
Memory consumption went from 174.9 MB to 174.8 MB.
Total: 3.525400 ms (FindLiveObjects: 0.389200 ms CreateObjectMapping: 0.132700 ms MarkObjects: 2.909700 ms  DeleteObjects: 0.092300 ms)

AssetImportParameters requested are different than current active one (requested -> active):
  custom:video-decoder-ogg-theora: a1e56fd34408186e4bbccfd4996cb3dc -> 
  custom:container-muxer-webm: aa71ff27fc2769a1b78a27578f13a17b -> 
  custom:container-demuxer-webm: 4f35f7cbe854078d1ac9338744f61a02 -> 
  custom:video-encoder-webm-vp8: eb34c28f22e8b96e1ab97ce403110664 -> 
  custom:audio-encoder-webm-vorbis: bf7c407c2cedff20999df2af8eb42d56 -> 
  custom:framework-win-MediaFoundation: 216162199b28c13a410421893ffa2e32 -> 
  custom:container-demuxer-ogg: 62fdf1f143b41e24485cea50d1cbac27 -> 
  custom:video-decoder-webm-vp8: 9c59270c3fd7afecdb556c50c9e8de78 -> 
  custom:audio-decoder-ogg-vorbis: bf7c407c2cedff20999df2af8eb42d56 -> 
========================================================================
Received Import Request.
  Time since last request: 17140.022859 seconds.
  path: Assets/Enemies/Skeleton/Sprites/Idle/1_animation_idle_003.png
  artifactKey: Guid(f41b5b0ec2137814583dc3c01af01329) Importer(815301076,1909f56bfc062723c751e8b465ee728b)
Start importing Assets/Enemies/Skeleton/Sprites/Idle/1_animation_idle_003.png using Guid(f41b5b0ec2137814583dc3c01af01329) Importer(815301076,1909f56bfc062723c751e8b465ee728b)  -> (artifact id: 'ce6d67c39a2470a01e0143d4fe2484f3') in 0.124466 seconds 
========================================================================
Received Import Request.
  Time since last request: 8.210896 seconds.
  path: Assets/Enemies/Skeleton/Sprites/Idle/1_animation_idle_011.png
  artifactKey: Guid(a5df5e7bf07d94e4fb382f6002f20e53) Importer(815301076,1909f56bfc062723c751e8b465ee728b)
Start importing Assets/Enemies/Skeleton/Sprites/Idle/1_animation_idle_011.png using Guid(a5df5e7bf07d94e4fb382f6002f20e53) Importer(815301076,1909f56bfc062723c751e8b465ee728b)  -> (artifact id: '5e0cd70a0fb06641fcc63b5b79d5f3d2') in 0.015590 seconds 
========================================================================
Received Import Request.
  Time since last request: 22.098063 seconds.
  path: Assets/Enemies/Skeleton/Sprites/Walk/1_animation_walk_000.png
  artifactKey: Guid(8f72e2227f2e0074f88f1d44c4ed0832) Importer(815301076,1909f56bfc062723c751e8b465ee728b)
Start importing Assets/Enemies/Skeleton/Sprites/Walk/1_animation_walk_000.png using Guid(8f72e2227f2e0074f88f1d44c4ed0832) Importer(815301076,1909f56bfc062723c751e8b465ee728b)  -> (artifact id: 'e43f37ddaa8fb7a1d2addab4a7ac7b02') in 0.021023 seconds 
========================================================================
Received Import Request.
  Time since last request: 0.000022 seconds.
  path: Assets/Enemies/Skeleton/Sprites/Walk/1_animation_walk_005.png
  artifactKey: Guid(3c954f34ff7175e45b7170df214a90fd) Importer(815301076,1909f56bfc062723c751e8b465ee728b)
Start importing Assets/Enemies/Skeleton/Sprites/Walk/1_animation_walk_005.png using Guid(3c954f34ff7175e45b7170df214a90fd) Importer(815301076,1909f56bfc062723c751e8b465ee728b)  -> (artifact id: 'caa479f73ada063ef54ae83bc32829fc') in 0.032705 seconds 
========================================================================
Received Import Request.
  Time since last request: 0.637994 seconds.
  path: Assets/Enemies/Skeleton/Sprites/Walk/1_animation_walk_011.png
  artifactKey: Guid(e350ffb90fd7a7e4c9a20afc63326f34) Importer(815301076,1909f56bfc062723c751e8b465ee728b)
Start importing Assets/Enemies/Skeleton/Sprites/Walk/1_animation_walk_011.png using Guid(e350ffb90fd7a7e4c9a20afc63326f34) Importer(815301076,1909f56bfc062723c751e8b465ee728b)  -> (artifact id: '0be45ea65a5964d568c18baf310b80ec') in 0.015158 seconds 
========================================================================
Received Import Request.
  Time since last request: 20.523260 seconds.
  path: Assets/Enemies/Skeleton/Sprites/Attack/1_animation_attack_001.png
  artifactKey: Guid(a7a7f30c196191e479fa84087ef28ca7) Importer(815301076,1909f56bfc062723c751e8b465ee728b)
Start importing Assets/Enemies/Skeleton/Sprites/Attack/1_animation_attack_001.png using Guid(a7a7f30c196191e479fa84087ef28ca7) Importer(815301076,1909f56bfc062723c751e8b465ee728b)  -> (artifact id: '7f4e7318860d0f1df9960306a53efc5b') in 0.019159 seconds 
========================================================================
Received Import Request.
  Time since last request: 0.000032 seconds.
  path: Assets/Enemies/Skeleton/Sprites/Attack/1_animation_attack_009.png
  artifactKey: Guid(f2cea8260636faf4b897dde361696107) Importer(815301076,1909f56bfc062723c751e8b465ee728b)
Start importing Assets/Enemies/Skeleton/Sprites/Attack/1_animation_attack_009.png using Guid(f2cea8260636faf4b897dde361696107) Importer(815301076,1909f56bfc062723c751e8b465ee728b)  -> (artifact id: '80b647d2a03f27b8dd634ff2522b93fb') in 0.025555 seconds 
========================================================================
Received Import Request.
  Time since last request: 0.510931 seconds.
  path: Assets/Enemies/Skeleton/Sprites/Attack/1_animation_attack_011.png
  artifactKey: Guid(18b044960700fad438db390e72d11730) Importer(815301076,1909f56bfc062723c751e8b465ee728b)
Start importing Assets/Enemies/Skeleton/Sprites/Attack/1_animation_attack_011.png using Guid(18b044960700fad438db390e72d11730) Importer(815301076,1909f56bfc062723c751e8b465ee728b)  -> (artifact id: 'b72db9c29aea1a3d8d44a7feb1e70a79') in 0.015517 seconds 
========================================================================
Received Prepare
Registering precompiled user dll's ...
Registered in 0.003397 seconds.
Begin MonoManager ReloadAssembly
Symbol file LoadedFromMemory doesn't match image D:\games\UnityRepository\AS\RPG-WS\qwerty\Library\PackageCache\com.unity.visualscripting@1.7.8\Editor\VisualScripting.Core\Dependencies\YamlDotNet\Unity.VisualScripting.YamlDotNet.dll
Symbol file LoadedFromMemory doesn't match image D:\games\UnityRepository\AS\RPG-WS\qwerty\Library\PackageCache\com.unity.visualscripting@1.7.8\Editor\VisualScripting.Core\Dependencies\DotNetZip\Unity.VisualScripting.IonicZip.dll
Native extension for WindowsStandalone target not found
Native extension for Android target not found
Native extension for WebGL target not found
Refreshing native plugins compatible for Editor in 1.20 ms, found 4 plugins.
Preloading 0 native plugins for Editor in 0.00 ms.
Mono: successfully reloaded assembly
- Completed reload, in  0.869 seconds
Domain Reload Profiling:
	ReloadAssembly (869ms)
		BeginReloadAssembly (114ms)
			ExecutionOrderSort (0ms)
			DisableScriptedObjects (6ms)
			BackupInstance (0ms)
			ReleaseScriptingObjects (0ms)
			CreateAndSetChildDomain (40ms)
		EndReloadAssembly (667ms)
			LoadAssemblies (67ms)
			RebuildTransferFunctionScriptingTraits (0ms)
			SetupTypeCache (196ms)
			ReleaseScriptCaches (1ms)
			RebuildScriptCaches (39ms)
			SetupLoadedEditorAssemblies (324ms)
				LogAssemblyErrors (0ms)
				InitializePlatformSupportModulesInManaged (17ms)
				SetLoadedEditorAssemblies (0ms)
				RefreshPlugins (1ms)
				BeforeProcessingInitializeOnLoad (55ms)
				ProcessInitializeOnLoadAttributes (218ms)
				ProcessInitializeOnLoadMethodAttributes (30ms)
				AfterProcessingInitializeOnLoad (3ms)
				EditorAssembliesLoaded (0ms)
			ExecutionOrderSort2 (0ms)
			AwakeInstancesAfterBackupRestoration (6ms)
Platform modules already initialized, skipping
Refreshing native plugins compatible for Editor in 2.06 ms, found 4 plugins.
Preloading 0 native plugins for Editor in 0.00 ms.
Unloading 4623 Unused Serialized files (Serialized files now loaded: 0)
Unloading 27 unused Assets / (95.3 KB). Loaded Objects now: 5128.
Memory consumption went from 177.0 MB to 176.9 MB.
Total: 3.402600 ms (FindLiveObjects: 0.281000 ms CreateObjectMapping: 0.237500 ms MarkObjects: 2.847100 ms  DeleteObjects: 0.036500 ms)

AssetImportParameters requested are different than current active one (requested -> active):
  custom:video-decoder-ogg-theora: a1e56fd34408186e4bbccfd4996cb3dc -> 
  custom:container-muxer-webm: aa71ff27fc2769a1b78a27578f13a17b -> 
  custom:container-demuxer-webm: 4f35f7cbe854078d1ac9338744f61a02 -> 
  custom:video-encoder-webm-vp8: eb34c28f22e8b96e1ab97ce403110664 -> 
  custom:audio-encoder-webm-vorbis: bf7c407c2cedff20999df2af8eb42d56 -> 
  custom:framework-win-MediaFoundation: 216162199b28c13a410421893ffa2e32 -> 
  custom:container-demuxer-ogg: 62fdf1f143b41e24485cea50d1cbac27 -> 
  custom:video-decoder-webm-vp8: 9c59270c3fd7afecdb556c50c9e8de78 -> 
  custom:audio-decoder-ogg-vorbis: bf7c407c2cedff20999df2af8eb42d56 -> 
========================================================================
Received Prepare
Registering precompiled user dll's ...
Registered in 0.003629 seconds.
Begin MonoManager ReloadAssembly
Symbol file LoadedFromMemory doesn't match image D:\games\UnityRepository\AS\RPG-WS\qwerty\Library\PackageCache\com.unity.visualscripting@1.7.8\Editor\VisualScripting.Core\Dependencies\YamlDotNet\Unity.VisualScripting.YamlDotNet.dll
Symbol file LoadedFromMemory doesn't match image D:\games\UnityRepository\AS\RPG-WS\qwerty\Library\PackageCache\com.unity.visualscripting@1.7.8\Editor\VisualScripting.Core\Dependencies\DotNetZip\Unity.VisualScripting.IonicZip.dll
Native extension for WindowsStandalone target not found
Native extension for Android target not found
Native extension for WebGL target not found
Refreshing native plugins compatible for Editor in 1.50 ms, found 4 plugins.
Preloading 0 native plugins for Editor in 0.00 ms.
Mono: successfully reloaded assembly
- Completed reload, in  0.902 seconds
Domain Reload Profiling:
	ReloadAssembly (902ms)
		BeginReloadAssembly (114ms)
			ExecutionOrderSort (0ms)
			DisableScriptedObjects (6ms)
			BackupInstance (0ms)
			ReleaseScriptingObjects (0ms)
			CreateAndSetChildDomain (39ms)
		EndReloadAssembly (714ms)
			LoadAssemblies (67ms)
			RebuildTransferFunctionScriptingTraits (0ms)
			SetupTypeCache (220ms)
			ReleaseScriptCaches (1ms)
			RebuildScriptCaches (44ms)
			SetupLoadedEditorAssemblies (341ms)
				LogAssemblyErrors (0ms)
				InitializePlatformSupportModulesInManaged (18ms)
				SetLoadedEditorAssemblies (0ms)
				RefreshPlugins (2ms)
				BeforeProcessingInitializeOnLoad (57ms)
				ProcessInitializeOnLoadAttributes (227ms)
				ProcessInitializeOnLoadMethodAttributes (33ms)
				AfterProcessingInitializeOnLoad (3ms)
				EditorAssembliesLoaded (0ms)
			ExecutionOrderSort2 (0ms)
			AwakeInstancesAfterBackupRestoration (7ms)
Platform modules already initialized, skipping
Refreshing native plugins compatible for Editor in 2.12 ms, found 4 plugins.
Preloading 0 native plugins for Editor in 0.00 ms.
Unloading 4623 Unused Serialized files (Serialized files now loaded: 0)
Unloading 27 unused Assets / (95.4 KB). Loaded Objects now: 5143.
Memory consumption went from 177.0 MB to 176.9 MB.
Total: 3.271900 ms (FindLiveObjects: 0.303600 ms CreateObjectMapping: 0.165200 ms MarkObjects: 2.761900 ms  DeleteObjects: 0.040200 ms)

AssetImportParameters requested are different than current active one (requested -> active):
  custom:video-decoder-ogg-theora: a1e56fd34408186e4bbccfd4996cb3dc -> 
  custom:container-muxer-webm: aa71ff27fc2769a1b78a27578f13a17b -> 
  custom:container-demuxer-webm: 4f35f7cbe854078d1ac9338744f61a02 -> 
  custom:video-encoder-webm-vp8: eb34c28f22e8b96e1ab97ce403110664 -> 
  custom:audio-encoder-webm-vorbis: bf7c407c2cedff20999df2af8eb42d56 -> 
  custom:framework-win-MediaFoundation: 216162199b28c13a410421893ffa2e32 -> 
  custom:container-demuxer-ogg: 62fdf1f143b41e24485cea50d1cbac27 -> 
  custom:video-decoder-webm-vp8: 9c59270c3fd7afecdb556c50c9e8de78 -> 
  custom:audio-decoder-ogg-vorbis: bf7c407c2cedff20999df2af8eb42d56 -> 
========================================================================
Received Import Request.
  Time since last request: 191.772225 seconds.
  path: Assets/Enemies/Skeleton/Sprites/Attack/1_animation_attack_015.png
  artifactKey: Guid(1df3cd3ecc7160a4b8e80249a5b7a812) Importer(815301076,1909f56bfc062723c751e8b465ee728b)
Start importing Assets/Enemies/Skeleton/Sprites/Attack/1_animation_attack_015.png using Guid(1df3cd3ecc7160a4b8e80249a5b7a812) Importer(815301076,1909f56bfc062723c751e8b465ee728b)  -> (artifact id: '4e13b1e6eef4f996eab7cacbea7f4879') in 0.041910 seconds 
========================================================================
Received Import Request.
  Time since last request: 50.420787 seconds.
  path: Assets/Enemies/Skeleton/Sprites/Idle/1_animation_idle_008.png
  artifactKey: Guid(00ce632ea459b494aa289db18c44cb6c) Importer(815301076,1909f56bfc062723c751e8b465ee728b)
Start importing Assets/Enemies/Skeleton/Sprites/Idle/1_animation_idle_008.png using Guid(00ce632ea459b494aa289db18c44cb6c) Importer(815301076,1909f56bfc062723c751e8b465ee728b)  -> (artifact id: '25b39ea8289198713311121d3c663460') in 0.028790 seconds 
========================================================================
Received Import Request.
  Time since last request: 0.000035 seconds.
  path: Assets/Enemies/Skeleton/Sprites/Idle/1_animation_idle_018.png
  artifactKey: Guid(ae1161894164cba43a7fce02db3a95b8) Importer(815301076,1909f56bfc062723c751e8b465ee728b)
Start importing Assets/Enemies/Skeleton/Sprites/Idle/1_animation_idle_018.png using Guid(ae1161894164cba43a7fce02db3a95b8) Importer(815301076,1909f56bfc062723c751e8b465ee728b)  -> (artifact id: '8d4be4e083bd0fbcf68d195702679fac') in 0.020332 seconds 
========================================================================
Received Import Request.
  Time since last request: 0.000028 seconds.
  path: Assets/Enemies/Skeleton/Sprites/Idle/1_animation_idle_016.png
  artifactKey: Guid(fd86309e100e0ad43b6a2b3e2c72e977) Importer(815301076,1909f56bfc062723c751e8b465ee728b)
Start importing Assets/Enemies/Skeleton/Sprites/Idle/1_animation_idle_016.png using Guid(fd86309e100e0ad43b6a2b3e2c72e977) Importer(815301076,1909f56bfc062723c751e8b465ee728b)  -> (artifact id: '59f763ff2bb32e846c64da8315ed9ee8') in 0.018190 seconds 
========================================================================
Received Import Request.
  Time since last request: 0.000030 seconds.
  path: Assets/Enemies/Skeleton/Sprites/Idle/1_animation_idle_015.png
  artifactKey: Guid(3da148cd4501f3f4796fe3dddd21ecda) Importer(815301076,1909f56bfc062723c751e8b465ee728b)
Start importing Assets/Enemies/Skeleton/Sprites/Idle/1_animation_idle_015.png using Guid(3da148cd4501f3f4796fe3dddd21ecda) Importer(815301076,1909f56bfc062723c751e8b465ee728b)  -> (artifact id: 'a89b2a15d76a667edefaae095f1a2a1a') in 0.022415 seconds 
========================================================================
Received Import Request.
  Time since last request: 0.000034 seconds.
  path: Assets/Enemies/Skeleton/Sprites/Idle/1_animation_idle_019.png
  artifactKey: Guid(11bc011a1e591414ea0cc380d58c2b37) Importer(815301076,1909f56bfc062723c751e8b465ee728b)
Start importing Assets/Enemies/Skeleton/Sprites/Idle/1_animation_idle_019.png using Guid(11bc011a1e591414ea0cc380d58c2b37) Importer(815301076,1909f56bfc062723c751e8b465ee728b)  -> (artifact id: 'd19b0a49ef94d755ce1368173f98695e') in 0.017071 seconds 
========================================================================
Received Import Request.
  Time since last request: 0.000036 seconds.
  path: Assets/Enemies/Skeleton/Sprites/Idle/1_animation_idle_013.png
  artifactKey: Guid(f128042e9a3803040a58b39dc4baa0b5) Importer(815301076,1909f56bfc062723c751e8b465ee728b)
Start importing Assets/Enemies/Skeleton/Sprites/Idle/1_animation_idle_013.png using Guid(f128042e9a3803040a58b39dc4baa0b5) Importer(815301076,1909f56bfc062723c751e8b465ee728b)  -> (artifact id: 'e352f057240621963f15bd9d923a818b') in 0.020094 seconds 
========================================================================
Received Import Request.
  Time since last request: 6.462578 seconds.
  path: Assets/Enemies/Skeleton/Sprites/Idle/1_animation_idle_008.png
  artifactKey: Guid(00ce632ea459b494aa289db18c44cb6c) Importer(815301076,1909f56bfc062723c751e8b465ee728b)
Start importing Assets/Enemies/Skeleton/Sprites/Idle/1_animation_idle_008.png using Guid(00ce632ea459b494aa289db18c44cb6c) Importer(815301076,1909f56bfc062723c751e8b465ee728b)  -> (artifact id: 'eec12c88918610e5b8663f13bef8656a') in 0.014176 seconds 
========================================================================
Received Import Request.
  Time since last request: 0.000056 seconds.
  path: Assets/Enemies/Skeleton/Sprites/Idle/1_animation_idle_014.png
  artifactKey: Guid(054c842c6ab2abd4b99dba3012940a9e) Importer(815301076,1909f56bfc062723c751e8b465ee728b)
Start importing Assets/Enemies/Skeleton/Sprites/Idle/1_animation_idle_014.png using Guid(054c842c6ab2abd4b99dba3012940a9e) Importer(815301076,1909f56bfc062723c751e8b465ee728b)  -> (artifact id: '2e45a7f5282d52ea4f6b3d36ed20fd2f') in 0.025315 seconds 
========================================================================
Received Import Request.
  Time since last request: 0.000036 seconds.
  path: Assets/Enemies/Skeleton/Sprites/Idle/1_animation_idle_017.png
  artifactKey: Guid(270751a8459f7374dbeb92281506bde9) Importer(815301076,1909f56bfc062723c751e8b465ee728b)
Start importing Assets/Enemies/Skeleton/Sprites/Idle/1_animation_idle_017.png using Guid(270751a8459f7374dbeb92281506bde9) Importer(815301076,1909f56bfc062723c751e8b465ee728b)  -> (artifact id: '602273e7a84b61448f9e2cdb6cfef5bd') in 0.023138 seconds 
========================================================================
Received Import Request.
  Time since last request: 6.984777 seconds.
  path: Assets/Enemies/Skeleton/Sprites/Idle/1_animation_idle_008.png
  artifactKey: Guid(00ce632ea459b494aa289db18c44cb6c) Importer(815301076,1909f56bfc062723c751e8b465ee728b)
Start importing Assets/Enemies/Skeleton/Sprites/Idle/1_animation_idle_008.png using Guid(00ce632ea459b494aa289db18c44cb6c) Importer(815301076,1909f56bfc062723c751e8b465ee728b)  -> (artifact id: '6458768c975fbf46a8cfd6083e03d39b') in 0.014184 seconds 
========================================================================
Received Import Request.
  Time since last request: 0.000038 seconds.
  path: Assets/Enemies/Skeleton/Sprites/Idle/1_animation_idle_014.png
  artifactKey: Guid(054c842c6ab2abd4b99dba3012940a9e) Importer(815301076,1909f56bfc062723c751e8b465ee728b)
Start importing Assets/Enemies/Skeleton/Sprites/Idle/1_animation_idle_014.png using Guid(054c842c6ab2abd4b99dba3012940a9e) Importer(815301076,1909f56bfc062723c751e8b465ee728b)  -> (artifact id: '70d6d780aaaf831c2b051414240a92cc') in 0.031084 seconds 
========================================================================
Received Import Request.
  Time since last request: 6.048106 seconds.
  path: Assets/Enemies/Skeleton/Sprites/Idle/1_animation_idle_008.png
  artifactKey: Guid(00ce632ea459b494aa289db18c44cb6c) Importer(815301076,1909f56bfc062723c751e8b465ee728b)
Start importing Assets/Enemies/Skeleton/Sprites/Idle/1_animation_idle_008.png using Guid(00ce632ea459b494aa289db18c44cb6c) Importer(815301076,1909f56bfc062723c751e8b465ee728b)  -> (artifact id: 'e76f5bf23b9d4c154f634cbc2a88d4b9') in 0.014406 seconds 
========================================================================
Received Import Request.
  Time since last request: 0.000047 seconds.
  path: Assets/Enemies/Skeleton/Sprites/Idle/1_animation_idle_015.png
  artifactKey: Guid(3da148cd4501f3f4796fe3dddd21ecda) Importer(815301076,1909f56bfc062723c751e8b465ee728b)
Start importing Assets/Enemies/Skeleton/Sprites/Idle/1_animation_idle_015.png using Guid(3da148cd4501f3f4796fe3dddd21ecda) Importer(815301076,1909f56bfc062723c751e8b465ee728b)  -> (artifact id: 'efb6f5ecec7780e75860111298bb0178') in 0.020182 seconds 
========================================================================
Received Import Request.
  Time since last request: 0.000043 seconds.
  path: Assets/Enemies/Skeleton/Sprites/Idle/1_animation_idle_019.png
  artifactKey: Guid(11bc011a1e591414ea0cc380d58c2b37) Importer(815301076,1909f56bfc062723c751e8b465ee728b)
Start importing Assets/Enemies/Skeleton/Sprites/Idle/1_animation_idle_019.png using Guid(11bc011a1e591414ea0cc380d58c2b37) Importer(815301076,1909f56bfc062723c751e8b465ee728b)  -> (artifact id: '61cecd6bca7f12305b42d09e14c91cca') in 0.018988 seconds 
========================================================================
Received Import Request.
  Time since last request: 78.730118 seconds.
  path: Assets/Enemies/Skeleton/Sprites/Idle/1_animation_idle_010.png
  artifactKey: Guid(3fdfe7668b7e9fc408396d9485d1bb0d) Importer(815301076,1909f56bfc062723c751e8b465ee728b)
Start importing Assets/Enemies/Skeleton/Sprites/Idle/1_animation_idle_010.png using Guid(3fdfe7668b7e9fc408396d9485d1bb0d) Importer(815301076,1909f56bfc062723c751e8b465ee728b)  -> (artifact id: '52796a278df934bb8ba2da68cf3155c7') in 0.015320 seconds 
========================================================================
Received Import Request.
  Time since last request: 0.011070 seconds.
  path: Assets/Enemies/Skeleton/Sprites/Idle/1_animation_idle_009.png
  artifactKey: Guid(8c56d3811d68fb84ab4a4baa0ddc7781) Importer(815301076,1909f56bfc062723c751e8b465ee728b)
Start importing Assets/Enemies/Skeleton/Sprites/Idle/1_animation_idle_009.png using Guid(8c56d3811d68fb84ab4a4baa0ddc7781) Importer(815301076,1909f56bfc062723c751e8b465ee728b)  -> (artifact id: '1a235b4383dc29b32be8efa006940fb6') in 0.015282 seconds 
========================================================================
Received Import Request.
  Time since last request: 0.000027 seconds.
  path: Assets/Enemies/Skeleton/Sprites/Idle/1_animation_idle_007.png
  artifactKey: Guid(164fc8f10cd52f445b6960d8adf3dca8) Importer(815301076,1909f56bfc062723c751e8b465ee728b)
Start importing Assets/Enemies/Skeleton/Sprites/Idle/1_animation_idle_007.png using Guid(164fc8f10cd52f445b6960d8adf3dca8) Importer(815301076,1909f56bfc062723c751e8b465ee728b)  -> (artifact id: '4ef00d54c2158da86a6cca578d92e93d') in 0.019854 seconds 
========================================================================
Received Import Request.
  Time since last request: 0.010547 seconds.
  path: Assets/Enemies/Skeleton/Sprites/Idle/1_animation_idle_004.png
  artifactKey: Guid(d4cd9fb9dcf5031478ba3266a507c69f) Importer(815301076,1909f56bfc062723c751e8b465ee728b)
Start importing Assets/Enemies/Skeleton/Sprites/Idle/1_animation_idle_004.png using Guid(d4cd9fb9dcf5031478ba3266a507c69f) Importer(815301076,1909f56bfc062723c751e8b465ee728b)  -> (artifact id: 'd9ca46c8d86868eb4c948d843b243630') in 0.017773 seconds 
========================================================================
Received Import Request.
  Time since last request: 0.181867 seconds.
  path: Assets/Enemies/Skeleton/Sprites/Idle/1_animation_idle_002.png
  artifactKey: Guid(fa04541f41b47be4ab0835ef9a55dbe3) Importer(815301076,1909f56bfc062723c751e8b465ee728b)
Start importing Assets/Enemies/Skeleton/Sprites/Idle/1_animation_idle_002.png using Guid(fa04541f41b47be4ab0835ef9a55dbe3) Importer(815301076,1909f56bfc062723c751e8b465ee728b)  -> (artifact id: 'f6d63cfa8834b07a81390e7b21c066c8') in 0.015459 seconds 
========================================================================
Received Import Request.
  Time since last request: 0.000019 seconds.
  path: Assets/Enemies/Skeleton/Sprites/Idle/1_animation_idle_001.png
  artifactKey: Guid(59453fd8f90dc7440b86c06ce6dfd58b) Importer(815301076,1909f56bfc062723c751e8b465ee728b)
Start importing Assets/Enemies/Skeleton/Sprites/Idle/1_animation_idle_001.png using Guid(59453fd8f90dc7440b86c06ce6dfd58b) Importer(815301076,1909f56bfc062723c751e8b465ee728b)  -> (artifact id: '7e977a973aea186fa1eff95176c8fa89') in 0.019495 seconds 
========================================================================
Received Import Request.
  Time since last request: 7.857346 seconds.
  path: Assets/Enemies/Skeleton/Sprites/Idle/1_animation_idle_008.png
  artifactKey: Guid(00ce632ea459b494aa289db18c44cb6c) Importer(815301076,1909f56bfc062723c751e8b465ee728b)
Start importing Assets/Enemies/Skeleton/Sprites/Idle/1_animation_idle_008.png using Guid(00ce632ea459b494aa289db18c44cb6c) Importer(815301076,1909f56bfc062723c751e8b465ee728b)  -> (artifact id: 'da2fdb9ccc0519f473a45c3ff57f744b') in 0.014516 seconds 
========================================================================
Received Import Request.
  Time since last request: 0.000018 seconds.
  path: Assets/Enemies/Skeleton/Sprites/Idle/1_animation_idle_012.png
  artifactKey: Guid(1154824f63d9fa94baee51c3fa34530e) Importer(815301076,1909f56bfc062723c751e8b465ee728b)
Start importing Assets/Enemies/Skeleton/Sprites/Idle/1_animation_idle_012.png using Guid(1154824f63d9fa94baee51c3fa34530e) Importer(815301076,1909f56bfc062723c751e8b465ee728b)  -> (artifact id: '38b90b08e3aa3dcf27713c6fbc07e42c') in 0.019466 seconds 
========================================================================
Received Import Request.
  Time since last request: 0.000016 seconds.
  path: Assets/Enemies/Skeleton/Sprites/Idle/1_animation_idle_016.png
  artifactKey: Guid(fd86309e100e0ad43b6a2b3e2c72e977) Importer(815301076,1909f56bfc062723c751e8b465ee728b)
Start importing Assets/Enemies/Skeleton/Sprites/Idle/1_animation_idle_016.png using Guid(fd86309e100e0ad43b6a2b3e2c72e977) Importer(815301076,1909f56bfc062723c751e8b465ee728b)  -> (artifact id: '500b3b151b93c0fd2c68c10f0797b869') in 0.023550 seconds 
========================================================================
Received Import Request.
  Time since last request: 0.000027 seconds.
  path: Assets/Enemies/Skeleton/Sprites/Idle/1_animation_idle_017.png
  artifactKey: Guid(270751a8459f7374dbeb92281506bde9) Importer(815301076,1909f56bfc062723c751e8b465ee728b)
Start importing Assets/Enemies/Skeleton/Sprites/Idle/1_animation_idle_017.png using Guid(270751a8459f7374dbeb92281506bde9) Importer(815301076,1909f56bfc062723c751e8b465ee728b)  -> (artifact id: '0343247259a5d104c0777631db955981') in 0.020238 seconds 
========================================================================
Received Import Request.
  Time since last request: 0.000028 seconds.
  path: Assets/Enemies/Skeleton/Sprites/Idle/1_animation_idle_014.png
  artifactKey: Guid(054c842c6ab2abd4b99dba3012940a9e) Importer(815301076,1909f56bfc062723c751e8b465ee728b)
Start importing Assets/Enemies/Skeleton/Sprites/Idle/1_animation_idle_014.png using Guid(054c842c6ab2abd4b99dba3012940a9e) Importer(815301076,1909f56bfc062723c751e8b465ee728b)  -> (artifact id: '66e71fa58ab96e68ec7d77dcf5332284') in 0.020841 seconds 
========================================================================
Received Import Request.
  Time since last request: 50.217154 seconds.
  path: Assets/Sprites/tactical-strategy-game-tileset
  artifactKey: Guid(70f1803e302e214489089efdf5771d39) Importer(815301076,1909f56bfc062723c751e8b465ee728b)
Start importing Assets/Sprites/tactical-strategy-game-tileset using Guid(70f1803e302e214489089efdf5771d39) Importer(815301076,1909f56bfc062723c751e8b465ee728b)  -> (artifact id: '1fc4c997b4e61b9e4bf34b4478413196') in 0.001049 seconds 
========================================================================
Received Import Request.
  Time since last request: 1.353561 seconds.
  path: Assets/Tiles
  artifactKey: Guid(9f8a3b3b98cf3d744846ef3c8dc9058a) Importer(815301076,1909f56bfc062723c751e8b465ee728b)
Start importing Assets/Tiles using Guid(9f8a3b3b98cf3d744846ef3c8dc9058a) Importer(815301076,1909f56bfc062723c751e8b465ee728b)  -> (artifact id: 'a9de2c78ff34a8fb103ca60a6c949071') in 0.001184 seconds 
========================================================================
Received Import Request.
  Time since last request: 1.930526 seconds.
  path: Assets/Tiles/tail_1
  artifactKey: Guid(d5667dbaefdcf494fb073255fc3d1445) Importer(815301076,1909f56bfc062723c751e8b465ee728b)
Start importing Assets/Tiles/tail_1 using Guid(d5667dbaefdcf494fb073255fc3d1445) Importer(815301076,1909f56bfc062723c751e8b465ee728b)  -> (artifact id: 'df774d512cdce95d75ff15e97d996dbe') in 0.000986 seconds 
========================================================================
Received Import Request.
  Time since last request: 0.027964 seconds.
  path: Assets/Tiles/tail_1/1.png
  artifactKey: Guid(daa95e2280f64f4498485a16db0baa98) Importer(815301076,1909f56bfc062723c751e8b465ee728b)
Start importing Assets/Tiles/tail_1/1.png using Guid(daa95e2280f64f4498485a16db0baa98) Importer(815301076,1909f56bfc062723c751e8b465ee728b)  -> (artifact id: '168db50e4c5712ee3e6a96e6c7db29cf') in 0.024792 seconds 
========================================================================
Received Import Request.
  Time since last request: 0.000030 seconds.
  path: Assets/Tiles/tail_1/10.png
  artifactKey: Guid(faefd6ba2d3eee841acc23912beb58da) Importer(815301076,1909f56bfc062723c751e8b465ee728b)
Start importing Assets/Tiles/tail_1/10.png using Guid(faefd6ba2d3eee841acc23912beb58da) Importer(815301076,1909f56bfc062723c751e8b465ee728b)  -> (artifact id: '2d136dda03c4148589fd25db7495cd57') in 0.022270 seconds 
========================================================================
Received Import Request.
  Time since last request: 0.000045 seconds.
  path: Assets/Tiles/tail_1/11.png
  artifactKey: Guid(5f503f503cc4b8144a400c0816368b4b) Importer(815301076,1909f56bfc062723c751e8b465ee728b)
Start importing Assets/Tiles/tail_1/11.png using Guid(5f503f503cc4b8144a400c0816368b4b) Importer(815301076,1909f56bfc062723c751e8b465ee728b)  -> (artifact id: 'bb06d591bba4510ebb0513ea817ea257') in 0.019762 seconds 
========================================================================
Received Import Request.
  Time since last request: 0.000031 seconds.
  path: Assets/Tiles/tail_1/8.png
  artifactKey: Guid(4fe2e97129084a643a207d257bbb7841) Importer(815301076,1909f56bfc062723c751e8b465ee728b)
Start importing Assets/Tiles/tail_1/8.png using Guid(4fe2e97129084a643a207d257bbb7841) Importer(815301076,1909f56bfc062723c751e8b465ee728b)  -> (artifact id: '2b636cdf0f965d1353cf00dde947f760') in 0.020324 seconds 
========================================================================
Received Import Request.
  Time since last request: 19.176642 seconds.
  path: Assets/Tiles/tail_1/14.png
  artifactKey: Guid(c5a8fa7d130ad3d44a8ad032348594a3) Importer(815301076,1909f56bfc062723c751e8b465ee728b)
Start importing Assets/Tiles/tail_1/14.png using Guid(c5a8fa7d130ad3d44a8ad032348594a3) Importer(815301076,1909f56bfc062723c751e8b465ee728b)  -> (artifact id: 'ffb6d56cf3cdc6ad204be4b115abd009') in 0.015473 seconds 
========================================================================
Received Import Request.
  Time since last request: 0.039519 seconds.
  path: Assets/Tiles/tail_1/18.png
  artifactKey: Guid(0530774ce6ee1e440bab799ec6e05261) Importer(815301076,1909f56bfc062723c751e8b465ee728b)
Start importing Assets/Tiles/tail_1/18.png using Guid(0530774ce6ee1e440bab799ec6e05261) Importer(815301076,1909f56bfc062723c751e8b465ee728b)  -> (artifact id: '929a3ccf7165b3b024663bb069a3b32f') in 0.016071 seconds 
========================================================================
Received Import Request.
  Time since last request: 85.858377 seconds.
  path: Assets/Enemies/Skeleton/Sprites/Idle/1_animation_idle_013.png
  artifactKey: Guid(f128042e9a3803040a58b39dc4baa0b5) Importer(815301076,1909f56bfc062723c751e8b465ee728b)
Start importing Assets/Enemies/Skeleton/Sprites/Idle/1_animation_idle_013.png using Guid(f128042e9a3803040a58b39dc4baa0b5) Importer(815301076,1909f56bfc062723c751e8b465ee728b)  -> (artifact id: '7400343a410e3e3ff1d92245715bf506') in 0.021261 seconds 
========================================================================
Received Import Request.
  Time since last request: 0.000022 seconds.
  path: Assets/Enemies/Skeleton/Sprites/Idle/1_animation_idle_016.png
  artifactKey: Guid(fd86309e100e0ad43b6a2b3e2c72e977) Importer(815301076,1909f56bfc062723c751e8b465ee728b)
Start importing Assets/Enemies/Skeleton/Sprites/Idle/1_animation_idle_016.png using Guid(fd86309e100e0ad43b6a2b3e2c72e977) Importer(815301076,1909f56bfc062723c751e8b465ee728b)  -> (artifact id: '8f2ab0fb912f072a45a4202ddd105c5c') in 0.024900 seconds 
========================================================================
Received Import Request.
  Time since last request: 0.000029 seconds.
  path: Assets/Enemies/Skeleton/Sprites/Idle/1_animation_idle_017.png
  artifactKey: Guid(270751a8459f7374dbeb92281506bde9) Importer(815301076,1909f56bfc062723c751e8b465ee728b)
Start importing Assets/Enemies/Skeleton/Sprites/Idle/1_animation_idle_017.png using Guid(270751a8459f7374dbeb92281506bde9) Importer(815301076,1909f56bfc062723c751e8b465ee728b)  -> (artifact id: '22a0570c4f00be76087add6fe54de0b7') in 0.024777 seconds 
========================================================================
Received Import Request.
  Time since last request: 0.000039 seconds.
  path: Assets/Enemies/Skeleton/Sprites/Idle/1_animation_idle_014.png
  artifactKey: Guid(054c842c6ab2abd4b99dba3012940a9e) Importer(815301076,1909f56bfc062723c751e8b465ee728b)
Start importing Assets/Enemies/Skeleton/Sprites/Idle/1_animation_idle_014.png using Guid(054c842c6ab2abd4b99dba3012940a9e) Importer(815301076,1909f56bfc062723c751e8b465ee728b)  -> (artifact id: '42109dde28400f40c296aa56e50f0711') in 0.016359 seconds 
Editor requested this worker to shutdown with reason: Scaling down because of idle timeout
AssetImportWorker is now disconnected from the server
Process exiting
Exiting without the bug reporter. Application will terminate with return code 0