Using pre-set license
Built from '2021.3/staging' branch; Version is '2021.3.9f1 (ad3870b89536) revision 11352176'; Using compiler version '192829333'; Build Type 'Release'
OS: 'Windows 10  (10.0.19044) 64bit Professional' Language: 'ru' Physical Memory: 7561 MB
BatchMode: 1, IsHumanControllingUs: 0, StartBugReporterOnCrash: 0, Is64bit: 1, IsPro: 1

COMMAND LINE ARGUMENTS:
D:\games\Unity\Unity Files (Dont Touch)\2021.3.9f1\Editor\Unity.exe
-adb2
-batchMode
-noUpm
-name
AssetImportWorker22
-projectPath
D:/games/WS GAME/RPG-WS/qwerty
-logFile
Logs/AssetImportWorker22.log
-srvPort
55416
Successfully changed project path to: D:/games/WS GAME/RPG-WS/qwerty
D:/games/WS GAME/RPG-WS/qwerty
[UnityMemory] Configuration Parameters - Can be set up in boot.config
    "memorysetup-bucket-allocator-granularity=16"
    "memorysetup-bucket-allocator-bucket-count=8"
    "memorysetup-bucket-allocator-block-size=33554432"
    "memorysetup-bucket-allocator-block-count=8"
    "memorysetup-main-allocator-block-size=16777216"
    "memorysetup-thread-allocator-block-size=16777216"
    "memorysetup-gfx-main-allocator-block-size=16777216"
    "memorysetup-gfx-thread-allocator-block-size=16777216"
    "memorysetup-cache-allocator-block-size=4194304"
    "memorysetup-typetree-allocator-block-size=2097152"
    "memorysetup-profiler-bucket-allocator-granularity=16"
    "memorysetup-profiler-bucket-allocator-bucket-count=8"
    "memorysetup-profiler-bucket-allocator-block-size=33554432"
    "memorysetup-profiler-bucket-allocator-block-count=8"
    "memorysetup-profiler-allocator-block-size=16777216"
    "memorysetup-profiler-editor-allocator-block-size=1048576"
    "memorysetup-temp-allocator-size-main=16777216"
    "memorysetup-job-temp-allocator-block-size=2097152"
    "memorysetup-job-temp-allocator-block-size-background=1048576"
    "memorysetup-job-temp-allocator-reduction-small-platforms=262144"
    "memorysetup-temp-allocator-size-background-worker=32768"
    "memorysetup-temp-allocator-size-job-worker=262144"
    "memorysetup-temp-allocator-size-preload-manager=33554432"
    "memorysetup-temp-allocator-size-nav-mesh-worker=65536"
    "memorysetup-temp-allocator-size-audio-worker=65536"
    "memorysetup-temp-allocator-size-cloud-worker=32768"
    "memorysetup-temp-allocator-size-gi-baking-worker=262144"
    "memorysetup-temp-allocator-size-gfx=262144"
Refreshing native plugins compatible for Editor in 135.00 ms, found 4 plugins.
Preloading 0 native plugins for Editor in 0.00 ms.
Initialize engine version: 2021.3.9f1 (ad3870b89536)
[Subsystems] Discovering subsystems at path D:/games/Unity/Unity Files (Dont Touch)/2021.3.9f1/Editor/Data/Resources/UnitySubsystems
[Subsystems] Discovering subsystems at path D:/games/WS GAME/RPG-WS/qwerty/Assets
GfxDevice: creating device client; threaded=0; jobified=0
Direct3D:
    Version:  Direct3D 11.0 [level 11.1]
    Renderer: AMD Radeon (TM) Graphics (ID=0x15e7)
    Vendor:   ATI
    VRAM:     3780 MB
    Driver:   31.0.12018.5
Initialize mono
Mono path[0] = 'D:/games/Unity/Unity Files (Dont Touch)/2021.3.9f1/Editor/Data/Managed'
Mono path[1] = 'D:/games/Unity/Unity Files (Dont Touch)/2021.3.9f1/Editor/Data/MonoBleedingEdge/lib/mono/unityjit-win32'
Mono config path = 'D:/games/Unity/Unity Files (Dont Touch)/2021.3.9f1/Editor/Data/MonoBleedingEdge/etc'
Using monoOptions --debugger-agent=transport=dt_socket,embedding=1,server=y,suspend=n,address=127.0.0.1:56076
Begin MonoManager ReloadAssembly
Registering precompiled unity dll's ...
Register platform support module: D:/games/Unity/Unity Files (Dont Touch)/2021.3.9f1/Editor/Data/PlaybackEngines/WebGLSupport/UnityEditor.WebGL.Extensions.dll
Register platform support module: D:/games/Unity/Unity Files (Dont Touch)/2021.3.9f1/Editor/Data/PlaybackEngines/AndroidPlayer/UnityEditor.Android.Extensions.dll
Register platform support module: D:/games/Unity/Unity Files (Dont Touch)/2021.3.9f1/Editor/Data/PlaybackEngines/WindowsStandaloneSupport/UnityEditor.WindowsStandalone.Extensions.dll
Registered in 0.005111 seconds.
Native extension for WindowsStandalone target not found
Native extension for Android target not found
Native extension for WebGL target not found
Refreshing native plugins compatible for Editor in 100.49 ms, found 4 plugins.
Preloading 0 native plugins for Editor in 0.00 ms.
Mono: successfully reloaded assembly
- Completed reload, in  0.604 seconds
Domain Reload Profiling:
	ReloadAssembly (605ms)
		BeginReloadAssembly (86ms)
			ExecutionOrderSort (0ms)
			DisableScriptedObjects (0ms)
			BackupInstance (0ms)
			ReleaseScriptingObjects (0ms)
			CreateAndSetChildDomain (1ms)
		EndReloadAssembly (413ms)
			LoadAssemblies (85ms)
			RebuildTransferFunctionScriptingTraits (0ms)
			SetupTypeCache (90ms)
			ReleaseScriptCaches (0ms)
			RebuildScriptCaches (21ms)
			SetupLoadedEditorAssemblies (259ms)
				LogAssemblyErrors (0ms)
				InitializePlatformSupportModulesInManaged (35ms)
				SetLoadedEditorAssemblies (0ms)
				RefreshPlugins (101ms)
				BeforeProcessingInitializeOnLoad (1ms)
				ProcessInitializeOnLoadAttributes (85ms)
				ProcessInitializeOnLoadMethodAttributes (37ms)
				AfterProcessingInitializeOnLoad (0ms)
				EditorAssembliesLoaded (0ms)
			ExecutionOrderSort2 (0ms)
			AwakeInstancesAfterBackupRestoration (0ms)
Platform modules already initialized, skipping
Registering precompiled user dll's ...
Registered in 0.003742 seconds.
Begin MonoManager ReloadAssembly
Symbol file LoadedFromMemory doesn't match image D:\games\WS GAME\RPG-WS\qwerty\Library\PackageCache\com.unity.visualscripting@1.7.8\Editor\VisualScripting.Core\Dependencies\YamlDotNet\Unity.VisualScripting.YamlDotNet.dll
Symbol file LoadedFromMemory doesn't match image D:\games\WS GAME\RPG-WS\qwerty\Library\PackageCache\com.unity.visualscripting@1.7.8\Editor\VisualScripting.Core\Dependencies\DotNetZip\Unity.VisualScripting.IonicZip.dll
Native extension for WindowsStandalone target not found
Native extension for Android target not found
Native extension for WebGL target not found
Refreshing native plugins compatible for Editor in 99.75 ms, found 4 plugins.
Preloading 0 native plugins for Editor in 0.00 ms.
Mono: successfully reloaded assembly
- Completed reload, in  1.108 seconds
Domain Reload Profiling:
	ReloadAssembly (1109ms)
		BeginReloadAssembly (104ms)
			ExecutionOrderSort (0ms)
			DisableScriptedObjects (8ms)
			BackupInstance (0ms)
			ReleaseScriptingObjects (0ms)
			CreateAndSetChildDomain (20ms)
		EndReloadAssembly (914ms)
			LoadAssemblies (75ms)
			RebuildTransferFunctionScriptingTraits (0ms)
			SetupTypeCache (216ms)
			ReleaseScriptCaches (1ms)
			RebuildScriptCaches (52ms)
			SetupLoadedEditorAssemblies (529ms)
				LogAssemblyErrors (0ms)
				InitializePlatformSupportModulesInManaged (11ms)
				SetLoadedEditorAssemblies (0ms)
				RefreshPlugins (100ms)
				BeforeProcessingInitializeOnLoad (85ms)
				ProcessInitializeOnLoadAttributes (292ms)
				ProcessInitializeOnLoadMethodAttributes (38ms)
				AfterProcessingInitializeOnLoad (3ms)
				EditorAssembliesLoaded (0ms)
			ExecutionOrderSort2 (0ms)
			AwakeInstancesAfterBackupRestoration (5ms)
Platform modules already initialized, skipping
========================================================================
Worker process is ready to serve import requests
Launched and connected shader compiler UnityShaderCompiler.exe after 0.05 seconds
Refreshing native plugins compatible for Editor in 1.36 ms, found 4 plugins.
Preloading 0 native plugins for Editor in 0.00 ms.
Unloading 4656 Unused Serialized files (Serialized files now loaded: 0)
Unloading 54 unused Assets / (128.3 KB). Loaded Objects now: 5115.
Memory consumption went from 175.2 MB to 175.0 MB.
Total: 3.850900 ms (FindLiveObjects: 0.382800 ms CreateObjectMapping: 0.115100 ms MarkObjects: 3.243800 ms  DeleteObjects: 0.108200 ms)

AssetImportParameters requested are different than current active one (requested -> active):
  custom:video-decoder-ogg-theora: a1e56fd34408186e4bbccfd4996cb3dc -> 
  custom:container-muxer-webm: aa71ff27fc2769a1b78a27578f13a17b -> 
  custom:container-demuxer-webm: 4f35f7cbe854078d1ac9338744f61a02 -> 
  custom:video-encoder-webm-vp8: eb34c28f22e8b96e1ab97ce403110664 -> 
  custom:audio-encoder-webm-vorbis: bf7c407c2cedff20999df2af8eb42d56 -> 
  custom:framework-win-MediaFoundation: 216162199b28c13a410421893ffa2e32 -> 
  custom:container-demuxer-ogg: 62fdf1f143b41e24485cea50d1cbac27 -> 
  custom:video-decoder-webm-vp8: 9c59270c3fd7afecdb556c50c9e8de78 -> 
  custom:audio-decoder-ogg-vorbis: bf7c407c2cedff20999df2af8eb42d56 -> 
========================================================================
Received Import Request.
  Time since last request: 19026.591224 seconds.
  path: Assets/Scripts/Enemies/Evil/Prefab
  artifactKey: Guid(06bafbf1f07da3842ad3ee744af63fb0) Importer(815301076,1909f56bfc062723c751e8b465ee728b)
Start importing Assets/Scripts/Enemies/Evil/Prefab using Guid(06bafbf1f07da3842ad3ee744af63fb0) Importer(815301076,1909f56bfc062723c751e8b465ee728b)  -> (artifact id: '5e93eb9e6c367111bbfe8f567abf7978') in 0.010061 seconds 
========================================================================
Received Import Request.
  Time since last request: 3.750122 seconds.
  path: Assets/Scripts/Enemies/Zombie
  artifactKey: Guid(6e6dc9e707004cf46b0120e2e7a03ea8) Importer(815301076,1909f56bfc062723c751e8b465ee728b)
Start importing Assets/Scripts/Enemies/Zombie using Guid(6e6dc9e707004cf46b0120e2e7a03ea8) Importer(815301076,1909f56bfc062723c751e8b465ee728b)  -> (artifact id: '5a380c4f95718b3bc7fcc5c9bbac82c7') in 0.001005 seconds 
========================================================================
Received Import Request.
  Time since last request: 6.101792 seconds.
  path: Assets/Scripts/Enemies/Zombie/Prefab
  artifactKey: Guid(8da1b00d777e0f24798c84a3798e745f) Importer(815301076,1909f56bfc062723c751e8b465ee728b)
Start importing Assets/Scripts/Enemies/Zombie/Prefab using Guid(8da1b00d777e0f24798c84a3798e745f) Importer(815301076,1909f56bfc062723c751e8b465ee728b)  -> (artifact id: '60e4214d43b3c8016be9cfe41a5a8cc0') in 0.001251 seconds 
========================================================================
Received Import Request.
  Time since last request: 6.382505 seconds.
  path: Assets/Scripts/Enemies/Zombie/Sprites
  artifactKey: Guid(9dc28af1b67ee414a804071e784f85b4) Importer(815301076,1909f56bfc062723c751e8b465ee728b)
Start importing Assets/Scripts/Enemies/Zombie/Sprites using Guid(9dc28af1b67ee414a804071e784f85b4) Importer(815301076,1909f56bfc062723c751e8b465ee728b)  -> (artifact id: 'b269bd5f8b03349cbd29f35241c8511d') in 0.001069 seconds 
========================================================================
Received Import Request.
  Time since last request: 1.455526 seconds.
  path: Assets/Scripts/Enemies/Zombie/Attack
  artifactKey: Guid(fedec999f59a078488d5068ae093a317) Importer(815301076,1909f56bfc062723c751e8b465ee728b)
Start importing Assets/Scripts/Enemies/Zombie/Attack using Guid(fedec999f59a078488d5068ae093a317) Importer(815301076,1909f56bfc062723c751e8b465ee728b)  -> (artifact id: 'a1cb916774a8d992dc4c5c1b2e86c855') in 0.001008 seconds 
========================================================================
Received Import Request.
  Time since last request: 1.686354 seconds.
  path: Assets/Scripts/Enemies/Zombie/Hurt
  artifactKey: Guid(ac866d40627b09a4eb505e73534563c7) Importer(815301076,1909f56bfc062723c751e8b465ee728b)
Start importing Assets/Scripts/Enemies/Zombie/Hurt using Guid(ac866d40627b09a4eb505e73534563c7) Importer(815301076,1909f56bfc062723c751e8b465ee728b)  -> (artifact id: '9f5d29dc5c2e5bf7d0ef1f3e46134cba') in 0.001407 seconds 
========================================================================
Received Import Request.
  Time since last request: 0.845353 seconds.
  path: Assets/Scripts/Enemies/Zombie/Idle
  artifactKey: Guid(d5fd97ed22be175448f7e54546f5a580) Importer(815301076,1909f56bfc062723c751e8b465ee728b)
Start importing Assets/Scripts/Enemies/Zombie/Idle using Guid(d5fd97ed22be175448f7e54546f5a580) Importer(815301076,1909f56bfc062723c751e8b465ee728b)  -> (artifact id: 'cc510ca428b248897096c56abb7e0e55') in 0.000932 seconds 
========================================================================
Received Import Request.
  Time since last request: 2.423723 seconds.
  path: Assets/Scripts/Enemies/Zombie/Walk
  artifactKey: Guid(f4b3e9c4ac9b1ec4393c0c96a07efeb0) Importer(815301076,1909f56bfc062723c751e8b465ee728b)
Start importing Assets/Scripts/Enemies/Zombie/Walk using Guid(f4b3e9c4ac9b1ec4393c0c96a07efeb0) Importer(815301076,1909f56bfc062723c751e8b465ee728b)  -> (artifact id: '43ff1e7565d791ceead196401ad41281') in 0.001100 seconds 
========================================================================
Received Import Request.
  Time since last request: 6.623469 seconds.
  path: Assets/Scripts/Enemies/Zombie/Data
  artifactKey: Guid(dbd976632dec82e4e9e9101fa301ceb0) Importer(815301076,1909f56bfc062723c751e8b465ee728b)
Start importing Assets/Scripts/Enemies/Zombie/Data using Guid(dbd976632dec82e4e9e9101fa301ceb0) Importer(815301076,1909f56bfc062723c751e8b465ee728b)  -> (artifact id: 'b614750fd395659175ea568ef9d06354') in 0.001190 seconds 
========================================================================
Received Import Request.
  Time since last request: 35.822318 seconds.
  path: Assets/Scripts/Enemies/Evil/PrefabGrave
  artifactKey: Guid(06bafbf1f07da3842ad3ee744af63fb0) Importer(815301076,1909f56bfc062723c751e8b465ee728b)
Start importing Assets/Scripts/Enemies/Evil/PrefabGrave using Guid(06bafbf1f07da3842ad3ee744af63fb0) Importer(815301076,1909f56bfc062723c751e8b465ee728b)  -> (artifact id: '9b8f939bc2e05de224177420da49fb21') in 0.001228 seconds 
========================================================================
Received Import Request.
  Time since last request: 10.310682 seconds.
  path: Assets/UI/Sprites/game-ui/PNG/upgrade/button_upgrade.png
  artifactKey: Guid(9f2bfd3c8db064b41a7cd49125614d6d) Importer(815301076,1909f56bfc062723c751e8b465ee728b)
Start importing Assets/UI/Sprites/game-ui/PNG/upgrade/button_upgrade.png using Guid(9f2bfd3c8db064b41a7cd49125614d6d) Importer(815301076,1909f56bfc062723c751e8b465ee728b)  -> (artifact id: 'cf9d0f8ce5f54de3e47b47a89983144e') in 0.105103 seconds 
========================================================================
Received Import Request.
  Time since last request: 0.000043 seconds.
  path: Assets/TextMesh Pro/Examples & Extras/Textures/Gradient Vertical (Color).jpg
  artifactKey: Guid(03d0538de6e24c0f819bfc9ce084dfa9) Importer(815301076,1909f56bfc062723c751e8b465ee728b)
Start importing Assets/TextMesh Pro/Examples & Extras/Textures/Gradient Vertical (Color).jpg using Guid(03d0538de6e24c0f819bfc9ce084dfa9) Importer(815301076,1909f56bfc062723c751e8b465ee728b)  -> (artifact id: '6de453f04a4b101a6ee7595954963efe') in 0.011038 seconds 
========================================================================
Received Import Request.
  Time since last request: 0.000035 seconds.
  path: Assets/TextMesh Pro/Examples & Extras/Textures/Gradient Horizontal (Color).jpg
  artifactKey: Guid(6eb184de103d4b3f812b38561065192f) Importer(815301076,1909f56bfc062723c751e8b465ee728b)
Start importing Assets/TextMesh Pro/Examples & Extras/Textures/Gradient Horizontal (Color).jpg using Guid(6eb184de103d4b3f812b38561065192f) Importer(815301076,1909f56bfc062723c751e8b465ee728b)  -> (artifact id: '4ebffde8a7ea9fa9c950122eb55cbc9e') in 0.013145 seconds 
========================================================================
Received Import Request.
  Time since last request: 0.000032 seconds.
  path: Assets/UI/Tiles/DoneTiles/GrassTile.asset
  artifactKey: Guid(00c3a83a81dafa3438c073e82962b57f) Importer(815301076,1909f56bfc062723c751e8b465ee728b)
Start importing Assets/UI/Tiles/DoneTiles/GrassTile.asset using Guid(00c3a83a81dafa3438c073e82962b57f) Importer(815301076,1909f56bfc062723c751e8b465ee728b)  -> (artifact id: '492dded92ce4487d6de6778bfe5946e5') in 0.020358 seconds 
========================================================================
Received Import Request.
  Time since last request: 0.000025 seconds.
  path: Assets/UI/Tiles/SpriteTiles/GrassTile.png
  artifactKey: Guid(7fde2262cf72e3d408cfb9967f9bcd35) Importer(815301076,1909f56bfc062723c751e8b465ee728b)
Start importing Assets/UI/Tiles/SpriteTiles/GrassTile.png using Guid(7fde2262cf72e3d408cfb9967f9bcd35) Importer(815301076,1909f56bfc062723c751e8b465ee728b)  -> (artifact id: 'e78f23e6c23c925e7c1f4c98b459bbfd') in 0.018183 seconds 
========================================================================
Received Import Request.
  Time since last request: 0.000028 seconds.
  path: Assets/UI/Sprites/game-ui/PNG/upgrade/header_upgrade.png
  artifactKey: Guid(8efe96974395e3c4cb1c60b70d4896c1) Importer(815301076,1909f56bfc062723c751e8b465ee728b)
Start importing Assets/UI/Sprites/game-ui/PNG/upgrade/header_upgrade.png using Guid(8efe96974395e3c4cb1c60b70d4896c1) Importer(815301076,1909f56bfc062723c751e8b465ee728b)  -> (artifact id: 'df667484b326f584f662c5439e017125') in 0.030142 seconds 
========================================================================
Received Import Request.
  Time since last request: 40.194444 seconds.
  path: Assets/UI/Sprites/people-warrior-character/PNG/human/object
  artifactKey: Guid(f346672ff9e93e0429d580b63ed52aa1) Importer(815301076,1909f56bfc062723c751e8b465ee728b)
Start importing Assets/UI/Sprites/people-warrior-character/PNG/human/object using Guid(f346672ff9e93e0429d580b63ed52aa1) Importer(815301076,1909f56bfc062723c751e8b465ee728b)  -> (artifact id: 'a51d25ae7cbdb9bf8d9df12b899a9fa2') in 0.001500 seconds 
========================================================================
Received Import Request.
  Time since last request: 0.037919 seconds.
  path: Assets/UI/Sprites/people-warrior-character/PNG/human/object/1.png
  artifactKey: Guid(51d8b3e50473e2149acc42d9c040be22) Importer(815301076,1909f56bfc062723c751e8b465ee728b)
Start importing Assets/UI/Sprites/people-warrior-character/PNG/human/object/1.png using Guid(51d8b3e50473e2149acc42d9c040be22) Importer(815301076,1909f56bfc062723c751e8b465ee728b)  -> (artifact id: '76630522358b232600b7c0082501a15e') in 0.018056 seconds 
========================================================================
Received Import Request.
  Time since last request: 0.000024 seconds.
  path: Assets/UI/Sprites/people-warrior-character/PNG/human/object/5.png
  artifactKey: Guid(d7f1078d426c9a446ac893f7556e9994) Importer(815301076,1909f56bfc062723c751e8b465ee728b)
Start importing Assets/UI/Sprites/people-warrior-character/PNG/human/object/5.png using Guid(d7f1078d426c9a446ac893f7556e9994) Importer(815301076,1909f56bfc062723c751e8b465ee728b)  -> (artifact id: 'bc9bb945374872dd72786c5fb2349b9b') in 0.021955 seconds 
========================================================================
Received Import Request.
  Time since last request: 0.000024 seconds.
  path: Assets/UI/Sprites/people-warrior-character/PNG/human/object/6.png
  artifactKey: Guid(cc223bbfa4489d94d9e3be86423a6af5) Importer(815301076,1909f56bfc062723c751e8b465ee728b)
Start importing Assets/UI/Sprites/people-warrior-character/PNG/human/object/6.png using Guid(cc223bbfa4489d94d9e3be86423a6af5) Importer(815301076,1909f56bfc062723c751e8b465ee728b)  -> (artifact id: '2c0d06328bf6e731c49edf2ae7c0ec88') in 0.025924 seconds 
Editor requested this worker to shutdown with reason: Scaling down because of idle timeout
AssetImportWorker is now disconnected from the server
Process exiting
Exiting without the bug reporter. Application will terminate with return code 0